[2024-01-29T17:57:47.512+0000] {processor.py:157} INFO - Started process (PID=43) to work on /home/airflow/.local/lib/python3.8/site-packages/airflow/example_dags/example_dag_decorator.py
[2024-01-29T17:57:47.514+0000] {processor.py:829} INFO - Processing file /home/airflow/.local/lib/python3.8/site-packages/airflow/example_dags/example_dag_decorator.py for tasks to queue
[2024-01-29T17:57:47.517+0000] {logging_mixin.py:151} INFO - [2024-01-29T17:57:47.516+0000] {dagbag.py:536} INFO - Filling up the DagBag from /home/airflow/.local/lib/python3.8/site-packages/airflow/example_dags/example_dag_decorator.py
[2024-01-29T17:57:47.814+0000] {processor.py:839} INFO - DAG(s) dict_keys(['example_dag_decorator']) retrieved from /home/airflow/.local/lib/python3.8/site-packages/airflow/example_dags/example_dag_decorator.py
[2024-01-29T17:57:47.832+0000] {logging_mixin.py:151} INFO - [2024-01-29T17:57:47.832+0000] {dag.py:2941} INFO - Sync 1 DAGs
[2024-01-29T17:57:47.858+0000] {logging_mixin.py:151} INFO - [2024-01-29T17:57:47.857+0000] {dag.py:3722} INFO - Setting next_dagrun for example_dag_decorator to None, run_after=None
[2024-01-29T17:57:47.900+0000] {processor.py:179} INFO - Processing /home/airflow/.local/lib/python3.8/site-packages/airflow/example_dags/example_dag_decorator.py took 0.391 seconds
[2024-01-29T17:58:18.783+0000] {processor.py:157} INFO - Started process (PID=98) to work on /home/airflow/.local/lib/python3.8/site-packages/airflow/example_dags/example_dag_decorator.py
[2024-01-29T17:58:18.785+0000] {processor.py:829} INFO - Processing file /home/airflow/.local/lib/python3.8/site-packages/airflow/example_dags/example_dag_decorator.py for tasks to queue
[2024-01-29T17:58:18.788+0000] {logging_mixin.py:151} INFO - [2024-01-29T17:58:18.787+0000] {dagbag.py:536} INFO - Filling up the DagBag from /home/airflow/.local/lib/python3.8/site-packages/airflow/example_dags/example_dag_decorator.py
[2024-01-29T17:58:18.869+0000] {processor.py:839} INFO - DAG(s) dict_keys(['example_dag_decorator']) retrieved from /home/airflow/.local/lib/python3.8/site-packages/airflow/example_dags/example_dag_decorator.py
[2024-01-29T17:58:19.121+0000] {logging_mixin.py:151} INFO - [2024-01-29T17:58:19.120+0000] {dag.py:2941} INFO - Sync 1 DAGs
[2024-01-29T17:58:19.137+0000] {logging_mixin.py:151} INFO - [2024-01-29T17:58:19.137+0000] {dag.py:3722} INFO - Setting next_dagrun for example_dag_decorator to None, run_after=None
[2024-01-29T17:58:19.168+0000] {processor.py:179} INFO - Processing /home/airflow/.local/lib/python3.8/site-packages/airflow/example_dags/example_dag_decorator.py took 0.389 seconds
[2024-01-29T17:58:49.214+0000] {processor.py:157} INFO - Started process (PID=154) to work on /home/airflow/.local/lib/python3.8/site-packages/airflow/example_dags/example_dag_decorator.py
[2024-01-29T17:58:49.215+0000] {processor.py:829} INFO - Processing file /home/airflow/.local/lib/python3.8/site-packages/airflow/example_dags/example_dag_decorator.py for tasks to queue
[2024-01-29T17:58:49.217+0000] {logging_mixin.py:151} INFO - [2024-01-29T17:58:49.217+0000] {dagbag.py:536} INFO - Filling up the DagBag from /home/airflow/.local/lib/python3.8/site-packages/airflow/example_dags/example_dag_decorator.py
[2024-01-29T17:58:49.330+0000] {processor.py:839} INFO - DAG(s) dict_keys(['example_dag_decorator']) retrieved from /home/airflow/.local/lib/python3.8/site-packages/airflow/example_dags/example_dag_decorator.py
[2024-01-29T17:58:49.610+0000] {logging_mixin.py:151} INFO - [2024-01-29T17:58:49.609+0000] {dag.py:2941} INFO - Sync 1 DAGs
[2024-01-29T17:58:49.622+0000] {logging_mixin.py:151} INFO - [2024-01-29T17:58:49.622+0000] {dag.py:3722} INFO - Setting next_dagrun for example_dag_decorator to None, run_after=None
[2024-01-29T17:58:49.648+0000] {processor.py:179} INFO - Processing /home/airflow/.local/lib/python3.8/site-packages/airflow/example_dags/example_dag_decorator.py took 0.437 seconds
[2024-01-29T17:59:20.592+0000] {processor.py:157} INFO - Started process (PID=210) to work on /home/airflow/.local/lib/python3.8/site-packages/airflow/example_dags/example_dag_decorator.py
[2024-01-29T17:59:20.594+0000] {processor.py:829} INFO - Processing file /home/airflow/.local/lib/python3.8/site-packages/airflow/example_dags/example_dag_decorator.py for tasks to queue
[2024-01-29T17:59:20.598+0000] {logging_mixin.py:151} INFO - [2024-01-29T17:59:20.597+0000] {dagbag.py:536} INFO - Filling up the DagBag from /home/airflow/.local/lib/python3.8/site-packages/airflow/example_dags/example_dag_decorator.py
[2024-01-29T17:59:20.728+0000] {processor.py:839} INFO - DAG(s) dict_keys(['example_dag_decorator']) retrieved from /home/airflow/.local/lib/python3.8/site-packages/airflow/example_dags/example_dag_decorator.py
[2024-01-29T17:59:20.870+0000] {logging_mixin.py:151} INFO - [2024-01-29T17:59:20.870+0000] {dag.py:2941} INFO - Sync 1 DAGs
[2024-01-29T17:59:21.043+0000] {logging_mixin.py:151} INFO - [2024-01-29T17:59:21.042+0000] {dag.py:3722} INFO - Setting next_dagrun for example_dag_decorator to None, run_after=None
[2024-01-29T17:59:21.076+0000] {processor.py:179} INFO - Processing /home/airflow/.local/lib/python3.8/site-packages/airflow/example_dags/example_dag_decorator.py took 0.488 seconds
[2024-01-29T17:59:51.110+0000] {processor.py:157} INFO - Started process (PID=267) to work on /home/airflow/.local/lib/python3.8/site-packages/airflow/example_dags/example_dag_decorator.py
[2024-01-29T17:59:51.111+0000] {processor.py:829} INFO - Processing file /home/airflow/.local/lib/python3.8/site-packages/airflow/example_dags/example_dag_decorator.py for tasks to queue
[2024-01-29T17:59:51.114+0000] {logging_mixin.py:151} INFO - [2024-01-29T17:59:51.113+0000] {dagbag.py:536} INFO - Filling up the DagBag from /home/airflow/.local/lib/python3.8/site-packages/airflow/example_dags/example_dag_decorator.py
[2024-01-29T17:59:51.205+0000] {processor.py:839} INFO - DAG(s) dict_keys(['example_dag_decorator']) retrieved from /home/airflow/.local/lib/python3.8/site-packages/airflow/example_dags/example_dag_decorator.py
[2024-01-29T17:59:51.329+0000] {logging_mixin.py:151} INFO - [2024-01-29T17:59:51.328+0000] {dag.py:2941} INFO - Sync 1 DAGs
[2024-01-29T17:59:51.342+0000] {logging_mixin.py:151} INFO - [2024-01-29T17:59:51.342+0000] {dag.py:3722} INFO - Setting next_dagrun for example_dag_decorator to None, run_after=None
[2024-01-29T17:59:51.520+0000] {processor.py:179} INFO - Processing /home/airflow/.local/lib/python3.8/site-packages/airflow/example_dags/example_dag_decorator.py took 0.412 seconds
[2024-01-29T18:00:21.697+0000] {processor.py:157} INFO - Started process (PID=318) to work on /home/airflow/.local/lib/python3.8/site-packages/airflow/example_dags/example_dag_decorator.py
[2024-01-29T18:00:21.698+0000] {processor.py:829} INFO - Processing file /home/airflow/.local/lib/python3.8/site-packages/airflow/example_dags/example_dag_decorator.py for tasks to queue
[2024-01-29T18:00:21.700+0000] {logging_mixin.py:151} INFO - [2024-01-29T18:00:21.700+0000] {dagbag.py:536} INFO - Filling up the DagBag from /home/airflow/.local/lib/python3.8/site-packages/airflow/example_dags/example_dag_decorator.py
[2024-01-29T18:00:21.863+0000] {processor.py:839} INFO - DAG(s) dict_keys(['example_dag_decorator']) retrieved from /home/airflow/.local/lib/python3.8/site-packages/airflow/example_dags/example_dag_decorator.py
[2024-01-29T18:00:22.243+0000] {logging_mixin.py:151} INFO - [2024-01-29T18:00:22.243+0000] {dag.py:2941} INFO - Sync 1 DAGs
[2024-01-29T18:00:22.258+0000] {logging_mixin.py:151} INFO - [2024-01-29T18:00:22.258+0000] {dag.py:3722} INFO - Setting next_dagrun for example_dag_decorator to None, run_after=None
[2024-01-29T18:00:22.292+0000] {processor.py:179} INFO - Processing /home/airflow/.local/lib/python3.8/site-packages/airflow/example_dags/example_dag_decorator.py took 0.598 seconds
[2024-01-29T18:00:52.769+0000] {processor.py:157} INFO - Started process (PID=372) to work on /home/airflow/.local/lib/python3.8/site-packages/airflow/example_dags/example_dag_decorator.py
[2024-01-29T18:00:52.771+0000] {processor.py:829} INFO - Processing file /home/airflow/.local/lib/python3.8/site-packages/airflow/example_dags/example_dag_decorator.py for tasks to queue
[2024-01-29T18:00:52.773+0000] {logging_mixin.py:151} INFO - [2024-01-29T18:00:52.773+0000] {dagbag.py:536} INFO - Filling up the DagBag from /home/airflow/.local/lib/python3.8/site-packages/airflow/example_dags/example_dag_decorator.py
[2024-01-29T18:00:52.901+0000] {processor.py:839} INFO - DAG(s) dict_keys(['example_dag_decorator']) retrieved from /home/airflow/.local/lib/python3.8/site-packages/airflow/example_dags/example_dag_decorator.py
[2024-01-29T18:00:53.088+0000] {logging_mixin.py:151} INFO - [2024-01-29T18:00:53.088+0000] {dag.py:2941} INFO - Sync 1 DAGs
[2024-01-29T18:00:53.283+0000] {logging_mixin.py:151} INFO - [2024-01-29T18:00:53.283+0000] {dag.py:3722} INFO - Setting next_dagrun for example_dag_decorator to None, run_after=None
[2024-01-29T18:00:53.317+0000] {processor.py:179} INFO - Processing /home/airflow/.local/lib/python3.8/site-packages/airflow/example_dags/example_dag_decorator.py took 0.551 seconds
[2024-01-29T18:01:55.091+0000] {processor.py:157} INFO - Started process (PID=44) to work on /home/airflow/.local/lib/python3.8/site-packages/airflow/example_dags/example_dag_decorator.py
[2024-01-29T18:01:55.092+0000] {processor.py:829} INFO - Processing file /home/airflow/.local/lib/python3.8/site-packages/airflow/example_dags/example_dag_decorator.py for tasks to queue
[2024-01-29T18:01:55.097+0000] {logging_mixin.py:151} INFO - [2024-01-29T18:01:55.096+0000] {dagbag.py:536} INFO - Filling up the DagBag from /home/airflow/.local/lib/python3.8/site-packages/airflow/example_dags/example_dag_decorator.py
[2024-01-29T18:01:55.237+0000] {processor.py:839} INFO - DAG(s) dict_keys(['example_dag_decorator']) retrieved from /home/airflow/.local/lib/python3.8/site-packages/airflow/example_dags/example_dag_decorator.py
[2024-01-29T18:01:55.253+0000] {logging_mixin.py:151} INFO - [2024-01-29T18:01:55.253+0000] {dag.py:2941} INFO - Sync 1 DAGs
[2024-01-29T18:01:55.275+0000] {logging_mixin.py:151} INFO - [2024-01-29T18:01:55.275+0000] {dag.py:3722} INFO - Setting next_dagrun for example_dag_decorator to None, run_after=None
[2024-01-29T18:01:55.319+0000] {processor.py:179} INFO - Processing /home/airflow/.local/lib/python3.8/site-packages/airflow/example_dags/example_dag_decorator.py took 0.232 seconds
[2024-01-29T18:02:25.378+0000] {processor.py:157} INFO - Started process (PID=99) to work on /home/airflow/.local/lib/python3.8/site-packages/airflow/example_dags/example_dag_decorator.py
[2024-01-29T18:02:25.379+0000] {processor.py:829} INFO - Processing file /home/airflow/.local/lib/python3.8/site-packages/airflow/example_dags/example_dag_decorator.py for tasks to queue
[2024-01-29T18:02:25.381+0000] {logging_mixin.py:151} INFO - [2024-01-29T18:02:25.381+0000] {dagbag.py:536} INFO - Filling up the DagBag from /home/airflow/.local/lib/python3.8/site-packages/airflow/example_dags/example_dag_decorator.py
[2024-01-29T18:02:25.482+0000] {processor.py:839} INFO - DAG(s) dict_keys(['example_dag_decorator']) retrieved from /home/airflow/.local/lib/python3.8/site-packages/airflow/example_dags/example_dag_decorator.py
[2024-01-29T18:02:25.592+0000] {logging_mixin.py:151} INFO - [2024-01-29T18:02:25.592+0000] {dag.py:2941} INFO - Sync 1 DAGs
[2024-01-29T18:02:25.605+0000] {logging_mixin.py:151} INFO - [2024-01-29T18:02:25.605+0000] {dag.py:3722} INFO - Setting next_dagrun for example_dag_decorator to None, run_after=None
[2024-01-29T18:02:25.630+0000] {processor.py:179} INFO - Processing /home/airflow/.local/lib/python3.8/site-packages/airflow/example_dags/example_dag_decorator.py took 0.255 seconds
[2024-01-29T18:02:55.696+0000] {processor.py:157} INFO - Started process (PID=155) to work on /home/airflow/.local/lib/python3.8/site-packages/airflow/example_dags/example_dag_decorator.py
[2024-01-29T18:02:55.698+0000] {processor.py:829} INFO - Processing file /home/airflow/.local/lib/python3.8/site-packages/airflow/example_dags/example_dag_decorator.py for tasks to queue
[2024-01-29T18:02:55.701+0000] {logging_mixin.py:151} INFO - [2024-01-29T18:02:55.701+0000] {dagbag.py:536} INFO - Filling up the DagBag from /home/airflow/.local/lib/python3.8/site-packages/airflow/example_dags/example_dag_decorator.py
[2024-01-29T18:02:55.806+0000] {processor.py:839} INFO - DAG(s) dict_keys(['example_dag_decorator']) retrieved from /home/airflow/.local/lib/python3.8/site-packages/airflow/example_dags/example_dag_decorator.py
[2024-01-29T18:02:55.972+0000] {logging_mixin.py:151} INFO - [2024-01-29T18:02:55.972+0000] {dag.py:2941} INFO - Sync 1 DAGs
[2024-01-29T18:02:55.991+0000] {logging_mixin.py:151} INFO - [2024-01-29T18:02:55.991+0000] {dag.py:3722} INFO - Setting next_dagrun for example_dag_decorator to None, run_after=None
[2024-01-29T18:02:56.024+0000] {processor.py:179} INFO - Processing /home/airflow/.local/lib/python3.8/site-packages/airflow/example_dags/example_dag_decorator.py took 0.332 seconds
[2024-01-29T18:03:26.802+0000] {processor.py:157} INFO - Started process (PID=210) to work on /home/airflow/.local/lib/python3.8/site-packages/airflow/example_dags/example_dag_decorator.py
[2024-01-29T18:03:26.803+0000] {processor.py:829} INFO - Processing file /home/airflow/.local/lib/python3.8/site-packages/airflow/example_dags/example_dag_decorator.py for tasks to queue
[2024-01-29T18:03:26.807+0000] {logging_mixin.py:151} INFO - [2024-01-29T18:03:26.806+0000] {dagbag.py:536} INFO - Filling up the DagBag from /home/airflow/.local/lib/python3.8/site-packages/airflow/example_dags/example_dag_decorator.py
[2024-01-29T18:03:26.919+0000] {processor.py:839} INFO - DAG(s) dict_keys(['example_dag_decorator']) retrieved from /home/airflow/.local/lib/python3.8/site-packages/airflow/example_dags/example_dag_decorator.py
[2024-01-29T18:03:27.084+0000] {logging_mixin.py:151} INFO - [2024-01-29T18:03:27.084+0000] {dag.py:2941} INFO - Sync 1 DAGs
[2024-01-29T18:03:27.100+0000] {logging_mixin.py:151} INFO - [2024-01-29T18:03:27.099+0000] {dag.py:3722} INFO - Setting next_dagrun for example_dag_decorator to None, run_after=None
[2024-01-29T18:03:27.138+0000] {processor.py:179} INFO - Processing /home/airflow/.local/lib/python3.8/site-packages/airflow/example_dags/example_dag_decorator.py took 0.340 seconds
[2024-01-29T18:03:57.303+0000] {processor.py:157} INFO - Started process (PID=266) to work on /home/airflow/.local/lib/python3.8/site-packages/airflow/example_dags/example_dag_decorator.py
[2024-01-29T18:03:57.305+0000] {processor.py:829} INFO - Processing file /home/airflow/.local/lib/python3.8/site-packages/airflow/example_dags/example_dag_decorator.py for tasks to queue
[2024-01-29T18:03:57.307+0000] {logging_mixin.py:151} INFO - [2024-01-29T18:03:57.306+0000] {dagbag.py:536} INFO - Filling up the DagBag from /home/airflow/.local/lib/python3.8/site-packages/airflow/example_dags/example_dag_decorator.py
[2024-01-29T18:03:57.417+0000] {processor.py:839} INFO - DAG(s) dict_keys(['example_dag_decorator']) retrieved from /home/airflow/.local/lib/python3.8/site-packages/airflow/example_dags/example_dag_decorator.py
[2024-01-29T18:03:57.577+0000] {logging_mixin.py:151} INFO - [2024-01-29T18:03:57.576+0000] {dag.py:2941} INFO - Sync 1 DAGs
[2024-01-29T18:03:57.590+0000] {logging_mixin.py:151} INFO - [2024-01-29T18:03:57.590+0000] {dag.py:3722} INFO - Setting next_dagrun for example_dag_decorator to None, run_after=None
[2024-01-29T18:03:57.618+0000] {processor.py:179} INFO - Processing /home/airflow/.local/lib/python3.8/site-packages/airflow/example_dags/example_dag_decorator.py took 0.317 seconds
[2024-01-29T18:04:27.983+0000] {processor.py:157} INFO - Started process (PID=321) to work on /home/airflow/.local/lib/python3.8/site-packages/airflow/example_dags/example_dag_decorator.py
[2024-01-29T18:04:27.984+0000] {processor.py:829} INFO - Processing file /home/airflow/.local/lib/python3.8/site-packages/airflow/example_dags/example_dag_decorator.py for tasks to queue
[2024-01-29T18:04:27.986+0000] {logging_mixin.py:151} INFO - [2024-01-29T18:04:27.986+0000] {dagbag.py:536} INFO - Filling up the DagBag from /home/airflow/.local/lib/python3.8/site-packages/airflow/example_dags/example_dag_decorator.py
[2024-01-29T18:04:28.090+0000] {processor.py:839} INFO - DAG(s) dict_keys(['example_dag_decorator']) retrieved from /home/airflow/.local/lib/python3.8/site-packages/airflow/example_dags/example_dag_decorator.py
[2024-01-29T18:04:28.240+0000] {logging_mixin.py:151} INFO - [2024-01-29T18:04:28.239+0000] {dag.py:2941} INFO - Sync 1 DAGs
[2024-01-29T18:04:28.259+0000] {logging_mixin.py:151} INFO - [2024-01-29T18:04:28.259+0000] {dag.py:3722} INFO - Setting next_dagrun for example_dag_decorator to None, run_after=None
[2024-01-29T18:04:28.290+0000] {processor.py:179} INFO - Processing /home/airflow/.local/lib/python3.8/site-packages/airflow/example_dags/example_dag_decorator.py took 0.310 seconds
[2024-01-29T18:04:58.976+0000] {processor.py:157} INFO - Started process (PID=378) to work on /home/airflow/.local/lib/python3.8/site-packages/airflow/example_dags/example_dag_decorator.py
[2024-01-29T18:04:58.977+0000] {processor.py:829} INFO - Processing file /home/airflow/.local/lib/python3.8/site-packages/airflow/example_dags/example_dag_decorator.py for tasks to queue
[2024-01-29T18:04:58.979+0000] {logging_mixin.py:151} INFO - [2024-01-29T18:04:58.979+0000] {dagbag.py:536} INFO - Filling up the DagBag from /home/airflow/.local/lib/python3.8/site-packages/airflow/example_dags/example_dag_decorator.py
[2024-01-29T18:04:59.071+0000] {processor.py:839} INFO - DAG(s) dict_keys(['example_dag_decorator']) retrieved from /home/airflow/.local/lib/python3.8/site-packages/airflow/example_dags/example_dag_decorator.py
[2024-01-29T18:04:59.255+0000] {logging_mixin.py:151} INFO - [2024-01-29T18:04:59.254+0000] {dag.py:2941} INFO - Sync 1 DAGs
[2024-01-29T18:04:59.274+0000] {logging_mixin.py:151} INFO - [2024-01-29T18:04:59.273+0000] {dag.py:3722} INFO - Setting next_dagrun for example_dag_decorator to None, run_after=None
[2024-01-29T18:04:59.305+0000] {processor.py:179} INFO - Processing /home/airflow/.local/lib/python3.8/site-packages/airflow/example_dags/example_dag_decorator.py took 0.333 seconds
[2024-01-29T18:05:29.422+0000] {processor.py:157} INFO - Started process (PID=433) to work on /home/airflow/.local/lib/python3.8/site-packages/airflow/example_dags/example_dag_decorator.py
[2024-01-29T18:05:29.424+0000] {processor.py:829} INFO - Processing file /home/airflow/.local/lib/python3.8/site-packages/airflow/example_dags/example_dag_decorator.py for tasks to queue
[2024-01-29T18:05:29.426+0000] {logging_mixin.py:151} INFO - [2024-01-29T18:05:29.425+0000] {dagbag.py:536} INFO - Filling up the DagBag from /home/airflow/.local/lib/python3.8/site-packages/airflow/example_dags/example_dag_decorator.py
[2024-01-29T18:05:29.533+0000] {processor.py:839} INFO - DAG(s) dict_keys(['example_dag_decorator']) retrieved from /home/airflow/.local/lib/python3.8/site-packages/airflow/example_dags/example_dag_decorator.py
[2024-01-29T18:05:29.726+0000] {logging_mixin.py:151} INFO - [2024-01-29T18:05:29.726+0000] {dag.py:2941} INFO - Sync 1 DAGs
[2024-01-29T18:05:29.741+0000] {logging_mixin.py:151} INFO - [2024-01-29T18:05:29.741+0000] {dag.py:3722} INFO - Setting next_dagrun for example_dag_decorator to None, run_after=None
[2024-01-29T18:05:29.771+0000] {processor.py:179} INFO - Processing /home/airflow/.local/lib/python3.8/site-packages/airflow/example_dags/example_dag_decorator.py took 0.352 seconds
[2024-01-29T18:05:59.819+0000] {processor.py:157} INFO - Started process (PID=488) to work on /home/airflow/.local/lib/python3.8/site-packages/airflow/example_dags/example_dag_decorator.py
[2024-01-29T18:05:59.820+0000] {processor.py:829} INFO - Processing file /home/airflow/.local/lib/python3.8/site-packages/airflow/example_dags/example_dag_decorator.py for tasks to queue
[2024-01-29T18:05:59.822+0000] {logging_mixin.py:151} INFO - [2024-01-29T18:05:59.822+0000] {dagbag.py:536} INFO - Filling up the DagBag from /home/airflow/.local/lib/python3.8/site-packages/airflow/example_dags/example_dag_decorator.py
[2024-01-29T18:05:59.907+0000] {processor.py:839} INFO - DAG(s) dict_keys(['example_dag_decorator']) retrieved from /home/airflow/.local/lib/python3.8/site-packages/airflow/example_dags/example_dag_decorator.py
[2024-01-29T18:06:00.072+0000] {logging_mixin.py:151} INFO - [2024-01-29T18:06:00.071+0000] {dag.py:2941} INFO - Sync 1 DAGs
[2024-01-29T18:06:00.084+0000] {logging_mixin.py:151} INFO - [2024-01-29T18:06:00.083+0000] {dag.py:3722} INFO - Setting next_dagrun for example_dag_decorator to None, run_after=None
[2024-01-29T18:06:00.108+0000] {processor.py:179} INFO - Processing /home/airflow/.local/lib/python3.8/site-packages/airflow/example_dags/example_dag_decorator.py took 0.292 seconds
[2024-01-29T18:06:30.204+0000] {processor.py:157} INFO - Started process (PID=543) to work on /home/airflow/.local/lib/python3.8/site-packages/airflow/example_dags/example_dag_decorator.py
[2024-01-29T18:06:30.206+0000] {processor.py:829} INFO - Processing file /home/airflow/.local/lib/python3.8/site-packages/airflow/example_dags/example_dag_decorator.py for tasks to queue
[2024-01-29T18:06:30.208+0000] {logging_mixin.py:151} INFO - [2024-01-29T18:06:30.208+0000] {dagbag.py:536} INFO - Filling up the DagBag from /home/airflow/.local/lib/python3.8/site-packages/airflow/example_dags/example_dag_decorator.py
[2024-01-29T18:06:30.321+0000] {processor.py:839} INFO - DAG(s) dict_keys(['example_dag_decorator']) retrieved from /home/airflow/.local/lib/python3.8/site-packages/airflow/example_dags/example_dag_decorator.py
[2024-01-29T18:06:30.479+0000] {logging_mixin.py:151} INFO - [2024-01-29T18:06:30.478+0000] {dag.py:2941} INFO - Sync 1 DAGs
[2024-01-29T18:06:30.494+0000] {logging_mixin.py:151} INFO - [2024-01-29T18:06:30.493+0000] {dag.py:3722} INFO - Setting next_dagrun for example_dag_decorator to None, run_after=None
[2024-01-29T18:06:30.527+0000] {processor.py:179} INFO - Processing /home/airflow/.local/lib/python3.8/site-packages/airflow/example_dags/example_dag_decorator.py took 0.326 seconds
[2024-01-29T18:07:00.606+0000] {processor.py:157} INFO - Started process (PID=599) to work on /home/airflow/.local/lib/python3.8/site-packages/airflow/example_dags/example_dag_decorator.py
[2024-01-29T18:07:00.607+0000] {processor.py:829} INFO - Processing file /home/airflow/.local/lib/python3.8/site-packages/airflow/example_dags/example_dag_decorator.py for tasks to queue
[2024-01-29T18:07:00.609+0000] {logging_mixin.py:151} INFO - [2024-01-29T18:07:00.609+0000] {dagbag.py:536} INFO - Filling up the DagBag from /home/airflow/.local/lib/python3.8/site-packages/airflow/example_dags/example_dag_decorator.py
[2024-01-29T18:07:00.702+0000] {processor.py:839} INFO - DAG(s) dict_keys(['example_dag_decorator']) retrieved from /home/airflow/.local/lib/python3.8/site-packages/airflow/example_dags/example_dag_decorator.py
[2024-01-29T18:07:00.856+0000] {logging_mixin.py:151} INFO - [2024-01-29T18:07:00.856+0000] {dag.py:2941} INFO - Sync 1 DAGs
[2024-01-29T18:07:00.875+0000] {logging_mixin.py:151} INFO - [2024-01-29T18:07:00.875+0000] {dag.py:3722} INFO - Setting next_dagrun for example_dag_decorator to None, run_after=None
[2024-01-29T18:07:01.073+0000] {processor.py:179} INFO - Processing /home/airflow/.local/lib/python3.8/site-packages/airflow/example_dags/example_dag_decorator.py took 0.471 seconds
[2024-01-29T18:07:31.179+0000] {processor.py:157} INFO - Started process (PID=657) to work on /home/airflow/.local/lib/python3.8/site-packages/airflow/example_dags/example_dag_decorator.py
[2024-01-29T18:07:31.181+0000] {processor.py:829} INFO - Processing file /home/airflow/.local/lib/python3.8/site-packages/airflow/example_dags/example_dag_decorator.py for tasks to queue
[2024-01-29T18:07:31.184+0000] {logging_mixin.py:151} INFO - [2024-01-29T18:07:31.183+0000] {dagbag.py:536} INFO - Filling up the DagBag from /home/airflow/.local/lib/python3.8/site-packages/airflow/example_dags/example_dag_decorator.py
[2024-01-29T18:07:31.330+0000] {processor.py:839} INFO - DAG(s) dict_keys(['example_dag_decorator']) retrieved from /home/airflow/.local/lib/python3.8/site-packages/airflow/example_dags/example_dag_decorator.py
[2024-01-29T18:07:31.540+0000] {logging_mixin.py:151} INFO - [2024-01-29T18:07:31.539+0000] {dag.py:2941} INFO - Sync 1 DAGs
[2024-01-29T18:07:31.567+0000] {logging_mixin.py:151} INFO - [2024-01-29T18:07:31.567+0000] {dag.py:3722} INFO - Setting next_dagrun for example_dag_decorator to None, run_after=None
[2024-01-29T18:07:31.619+0000] {processor.py:179} INFO - Processing /home/airflow/.local/lib/python3.8/site-packages/airflow/example_dags/example_dag_decorator.py took 0.444 seconds
[2024-01-29T18:08:02.568+0000] {processor.py:157} INFO - Started process (PID=714) to work on /home/airflow/.local/lib/python3.8/site-packages/airflow/example_dags/example_dag_decorator.py
[2024-01-29T18:08:02.570+0000] {processor.py:829} INFO - Processing file /home/airflow/.local/lib/python3.8/site-packages/airflow/example_dags/example_dag_decorator.py for tasks to queue
[2024-01-29T18:08:02.572+0000] {logging_mixin.py:151} INFO - [2024-01-29T18:08:02.571+0000] {dagbag.py:536} INFO - Filling up the DagBag from /home/airflow/.local/lib/python3.8/site-packages/airflow/example_dags/example_dag_decorator.py
[2024-01-29T18:08:02.670+0000] {processor.py:839} INFO - DAG(s) dict_keys(['example_dag_decorator']) retrieved from /home/airflow/.local/lib/python3.8/site-packages/airflow/example_dags/example_dag_decorator.py
[2024-01-29T18:08:02.798+0000] {logging_mixin.py:151} INFO - [2024-01-29T18:08:02.797+0000] {dag.py:2941} INFO - Sync 1 DAGs
[2024-01-29T18:08:02.811+0000] {logging_mixin.py:151} INFO - [2024-01-29T18:08:02.810+0000] {dag.py:3722} INFO - Setting next_dagrun for example_dag_decorator to None, run_after=None
[2024-01-29T18:08:02.836+0000] {processor.py:179} INFO - Processing /home/airflow/.local/lib/python3.8/site-packages/airflow/example_dags/example_dag_decorator.py took 0.270 seconds
[2024-01-29T18:08:32.948+0000] {processor.py:157} INFO - Started process (PID=771) to work on /home/airflow/.local/lib/python3.8/site-packages/airflow/example_dags/example_dag_decorator.py
[2024-01-29T18:08:32.949+0000] {processor.py:829} INFO - Processing file /home/airflow/.local/lib/python3.8/site-packages/airflow/example_dags/example_dag_decorator.py for tasks to queue
[2024-01-29T18:08:32.951+0000] {logging_mixin.py:151} INFO - [2024-01-29T18:08:32.951+0000] {dagbag.py:536} INFO - Filling up the DagBag from /home/airflow/.local/lib/python3.8/site-packages/airflow/example_dags/example_dag_decorator.py
[2024-01-29T18:08:33.060+0000] {processor.py:839} INFO - DAG(s) dict_keys(['example_dag_decorator']) retrieved from /home/airflow/.local/lib/python3.8/site-packages/airflow/example_dags/example_dag_decorator.py
[2024-01-29T18:08:33.187+0000] {logging_mixin.py:151} INFO - [2024-01-29T18:08:33.187+0000] {dag.py:2941} INFO - Sync 1 DAGs
[2024-01-29T18:08:33.201+0000] {logging_mixin.py:151} INFO - [2024-01-29T18:08:33.201+0000] {dag.py:3722} INFO - Setting next_dagrun for example_dag_decorator to None, run_after=None
[2024-01-29T18:08:33.357+0000] {processor.py:179} INFO - Processing /home/airflow/.local/lib/python3.8/site-packages/airflow/example_dags/example_dag_decorator.py took 0.413 seconds
[2024-01-29T18:09:03.905+0000] {processor.py:157} INFO - Started process (PID=827) to work on /home/airflow/.local/lib/python3.8/site-packages/airflow/example_dags/example_dag_decorator.py
[2024-01-29T18:09:03.906+0000] {processor.py:829} INFO - Processing file /home/airflow/.local/lib/python3.8/site-packages/airflow/example_dags/example_dag_decorator.py for tasks to queue
[2024-01-29T18:09:03.909+0000] {logging_mixin.py:151} INFO - [2024-01-29T18:09:03.909+0000] {dagbag.py:536} INFO - Filling up the DagBag from /home/airflow/.local/lib/python3.8/site-packages/airflow/example_dags/example_dag_decorator.py
[2024-01-29T18:09:04.056+0000] {processor.py:839} INFO - DAG(s) dict_keys(['example_dag_decorator']) retrieved from /home/airflow/.local/lib/python3.8/site-packages/airflow/example_dags/example_dag_decorator.py
[2024-01-29T18:09:04.228+0000] {logging_mixin.py:151} INFO - [2024-01-29T18:09:04.228+0000] {dag.py:2941} INFO - Sync 1 DAGs
[2024-01-29T18:09:04.244+0000] {logging_mixin.py:151} INFO - [2024-01-29T18:09:04.244+0000] {dag.py:3722} INFO - Setting next_dagrun for example_dag_decorator to None, run_after=None
[2024-01-29T18:09:04.271+0000] {processor.py:179} INFO - Processing /home/airflow/.local/lib/python3.8/site-packages/airflow/example_dags/example_dag_decorator.py took 0.369 seconds
[2024-01-29T18:09:34.505+0000] {processor.py:157} INFO - Started process (PID=886) to work on /home/airflow/.local/lib/python3.8/site-packages/airflow/example_dags/example_dag_decorator.py
[2024-01-29T18:09:34.506+0000] {processor.py:829} INFO - Processing file /home/airflow/.local/lib/python3.8/site-packages/airflow/example_dags/example_dag_decorator.py for tasks to queue
[2024-01-29T18:09:34.508+0000] {logging_mixin.py:151} INFO - [2024-01-29T18:09:34.508+0000] {dagbag.py:536} INFO - Filling up the DagBag from /home/airflow/.local/lib/python3.8/site-packages/airflow/example_dags/example_dag_decorator.py
[2024-01-29T18:09:34.619+0000] {processor.py:839} INFO - DAG(s) dict_keys(['example_dag_decorator']) retrieved from /home/airflow/.local/lib/python3.8/site-packages/airflow/example_dags/example_dag_decorator.py
[2024-01-29T18:09:34.765+0000] {logging_mixin.py:151} INFO - [2024-01-29T18:09:34.765+0000] {dag.py:2941} INFO - Sync 1 DAGs
[2024-01-29T18:09:34.781+0000] {logging_mixin.py:151} INFO - [2024-01-29T18:09:34.781+0000] {dag.py:3722} INFO - Setting next_dagrun for example_dag_decorator to None, run_after=None
[2024-01-29T18:09:34.810+0000] {processor.py:179} INFO - Processing /home/airflow/.local/lib/python3.8/site-packages/airflow/example_dags/example_dag_decorator.py took 0.309 seconds
[2024-01-29T18:10:04.969+0000] {processor.py:157} INFO - Started process (PID=942) to work on /home/airflow/.local/lib/python3.8/site-packages/airflow/example_dags/example_dag_decorator.py
[2024-01-29T18:10:04.970+0000] {processor.py:829} INFO - Processing file /home/airflow/.local/lib/python3.8/site-packages/airflow/example_dags/example_dag_decorator.py for tasks to queue
[2024-01-29T18:10:04.972+0000] {logging_mixin.py:151} INFO - [2024-01-29T18:10:04.972+0000] {dagbag.py:536} INFO - Filling up the DagBag from /home/airflow/.local/lib/python3.8/site-packages/airflow/example_dags/example_dag_decorator.py
[2024-01-29T18:10:05.085+0000] {processor.py:839} INFO - DAG(s) dict_keys(['example_dag_decorator']) retrieved from /home/airflow/.local/lib/python3.8/site-packages/airflow/example_dags/example_dag_decorator.py
[2024-01-29T18:10:05.406+0000] {logging_mixin.py:151} INFO - [2024-01-29T18:10:05.405+0000] {dag.py:2941} INFO - Sync 1 DAGs
[2024-01-29T18:10:05.454+0000] {logging_mixin.py:151} INFO - [2024-01-29T18:10:05.453+0000] {dag.py:3722} INFO - Setting next_dagrun for example_dag_decorator to None, run_after=None
[2024-01-29T18:10:05.739+0000] {processor.py:179} INFO - Processing /home/airflow/.local/lib/python3.8/site-packages/airflow/example_dags/example_dag_decorator.py took 0.773 seconds
[2024-01-29T18:10:35.975+0000] {processor.py:157} INFO - Started process (PID=1010) to work on /home/airflow/.local/lib/python3.8/site-packages/airflow/example_dags/example_dag_decorator.py
[2024-01-29T18:10:35.977+0000] {processor.py:829} INFO - Processing file /home/airflow/.local/lib/python3.8/site-packages/airflow/example_dags/example_dag_decorator.py for tasks to queue
[2024-01-29T18:10:35.980+0000] {logging_mixin.py:151} INFO - [2024-01-29T18:10:35.979+0000] {dagbag.py:536} INFO - Filling up the DagBag from /home/airflow/.local/lib/python3.8/site-packages/airflow/example_dags/example_dag_decorator.py
[2024-01-29T18:10:36.144+0000] {processor.py:839} INFO - DAG(s) dict_keys(['example_dag_decorator']) retrieved from /home/airflow/.local/lib/python3.8/site-packages/airflow/example_dags/example_dag_decorator.py
[2024-01-29T18:10:36.340+0000] {logging_mixin.py:151} INFO - [2024-01-29T18:10:36.339+0000] {dag.py:2941} INFO - Sync 1 DAGs
[2024-01-29T18:10:36.368+0000] {logging_mixin.py:151} INFO - [2024-01-29T18:10:36.368+0000] {dag.py:3722} INFO - Setting next_dagrun for example_dag_decorator to None, run_after=None
[2024-01-29T18:10:36.415+0000] {processor.py:179} INFO - Processing /home/airflow/.local/lib/python3.8/site-packages/airflow/example_dags/example_dag_decorator.py took 0.445 seconds
[2024-01-29T18:11:07.175+0000] {processor.py:157} INFO - Started process (PID=1070) to work on /home/airflow/.local/lib/python3.8/site-packages/airflow/example_dags/example_dag_decorator.py
[2024-01-29T18:11:07.176+0000] {processor.py:829} INFO - Processing file /home/airflow/.local/lib/python3.8/site-packages/airflow/example_dags/example_dag_decorator.py for tasks to queue
[2024-01-29T18:11:07.178+0000] {logging_mixin.py:151} INFO - [2024-01-29T18:11:07.178+0000] {dagbag.py:536} INFO - Filling up the DagBag from /home/airflow/.local/lib/python3.8/site-packages/airflow/example_dags/example_dag_decorator.py
[2024-01-29T18:11:07.284+0000] {processor.py:839} INFO - DAG(s) dict_keys(['example_dag_decorator']) retrieved from /home/airflow/.local/lib/python3.8/site-packages/airflow/example_dags/example_dag_decorator.py
[2024-01-29T18:11:07.597+0000] {logging_mixin.py:151} INFO - [2024-01-29T18:11:07.597+0000] {dag.py:2941} INFO - Sync 1 DAGs
[2024-01-29T18:11:07.612+0000] {logging_mixin.py:151} INFO - [2024-01-29T18:11:07.612+0000] {dag.py:3722} INFO - Setting next_dagrun for example_dag_decorator to None, run_after=None
[2024-01-29T18:11:07.645+0000] {processor.py:179} INFO - Processing /home/airflow/.local/lib/python3.8/site-packages/airflow/example_dags/example_dag_decorator.py took 0.473 seconds
[2024-01-29T18:11:37.720+0000] {processor.py:157} INFO - Started process (PID=1129) to work on /home/airflow/.local/lib/python3.8/site-packages/airflow/example_dags/example_dag_decorator.py
[2024-01-29T18:11:37.721+0000] {processor.py:829} INFO - Processing file /home/airflow/.local/lib/python3.8/site-packages/airflow/example_dags/example_dag_decorator.py for tasks to queue
[2024-01-29T18:11:37.723+0000] {logging_mixin.py:151} INFO - [2024-01-29T18:11:37.723+0000] {dagbag.py:536} INFO - Filling up the DagBag from /home/airflow/.local/lib/python3.8/site-packages/airflow/example_dags/example_dag_decorator.py
[2024-01-29T18:11:37.830+0000] {processor.py:839} INFO - DAG(s) dict_keys(['example_dag_decorator']) retrieved from /home/airflow/.local/lib/python3.8/site-packages/airflow/example_dags/example_dag_decorator.py
[2024-01-29T18:11:37.958+0000] {logging_mixin.py:151} INFO - [2024-01-29T18:11:37.958+0000] {dag.py:2941} INFO - Sync 1 DAGs
[2024-01-29T18:11:38.119+0000] {logging_mixin.py:151} INFO - [2024-01-29T18:11:38.119+0000] {dag.py:3722} INFO - Setting next_dagrun for example_dag_decorator to None, run_after=None
[2024-01-29T18:11:38.146+0000] {processor.py:179} INFO - Processing /home/airflow/.local/lib/python3.8/site-packages/airflow/example_dags/example_dag_decorator.py took 0.429 seconds
[2024-01-29T18:12:13.577+0000] {processor.py:157} INFO - Started process (PID=1192) to work on /home/airflow/.local/lib/python3.8/site-packages/airflow/example_dags/example_dag_decorator.py
[2024-01-29T18:12:13.587+0000] {processor.py:829} INFO - Processing file /home/airflow/.local/lib/python3.8/site-packages/airflow/example_dags/example_dag_decorator.py for tasks to queue
[2024-01-29T18:12:13.599+0000] {logging_mixin.py:151} INFO - [2024-01-29T18:12:13.596+0000] {dagbag.py:536} INFO - Filling up the DagBag from /home/airflow/.local/lib/python3.8/site-packages/airflow/example_dags/example_dag_decorator.py
[2024-01-29T18:12:13.863+0000] {processor.py:839} INFO - DAG(s) dict_keys(['example_dag_decorator']) retrieved from /home/airflow/.local/lib/python3.8/site-packages/airflow/example_dags/example_dag_decorator.py
[2024-01-29T18:12:14.164+0000] {logging_mixin.py:151} INFO - [2024-01-29T18:12:14.163+0000] {dag.py:2941} INFO - Sync 1 DAGs
[2024-01-29T18:12:14.209+0000] {logging_mixin.py:151} INFO - [2024-01-29T18:12:14.208+0000] {dag.py:3722} INFO - Setting next_dagrun for example_dag_decorator to None, run_after=None
[2024-01-29T18:12:14.300+0000] {processor.py:179} INFO - Processing /home/airflow/.local/lib/python3.8/site-packages/airflow/example_dags/example_dag_decorator.py took 0.729 seconds
[2024-01-29T18:12:44.435+0000] {processor.py:157} INFO - Started process (PID=1248) to work on /home/airflow/.local/lib/python3.8/site-packages/airflow/example_dags/example_dag_decorator.py
[2024-01-29T18:12:44.439+0000] {processor.py:829} INFO - Processing file /home/airflow/.local/lib/python3.8/site-packages/airflow/example_dags/example_dag_decorator.py for tasks to queue
[2024-01-29T18:12:44.443+0000] {logging_mixin.py:151} INFO - [2024-01-29T18:12:44.442+0000] {dagbag.py:536} INFO - Filling up the DagBag from /home/airflow/.local/lib/python3.8/site-packages/airflow/example_dags/example_dag_decorator.py
[2024-01-29T18:12:44.663+0000] {processor.py:839} INFO - DAG(s) dict_keys(['example_dag_decorator']) retrieved from /home/airflow/.local/lib/python3.8/site-packages/airflow/example_dags/example_dag_decorator.py
[2024-01-29T18:12:45.321+0000] {logging_mixin.py:151} INFO - [2024-01-29T18:12:45.319+0000] {dag.py:2941} INFO - Sync 1 DAGs
[2024-01-29T18:12:45.353+0000] {logging_mixin.py:151} INFO - [2024-01-29T18:12:45.353+0000] {dag.py:3722} INFO - Setting next_dagrun for example_dag_decorator to None, run_after=None
[2024-01-29T18:12:45.466+0000] {processor.py:179} INFO - Processing /home/airflow/.local/lib/python3.8/site-packages/airflow/example_dags/example_dag_decorator.py took 1.039 seconds
[2024-01-29T18:13:16.064+0000] {processor.py:157} INFO - Started process (PID=1306) to work on /home/airflow/.local/lib/python3.8/site-packages/airflow/example_dags/example_dag_decorator.py
[2024-01-29T18:13:16.066+0000] {processor.py:829} INFO - Processing file /home/airflow/.local/lib/python3.8/site-packages/airflow/example_dags/example_dag_decorator.py for tasks to queue
[2024-01-29T18:13:16.073+0000] {logging_mixin.py:151} INFO - [2024-01-29T18:13:16.073+0000] {dagbag.py:536} INFO - Filling up the DagBag from /home/airflow/.local/lib/python3.8/site-packages/airflow/example_dags/example_dag_decorator.py
[2024-01-29T18:13:16.302+0000] {processor.py:839} INFO - DAG(s) dict_keys(['example_dag_decorator']) retrieved from /home/airflow/.local/lib/python3.8/site-packages/airflow/example_dags/example_dag_decorator.py
[2024-01-29T18:13:16.699+0000] {logging_mixin.py:151} INFO - [2024-01-29T18:13:16.699+0000] {dag.py:2941} INFO - Sync 1 DAGs
[2024-01-29T18:13:17.087+0000] {logging_mixin.py:151} INFO - [2024-01-29T18:13:17.086+0000] {dag.py:3722} INFO - Setting next_dagrun for example_dag_decorator to None, run_after=None
[2024-01-29T18:13:17.161+0000] {processor.py:179} INFO - Processing /home/airflow/.local/lib/python3.8/site-packages/airflow/example_dags/example_dag_decorator.py took 1.109 seconds
[2024-01-29T18:13:47.425+0000] {processor.py:157} INFO - Started process (PID=1366) to work on /home/airflow/.local/lib/python3.8/site-packages/airflow/example_dags/example_dag_decorator.py
[2024-01-29T18:13:47.426+0000] {processor.py:829} INFO - Processing file /home/airflow/.local/lib/python3.8/site-packages/airflow/example_dags/example_dag_decorator.py for tasks to queue
[2024-01-29T18:13:47.432+0000] {logging_mixin.py:151} INFO - [2024-01-29T18:13:47.432+0000] {dagbag.py:536} INFO - Filling up the DagBag from /home/airflow/.local/lib/python3.8/site-packages/airflow/example_dags/example_dag_decorator.py
[2024-01-29T18:13:47.650+0000] {processor.py:839} INFO - DAG(s) dict_keys(['example_dag_decorator']) retrieved from /home/airflow/.local/lib/python3.8/site-packages/airflow/example_dags/example_dag_decorator.py
[2024-01-29T18:13:47.976+0000] {logging_mixin.py:151} INFO - [2024-01-29T18:13:47.975+0000] {dag.py:2941} INFO - Sync 1 DAGs
[2024-01-29T18:13:48.011+0000] {logging_mixin.py:151} INFO - [2024-01-29T18:13:48.011+0000] {dag.py:3722} INFO - Setting next_dagrun for example_dag_decorator to None, run_after=None
[2024-01-29T18:13:48.073+0000] {processor.py:179} INFO - Processing /home/airflow/.local/lib/python3.8/site-packages/airflow/example_dags/example_dag_decorator.py took 0.654 seconds
[2024-01-29T18:14:18.195+0000] {processor.py:157} INFO - Started process (PID=1421) to work on /home/airflow/.local/lib/python3.8/site-packages/airflow/example_dags/example_dag_decorator.py
[2024-01-29T18:14:18.197+0000] {processor.py:829} INFO - Processing file /home/airflow/.local/lib/python3.8/site-packages/airflow/example_dags/example_dag_decorator.py for tasks to queue
[2024-01-29T18:14:18.200+0000] {logging_mixin.py:151} INFO - [2024-01-29T18:14:18.200+0000] {dagbag.py:536} INFO - Filling up the DagBag from /home/airflow/.local/lib/python3.8/site-packages/airflow/example_dags/example_dag_decorator.py
[2024-01-29T18:14:18.370+0000] {processor.py:839} INFO - DAG(s) dict_keys(['example_dag_decorator']) retrieved from /home/airflow/.local/lib/python3.8/site-packages/airflow/example_dags/example_dag_decorator.py
[2024-01-29T18:14:18.443+0000] {logging_mixin.py:151} INFO - [2024-01-29T18:14:18.443+0000] {dag.py:2941} INFO - Sync 1 DAGs
[2024-01-29T18:14:18.466+0000] {logging_mixin.py:151} INFO - [2024-01-29T18:14:18.466+0000] {dag.py:3722} INFO - Setting next_dagrun for example_dag_decorator to None, run_after=None
[2024-01-29T18:14:18.536+0000] {processor.py:179} INFO - Processing /home/airflow/.local/lib/python3.8/site-packages/airflow/example_dags/example_dag_decorator.py took 0.345 seconds
[2024-01-29T18:14:49.273+0000] {processor.py:157} INFO - Started process (PID=1477) to work on /home/airflow/.local/lib/python3.8/site-packages/airflow/example_dags/example_dag_decorator.py
[2024-01-29T18:14:49.279+0000] {processor.py:829} INFO - Processing file /home/airflow/.local/lib/python3.8/site-packages/airflow/example_dags/example_dag_decorator.py for tasks to queue
[2024-01-29T18:14:49.284+0000] {logging_mixin.py:151} INFO - [2024-01-29T18:14:49.284+0000] {dagbag.py:536} INFO - Filling up the DagBag from /home/airflow/.local/lib/python3.8/site-packages/airflow/example_dags/example_dag_decorator.py
[2024-01-29T18:14:49.462+0000] {processor.py:839} INFO - DAG(s) dict_keys(['example_dag_decorator']) retrieved from /home/airflow/.local/lib/python3.8/site-packages/airflow/example_dags/example_dag_decorator.py
[2024-01-29T18:14:49.532+0000] {logging_mixin.py:151} INFO - [2024-01-29T18:14:49.532+0000] {dag.py:2941} INFO - Sync 1 DAGs
[2024-01-29T18:14:49.560+0000] {logging_mixin.py:151} INFO - [2024-01-29T18:14:49.560+0000] {dag.py:3722} INFO - Setting next_dagrun for example_dag_decorator to None, run_after=None
[2024-01-29T18:14:49.626+0000] {processor.py:179} INFO - Processing /home/airflow/.local/lib/python3.8/site-packages/airflow/example_dags/example_dag_decorator.py took 0.360 seconds
[2024-01-29T18:15:20.074+0000] {processor.py:157} INFO - Started process (PID=1533) to work on /home/airflow/.local/lib/python3.8/site-packages/airflow/example_dags/example_dag_decorator.py
[2024-01-29T18:15:20.076+0000] {processor.py:829} INFO - Processing file /home/airflow/.local/lib/python3.8/site-packages/airflow/example_dags/example_dag_decorator.py for tasks to queue
[2024-01-29T18:15:20.080+0000] {logging_mixin.py:151} INFO - [2024-01-29T18:15:20.080+0000] {dagbag.py:536} INFO - Filling up the DagBag from /home/airflow/.local/lib/python3.8/site-packages/airflow/example_dags/example_dag_decorator.py
[2024-01-29T18:15:20.266+0000] {processor.py:839} INFO - DAG(s) dict_keys(['example_dag_decorator']) retrieved from /home/airflow/.local/lib/python3.8/site-packages/airflow/example_dags/example_dag_decorator.py
[2024-01-29T18:15:20.356+0000] {logging_mixin.py:151} INFO - [2024-01-29T18:15:20.355+0000] {dag.py:2941} INFO - Sync 1 DAGs
[2024-01-29T18:15:20.389+0000] {logging_mixin.py:151} INFO - [2024-01-29T18:15:20.389+0000] {dag.py:3722} INFO - Setting next_dagrun for example_dag_decorator to None, run_after=None
[2024-01-29T18:15:20.434+0000] {processor.py:179} INFO - Processing /home/airflow/.local/lib/python3.8/site-packages/airflow/example_dags/example_dag_decorator.py took 0.365 seconds
[2024-01-29T18:15:50.942+0000] {processor.py:157} INFO - Started process (PID=1589) to work on /home/airflow/.local/lib/python3.8/site-packages/airflow/example_dags/example_dag_decorator.py
[2024-01-29T18:15:50.943+0000] {processor.py:829} INFO - Processing file /home/airflow/.local/lib/python3.8/site-packages/airflow/example_dags/example_dag_decorator.py for tasks to queue
[2024-01-29T18:15:50.948+0000] {logging_mixin.py:151} INFO - [2024-01-29T18:15:50.947+0000] {dagbag.py:536} INFO - Filling up the DagBag from /home/airflow/.local/lib/python3.8/site-packages/airflow/example_dags/example_dag_decorator.py
[2024-01-29T18:15:51.162+0000] {processor.py:839} INFO - DAG(s) dict_keys(['example_dag_decorator']) retrieved from /home/airflow/.local/lib/python3.8/site-packages/airflow/example_dags/example_dag_decorator.py
[2024-01-29T18:15:51.221+0000] {logging_mixin.py:151} INFO - [2024-01-29T18:15:51.220+0000] {dag.py:2941} INFO - Sync 1 DAGs
[2024-01-29T18:15:51.264+0000] {logging_mixin.py:151} INFO - [2024-01-29T18:15:51.263+0000] {dag.py:3722} INFO - Setting next_dagrun for example_dag_decorator to None, run_after=None
[2024-01-29T18:15:51.328+0000] {processor.py:179} INFO - Processing /home/airflow/.local/lib/python3.8/site-packages/airflow/example_dags/example_dag_decorator.py took 0.390 seconds
[2024-01-29T18:16:21.608+0000] {processor.py:157} INFO - Started process (PID=1645) to work on /home/airflow/.local/lib/python3.8/site-packages/airflow/example_dags/example_dag_decorator.py
[2024-01-29T18:16:21.609+0000] {processor.py:829} INFO - Processing file /home/airflow/.local/lib/python3.8/site-packages/airflow/example_dags/example_dag_decorator.py for tasks to queue
[2024-01-29T18:16:21.612+0000] {logging_mixin.py:151} INFO - [2024-01-29T18:16:21.611+0000] {dagbag.py:536} INFO - Filling up the DagBag from /home/airflow/.local/lib/python3.8/site-packages/airflow/example_dags/example_dag_decorator.py
[2024-01-29T18:16:21.720+0000] {processor.py:839} INFO - DAG(s) dict_keys(['example_dag_decorator']) retrieved from /home/airflow/.local/lib/python3.8/site-packages/airflow/example_dags/example_dag_decorator.py
[2024-01-29T18:16:21.892+0000] {logging_mixin.py:151} INFO - [2024-01-29T18:16:21.892+0000] {dag.py:2941} INFO - Sync 1 DAGs
[2024-01-29T18:16:22.058+0000] {logging_mixin.py:151} INFO - [2024-01-29T18:16:22.057+0000] {dag.py:3722} INFO - Setting next_dagrun for example_dag_decorator to None, run_after=None
[2024-01-29T18:16:22.088+0000] {processor.py:179} INFO - Processing /home/airflow/.local/lib/python3.8/site-packages/airflow/example_dags/example_dag_decorator.py took 0.483 seconds
[2024-01-29T18:16:52.186+0000] {processor.py:157} INFO - Started process (PID=1704) to work on /home/airflow/.local/lib/python3.8/site-packages/airflow/example_dags/example_dag_decorator.py
[2024-01-29T18:16:52.187+0000] {processor.py:829} INFO - Processing file /home/airflow/.local/lib/python3.8/site-packages/airflow/example_dags/example_dag_decorator.py for tasks to queue
[2024-01-29T18:16:52.189+0000] {logging_mixin.py:151} INFO - [2024-01-29T18:16:52.189+0000] {dagbag.py:536} INFO - Filling up the DagBag from /home/airflow/.local/lib/python3.8/site-packages/airflow/example_dags/example_dag_decorator.py
[2024-01-29T18:16:52.270+0000] {processor.py:839} INFO - DAG(s) dict_keys(['example_dag_decorator']) retrieved from /home/airflow/.local/lib/python3.8/site-packages/airflow/example_dags/example_dag_decorator.py
[2024-01-29T18:16:52.497+0000] {logging_mixin.py:151} INFO - [2024-01-29T18:16:52.497+0000] {dag.py:2941} INFO - Sync 1 DAGs
[2024-01-29T18:16:52.508+0000] {logging_mixin.py:151} INFO - [2024-01-29T18:16:52.508+0000] {dag.py:3722} INFO - Setting next_dagrun for example_dag_decorator to None, run_after=None
[2024-01-29T18:16:52.529+0000] {processor.py:179} INFO - Processing /home/airflow/.local/lib/python3.8/site-packages/airflow/example_dags/example_dag_decorator.py took 0.346 seconds
[2024-01-29T18:17:22.600+0000] {processor.py:157} INFO - Started process (PID=1757) to work on /home/airflow/.local/lib/python3.8/site-packages/airflow/example_dags/example_dag_decorator.py
[2024-01-29T18:17:22.601+0000] {processor.py:829} INFO - Processing file /home/airflow/.local/lib/python3.8/site-packages/airflow/example_dags/example_dag_decorator.py for tasks to queue
[2024-01-29T18:17:22.604+0000] {logging_mixin.py:151} INFO - [2024-01-29T18:17:22.603+0000] {dagbag.py:536} INFO - Filling up the DagBag from /home/airflow/.local/lib/python3.8/site-packages/airflow/example_dags/example_dag_decorator.py
[2024-01-29T18:17:22.715+0000] {processor.py:839} INFO - DAG(s) dict_keys(['example_dag_decorator']) retrieved from /home/airflow/.local/lib/python3.8/site-packages/airflow/example_dags/example_dag_decorator.py
[2024-01-29T18:17:22.982+0000] {logging_mixin.py:151} INFO - [2024-01-29T18:17:22.981+0000] {dag.py:2941} INFO - Sync 1 DAGs
[2024-01-29T18:17:22.994+0000] {logging_mixin.py:151} INFO - [2024-01-29T18:17:22.994+0000] {dag.py:3722} INFO - Setting next_dagrun for example_dag_decorator to None, run_after=None
[2024-01-29T18:17:23.018+0000] {processor.py:179} INFO - Processing /home/airflow/.local/lib/python3.8/site-packages/airflow/example_dags/example_dag_decorator.py took 0.421 seconds
[2024-01-29T18:17:53.082+0000] {processor.py:157} INFO - Started process (PID=1816) to work on /home/airflow/.local/lib/python3.8/site-packages/airflow/example_dags/example_dag_decorator.py
[2024-01-29T18:17:53.083+0000] {processor.py:829} INFO - Processing file /home/airflow/.local/lib/python3.8/site-packages/airflow/example_dags/example_dag_decorator.py for tasks to queue
[2024-01-29T18:17:53.086+0000] {logging_mixin.py:151} INFO - [2024-01-29T18:17:53.086+0000] {dagbag.py:536} INFO - Filling up the DagBag from /home/airflow/.local/lib/python3.8/site-packages/airflow/example_dags/example_dag_decorator.py
[2024-01-29T18:17:53.170+0000] {processor.py:839} INFO - DAG(s) dict_keys(['example_dag_decorator']) retrieved from /home/airflow/.local/lib/python3.8/site-packages/airflow/example_dags/example_dag_decorator.py
[2024-01-29T18:17:53.437+0000] {logging_mixin.py:151} INFO - [2024-01-29T18:17:53.436+0000] {dag.py:2941} INFO - Sync 1 DAGs
[2024-01-29T18:17:53.454+0000] {logging_mixin.py:151} INFO - [2024-01-29T18:17:53.453+0000] {dag.py:3722} INFO - Setting next_dagrun for example_dag_decorator to None, run_after=None
[2024-01-29T18:17:53.481+0000] {processor.py:179} INFO - Processing /home/airflow/.local/lib/python3.8/site-packages/airflow/example_dags/example_dag_decorator.py took 0.403 seconds
[2024-01-29T18:18:23.520+0000] {processor.py:157} INFO - Started process (PID=1869) to work on /home/airflow/.local/lib/python3.8/site-packages/airflow/example_dags/example_dag_decorator.py
[2024-01-29T18:18:23.521+0000] {processor.py:829} INFO - Processing file /home/airflow/.local/lib/python3.8/site-packages/airflow/example_dags/example_dag_decorator.py for tasks to queue
[2024-01-29T18:18:23.524+0000] {logging_mixin.py:151} INFO - [2024-01-29T18:18:23.523+0000] {dagbag.py:536} INFO - Filling up the DagBag from /home/airflow/.local/lib/python3.8/site-packages/airflow/example_dags/example_dag_decorator.py
[2024-01-29T18:18:23.620+0000] {processor.py:839} INFO - DAG(s) dict_keys(['example_dag_decorator']) retrieved from /home/airflow/.local/lib/python3.8/site-packages/airflow/example_dags/example_dag_decorator.py
[2024-01-29T18:18:23.894+0000] {logging_mixin.py:151} INFO - [2024-01-29T18:18:23.894+0000] {dag.py:2941} INFO - Sync 1 DAGs
[2024-01-29T18:18:23.908+0000] {logging_mixin.py:151} INFO - [2024-01-29T18:18:23.908+0000] {dag.py:3722} INFO - Setting next_dagrun for example_dag_decorator to None, run_after=None
[2024-01-29T18:18:23.932+0000] {processor.py:179} INFO - Processing /home/airflow/.local/lib/python3.8/site-packages/airflow/example_dags/example_dag_decorator.py took 0.415 seconds
[2024-01-29T18:18:54.310+0000] {processor.py:157} INFO - Started process (PID=1925) to work on /home/airflow/.local/lib/python3.8/site-packages/airflow/example_dags/example_dag_decorator.py
[2024-01-29T18:18:54.311+0000] {processor.py:829} INFO - Processing file /home/airflow/.local/lib/python3.8/site-packages/airflow/example_dags/example_dag_decorator.py for tasks to queue
[2024-01-29T18:18:54.313+0000] {logging_mixin.py:151} INFO - [2024-01-29T18:18:54.313+0000] {dagbag.py:536} INFO - Filling up the DagBag from /home/airflow/.local/lib/python3.8/site-packages/airflow/example_dags/example_dag_decorator.py
[2024-01-29T18:18:54.403+0000] {processor.py:839} INFO - DAG(s) dict_keys(['example_dag_decorator']) retrieved from /home/airflow/.local/lib/python3.8/site-packages/airflow/example_dags/example_dag_decorator.py
[2024-01-29T18:18:54.678+0000] {logging_mixin.py:151} INFO - [2024-01-29T18:18:54.678+0000] {dag.py:2941} INFO - Sync 1 DAGs
[2024-01-29T18:18:54.691+0000] {logging_mixin.py:151} INFO - [2024-01-29T18:18:54.691+0000] {dag.py:3722} INFO - Setting next_dagrun for example_dag_decorator to None, run_after=None
[2024-01-29T18:18:54.715+0000] {processor.py:179} INFO - Processing /home/airflow/.local/lib/python3.8/site-packages/airflow/example_dags/example_dag_decorator.py took 0.408 seconds
[2024-01-29T18:19:25.277+0000] {processor.py:157} INFO - Started process (PID=1981) to work on /home/airflow/.local/lib/python3.8/site-packages/airflow/example_dags/example_dag_decorator.py
[2024-01-29T18:19:25.278+0000] {processor.py:829} INFO - Processing file /home/airflow/.local/lib/python3.8/site-packages/airflow/example_dags/example_dag_decorator.py for tasks to queue
[2024-01-29T18:19:25.280+0000] {logging_mixin.py:151} INFO - [2024-01-29T18:19:25.280+0000] {dagbag.py:536} INFO - Filling up the DagBag from /home/airflow/.local/lib/python3.8/site-packages/airflow/example_dags/example_dag_decorator.py
[2024-01-29T18:19:25.405+0000] {processor.py:839} INFO - DAG(s) dict_keys(['example_dag_decorator']) retrieved from /home/airflow/.local/lib/python3.8/site-packages/airflow/example_dags/example_dag_decorator.py
[2024-01-29T18:19:25.463+0000] {logging_mixin.py:151} INFO - [2024-01-29T18:19:25.463+0000] {dag.py:2941} INFO - Sync 1 DAGs
[2024-01-29T18:19:25.489+0000] {logging_mixin.py:151} INFO - [2024-01-29T18:19:25.488+0000] {dag.py:3722} INFO - Setting next_dagrun for example_dag_decorator to None, run_after=None
[2024-01-29T18:19:25.518+0000] {processor.py:179} INFO - Processing /home/airflow/.local/lib/python3.8/site-packages/airflow/example_dags/example_dag_decorator.py took 0.244 seconds
[2024-01-29T18:19:55.564+0000] {processor.py:157} INFO - Started process (PID=2038) to work on /home/airflow/.local/lib/python3.8/site-packages/airflow/example_dags/example_dag_decorator.py
[2024-01-29T18:19:55.565+0000] {processor.py:829} INFO - Processing file /home/airflow/.local/lib/python3.8/site-packages/airflow/example_dags/example_dag_decorator.py for tasks to queue
[2024-01-29T18:19:55.568+0000] {logging_mixin.py:151} INFO - [2024-01-29T18:19:55.568+0000] {dagbag.py:536} INFO - Filling up the DagBag from /home/airflow/.local/lib/python3.8/site-packages/airflow/example_dags/example_dag_decorator.py
[2024-01-29T18:19:55.676+0000] {processor.py:839} INFO - DAG(s) dict_keys(['example_dag_decorator']) retrieved from /home/airflow/.local/lib/python3.8/site-packages/airflow/example_dags/example_dag_decorator.py
[2024-01-29T18:19:56.015+0000] {logging_mixin.py:151} INFO - [2024-01-29T18:19:56.014+0000] {dag.py:2941} INFO - Sync 1 DAGs
[2024-01-29T18:19:56.033+0000] {logging_mixin.py:151} INFO - [2024-01-29T18:19:56.032+0000] {dag.py:3722} INFO - Setting next_dagrun for example_dag_decorator to None, run_after=None
[2024-01-29T18:19:56.061+0000] {processor.py:179} INFO - Processing /home/airflow/.local/lib/python3.8/site-packages/airflow/example_dags/example_dag_decorator.py took 0.500 seconds
[2024-01-29T18:20:26.965+0000] {processor.py:157} INFO - Started process (PID=2096) to work on /home/airflow/.local/lib/python3.8/site-packages/airflow/example_dags/example_dag_decorator.py
[2024-01-29T18:20:26.966+0000] {processor.py:829} INFO - Processing file /home/airflow/.local/lib/python3.8/site-packages/airflow/example_dags/example_dag_decorator.py for tasks to queue
[2024-01-29T18:20:26.968+0000] {logging_mixin.py:151} INFO - [2024-01-29T18:20:26.968+0000] {dagbag.py:536} INFO - Filling up the DagBag from /home/airflow/.local/lib/python3.8/site-packages/airflow/example_dags/example_dag_decorator.py
[2024-01-29T18:20:27.044+0000] {processor.py:839} INFO - DAG(s) dict_keys(['example_dag_decorator']) retrieved from /home/airflow/.local/lib/python3.8/site-packages/airflow/example_dags/example_dag_decorator.py
[2024-01-29T18:20:27.317+0000] {logging_mixin.py:151} INFO - [2024-01-29T18:20:27.316+0000] {dag.py:2941} INFO - Sync 1 DAGs
[2024-01-29T18:20:27.330+0000] {logging_mixin.py:151} INFO - [2024-01-29T18:20:27.329+0000] {dag.py:3722} INFO - Setting next_dagrun for example_dag_decorator to None, run_after=None
[2024-01-29T18:20:27.358+0000] {processor.py:179} INFO - Processing /home/airflow/.local/lib/python3.8/site-packages/airflow/example_dags/example_dag_decorator.py took 0.396 seconds
[2024-01-29T18:20:57.603+0000] {processor.py:157} INFO - Started process (PID=2152) to work on /home/airflow/.local/lib/python3.8/site-packages/airflow/example_dags/example_dag_decorator.py
[2024-01-29T18:20:57.605+0000] {processor.py:829} INFO - Processing file /home/airflow/.local/lib/python3.8/site-packages/airflow/example_dags/example_dag_decorator.py for tasks to queue
[2024-01-29T18:20:57.607+0000] {logging_mixin.py:151} INFO - [2024-01-29T18:20:57.607+0000] {dagbag.py:536} INFO - Filling up the DagBag from /home/airflow/.local/lib/python3.8/site-packages/airflow/example_dags/example_dag_decorator.py
[2024-01-29T18:20:57.714+0000] {processor.py:839} INFO - DAG(s) dict_keys(['example_dag_decorator']) retrieved from /home/airflow/.local/lib/python3.8/site-packages/airflow/example_dags/example_dag_decorator.py
[2024-01-29T18:20:57.978+0000] {logging_mixin.py:151} INFO - [2024-01-29T18:20:57.977+0000] {dag.py:2941} INFO - Sync 1 DAGs
[2024-01-29T18:20:57.992+0000] {logging_mixin.py:151} INFO - [2024-01-29T18:20:57.992+0000] {dag.py:3722} INFO - Setting next_dagrun for example_dag_decorator to None, run_after=None
[2024-01-29T18:20:58.023+0000] {processor.py:179} INFO - Processing /home/airflow/.local/lib/python3.8/site-packages/airflow/example_dags/example_dag_decorator.py took 0.423 seconds
[2024-01-29T18:21:28.329+0000] {processor.py:157} INFO - Started process (PID=2208) to work on /home/airflow/.local/lib/python3.8/site-packages/airflow/example_dags/example_dag_decorator.py
[2024-01-29T18:21:28.330+0000] {processor.py:829} INFO - Processing file /home/airflow/.local/lib/python3.8/site-packages/airflow/example_dags/example_dag_decorator.py for tasks to queue
[2024-01-29T18:21:28.332+0000] {logging_mixin.py:151} INFO - [2024-01-29T18:21:28.332+0000] {dagbag.py:536} INFO - Filling up the DagBag from /home/airflow/.local/lib/python3.8/site-packages/airflow/example_dags/example_dag_decorator.py
[2024-01-29T18:21:28.425+0000] {processor.py:839} INFO - DAG(s) dict_keys(['example_dag_decorator']) retrieved from /home/airflow/.local/lib/python3.8/site-packages/airflow/example_dags/example_dag_decorator.py
[2024-01-29T18:21:28.678+0000] {logging_mixin.py:151} INFO - [2024-01-29T18:21:28.677+0000] {dag.py:2941} INFO - Sync 1 DAGs
[2024-01-29T18:21:28.692+0000] {logging_mixin.py:151} INFO - [2024-01-29T18:21:28.692+0000] {dag.py:3722} INFO - Setting next_dagrun for example_dag_decorator to None, run_after=None
[2024-01-29T18:21:28.716+0000] {processor.py:179} INFO - Processing /home/airflow/.local/lib/python3.8/site-packages/airflow/example_dags/example_dag_decorator.py took 0.391 seconds
[2024-01-29T18:21:58.836+0000] {processor.py:157} INFO - Started process (PID=2264) to work on /home/airflow/.local/lib/python3.8/site-packages/airflow/example_dags/example_dag_decorator.py
[2024-01-29T18:21:58.837+0000] {processor.py:829} INFO - Processing file /home/airflow/.local/lib/python3.8/site-packages/airflow/example_dags/example_dag_decorator.py for tasks to queue
[2024-01-29T18:21:58.839+0000] {logging_mixin.py:151} INFO - [2024-01-29T18:21:58.839+0000] {dagbag.py:536} INFO - Filling up the DagBag from /home/airflow/.local/lib/python3.8/site-packages/airflow/example_dags/example_dag_decorator.py
[2024-01-29T18:21:58.932+0000] {processor.py:839} INFO - DAG(s) dict_keys(['example_dag_decorator']) retrieved from /home/airflow/.local/lib/python3.8/site-packages/airflow/example_dags/example_dag_decorator.py
[2024-01-29T18:21:58.965+0000] {logging_mixin.py:151} INFO - [2024-01-29T18:21:58.964+0000] {dag.py:2941} INFO - Sync 1 DAGs
[2024-01-29T18:21:59.112+0000] {logging_mixin.py:151} INFO - [2024-01-29T18:21:59.112+0000] {dag.py:3722} INFO - Setting next_dagrun for example_dag_decorator to None, run_after=None
[2024-01-29T18:21:59.135+0000] {processor.py:179} INFO - Processing /home/airflow/.local/lib/python3.8/site-packages/airflow/example_dags/example_dag_decorator.py took 0.302 seconds
[2024-01-29T18:22:29.273+0000] {processor.py:157} INFO - Started process (PID=2320) to work on /home/airflow/.local/lib/python3.8/site-packages/airflow/example_dags/example_dag_decorator.py
[2024-01-29T18:22:29.274+0000] {processor.py:829} INFO - Processing file /home/airflow/.local/lib/python3.8/site-packages/airflow/example_dags/example_dag_decorator.py for tasks to queue
[2024-01-29T18:22:29.276+0000] {logging_mixin.py:151} INFO - [2024-01-29T18:22:29.276+0000] {dagbag.py:536} INFO - Filling up the DagBag from /home/airflow/.local/lib/python3.8/site-packages/airflow/example_dags/example_dag_decorator.py
[2024-01-29T18:22:29.371+0000] {processor.py:839} INFO - DAG(s) dict_keys(['example_dag_decorator']) retrieved from /home/airflow/.local/lib/python3.8/site-packages/airflow/example_dags/example_dag_decorator.py
[2024-01-29T18:22:29.401+0000] {logging_mixin.py:151} INFO - [2024-01-29T18:22:29.401+0000] {dag.py:2941} INFO - Sync 1 DAGs
[2024-01-29T18:22:29.417+0000] {logging_mixin.py:151} INFO - [2024-01-29T18:22:29.417+0000] {dag.py:3722} INFO - Setting next_dagrun for example_dag_decorator to None, run_after=None
[2024-01-29T18:22:29.445+0000] {processor.py:179} INFO - Processing /home/airflow/.local/lib/python3.8/site-packages/airflow/example_dags/example_dag_decorator.py took 0.175 seconds
[2024-01-29T18:22:59.717+0000] {processor.py:157} INFO - Started process (PID=2376) to work on /home/airflow/.local/lib/python3.8/site-packages/airflow/example_dags/example_dag_decorator.py
[2024-01-29T18:22:59.719+0000] {processor.py:829} INFO - Processing file /home/airflow/.local/lib/python3.8/site-packages/airflow/example_dags/example_dag_decorator.py for tasks to queue
[2024-01-29T18:22:59.721+0000] {logging_mixin.py:151} INFO - [2024-01-29T18:22:59.721+0000] {dagbag.py:536} INFO - Filling up the DagBag from /home/airflow/.local/lib/python3.8/site-packages/airflow/example_dags/example_dag_decorator.py
[2024-01-29T18:22:59.817+0000] {processor.py:839} INFO - DAG(s) dict_keys(['example_dag_decorator']) retrieved from /home/airflow/.local/lib/python3.8/site-packages/airflow/example_dags/example_dag_decorator.py
[2024-01-29T18:23:00.090+0000] {logging_mixin.py:151} INFO - [2024-01-29T18:23:00.089+0000] {dag.py:2941} INFO - Sync 1 DAGs
[2024-01-29T18:23:00.105+0000] {logging_mixin.py:151} INFO - [2024-01-29T18:23:00.105+0000] {dag.py:3722} INFO - Setting next_dagrun for example_dag_decorator to None, run_after=None
[2024-01-29T18:23:00.130+0000] {processor.py:179} INFO - Processing /home/airflow/.local/lib/python3.8/site-packages/airflow/example_dags/example_dag_decorator.py took 0.416 seconds
[2024-01-29T18:23:30.313+0000] {processor.py:157} INFO - Started process (PID=2432) to work on /home/airflow/.local/lib/python3.8/site-packages/airflow/example_dags/example_dag_decorator.py
[2024-01-29T18:23:30.314+0000] {processor.py:829} INFO - Processing file /home/airflow/.local/lib/python3.8/site-packages/airflow/example_dags/example_dag_decorator.py for tasks to queue
[2024-01-29T18:23:30.316+0000] {logging_mixin.py:151} INFO - [2024-01-29T18:23:30.316+0000] {dagbag.py:536} INFO - Filling up the DagBag from /home/airflow/.local/lib/python3.8/site-packages/airflow/example_dags/example_dag_decorator.py
[2024-01-29T18:23:30.420+0000] {processor.py:839} INFO - DAG(s) dict_keys(['example_dag_decorator']) retrieved from /home/airflow/.local/lib/python3.8/site-packages/airflow/example_dags/example_dag_decorator.py
[2024-01-29T18:23:30.457+0000] {logging_mixin.py:151} INFO - [2024-01-29T18:23:30.457+0000] {dag.py:2941} INFO - Sync 1 DAGs
[2024-01-29T18:23:30.477+0000] {logging_mixin.py:151} INFO - [2024-01-29T18:23:30.476+0000] {dag.py:3722} INFO - Setting next_dagrun for example_dag_decorator to None, run_after=None
[2024-01-29T18:23:30.505+0000] {processor.py:179} INFO - Processing /home/airflow/.local/lib/python3.8/site-packages/airflow/example_dags/example_dag_decorator.py took 0.196 seconds
[2024-01-29T18:24:01.006+0000] {processor.py:157} INFO - Started process (PID=2488) to work on /home/airflow/.local/lib/python3.8/site-packages/airflow/example_dags/example_dag_decorator.py
[2024-01-29T18:24:01.007+0000] {processor.py:829} INFO - Processing file /home/airflow/.local/lib/python3.8/site-packages/airflow/example_dags/example_dag_decorator.py for tasks to queue
[2024-01-29T18:24:01.009+0000] {logging_mixin.py:151} INFO - [2024-01-29T18:24:01.009+0000] {dagbag.py:536} INFO - Filling up the DagBag from /home/airflow/.local/lib/python3.8/site-packages/airflow/example_dags/example_dag_decorator.py
[2024-01-29T18:24:01.230+0000] {processor.py:839} INFO - DAG(s) dict_keys(['example_dag_decorator']) retrieved from /home/airflow/.local/lib/python3.8/site-packages/airflow/example_dags/example_dag_decorator.py
[2024-01-29T18:24:01.356+0000] {logging_mixin.py:151} INFO - [2024-01-29T18:24:01.355+0000] {dag.py:2941} INFO - Sync 1 DAGs
[2024-01-29T18:24:01.369+0000] {logging_mixin.py:151} INFO - [2024-01-29T18:24:01.368+0000] {dag.py:3722} INFO - Setting next_dagrun for example_dag_decorator to None, run_after=None
[2024-01-29T18:24:01.397+0000] {processor.py:179} INFO - Processing /home/airflow/.local/lib/python3.8/site-packages/airflow/example_dags/example_dag_decorator.py took 0.394 seconds
[2024-01-29T18:24:31.907+0000] {processor.py:157} INFO - Started process (PID=2544) to work on /home/airflow/.local/lib/python3.8/site-packages/airflow/example_dags/example_dag_decorator.py
[2024-01-29T18:24:31.908+0000] {processor.py:829} INFO - Processing file /home/airflow/.local/lib/python3.8/site-packages/airflow/example_dags/example_dag_decorator.py for tasks to queue
[2024-01-29T18:24:31.911+0000] {logging_mixin.py:151} INFO - [2024-01-29T18:24:31.910+0000] {dagbag.py:536} INFO - Filling up the DagBag from /home/airflow/.local/lib/python3.8/site-packages/airflow/example_dags/example_dag_decorator.py
[2024-01-29T18:24:32.014+0000] {processor.py:839} INFO - DAG(s) dict_keys(['example_dag_decorator']) retrieved from /home/airflow/.local/lib/python3.8/site-packages/airflow/example_dags/example_dag_decorator.py
[2024-01-29T18:24:32.272+0000] {logging_mixin.py:151} INFO - [2024-01-29T18:24:32.272+0000] {dag.py:2941} INFO - Sync 1 DAGs
[2024-01-29T18:24:32.286+0000] {logging_mixin.py:151} INFO - [2024-01-29T18:24:32.286+0000] {dag.py:3722} INFO - Setting next_dagrun for example_dag_decorator to None, run_after=None
[2024-01-29T18:24:32.309+0000] {processor.py:179} INFO - Processing /home/airflow/.local/lib/python3.8/site-packages/airflow/example_dags/example_dag_decorator.py took 0.407 seconds
[2024-01-29T18:25:03.213+0000] {processor.py:157} INFO - Started process (PID=2602) to work on /home/airflow/.local/lib/python3.8/site-packages/airflow/example_dags/example_dag_decorator.py
[2024-01-29T18:25:03.214+0000] {processor.py:829} INFO - Processing file /home/airflow/.local/lib/python3.8/site-packages/airflow/example_dags/example_dag_decorator.py for tasks to queue
[2024-01-29T18:25:03.217+0000] {logging_mixin.py:151} INFO - [2024-01-29T18:25:03.216+0000] {dagbag.py:536} INFO - Filling up the DagBag from /home/airflow/.local/lib/python3.8/site-packages/airflow/example_dags/example_dag_decorator.py
[2024-01-29T18:25:03.305+0000] {processor.py:839} INFO - DAG(s) dict_keys(['example_dag_decorator']) retrieved from /home/airflow/.local/lib/python3.8/site-packages/airflow/example_dags/example_dag_decorator.py
[2024-01-29T18:25:03.554+0000] {logging_mixin.py:151} INFO - [2024-01-29T18:25:03.554+0000] {dag.py:2941} INFO - Sync 1 DAGs
[2024-01-29T18:25:03.569+0000] {logging_mixin.py:151} INFO - [2024-01-29T18:25:03.569+0000] {dag.py:3722} INFO - Setting next_dagrun for example_dag_decorator to None, run_after=None
[2024-01-29T18:25:03.594+0000] {processor.py:179} INFO - Processing /home/airflow/.local/lib/python3.8/site-packages/airflow/example_dags/example_dag_decorator.py took 0.384 seconds
[2024-01-29T18:25:33.771+0000] {processor.py:157} INFO - Started process (PID=2658) to work on /home/airflow/.local/lib/python3.8/site-packages/airflow/example_dags/example_dag_decorator.py
[2024-01-29T18:25:33.772+0000] {processor.py:829} INFO - Processing file /home/airflow/.local/lib/python3.8/site-packages/airflow/example_dags/example_dag_decorator.py for tasks to queue
[2024-01-29T18:25:33.774+0000] {logging_mixin.py:151} INFO - [2024-01-29T18:25:33.773+0000] {dagbag.py:536} INFO - Filling up the DagBag from /home/airflow/.local/lib/python3.8/site-packages/airflow/example_dags/example_dag_decorator.py
[2024-01-29T18:25:33.959+0000] {processor.py:839} INFO - DAG(s) dict_keys(['example_dag_decorator']) retrieved from /home/airflow/.local/lib/python3.8/site-packages/airflow/example_dags/example_dag_decorator.py
[2024-01-29T18:25:34.069+0000] {logging_mixin.py:151} INFO - [2024-01-29T18:25:34.068+0000] {dag.py:2941} INFO - Sync 1 DAGs
[2024-01-29T18:25:34.081+0000] {logging_mixin.py:151} INFO - [2024-01-29T18:25:34.081+0000] {dag.py:3722} INFO - Setting next_dagrun for example_dag_decorator to None, run_after=None
[2024-01-29T18:25:34.104+0000] {processor.py:179} INFO - Processing /home/airflow/.local/lib/python3.8/site-packages/airflow/example_dags/example_dag_decorator.py took 0.336 seconds
[2024-01-29T18:26:04.248+0000] {processor.py:157} INFO - Started process (PID=2714) to work on /home/airflow/.local/lib/python3.8/site-packages/airflow/example_dags/example_dag_decorator.py
[2024-01-29T18:26:04.249+0000] {processor.py:829} INFO - Processing file /home/airflow/.local/lib/python3.8/site-packages/airflow/example_dags/example_dag_decorator.py for tasks to queue
[2024-01-29T18:26:04.251+0000] {logging_mixin.py:151} INFO - [2024-01-29T18:26:04.251+0000] {dagbag.py:536} INFO - Filling up the DagBag from /home/airflow/.local/lib/python3.8/site-packages/airflow/example_dags/example_dag_decorator.py
[2024-01-29T18:26:04.470+0000] {processor.py:839} INFO - DAG(s) dict_keys(['example_dag_decorator']) retrieved from /home/airflow/.local/lib/python3.8/site-packages/airflow/example_dags/example_dag_decorator.py
[2024-01-29T18:26:04.589+0000] {logging_mixin.py:151} INFO - [2024-01-29T18:26:04.588+0000] {dag.py:2941} INFO - Sync 1 DAGs
[2024-01-29T18:26:04.602+0000] {logging_mixin.py:151} INFO - [2024-01-29T18:26:04.602+0000] {dag.py:3722} INFO - Setting next_dagrun for example_dag_decorator to None, run_after=None
[2024-01-29T18:26:04.628+0000] {processor.py:179} INFO - Processing /home/airflow/.local/lib/python3.8/site-packages/airflow/example_dags/example_dag_decorator.py took 0.384 seconds
[2024-01-29T18:26:34.787+0000] {processor.py:157} INFO - Started process (PID=2770) to work on /home/airflow/.local/lib/python3.8/site-packages/airflow/example_dags/example_dag_decorator.py
[2024-01-29T18:26:34.788+0000] {processor.py:829} INFO - Processing file /home/airflow/.local/lib/python3.8/site-packages/airflow/example_dags/example_dag_decorator.py for tasks to queue
[2024-01-29T18:26:34.790+0000] {logging_mixin.py:151} INFO - [2024-01-29T18:26:34.790+0000] {dagbag.py:536} INFO - Filling up the DagBag from /home/airflow/.local/lib/python3.8/site-packages/airflow/example_dags/example_dag_decorator.py
[2024-01-29T18:26:35.028+0000] {processor.py:839} INFO - DAG(s) dict_keys(['example_dag_decorator']) retrieved from /home/airflow/.local/lib/python3.8/site-packages/airflow/example_dags/example_dag_decorator.py
[2024-01-29T18:26:35.151+0000] {logging_mixin.py:151} INFO - [2024-01-29T18:26:35.151+0000] {dag.py:2941} INFO - Sync 1 DAGs
[2024-01-29T18:26:35.164+0000] {logging_mixin.py:151} INFO - [2024-01-29T18:26:35.164+0000] {dag.py:3722} INFO - Setting next_dagrun for example_dag_decorator to None, run_after=None
[2024-01-29T18:26:35.188+0000] {processor.py:179} INFO - Processing /home/airflow/.local/lib/python3.8/site-packages/airflow/example_dags/example_dag_decorator.py took 0.404 seconds
[2024-01-29T18:27:05.287+0000] {processor.py:157} INFO - Started process (PID=2826) to work on /home/airflow/.local/lib/python3.8/site-packages/airflow/example_dags/example_dag_decorator.py
[2024-01-29T18:27:05.288+0000] {processor.py:829} INFO - Processing file /home/airflow/.local/lib/python3.8/site-packages/airflow/example_dags/example_dag_decorator.py for tasks to queue
[2024-01-29T18:27:05.291+0000] {logging_mixin.py:151} INFO - [2024-01-29T18:27:05.290+0000] {dagbag.py:536} INFO - Filling up the DagBag from /home/airflow/.local/lib/python3.8/site-packages/airflow/example_dags/example_dag_decorator.py
[2024-01-29T18:27:05.380+0000] {processor.py:839} INFO - DAG(s) dict_keys(['example_dag_decorator']) retrieved from /home/airflow/.local/lib/python3.8/site-packages/airflow/example_dags/example_dag_decorator.py
[2024-01-29T18:27:05.512+0000] {logging_mixin.py:151} INFO - [2024-01-29T18:27:05.511+0000] {dag.py:2941} INFO - Sync 1 DAGs
[2024-01-29T18:27:05.526+0000] {logging_mixin.py:151} INFO - [2024-01-29T18:27:05.526+0000] {dag.py:3722} INFO - Setting next_dagrun for example_dag_decorator to None, run_after=None
[2024-01-29T18:27:05.555+0000] {processor.py:179} INFO - Processing /home/airflow/.local/lib/python3.8/site-packages/airflow/example_dags/example_dag_decorator.py took 0.271 seconds
[2024-01-29T18:27:36.586+0000] {processor.py:157} INFO - Started process (PID=2882) to work on /home/airflow/.local/lib/python3.8/site-packages/airflow/example_dags/example_dag_decorator.py
[2024-01-29T18:27:36.589+0000] {processor.py:829} INFO - Processing file /home/airflow/.local/lib/python3.8/site-packages/airflow/example_dags/example_dag_decorator.py for tasks to queue
[2024-01-29T18:27:36.593+0000] {logging_mixin.py:151} INFO - [2024-01-29T18:27:36.593+0000] {dagbag.py:536} INFO - Filling up the DagBag from /home/airflow/.local/lib/python3.8/site-packages/airflow/example_dags/example_dag_decorator.py
[2024-01-29T18:27:36.698+0000] {processor.py:839} INFO - DAG(s) dict_keys(['example_dag_decorator']) retrieved from /home/airflow/.local/lib/python3.8/site-packages/airflow/example_dags/example_dag_decorator.py
[2024-01-29T18:27:36.727+0000] {logging_mixin.py:151} INFO - [2024-01-29T18:27:36.727+0000] {dag.py:2941} INFO - Sync 1 DAGs
[2024-01-29T18:27:36.744+0000] {logging_mixin.py:151} INFO - [2024-01-29T18:27:36.744+0000] {dag.py:3722} INFO - Setting next_dagrun for example_dag_decorator to None, run_after=None
[2024-01-29T18:27:36.772+0000] {processor.py:179} INFO - Processing /home/airflow/.local/lib/python3.8/site-packages/airflow/example_dags/example_dag_decorator.py took 0.190 seconds
[2024-01-29T18:28:06.849+0000] {processor.py:157} INFO - Started process (PID=2938) to work on /home/airflow/.local/lib/python3.8/site-packages/airflow/example_dags/example_dag_decorator.py
[2024-01-29T18:28:06.850+0000] {processor.py:829} INFO - Processing file /home/airflow/.local/lib/python3.8/site-packages/airflow/example_dags/example_dag_decorator.py for tasks to queue
[2024-01-29T18:28:06.852+0000] {logging_mixin.py:151} INFO - [2024-01-29T18:28:06.852+0000] {dagbag.py:536} INFO - Filling up the DagBag from /home/airflow/.local/lib/python3.8/site-packages/airflow/example_dags/example_dag_decorator.py
[2024-01-29T18:28:06.947+0000] {processor.py:839} INFO - DAG(s) dict_keys(['example_dag_decorator']) retrieved from /home/airflow/.local/lib/python3.8/site-packages/airflow/example_dags/example_dag_decorator.py
[2024-01-29T18:28:06.978+0000] {logging_mixin.py:151} INFO - [2024-01-29T18:28:06.978+0000] {dag.py:2941} INFO - Sync 1 DAGs
[2024-01-29T18:28:06.995+0000] {logging_mixin.py:151} INFO - [2024-01-29T18:28:06.995+0000] {dag.py:3722} INFO - Setting next_dagrun for example_dag_decorator to None, run_after=None
[2024-01-29T18:28:07.023+0000] {processor.py:179} INFO - Processing /home/airflow/.local/lib/python3.8/site-packages/airflow/example_dags/example_dag_decorator.py took 0.177 seconds
[2024-01-29T18:28:37.156+0000] {processor.py:157} INFO - Started process (PID=2994) to work on /home/airflow/.local/lib/python3.8/site-packages/airflow/example_dags/example_dag_decorator.py
[2024-01-29T18:28:37.157+0000] {processor.py:829} INFO - Processing file /home/airflow/.local/lib/python3.8/site-packages/airflow/example_dags/example_dag_decorator.py for tasks to queue
[2024-01-29T18:28:37.160+0000] {logging_mixin.py:151} INFO - [2024-01-29T18:28:37.159+0000] {dagbag.py:536} INFO - Filling up the DagBag from /home/airflow/.local/lib/python3.8/site-packages/airflow/example_dags/example_dag_decorator.py
[2024-01-29T18:28:37.255+0000] {processor.py:839} INFO - DAG(s) dict_keys(['example_dag_decorator']) retrieved from /home/airflow/.local/lib/python3.8/site-packages/airflow/example_dags/example_dag_decorator.py
[2024-01-29T18:28:37.285+0000] {logging_mixin.py:151} INFO - [2024-01-29T18:28:37.285+0000] {dag.py:2941} INFO - Sync 1 DAGs
[2024-01-29T18:28:37.303+0000] {logging_mixin.py:151} INFO - [2024-01-29T18:28:37.303+0000] {dag.py:3722} INFO - Setting next_dagrun for example_dag_decorator to None, run_after=None
[2024-01-29T18:28:37.329+0000] {processor.py:179} INFO - Processing /home/airflow/.local/lib/python3.8/site-packages/airflow/example_dags/example_dag_decorator.py took 0.177 seconds
[2024-01-29T18:29:07.589+0000] {processor.py:157} INFO - Started process (PID=3050) to work on /home/airflow/.local/lib/python3.8/site-packages/airflow/example_dags/example_dag_decorator.py
[2024-01-29T18:29:07.590+0000] {processor.py:829} INFO - Processing file /home/airflow/.local/lib/python3.8/site-packages/airflow/example_dags/example_dag_decorator.py for tasks to queue
[2024-01-29T18:29:07.592+0000] {logging_mixin.py:151} INFO - [2024-01-29T18:29:07.592+0000] {dagbag.py:536} INFO - Filling up the DagBag from /home/airflow/.local/lib/python3.8/site-packages/airflow/example_dags/example_dag_decorator.py
[2024-01-29T18:29:07.697+0000] {processor.py:839} INFO - DAG(s) dict_keys(['example_dag_decorator']) retrieved from /home/airflow/.local/lib/python3.8/site-packages/airflow/example_dags/example_dag_decorator.py
[2024-01-29T18:29:07.728+0000] {logging_mixin.py:151} INFO - [2024-01-29T18:29:07.728+0000] {dag.py:2941} INFO - Sync 1 DAGs
[2024-01-29T18:29:07.745+0000] {logging_mixin.py:151} INFO - [2024-01-29T18:29:07.745+0000] {dag.py:3722} INFO - Setting next_dagrun for example_dag_decorator to None, run_after=None
[2024-01-29T18:29:07.773+0000] {processor.py:179} INFO - Processing /home/airflow/.local/lib/python3.8/site-packages/airflow/example_dags/example_dag_decorator.py took 0.187 seconds
[2024-01-29T18:29:38.055+0000] {processor.py:157} INFO - Started process (PID=3106) to work on /home/airflow/.local/lib/python3.8/site-packages/airflow/example_dags/example_dag_decorator.py
[2024-01-29T18:29:38.056+0000] {processor.py:829} INFO - Processing file /home/airflow/.local/lib/python3.8/site-packages/airflow/example_dags/example_dag_decorator.py for tasks to queue
[2024-01-29T18:29:38.058+0000] {logging_mixin.py:151} INFO - [2024-01-29T18:29:38.058+0000] {dagbag.py:536} INFO - Filling up the DagBag from /home/airflow/.local/lib/python3.8/site-packages/airflow/example_dags/example_dag_decorator.py
[2024-01-29T18:29:38.159+0000] {processor.py:839} INFO - DAG(s) dict_keys(['example_dag_decorator']) retrieved from /home/airflow/.local/lib/python3.8/site-packages/airflow/example_dags/example_dag_decorator.py
[2024-01-29T18:29:38.192+0000] {logging_mixin.py:151} INFO - [2024-01-29T18:29:38.191+0000] {dag.py:2941} INFO - Sync 1 DAGs
[2024-01-29T18:29:38.211+0000] {logging_mixin.py:151} INFO - [2024-01-29T18:29:38.211+0000] {dag.py:3722} INFO - Setting next_dagrun for example_dag_decorator to None, run_after=None
[2024-01-29T18:29:38.241+0000] {processor.py:179} INFO - Processing /home/airflow/.local/lib/python3.8/site-packages/airflow/example_dags/example_dag_decorator.py took 0.189 seconds
[2024-01-29T18:30:08.290+0000] {processor.py:157} INFO - Started process (PID=3163) to work on /home/airflow/.local/lib/python3.8/site-packages/airflow/example_dags/example_dag_decorator.py
[2024-01-29T18:30:08.291+0000] {processor.py:829} INFO - Processing file /home/airflow/.local/lib/python3.8/site-packages/airflow/example_dags/example_dag_decorator.py for tasks to queue
[2024-01-29T18:30:08.294+0000] {logging_mixin.py:151} INFO - [2024-01-29T18:30:08.293+0000] {dagbag.py:536} INFO - Filling up the DagBag from /home/airflow/.local/lib/python3.8/site-packages/airflow/example_dags/example_dag_decorator.py
[2024-01-29T18:30:08.387+0000] {processor.py:839} INFO - DAG(s) dict_keys(['example_dag_decorator']) retrieved from /home/airflow/.local/lib/python3.8/site-packages/airflow/example_dags/example_dag_decorator.py
[2024-01-29T18:30:08.518+0000] {logging_mixin.py:151} INFO - [2024-01-29T18:30:08.518+0000] {dag.py:2941} INFO - Sync 1 DAGs
[2024-01-29T18:30:08.534+0000] {logging_mixin.py:151} INFO - [2024-01-29T18:30:08.533+0000] {dag.py:3722} INFO - Setting next_dagrun for example_dag_decorator to None, run_after=None
[2024-01-29T18:30:08.562+0000] {processor.py:179} INFO - Processing /home/airflow/.local/lib/python3.8/site-packages/airflow/example_dags/example_dag_decorator.py took 0.274 seconds
[2024-01-29T18:30:38.659+0000] {processor.py:157} INFO - Started process (PID=3219) to work on /home/airflow/.local/lib/python3.8/site-packages/airflow/example_dags/example_dag_decorator.py
[2024-01-29T18:30:38.661+0000] {processor.py:829} INFO - Processing file /home/airflow/.local/lib/python3.8/site-packages/airflow/example_dags/example_dag_decorator.py for tasks to queue
[2024-01-29T18:30:38.663+0000] {logging_mixin.py:151} INFO - [2024-01-29T18:30:38.663+0000] {dagbag.py:536} INFO - Filling up the DagBag from /home/airflow/.local/lib/python3.8/site-packages/airflow/example_dags/example_dag_decorator.py
[2024-01-29T18:30:38.753+0000] {processor.py:839} INFO - DAG(s) dict_keys(['example_dag_decorator']) retrieved from /home/airflow/.local/lib/python3.8/site-packages/airflow/example_dags/example_dag_decorator.py
[2024-01-29T18:30:38.887+0000] {logging_mixin.py:151} INFO - [2024-01-29T18:30:38.887+0000] {dag.py:2941} INFO - Sync 1 DAGs
[2024-01-29T18:30:38.900+0000] {logging_mixin.py:151} INFO - [2024-01-29T18:30:38.900+0000] {dag.py:3722} INFO - Setting next_dagrun for example_dag_decorator to None, run_after=None
[2024-01-29T18:30:38.925+0000] {processor.py:179} INFO - Processing /home/airflow/.local/lib/python3.8/site-packages/airflow/example_dags/example_dag_decorator.py took 0.269 seconds
[2024-01-29T18:31:08.962+0000] {processor.py:157} INFO - Started process (PID=3274) to work on /home/airflow/.local/lib/python3.8/site-packages/airflow/example_dags/example_dag_decorator.py
[2024-01-29T18:31:08.963+0000] {processor.py:829} INFO - Processing file /home/airflow/.local/lib/python3.8/site-packages/airflow/example_dags/example_dag_decorator.py for tasks to queue
[2024-01-29T18:31:08.966+0000] {logging_mixin.py:151} INFO - [2024-01-29T18:31:08.965+0000] {dagbag.py:536} INFO - Filling up the DagBag from /home/airflow/.local/lib/python3.8/site-packages/airflow/example_dags/example_dag_decorator.py
[2024-01-29T18:31:09.083+0000] {processor.py:839} INFO - DAG(s) dict_keys(['example_dag_decorator']) retrieved from /home/airflow/.local/lib/python3.8/site-packages/airflow/example_dags/example_dag_decorator.py
[2024-01-29T18:31:09.261+0000] {logging_mixin.py:151} INFO - [2024-01-29T18:31:09.261+0000] {dag.py:2941} INFO - Sync 1 DAGs
[2024-01-29T18:31:09.282+0000] {logging_mixin.py:151} INFO - [2024-01-29T18:31:09.281+0000] {dag.py:3722} INFO - Setting next_dagrun for example_dag_decorator to None, run_after=None
[2024-01-29T18:31:09.317+0000] {processor.py:179} INFO - Processing /home/airflow/.local/lib/python3.8/site-packages/airflow/example_dags/example_dag_decorator.py took 0.358 seconds
[2024-01-29T18:31:39.388+0000] {processor.py:157} INFO - Started process (PID=3331) to work on /home/airflow/.local/lib/python3.8/site-packages/airflow/example_dags/example_dag_decorator.py
[2024-01-29T18:31:39.389+0000] {processor.py:829} INFO - Processing file /home/airflow/.local/lib/python3.8/site-packages/airflow/example_dags/example_dag_decorator.py for tasks to queue
[2024-01-29T18:31:39.391+0000] {logging_mixin.py:151} INFO - [2024-01-29T18:31:39.391+0000] {dagbag.py:536} INFO - Filling up the DagBag from /home/airflow/.local/lib/python3.8/site-packages/airflow/example_dags/example_dag_decorator.py
[2024-01-29T18:31:39.503+0000] {processor.py:839} INFO - DAG(s) dict_keys(['example_dag_decorator']) retrieved from /home/airflow/.local/lib/python3.8/site-packages/airflow/example_dags/example_dag_decorator.py
[2024-01-29T18:31:39.666+0000] {logging_mixin.py:151} INFO - [2024-01-29T18:31:39.666+0000] {dag.py:2941} INFO - Sync 1 DAGs
[2024-01-29T18:31:39.682+0000] {logging_mixin.py:151} INFO - [2024-01-29T18:31:39.681+0000] {dag.py:3722} INFO - Setting next_dagrun for example_dag_decorator to None, run_after=None
[2024-01-29T18:31:39.716+0000] {processor.py:179} INFO - Processing /home/airflow/.local/lib/python3.8/site-packages/airflow/example_dags/example_dag_decorator.py took 0.332 seconds
[2024-01-29T18:32:09.886+0000] {processor.py:157} INFO - Started process (PID=3386) to work on /home/airflow/.local/lib/python3.8/site-packages/airflow/example_dags/example_dag_decorator.py
[2024-01-29T18:32:09.887+0000] {processor.py:829} INFO - Processing file /home/airflow/.local/lib/python3.8/site-packages/airflow/example_dags/example_dag_decorator.py for tasks to queue
[2024-01-29T18:32:09.890+0000] {logging_mixin.py:151} INFO - [2024-01-29T18:32:09.889+0000] {dagbag.py:536} INFO - Filling up the DagBag from /home/airflow/.local/lib/python3.8/site-packages/airflow/example_dags/example_dag_decorator.py
[2024-01-29T18:32:09.995+0000] {processor.py:839} INFO - DAG(s) dict_keys(['example_dag_decorator']) retrieved from /home/airflow/.local/lib/python3.8/site-packages/airflow/example_dags/example_dag_decorator.py
[2024-01-29T18:32:10.191+0000] {logging_mixin.py:151} INFO - [2024-01-29T18:32:10.191+0000] {dag.py:2941} INFO - Sync 1 DAGs
[2024-01-29T18:32:10.209+0000] {logging_mixin.py:151} INFO - [2024-01-29T18:32:10.208+0000] {dag.py:3722} INFO - Setting next_dagrun for example_dag_decorator to None, run_after=None
[2024-01-29T18:32:10.255+0000] {processor.py:179} INFO - Processing /home/airflow/.local/lib/python3.8/site-packages/airflow/example_dags/example_dag_decorator.py took 0.372 seconds
[2024-01-29T18:32:40.410+0000] {processor.py:157} INFO - Started process (PID=3442) to work on /home/airflow/.local/lib/python3.8/site-packages/airflow/example_dags/example_dag_decorator.py
[2024-01-29T18:32:40.411+0000] {processor.py:829} INFO - Processing file /home/airflow/.local/lib/python3.8/site-packages/airflow/example_dags/example_dag_decorator.py for tasks to queue
[2024-01-29T18:32:40.414+0000] {logging_mixin.py:151} INFO - [2024-01-29T18:32:40.413+0000] {dagbag.py:536} INFO - Filling up the DagBag from /home/airflow/.local/lib/python3.8/site-packages/airflow/example_dags/example_dag_decorator.py
[2024-01-29T18:32:40.533+0000] {processor.py:839} INFO - DAG(s) dict_keys(['example_dag_decorator']) retrieved from /home/airflow/.local/lib/python3.8/site-packages/airflow/example_dags/example_dag_decorator.py
[2024-01-29T18:32:40.687+0000] {logging_mixin.py:151} INFO - [2024-01-29T18:32:40.687+0000] {dag.py:2941} INFO - Sync 1 DAGs
[2024-01-29T18:32:40.703+0000] {logging_mixin.py:151} INFO - [2024-01-29T18:32:40.702+0000] {dag.py:3722} INFO - Setting next_dagrun for example_dag_decorator to None, run_after=None
[2024-01-29T18:32:40.735+0000] {processor.py:179} INFO - Processing /home/airflow/.local/lib/python3.8/site-packages/airflow/example_dags/example_dag_decorator.py took 0.328 seconds
[2024-01-29T18:33:10.843+0000] {processor.py:157} INFO - Started process (PID=3498) to work on /home/airflow/.local/lib/python3.8/site-packages/airflow/example_dags/example_dag_decorator.py
[2024-01-29T18:33:10.844+0000] {processor.py:829} INFO - Processing file /home/airflow/.local/lib/python3.8/site-packages/airflow/example_dags/example_dag_decorator.py for tasks to queue
[2024-01-29T18:33:10.847+0000] {logging_mixin.py:151} INFO - [2024-01-29T18:33:10.847+0000] {dagbag.py:536} INFO - Filling up the DagBag from /home/airflow/.local/lib/python3.8/site-packages/airflow/example_dags/example_dag_decorator.py
[2024-01-29T18:33:10.936+0000] {processor.py:839} INFO - DAG(s) dict_keys(['example_dag_decorator']) retrieved from /home/airflow/.local/lib/python3.8/site-packages/airflow/example_dags/example_dag_decorator.py
[2024-01-29T18:33:11.070+0000] {logging_mixin.py:151} INFO - [2024-01-29T18:33:11.070+0000] {dag.py:2941} INFO - Sync 1 DAGs
[2024-01-29T18:33:11.088+0000] {logging_mixin.py:151} INFO - [2024-01-29T18:33:11.087+0000] {dag.py:3722} INFO - Setting next_dagrun for example_dag_decorator to None, run_after=None
[2024-01-29T18:33:11.118+0000] {processor.py:179} INFO - Processing /home/airflow/.local/lib/python3.8/site-packages/airflow/example_dags/example_dag_decorator.py took 0.277 seconds
[2024-01-29T18:33:41.147+0000] {processor.py:157} INFO - Started process (PID=3555) to work on /home/airflow/.local/lib/python3.8/site-packages/airflow/example_dags/example_dag_decorator.py
[2024-01-29T18:33:41.148+0000] {processor.py:829} INFO - Processing file /home/airflow/.local/lib/python3.8/site-packages/airflow/example_dags/example_dag_decorator.py for tasks to queue
[2024-01-29T18:33:41.151+0000] {logging_mixin.py:151} INFO - [2024-01-29T18:33:41.150+0000] {dagbag.py:536} INFO - Filling up the DagBag from /home/airflow/.local/lib/python3.8/site-packages/airflow/example_dags/example_dag_decorator.py
[2024-01-29T18:33:41.316+0000] {processor.py:839} INFO - DAG(s) dict_keys(['example_dag_decorator']) retrieved from /home/airflow/.local/lib/python3.8/site-packages/airflow/example_dags/example_dag_decorator.py
[2024-01-29T18:33:41.531+0000] {logging_mixin.py:151} INFO - [2024-01-29T18:33:41.531+0000] {dag.py:2941} INFO - Sync 1 DAGs
[2024-01-29T18:33:41.549+0000] {logging_mixin.py:151} INFO - [2024-01-29T18:33:41.548+0000] {dag.py:3722} INFO - Setting next_dagrun for example_dag_decorator to None, run_after=None
[2024-01-29T18:33:41.577+0000] {processor.py:179} INFO - Processing /home/airflow/.local/lib/python3.8/site-packages/airflow/example_dags/example_dag_decorator.py took 0.433 seconds
[2024-01-29T18:34:12.481+0000] {processor.py:157} INFO - Started process (PID=3612) to work on /home/airflow/.local/lib/python3.8/site-packages/airflow/example_dags/example_dag_decorator.py
[2024-01-29T18:34:12.483+0000] {processor.py:829} INFO - Processing file /home/airflow/.local/lib/python3.8/site-packages/airflow/example_dags/example_dag_decorator.py for tasks to queue
[2024-01-29T18:34:12.485+0000] {logging_mixin.py:151} INFO - [2024-01-29T18:34:12.484+0000] {dagbag.py:536} INFO - Filling up the DagBag from /home/airflow/.local/lib/python3.8/site-packages/airflow/example_dags/example_dag_decorator.py
[2024-01-29T18:34:12.591+0000] {processor.py:839} INFO - DAG(s) dict_keys(['example_dag_decorator']) retrieved from /home/airflow/.local/lib/python3.8/site-packages/airflow/example_dags/example_dag_decorator.py
[2024-01-29T18:34:12.737+0000] {logging_mixin.py:151} INFO - [2024-01-29T18:34:12.736+0000] {dag.py:2941} INFO - Sync 1 DAGs
[2024-01-29T18:34:12.750+0000] {logging_mixin.py:151} INFO - [2024-01-29T18:34:12.750+0000] {dag.py:3722} INFO - Setting next_dagrun for example_dag_decorator to None, run_after=None
[2024-01-29T18:34:12.781+0000] {processor.py:179} INFO - Processing /home/airflow/.local/lib/python3.8/site-packages/airflow/example_dags/example_dag_decorator.py took 0.303 seconds
[2024-01-29T18:34:42.905+0000] {processor.py:157} INFO - Started process (PID=3668) to work on /home/airflow/.local/lib/python3.8/site-packages/airflow/example_dags/example_dag_decorator.py
[2024-01-29T18:34:42.907+0000] {processor.py:829} INFO - Processing file /home/airflow/.local/lib/python3.8/site-packages/airflow/example_dags/example_dag_decorator.py for tasks to queue
[2024-01-29T18:34:42.909+0000] {logging_mixin.py:151} INFO - [2024-01-29T18:34:42.909+0000] {dagbag.py:536} INFO - Filling up the DagBag from /home/airflow/.local/lib/python3.8/site-packages/airflow/example_dags/example_dag_decorator.py
[2024-01-29T18:34:43.005+0000] {processor.py:839} INFO - DAG(s) dict_keys(['example_dag_decorator']) retrieved from /home/airflow/.local/lib/python3.8/site-packages/airflow/example_dags/example_dag_decorator.py
[2024-01-29T18:34:43.164+0000] {logging_mixin.py:151} INFO - [2024-01-29T18:34:43.164+0000] {dag.py:2941} INFO - Sync 1 DAGs
[2024-01-29T18:34:43.179+0000] {logging_mixin.py:151} INFO - [2024-01-29T18:34:43.179+0000] {dag.py:3722} INFO - Setting next_dagrun for example_dag_decorator to None, run_after=None
[2024-01-29T18:34:43.211+0000] {processor.py:179} INFO - Processing /home/airflow/.local/lib/python3.8/site-packages/airflow/example_dags/example_dag_decorator.py took 0.309 seconds
[2024-01-29T18:35:13.258+0000] {processor.py:157} INFO - Started process (PID=3725) to work on /home/airflow/.local/lib/python3.8/site-packages/airflow/example_dags/example_dag_decorator.py
[2024-01-29T18:35:13.259+0000] {processor.py:829} INFO - Processing file /home/airflow/.local/lib/python3.8/site-packages/airflow/example_dags/example_dag_decorator.py for tasks to queue
[2024-01-29T18:35:13.261+0000] {logging_mixin.py:151} INFO - [2024-01-29T18:35:13.261+0000] {dagbag.py:536} INFO - Filling up the DagBag from /home/airflow/.local/lib/python3.8/site-packages/airflow/example_dags/example_dag_decorator.py
[2024-01-29T18:35:13.335+0000] {processor.py:839} INFO - DAG(s) dict_keys(['example_dag_decorator']) retrieved from /home/airflow/.local/lib/python3.8/site-packages/airflow/example_dags/example_dag_decorator.py
[2024-01-29T18:35:13.447+0000] {logging_mixin.py:151} INFO - [2024-01-29T18:35:13.447+0000] {dag.py:2941} INFO - Sync 1 DAGs
[2024-01-29T18:35:13.460+0000] {logging_mixin.py:151} INFO - [2024-01-29T18:35:13.460+0000] {dag.py:3722} INFO - Setting next_dagrun for example_dag_decorator to None, run_after=None
[2024-01-29T18:35:13.484+0000] {processor.py:179} INFO - Processing /home/airflow/.local/lib/python3.8/site-packages/airflow/example_dags/example_dag_decorator.py took 0.228 seconds
[2024-01-29T18:35:43.650+0000] {processor.py:157} INFO - Started process (PID=3780) to work on /home/airflow/.local/lib/python3.8/site-packages/airflow/example_dags/example_dag_decorator.py
[2024-01-29T18:35:43.651+0000] {processor.py:829} INFO - Processing file /home/airflow/.local/lib/python3.8/site-packages/airflow/example_dags/example_dag_decorator.py for tasks to queue
[2024-01-29T18:35:43.654+0000] {logging_mixin.py:151} INFO - [2024-01-29T18:35:43.654+0000] {dagbag.py:536} INFO - Filling up the DagBag from /home/airflow/.local/lib/python3.8/site-packages/airflow/example_dags/example_dag_decorator.py
[2024-01-29T18:35:43.743+0000] {processor.py:839} INFO - DAG(s) dict_keys(['example_dag_decorator']) retrieved from /home/airflow/.local/lib/python3.8/site-packages/airflow/example_dags/example_dag_decorator.py
[2024-01-29T18:35:43.901+0000] {logging_mixin.py:151} INFO - [2024-01-29T18:35:43.901+0000] {dag.py:2941} INFO - Sync 1 DAGs
[2024-01-29T18:35:43.918+0000] {logging_mixin.py:151} INFO - [2024-01-29T18:35:43.918+0000] {dag.py:3722} INFO - Setting next_dagrun for example_dag_decorator to None, run_after=None
[2024-01-29T18:35:43.948+0000] {processor.py:179} INFO - Processing /home/airflow/.local/lib/python3.8/site-packages/airflow/example_dags/example_dag_decorator.py took 0.301 seconds
