[2024-01-29T17:57:49.420+0000] {processor.py:157} INFO - Started process (PID=60) to work on /home/airflow/.local/lib/python3.8/site-packages/airflow/example_dags/example_sla_dag.py
[2024-01-29T17:57:49.422+0000] {processor.py:829} INFO - Processing file /home/airflow/.local/lib/python3.8/site-packages/airflow/example_dags/example_sla_dag.py for tasks to queue
[2024-01-29T17:57:49.425+0000] {logging_mixin.py:151} INFO - [2024-01-29T17:57:49.424+0000] {dagbag.py:536} INFO - Filling up the DagBag from /home/airflow/.local/lib/python3.8/site-packages/airflow/example_dags/example_sla_dag.py
[2024-01-29T17:57:49.441+0000] {processor.py:839} INFO - DAG(s) dict_keys(['example_sla_dag']) retrieved from /home/airflow/.local/lib/python3.8/site-packages/airflow/example_dags/example_sla_dag.py
[2024-01-29T17:57:49.458+0000] {logging_mixin.py:151} INFO - [2024-01-29T17:57:49.458+0000] {dag.py:2941} INFO - Sync 1 DAGs
[2024-01-29T17:57:49.505+0000] {logging_mixin.py:151} INFO - [2024-01-29T17:57:49.505+0000] {dag.py:3722} INFO - Setting next_dagrun for example_sla_dag to 2024-01-29T17:54:00+00:00, run_after=2024-01-29T17:56:00+00:00
[2024-01-29T17:57:49.543+0000] {processor.py:179} INFO - Processing /home/airflow/.local/lib/python3.8/site-packages/airflow/example_dags/example_sla_dag.py took 0.127 seconds
[2024-01-29T17:58:20.020+0000] {processor.py:157} INFO - Started process (PID=114) to work on /home/airflow/.local/lib/python3.8/site-packages/airflow/example_dags/example_sla_dag.py
[2024-01-29T17:58:20.021+0000] {processor.py:829} INFO - Processing file /home/airflow/.local/lib/python3.8/site-packages/airflow/example_dags/example_sla_dag.py for tasks to queue
[2024-01-29T17:58:20.023+0000] {logging_mixin.py:151} INFO - [2024-01-29T17:58:20.023+0000] {dagbag.py:536} INFO - Filling up the DagBag from /home/airflow/.local/lib/python3.8/site-packages/airflow/example_dags/example_sla_dag.py
[2024-01-29T17:58:20.036+0000] {processor.py:839} INFO - DAG(s) dict_keys(['example_sla_dag']) retrieved from /home/airflow/.local/lib/python3.8/site-packages/airflow/example_dags/example_sla_dag.py
[2024-01-29T17:58:20.059+0000] {logging_mixin.py:151} INFO - [2024-01-29T17:58:20.059+0000] {dag.py:2941} INFO - Sync 1 DAGs
[2024-01-29T17:58:20.094+0000] {logging_mixin.py:151} INFO - [2024-01-29T17:58:20.093+0000] {dag.py:3722} INFO - Setting next_dagrun for example_sla_dag to 2024-01-29T17:56:00+00:00, run_after=2024-01-29T17:58:00+00:00
[2024-01-29T17:58:20.118+0000] {processor.py:179} INFO - Processing /home/airflow/.local/lib/python3.8/site-packages/airflow/example_dags/example_sla_dag.py took 0.101 seconds
[2024-01-29T17:58:50.295+0000] {processor.py:157} INFO - Started process (PID=168) to work on /home/airflow/.local/lib/python3.8/site-packages/airflow/example_dags/example_sla_dag.py
[2024-01-29T17:58:50.297+0000] {processor.py:829} INFO - Processing file /home/airflow/.local/lib/python3.8/site-packages/airflow/example_dags/example_sla_dag.py for tasks to queue
[2024-01-29T17:58:50.299+0000] {logging_mixin.py:151} INFO - [2024-01-29T17:58:50.299+0000] {dagbag.py:536} INFO - Filling up the DagBag from /home/airflow/.local/lib/python3.8/site-packages/airflow/example_dags/example_sla_dag.py
[2024-01-29T17:58:50.310+0000] {processor.py:839} INFO - DAG(s) dict_keys(['example_sla_dag']) retrieved from /home/airflow/.local/lib/python3.8/site-packages/airflow/example_dags/example_sla_dag.py
[2024-01-29T17:58:50.333+0000] {logging_mixin.py:151} INFO - [2024-01-29T17:58:50.333+0000] {dag.py:2941} INFO - Sync 1 DAGs
[2024-01-29T17:58:50.368+0000] {logging_mixin.py:151} INFO - [2024-01-29T17:58:50.368+0000] {dag.py:3722} INFO - Setting next_dagrun for example_sla_dag to 2024-01-29T17:56:00+00:00, run_after=2024-01-29T17:58:00+00:00
[2024-01-29T17:58:50.394+0000] {processor.py:179} INFO - Processing /home/airflow/.local/lib/python3.8/site-packages/airflow/example_dags/example_sla_dag.py took 0.102 seconds
[2024-01-29T17:59:21.583+0000] {processor.py:157} INFO - Started process (PID=222) to work on /home/airflow/.local/lib/python3.8/site-packages/airflow/example_dags/example_sla_dag.py
[2024-01-29T17:59:21.584+0000] {processor.py:829} INFO - Processing file /home/airflow/.local/lib/python3.8/site-packages/airflow/example_dags/example_sla_dag.py for tasks to queue
[2024-01-29T17:59:21.586+0000] {logging_mixin.py:151} INFO - [2024-01-29T17:59:21.586+0000] {dagbag.py:536} INFO - Filling up the DagBag from /home/airflow/.local/lib/python3.8/site-packages/airflow/example_dags/example_sla_dag.py
[2024-01-29T17:59:21.599+0000] {processor.py:839} INFO - DAG(s) dict_keys(['example_sla_dag']) retrieved from /home/airflow/.local/lib/python3.8/site-packages/airflow/example_dags/example_sla_dag.py
[2024-01-29T17:59:21.622+0000] {logging_mixin.py:151} INFO - [2024-01-29T17:59:21.622+0000] {dag.py:2941} INFO - Sync 1 DAGs
[2024-01-29T17:59:21.666+0000] {logging_mixin.py:151} INFO - [2024-01-29T17:59:21.666+0000] {dag.py:3722} INFO - Setting next_dagrun for example_sla_dag to 2024-01-29T17:56:00+00:00, run_after=2024-01-29T17:58:00+00:00
[2024-01-29T17:59:21.694+0000] {processor.py:179} INFO - Processing /home/airflow/.local/lib/python3.8/site-packages/airflow/example_dags/example_sla_dag.py took 0.115 seconds
[2024-01-29T17:59:51.754+0000] {processor.py:157} INFO - Started process (PID=276) to work on /home/airflow/.local/lib/python3.8/site-packages/airflow/example_dags/example_sla_dag.py
[2024-01-29T17:59:51.755+0000] {processor.py:829} INFO - Processing file /home/airflow/.local/lib/python3.8/site-packages/airflow/example_dags/example_sla_dag.py for tasks to queue
[2024-01-29T17:59:51.757+0000] {logging_mixin.py:151} INFO - [2024-01-29T17:59:51.757+0000] {dagbag.py:536} INFO - Filling up the DagBag from /home/airflow/.local/lib/python3.8/site-packages/airflow/example_dags/example_sla_dag.py
[2024-01-29T17:59:51.765+0000] {processor.py:839} INFO - DAG(s) dict_keys(['example_sla_dag']) retrieved from /home/airflow/.local/lib/python3.8/site-packages/airflow/example_dags/example_sla_dag.py
[2024-01-29T17:59:51.784+0000] {logging_mixin.py:151} INFO - [2024-01-29T17:59:51.783+0000] {dag.py:2941} INFO - Sync 1 DAGs
[2024-01-29T17:59:51.812+0000] {logging_mixin.py:151} INFO - [2024-01-29T17:59:51.812+0000] {dag.py:3722} INFO - Setting next_dagrun for example_sla_dag to 2024-01-29T17:56:00+00:00, run_after=2024-01-29T17:58:00+00:00
[2024-01-29T17:59:51.834+0000] {processor.py:179} INFO - Processing /home/airflow/.local/lib/python3.8/site-packages/airflow/example_dags/example_sla_dag.py took 0.083 seconds
[2024-01-29T18:00:22.813+0000] {processor.py:157} INFO - Started process (PID=330) to work on /home/airflow/.local/lib/python3.8/site-packages/airflow/example_dags/example_sla_dag.py
[2024-01-29T18:00:22.815+0000] {processor.py:829} INFO - Processing file /home/airflow/.local/lib/python3.8/site-packages/airflow/example_dags/example_sla_dag.py for tasks to queue
[2024-01-29T18:00:22.817+0000] {logging_mixin.py:151} INFO - [2024-01-29T18:00:22.817+0000] {dagbag.py:536} INFO - Filling up the DagBag from /home/airflow/.local/lib/python3.8/site-packages/airflow/example_dags/example_sla_dag.py
[2024-01-29T18:00:22.829+0000] {processor.py:839} INFO - DAG(s) dict_keys(['example_sla_dag']) retrieved from /home/airflow/.local/lib/python3.8/site-packages/airflow/example_dags/example_sla_dag.py
[2024-01-29T18:00:22.857+0000] {logging_mixin.py:151} INFO - [2024-01-29T18:00:22.856+0000] {dag.py:2941} INFO - Sync 1 DAGs
[2024-01-29T18:00:22.898+0000] {logging_mixin.py:151} INFO - [2024-01-29T18:00:22.897+0000] {dag.py:3722} INFO - Setting next_dagrun for example_sla_dag to 2024-01-29T17:58:00+00:00, run_after=2024-01-29T18:00:00+00:00
[2024-01-29T18:00:22.930+0000] {processor.py:179} INFO - Processing /home/airflow/.local/lib/python3.8/site-packages/airflow/example_dags/example_sla_dag.py took 0.119 seconds
[2024-01-29T18:00:53.783+0000] {processor.py:157} INFO - Started process (PID=384) to work on /home/airflow/.local/lib/python3.8/site-packages/airflow/example_dags/example_sla_dag.py
[2024-01-29T18:00:53.784+0000] {processor.py:829} INFO - Processing file /home/airflow/.local/lib/python3.8/site-packages/airflow/example_dags/example_sla_dag.py for tasks to queue
[2024-01-29T18:00:53.786+0000] {logging_mixin.py:151} INFO - [2024-01-29T18:00:53.786+0000] {dagbag.py:536} INFO - Filling up the DagBag from /home/airflow/.local/lib/python3.8/site-packages/airflow/example_dags/example_sla_dag.py
[2024-01-29T18:00:53.795+0000] {processor.py:839} INFO - DAG(s) dict_keys(['example_sla_dag']) retrieved from /home/airflow/.local/lib/python3.8/site-packages/airflow/example_dags/example_sla_dag.py
[2024-01-29T18:00:53.814+0000] {logging_mixin.py:151} INFO - [2024-01-29T18:00:53.814+0000] {dag.py:2941} INFO - Sync 1 DAGs
[2024-01-29T18:00:53.854+0000] {logging_mixin.py:151} INFO - [2024-01-29T18:00:53.853+0000] {dag.py:3722} INFO - Setting next_dagrun for example_sla_dag to 2024-01-29T17:58:00+00:00, run_after=2024-01-29T18:00:00+00:00
[2024-01-29T18:00:53.875+0000] {processor.py:179} INFO - Processing /home/airflow/.local/lib/python3.8/site-packages/airflow/example_dags/example_sla_dag.py took 0.094 seconds
[2024-01-29T18:01:57.049+0000] {processor.py:157} INFO - Started process (PID=61) to work on /home/airflow/.local/lib/python3.8/site-packages/airflow/example_dags/example_sla_dag.py
[2024-01-29T18:01:57.050+0000] {processor.py:829} INFO - Processing file /home/airflow/.local/lib/python3.8/site-packages/airflow/example_dags/example_sla_dag.py for tasks to queue
[2024-01-29T18:01:57.053+0000] {logging_mixin.py:151} INFO - [2024-01-29T18:01:57.052+0000] {dagbag.py:536} INFO - Filling up the DagBag from /home/airflow/.local/lib/python3.8/site-packages/airflow/example_dags/example_sla_dag.py
[2024-01-29T18:01:57.066+0000] {processor.py:839} INFO - DAG(s) dict_keys(['example_sla_dag']) retrieved from /home/airflow/.local/lib/python3.8/site-packages/airflow/example_dags/example_sla_dag.py
[2024-01-29T18:01:57.083+0000] {logging_mixin.py:151} INFO - [2024-01-29T18:01:57.083+0000] {dag.py:2941} INFO - Sync 1 DAGs
[2024-01-29T18:01:57.126+0000] {logging_mixin.py:151} INFO - [2024-01-29T18:01:57.126+0000] {dag.py:3722} INFO - Setting next_dagrun for example_sla_dag to 2024-01-29T17:58:00+00:00, run_after=2024-01-29T18:00:00+00:00
[2024-01-29T18:01:57.167+0000] {processor.py:179} INFO - Processing /home/airflow/.local/lib/python3.8/site-packages/airflow/example_dags/example_sla_dag.py took 0.121 seconds
[2024-01-29T18:02:27.675+0000] {processor.py:157} INFO - Started process (PID=116) to work on /home/airflow/.local/lib/python3.8/site-packages/airflow/example_dags/example_sla_dag.py
[2024-01-29T18:02:27.676+0000] {processor.py:829} INFO - Processing file /home/airflow/.local/lib/python3.8/site-packages/airflow/example_dags/example_sla_dag.py for tasks to queue
[2024-01-29T18:02:27.679+0000] {logging_mixin.py:151} INFO - [2024-01-29T18:02:27.678+0000] {dagbag.py:536} INFO - Filling up the DagBag from /home/airflow/.local/lib/python3.8/site-packages/airflow/example_dags/example_sla_dag.py
[2024-01-29T18:02:27.688+0000] {processor.py:839} INFO - DAG(s) dict_keys(['example_sla_dag']) retrieved from /home/airflow/.local/lib/python3.8/site-packages/airflow/example_dags/example_sla_dag.py
[2024-01-29T18:02:27.715+0000] {logging_mixin.py:151} INFO - [2024-01-29T18:02:27.715+0000] {dag.py:2941} INFO - Sync 1 DAGs
[2024-01-29T18:02:27.751+0000] {logging_mixin.py:151} INFO - [2024-01-29T18:02:27.751+0000] {dag.py:3722} INFO - Setting next_dagrun for example_sla_dag to 2024-01-29T18:00:00+00:00, run_after=2024-01-29T18:02:00+00:00
[2024-01-29T18:02:27.781+0000] {processor.py:179} INFO - Processing /home/airflow/.local/lib/python3.8/site-packages/airflow/example_dags/example_sla_dag.py took 0.110 seconds
[2024-01-29T18:02:57.948+0000] {processor.py:157} INFO - Started process (PID=171) to work on /home/airflow/.local/lib/python3.8/site-packages/airflow/example_dags/example_sla_dag.py
[2024-01-29T18:02:57.949+0000] {processor.py:829} INFO - Processing file /home/airflow/.local/lib/python3.8/site-packages/airflow/example_dags/example_sla_dag.py for tasks to queue
[2024-01-29T18:02:57.951+0000] {logging_mixin.py:151} INFO - [2024-01-29T18:02:57.951+0000] {dagbag.py:536} INFO - Filling up the DagBag from /home/airflow/.local/lib/python3.8/site-packages/airflow/example_dags/example_sla_dag.py
[2024-01-29T18:02:57.959+0000] {processor.py:839} INFO - DAG(s) dict_keys(['example_sla_dag']) retrieved from /home/airflow/.local/lib/python3.8/site-packages/airflow/example_dags/example_sla_dag.py
[2024-01-29T18:02:57.981+0000] {logging_mixin.py:151} INFO - [2024-01-29T18:02:57.981+0000] {dag.py:2941} INFO - Sync 1 DAGs
[2024-01-29T18:02:58.009+0000] {logging_mixin.py:151} INFO - [2024-01-29T18:02:58.009+0000] {dag.py:3722} INFO - Setting next_dagrun for example_sla_dag to 2024-01-29T18:00:00+00:00, run_after=2024-01-29T18:02:00+00:00
[2024-01-29T18:02:58.038+0000] {processor.py:179} INFO - Processing /home/airflow/.local/lib/python3.8/site-packages/airflow/example_dags/example_sla_dag.py took 0.093 seconds
[2024-01-29T18:03:29.042+0000] {processor.py:157} INFO - Started process (PID=226) to work on /home/airflow/.local/lib/python3.8/site-packages/airflow/example_dags/example_sla_dag.py
[2024-01-29T18:03:29.043+0000] {processor.py:829} INFO - Processing file /home/airflow/.local/lib/python3.8/site-packages/airflow/example_dags/example_sla_dag.py for tasks to queue
[2024-01-29T18:03:29.047+0000] {logging_mixin.py:151} INFO - [2024-01-29T18:03:29.046+0000] {dagbag.py:536} INFO - Filling up the DagBag from /home/airflow/.local/lib/python3.8/site-packages/airflow/example_dags/example_sla_dag.py
[2024-01-29T18:03:29.059+0000] {processor.py:839} INFO - DAG(s) dict_keys(['example_sla_dag']) retrieved from /home/airflow/.local/lib/python3.8/site-packages/airflow/example_dags/example_sla_dag.py
[2024-01-29T18:03:29.097+0000] {logging_mixin.py:151} INFO - [2024-01-29T18:03:29.096+0000] {dag.py:2941} INFO - Sync 1 DAGs
[2024-01-29T18:03:29.157+0000] {logging_mixin.py:151} INFO - [2024-01-29T18:03:29.157+0000] {dag.py:3722} INFO - Setting next_dagrun for example_sla_dag to 2024-01-29T18:00:00+00:00, run_after=2024-01-29T18:02:00+00:00
[2024-01-29T18:03:29.200+0000] {processor.py:179} INFO - Processing /home/airflow/.local/lib/python3.8/site-packages/airflow/example_dags/example_sla_dag.py took 0.162 seconds
[2024-01-29T18:03:59.336+0000] {processor.py:157} INFO - Started process (PID=281) to work on /home/airflow/.local/lib/python3.8/site-packages/airflow/example_dags/example_sla_dag.py
[2024-01-29T18:03:59.337+0000] {processor.py:829} INFO - Processing file /home/airflow/.local/lib/python3.8/site-packages/airflow/example_dags/example_sla_dag.py for tasks to queue
[2024-01-29T18:03:59.340+0000] {logging_mixin.py:151} INFO - [2024-01-29T18:03:59.339+0000] {dagbag.py:536} INFO - Filling up the DagBag from /home/airflow/.local/lib/python3.8/site-packages/airflow/example_dags/example_sla_dag.py
[2024-01-29T18:03:59.350+0000] {processor.py:839} INFO - DAG(s) dict_keys(['example_sla_dag']) retrieved from /home/airflow/.local/lib/python3.8/site-packages/airflow/example_dags/example_sla_dag.py
[2024-01-29T18:03:59.376+0000] {logging_mixin.py:151} INFO - [2024-01-29T18:03:59.376+0000] {dag.py:2941} INFO - Sync 1 DAGs
[2024-01-29T18:03:59.414+0000] {logging_mixin.py:151} INFO - [2024-01-29T18:03:59.413+0000] {dag.py:3722} INFO - Setting next_dagrun for example_sla_dag to 2024-01-29T18:00:00+00:00, run_after=2024-01-29T18:02:00+00:00
[2024-01-29T18:03:59.440+0000] {processor.py:179} INFO - Processing /home/airflow/.local/lib/python3.8/site-packages/airflow/example_dags/example_sla_dag.py took 0.108 seconds
[2024-01-29T18:04:30.363+0000] {processor.py:157} INFO - Started process (PID=338) to work on /home/airflow/.local/lib/python3.8/site-packages/airflow/example_dags/example_sla_dag.py
[2024-01-29T18:04:30.364+0000] {processor.py:829} INFO - Processing file /home/airflow/.local/lib/python3.8/site-packages/airflow/example_dags/example_sla_dag.py for tasks to queue
[2024-01-29T18:04:30.367+0000] {logging_mixin.py:151} INFO - [2024-01-29T18:04:30.366+0000] {dagbag.py:536} INFO - Filling up the DagBag from /home/airflow/.local/lib/python3.8/site-packages/airflow/example_dags/example_sla_dag.py
[2024-01-29T18:04:30.377+0000] {processor.py:839} INFO - DAG(s) dict_keys(['example_sla_dag']) retrieved from /home/airflow/.local/lib/python3.8/site-packages/airflow/example_dags/example_sla_dag.py
[2024-01-29T18:04:30.410+0000] {logging_mixin.py:151} INFO - [2024-01-29T18:04:30.409+0000] {dag.py:2941} INFO - Sync 1 DAGs
[2024-01-29T18:04:30.451+0000] {logging_mixin.py:151} INFO - [2024-01-29T18:04:30.451+0000] {dag.py:3722} INFO - Setting next_dagrun for example_sla_dag to 2024-01-29T18:02:00+00:00, run_after=2024-01-29T18:04:00+00:00
[2024-01-29T18:04:30.477+0000] {processor.py:179} INFO - Processing /home/airflow/.local/lib/python3.8/site-packages/airflow/example_dags/example_sla_dag.py took 0.118 seconds
[2024-01-29T18:05:01.341+0000] {processor.py:157} INFO - Started process (PID=394) to work on /home/airflow/.local/lib/python3.8/site-packages/airflow/example_dags/example_sla_dag.py
[2024-01-29T18:05:01.349+0000] {processor.py:829} INFO - Processing file /home/airflow/.local/lib/python3.8/site-packages/airflow/example_dags/example_sla_dag.py for tasks to queue
[2024-01-29T18:05:01.353+0000] {logging_mixin.py:151} INFO - [2024-01-29T18:05:01.352+0000] {dagbag.py:536} INFO - Filling up the DagBag from /home/airflow/.local/lib/python3.8/site-packages/airflow/example_dags/example_sla_dag.py
[2024-01-29T18:05:01.374+0000] {processor.py:839} INFO - DAG(s) dict_keys(['example_sla_dag']) retrieved from /home/airflow/.local/lib/python3.8/site-packages/airflow/example_dags/example_sla_dag.py
[2024-01-29T18:05:01.406+0000] {logging_mixin.py:151} INFO - [2024-01-29T18:05:01.406+0000] {dag.py:2941} INFO - Sync 1 DAGs
[2024-01-29T18:05:01.466+0000] {logging_mixin.py:151} INFO - [2024-01-29T18:05:01.465+0000] {dag.py:3722} INFO - Setting next_dagrun for example_sla_dag to 2024-01-29T18:02:00+00:00, run_after=2024-01-29T18:04:00+00:00
[2024-01-29T18:05:01.505+0000] {processor.py:179} INFO - Processing /home/airflow/.local/lib/python3.8/site-packages/airflow/example_dags/example_sla_dag.py took 0.170 seconds
[2024-01-29T18:05:31.835+0000] {processor.py:157} INFO - Started process (PID=449) to work on /home/airflow/.local/lib/python3.8/site-packages/airflow/example_dags/example_sla_dag.py
[2024-01-29T18:05:31.836+0000] {processor.py:829} INFO - Processing file /home/airflow/.local/lib/python3.8/site-packages/airflow/example_dags/example_sla_dag.py for tasks to queue
[2024-01-29T18:05:31.839+0000] {logging_mixin.py:151} INFO - [2024-01-29T18:05:31.838+0000] {dagbag.py:536} INFO - Filling up the DagBag from /home/airflow/.local/lib/python3.8/site-packages/airflow/example_dags/example_sla_dag.py
[2024-01-29T18:05:31.849+0000] {processor.py:839} INFO - DAG(s) dict_keys(['example_sla_dag']) retrieved from /home/airflow/.local/lib/python3.8/site-packages/airflow/example_dags/example_sla_dag.py
[2024-01-29T18:05:31.880+0000] {logging_mixin.py:151} INFO - [2024-01-29T18:05:31.880+0000] {dag.py:2941} INFO - Sync 1 DAGs
[2024-01-29T18:05:31.911+0000] {logging_mixin.py:151} INFO - [2024-01-29T18:05:31.911+0000] {dag.py:3722} INFO - Setting next_dagrun for example_sla_dag to 2024-01-29T18:02:00+00:00, run_after=2024-01-29T18:04:00+00:00
[2024-01-29T18:05:31.936+0000] {processor.py:179} INFO - Processing /home/airflow/.local/lib/python3.8/site-packages/airflow/example_dags/example_sla_dag.py took 0.104 seconds
[2024-01-29T18:06:02.798+0000] {processor.py:157} INFO - Started process (PID=504) to work on /home/airflow/.local/lib/python3.8/site-packages/airflow/example_dags/example_sla_dag.py
[2024-01-29T18:06:02.798+0000] {processor.py:829} INFO - Processing file /home/airflow/.local/lib/python3.8/site-packages/airflow/example_dags/example_sla_dag.py for tasks to queue
[2024-01-29T18:06:02.801+0000] {logging_mixin.py:151} INFO - [2024-01-29T18:06:02.800+0000] {dagbag.py:536} INFO - Filling up the DagBag from /home/airflow/.local/lib/python3.8/site-packages/airflow/example_dags/example_sla_dag.py
[2024-01-29T18:06:02.808+0000] {processor.py:839} INFO - DAG(s) dict_keys(['example_sla_dag']) retrieved from /home/airflow/.local/lib/python3.8/site-packages/airflow/example_dags/example_sla_dag.py
[2024-01-29T18:06:02.827+0000] {logging_mixin.py:151} INFO - [2024-01-29T18:06:02.827+0000] {dag.py:2941} INFO - Sync 1 DAGs
[2024-01-29T18:06:02.856+0000] {logging_mixin.py:151} INFO - [2024-01-29T18:06:02.856+0000] {dag.py:3722} INFO - Setting next_dagrun for example_sla_dag to 2024-01-29T18:04:00+00:00, run_after=2024-01-29T18:06:00+00:00
[2024-01-29T18:06:02.881+0000] {processor.py:179} INFO - Processing /home/airflow/.local/lib/python3.8/site-packages/airflow/example_dags/example_sla_dag.py took 0.086 seconds
[2024-01-29T18:06:34.114+0000] {processor.py:157} INFO - Started process (PID=559) to work on /home/airflow/.local/lib/python3.8/site-packages/airflow/example_dags/example_sla_dag.py
[2024-01-29T18:06:34.115+0000] {processor.py:829} INFO - Processing file /home/airflow/.local/lib/python3.8/site-packages/airflow/example_dags/example_sla_dag.py for tasks to queue
[2024-01-29T18:06:34.117+0000] {logging_mixin.py:151} INFO - [2024-01-29T18:06:34.117+0000] {dagbag.py:536} INFO - Filling up the DagBag from /home/airflow/.local/lib/python3.8/site-packages/airflow/example_dags/example_sla_dag.py
[2024-01-29T18:06:34.126+0000] {processor.py:839} INFO - DAG(s) dict_keys(['example_sla_dag']) retrieved from /home/airflow/.local/lib/python3.8/site-packages/airflow/example_dags/example_sla_dag.py
[2024-01-29T18:06:34.152+0000] {logging_mixin.py:151} INFO - [2024-01-29T18:06:34.151+0000] {dag.py:2941} INFO - Sync 1 DAGs
[2024-01-29T18:06:34.194+0000] {logging_mixin.py:151} INFO - [2024-01-29T18:06:34.194+0000] {dag.py:3722} INFO - Setting next_dagrun for example_sla_dag to 2024-01-29T18:04:00+00:00, run_after=2024-01-29T18:06:00+00:00
[2024-01-29T18:06:34.227+0000] {processor.py:179} INFO - Processing /home/airflow/.local/lib/python3.8/site-packages/airflow/example_dags/example_sla_dag.py took 0.116 seconds
[2024-01-29T18:07:04.862+0000] {processor.py:157} INFO - Started process (PID=615) to work on /home/airflow/.local/lib/python3.8/site-packages/airflow/example_dags/example_sla_dag.py
[2024-01-29T18:07:04.864+0000] {processor.py:829} INFO - Processing file /home/airflow/.local/lib/python3.8/site-packages/airflow/example_dags/example_sla_dag.py for tasks to queue
[2024-01-29T18:07:04.866+0000] {logging_mixin.py:151} INFO - [2024-01-29T18:07:04.866+0000] {dagbag.py:536} INFO - Filling up the DagBag from /home/airflow/.local/lib/python3.8/site-packages/airflow/example_dags/example_sla_dag.py
[2024-01-29T18:07:04.874+0000] {processor.py:839} INFO - DAG(s) dict_keys(['example_sla_dag']) retrieved from /home/airflow/.local/lib/python3.8/site-packages/airflow/example_dags/example_sla_dag.py
[2024-01-29T18:07:04.899+0000] {logging_mixin.py:151} INFO - [2024-01-29T18:07:04.899+0000] {dag.py:2941} INFO - Sync 1 DAGs
[2024-01-29T18:07:04.934+0000] {logging_mixin.py:151} INFO - [2024-01-29T18:07:04.934+0000] {dag.py:3722} INFO - Setting next_dagrun for example_sla_dag to 2024-01-29T18:04:00+00:00, run_after=2024-01-29T18:06:00+00:00
[2024-01-29T18:07:04.962+0000] {processor.py:179} INFO - Processing /home/airflow/.local/lib/python3.8/site-packages/airflow/example_dags/example_sla_dag.py took 0.103 seconds
[2024-01-29T18:07:35.636+0000] {processor.py:157} INFO - Started process (PID=671) to work on /home/airflow/.local/lib/python3.8/site-packages/airflow/example_dags/example_sla_dag.py
[2024-01-29T18:07:35.637+0000] {processor.py:829} INFO - Processing file /home/airflow/.local/lib/python3.8/site-packages/airflow/example_dags/example_sla_dag.py for tasks to queue
[2024-01-29T18:07:35.641+0000] {logging_mixin.py:151} INFO - [2024-01-29T18:07:35.640+0000] {dagbag.py:536} INFO - Filling up the DagBag from /home/airflow/.local/lib/python3.8/site-packages/airflow/example_dags/example_sla_dag.py
[2024-01-29T18:07:35.653+0000] {processor.py:839} INFO - DAG(s) dict_keys(['example_sla_dag']) retrieved from /home/airflow/.local/lib/python3.8/site-packages/airflow/example_dags/example_sla_dag.py
[2024-01-29T18:07:35.678+0000] {logging_mixin.py:151} INFO - [2024-01-29T18:07:35.678+0000] {dag.py:2941} INFO - Sync 1 DAGs
[2024-01-29T18:07:35.744+0000] {logging_mixin.py:151} INFO - [2024-01-29T18:07:35.744+0000] {dag.py:3722} INFO - Setting next_dagrun for example_sla_dag to 2024-01-29T18:04:00+00:00, run_after=2024-01-29T18:06:00+00:00
[2024-01-29T18:07:35.797+0000] {processor.py:179} INFO - Processing /home/airflow/.local/lib/python3.8/site-packages/airflow/example_dags/example_sla_dag.py took 0.167 seconds
[2024-01-29T18:08:06.261+0000] {processor.py:157} INFO - Started process (PID=727) to work on /home/airflow/.local/lib/python3.8/site-packages/airflow/example_dags/example_sla_dag.py
[2024-01-29T18:08:06.262+0000] {processor.py:829} INFO - Processing file /home/airflow/.local/lib/python3.8/site-packages/airflow/example_dags/example_sla_dag.py for tasks to queue
[2024-01-29T18:08:06.264+0000] {logging_mixin.py:151} INFO - [2024-01-29T18:08:06.264+0000] {dagbag.py:536} INFO - Filling up the DagBag from /home/airflow/.local/lib/python3.8/site-packages/airflow/example_dags/example_sla_dag.py
[2024-01-29T18:08:06.273+0000] {processor.py:839} INFO - DAG(s) dict_keys(['example_sla_dag']) retrieved from /home/airflow/.local/lib/python3.8/site-packages/airflow/example_dags/example_sla_dag.py
[2024-01-29T18:08:06.292+0000] {logging_mixin.py:151} INFO - [2024-01-29T18:08:06.291+0000] {dag.py:2941} INFO - Sync 1 DAGs
[2024-01-29T18:08:06.323+0000] {logging_mixin.py:151} INFO - [2024-01-29T18:08:06.323+0000] {dag.py:3722} INFO - Setting next_dagrun for example_sla_dag to 2024-01-29T18:06:00+00:00, run_after=2024-01-29T18:08:00+00:00
[2024-01-29T18:08:06.353+0000] {processor.py:179} INFO - Processing /home/airflow/.local/lib/python3.8/site-packages/airflow/example_dags/example_sla_dag.py took 0.095 seconds
[2024-01-29T18:08:36.598+0000] {processor.py:157} INFO - Started process (PID=784) to work on /home/airflow/.local/lib/python3.8/site-packages/airflow/example_dags/example_sla_dag.py
[2024-01-29T18:08:36.599+0000] {processor.py:829} INFO - Processing file /home/airflow/.local/lib/python3.8/site-packages/airflow/example_dags/example_sla_dag.py for tasks to queue
[2024-01-29T18:08:36.602+0000] {logging_mixin.py:151} INFO - [2024-01-29T18:08:36.602+0000] {dagbag.py:536} INFO - Filling up the DagBag from /home/airflow/.local/lib/python3.8/site-packages/airflow/example_dags/example_sla_dag.py
[2024-01-29T18:08:36.614+0000] {processor.py:839} INFO - DAG(s) dict_keys(['example_sla_dag']) retrieved from /home/airflow/.local/lib/python3.8/site-packages/airflow/example_dags/example_sla_dag.py
[2024-01-29T18:08:36.639+0000] {logging_mixin.py:151} INFO - [2024-01-29T18:08:36.639+0000] {dag.py:2941} INFO - Sync 1 DAGs
[2024-01-29T18:08:36.677+0000] {logging_mixin.py:151} INFO - [2024-01-29T18:08:36.676+0000] {dag.py:3722} INFO - Setting next_dagrun for example_sla_dag to 2024-01-29T18:06:00+00:00, run_after=2024-01-29T18:08:00+00:00
[2024-01-29T18:08:36.705+0000] {processor.py:179} INFO - Processing /home/airflow/.local/lib/python3.8/site-packages/airflow/example_dags/example_sla_dag.py took 0.112 seconds
[2024-01-29T18:09:06.854+0000] {processor.py:157} INFO - Started process (PID=840) to work on /home/airflow/.local/lib/python3.8/site-packages/airflow/example_dags/example_sla_dag.py
[2024-01-29T18:09:06.856+0000] {processor.py:829} INFO - Processing file /home/airflow/.local/lib/python3.8/site-packages/airflow/example_dags/example_sla_dag.py for tasks to queue
[2024-01-29T18:09:06.858+0000] {logging_mixin.py:151} INFO - [2024-01-29T18:09:06.858+0000] {dagbag.py:536} INFO - Filling up the DagBag from /home/airflow/.local/lib/python3.8/site-packages/airflow/example_dags/example_sla_dag.py
[2024-01-29T18:09:06.868+0000] {processor.py:839} INFO - DAG(s) dict_keys(['example_sla_dag']) retrieved from /home/airflow/.local/lib/python3.8/site-packages/airflow/example_dags/example_sla_dag.py
[2024-01-29T18:09:06.890+0000] {logging_mixin.py:151} INFO - [2024-01-29T18:09:06.890+0000] {dag.py:2941} INFO - Sync 1 DAGs
[2024-01-29T18:09:06.924+0000] {logging_mixin.py:151} INFO - [2024-01-29T18:09:06.924+0000] {dag.py:3722} INFO - Setting next_dagrun for example_sla_dag to 2024-01-29T18:06:00+00:00, run_after=2024-01-29T18:08:00+00:00
[2024-01-29T18:09:06.950+0000] {processor.py:179} INFO - Processing /home/airflow/.local/lib/python3.8/site-packages/airflow/example_dags/example_sla_dag.py took 0.099 seconds
[2024-01-29T18:09:37.295+0000] {processor.py:157} INFO - Started process (PID=899) to work on /home/airflow/.local/lib/python3.8/site-packages/airflow/example_dags/example_sla_dag.py
[2024-01-29T18:09:37.296+0000] {processor.py:829} INFO - Processing file /home/airflow/.local/lib/python3.8/site-packages/airflow/example_dags/example_sla_dag.py for tasks to queue
[2024-01-29T18:09:37.298+0000] {logging_mixin.py:151} INFO - [2024-01-29T18:09:37.298+0000] {dagbag.py:536} INFO - Filling up the DagBag from /home/airflow/.local/lib/python3.8/site-packages/airflow/example_dags/example_sla_dag.py
[2024-01-29T18:09:37.307+0000] {processor.py:839} INFO - DAG(s) dict_keys(['example_sla_dag']) retrieved from /home/airflow/.local/lib/python3.8/site-packages/airflow/example_dags/example_sla_dag.py
[2024-01-29T18:09:37.330+0000] {logging_mixin.py:151} INFO - [2024-01-29T18:09:37.329+0000] {dag.py:2941} INFO - Sync 1 DAGs
[2024-01-29T18:09:37.365+0000] {logging_mixin.py:151} INFO - [2024-01-29T18:09:37.365+0000] {dag.py:3722} INFO - Setting next_dagrun for example_sla_dag to 2024-01-29T18:06:00+00:00, run_after=2024-01-29T18:08:00+00:00
[2024-01-29T18:09:37.390+0000] {processor.py:179} INFO - Processing /home/airflow/.local/lib/python3.8/site-packages/airflow/example_dags/example_sla_dag.py took 0.098 seconds
[2024-01-29T18:10:08.253+0000] {processor.py:157} INFO - Started process (PID=955) to work on /home/airflow/.local/lib/python3.8/site-packages/airflow/example_dags/example_sla_dag.py
[2024-01-29T18:10:08.254+0000] {processor.py:829} INFO - Processing file /home/airflow/.local/lib/python3.8/site-packages/airflow/example_dags/example_sla_dag.py for tasks to queue
[2024-01-29T18:10:08.256+0000] {logging_mixin.py:151} INFO - [2024-01-29T18:10:08.256+0000] {dagbag.py:536} INFO - Filling up the DagBag from /home/airflow/.local/lib/python3.8/site-packages/airflow/example_dags/example_sla_dag.py
[2024-01-29T18:10:08.265+0000] {processor.py:839} INFO - DAG(s) dict_keys(['example_sla_dag']) retrieved from /home/airflow/.local/lib/python3.8/site-packages/airflow/example_dags/example_sla_dag.py
[2024-01-29T18:10:08.289+0000] {logging_mixin.py:151} INFO - [2024-01-29T18:10:08.288+0000] {dag.py:2941} INFO - Sync 1 DAGs
[2024-01-29T18:10:08.321+0000] {logging_mixin.py:151} INFO - [2024-01-29T18:10:08.321+0000] {dag.py:3722} INFO - Setting next_dagrun for example_sla_dag to 2024-01-29T18:08:00+00:00, run_after=2024-01-29T18:10:00+00:00
[2024-01-29T18:10:08.353+0000] {processor.py:179} INFO - Processing /home/airflow/.local/lib/python3.8/site-packages/airflow/example_dags/example_sla_dag.py took 0.104 seconds
[2024-01-29T18:10:38.993+0000] {processor.py:157} INFO - Started process (PID=1024) to work on /home/airflow/.local/lib/python3.8/site-packages/airflow/example_dags/example_sla_dag.py
[2024-01-29T18:10:38.994+0000] {processor.py:829} INFO - Processing file /home/airflow/.local/lib/python3.8/site-packages/airflow/example_dags/example_sla_dag.py for tasks to queue
[2024-01-29T18:10:38.998+0000] {logging_mixin.py:151} INFO - [2024-01-29T18:10:38.998+0000] {dagbag.py:536} INFO - Filling up the DagBag from /home/airflow/.local/lib/python3.8/site-packages/airflow/example_dags/example_sla_dag.py
[2024-01-29T18:10:39.010+0000] {processor.py:839} INFO - DAG(s) dict_keys(['example_sla_dag']) retrieved from /home/airflow/.local/lib/python3.8/site-packages/airflow/example_dags/example_sla_dag.py
[2024-01-29T18:10:39.042+0000] {logging_mixin.py:151} INFO - [2024-01-29T18:10:39.041+0000] {dag.py:2941} INFO - Sync 1 DAGs
[2024-01-29T18:10:39.089+0000] {logging_mixin.py:151} INFO - [2024-01-29T18:10:39.089+0000] {dag.py:3722} INFO - Setting next_dagrun for example_sla_dag to 2024-01-29T18:08:00+00:00, run_after=2024-01-29T18:10:00+00:00
[2024-01-29T18:10:39.126+0000] {processor.py:179} INFO - Processing /home/airflow/.local/lib/python3.8/site-packages/airflow/example_dags/example_sla_dag.py took 0.137 seconds
[2024-01-29T18:11:09.820+0000] {processor.py:157} INFO - Started process (PID=1080) to work on /home/airflow/.local/lib/python3.8/site-packages/airflow/example_dags/example_sla_dag.py
[2024-01-29T18:11:09.821+0000] {processor.py:829} INFO - Processing file /home/airflow/.local/lib/python3.8/site-packages/airflow/example_dags/example_sla_dag.py for tasks to queue
[2024-01-29T18:11:09.823+0000] {logging_mixin.py:151} INFO - [2024-01-29T18:11:09.823+0000] {dagbag.py:536} INFO - Filling up the DagBag from /home/airflow/.local/lib/python3.8/site-packages/airflow/example_dags/example_sla_dag.py
[2024-01-29T18:11:09.834+0000] {processor.py:839} INFO - DAG(s) dict_keys(['example_sla_dag']) retrieved from /home/airflow/.local/lib/python3.8/site-packages/airflow/example_dags/example_sla_dag.py
[2024-01-29T18:11:09.858+0000] {logging_mixin.py:151} INFO - [2024-01-29T18:11:09.858+0000] {dag.py:2941} INFO - Sync 1 DAGs
[2024-01-29T18:11:09.892+0000] {logging_mixin.py:151} INFO - [2024-01-29T18:11:09.891+0000] {dag.py:3722} INFO - Setting next_dagrun for example_sla_dag to 2024-01-29T18:08:00+00:00, run_after=2024-01-29T18:10:00+00:00
[2024-01-29T18:11:09.918+0000] {processor.py:179} INFO - Processing /home/airflow/.local/lib/python3.8/site-packages/airflow/example_dags/example_sla_dag.py took 0.102 seconds
[2024-01-29T18:11:40.035+0000] {processor.py:157} INFO - Started process (PID=1136) to work on /home/airflow/.local/lib/python3.8/site-packages/airflow/example_dags/example_sla_dag.py
[2024-01-29T18:11:40.037+0000] {processor.py:829} INFO - Processing file /home/airflow/.local/lib/python3.8/site-packages/airflow/example_dags/example_sla_dag.py for tasks to queue
[2024-01-29T18:11:40.040+0000] {logging_mixin.py:151} INFO - [2024-01-29T18:11:40.039+0000] {dagbag.py:536} INFO - Filling up the DagBag from /home/airflow/.local/lib/python3.8/site-packages/airflow/example_dags/example_sla_dag.py
[2024-01-29T18:11:40.052+0000] {processor.py:839} INFO - DAG(s) dict_keys(['example_sla_dag']) retrieved from /home/airflow/.local/lib/python3.8/site-packages/airflow/example_dags/example_sla_dag.py
[2024-01-29T18:11:40.081+0000] {logging_mixin.py:151} INFO - [2024-01-29T18:11:40.080+0000] {dag.py:2941} INFO - Sync 1 DAGs
[2024-01-29T18:11:40.125+0000] {logging_mixin.py:151} INFO - [2024-01-29T18:11:40.125+0000] {dag.py:3722} INFO - Setting next_dagrun for example_sla_dag to 2024-01-29T18:08:00+00:00, run_after=2024-01-29T18:10:00+00:00
[2024-01-29T18:11:40.155+0000] {processor.py:179} INFO - Processing /home/airflow/.local/lib/python3.8/site-packages/airflow/example_dags/example_sla_dag.py took 0.123 seconds
[2024-01-29T18:12:14.996+0000] {processor.py:157} INFO - Started process (PID=1199) to work on /home/airflow/.local/lib/python3.8/site-packages/airflow/example_dags/example_sla_dag.py
[2024-01-29T18:12:14.998+0000] {processor.py:829} INFO - Processing file /home/airflow/.local/lib/python3.8/site-packages/airflow/example_dags/example_sla_dag.py for tasks to queue
[2024-01-29T18:12:15.002+0000] {logging_mixin.py:151} INFO - [2024-01-29T18:12:15.002+0000] {dagbag.py:536} INFO - Filling up the DagBag from /home/airflow/.local/lib/python3.8/site-packages/airflow/example_dags/example_sla_dag.py
[2024-01-29T18:12:15.017+0000] {processor.py:839} INFO - DAG(s) dict_keys(['example_sla_dag']) retrieved from /home/airflow/.local/lib/python3.8/site-packages/airflow/example_dags/example_sla_dag.py
[2024-01-29T18:12:15.076+0000] {logging_mixin.py:151} INFO - [2024-01-29T18:12:15.075+0000] {dag.py:2941} INFO - Sync 1 DAGs
[2024-01-29T18:12:15.145+0000] {logging_mixin.py:151} INFO - [2024-01-29T18:12:15.145+0000] {dag.py:3722} INFO - Setting next_dagrun for example_sla_dag to 2024-01-29T18:10:00+00:00, run_after=2024-01-29T18:12:00+00:00
[2024-01-29T18:12:15.204+0000] {processor.py:179} INFO - Processing /home/airflow/.local/lib/python3.8/site-packages/airflow/example_dags/example_sla_dag.py took 0.214 seconds
[2024-01-29T18:12:45.932+0000] {processor.py:157} INFO - Started process (PID=1255) to work on /home/airflow/.local/lib/python3.8/site-packages/airflow/example_dags/example_sla_dag.py
[2024-01-29T18:12:45.946+0000] {processor.py:829} INFO - Processing file /home/airflow/.local/lib/python3.8/site-packages/airflow/example_dags/example_sla_dag.py for tasks to queue
[2024-01-29T18:12:45.951+0000] {logging_mixin.py:151} INFO - [2024-01-29T18:12:45.950+0000] {dagbag.py:536} INFO - Filling up the DagBag from /home/airflow/.local/lib/python3.8/site-packages/airflow/example_dags/example_sla_dag.py
[2024-01-29T18:12:45.986+0000] {processor.py:839} INFO - DAG(s) dict_keys(['example_sla_dag']) retrieved from /home/airflow/.local/lib/python3.8/site-packages/airflow/example_dags/example_sla_dag.py
[2024-01-29T18:12:46.030+0000] {logging_mixin.py:151} INFO - [2024-01-29T18:12:46.029+0000] {dag.py:2941} INFO - Sync 1 DAGs
[2024-01-29T18:12:46.125+0000] {logging_mixin.py:151} INFO - [2024-01-29T18:12:46.124+0000] {dag.py:3722} INFO - Setting next_dagrun for example_sla_dag to 2024-01-29T18:10:00+00:00, run_after=2024-01-29T18:12:00+00:00
[2024-01-29T18:12:46.196+0000] {processor.py:179} INFO - Processing /home/airflow/.local/lib/python3.8/site-packages/airflow/example_dags/example_sla_dag.py took 0.270 seconds
[2024-01-29T18:13:17.272+0000] {processor.py:157} INFO - Started process (PID=1311) to work on /home/airflow/.local/lib/python3.8/site-packages/airflow/example_dags/example_sla_dag.py
[2024-01-29T18:13:17.274+0000] {processor.py:829} INFO - Processing file /home/airflow/.local/lib/python3.8/site-packages/airflow/example_dags/example_sla_dag.py for tasks to queue
[2024-01-29T18:13:17.283+0000] {logging_mixin.py:151} INFO - [2024-01-29T18:13:17.282+0000] {dagbag.py:536} INFO - Filling up the DagBag from /home/airflow/.local/lib/python3.8/site-packages/airflow/example_dags/example_sla_dag.py
[2024-01-29T18:13:17.300+0000] {processor.py:839} INFO - DAG(s) dict_keys(['example_sla_dag']) retrieved from /home/airflow/.local/lib/python3.8/site-packages/airflow/example_dags/example_sla_dag.py
[2024-01-29T18:13:17.373+0000] {logging_mixin.py:151} INFO - [2024-01-29T18:13:17.373+0000] {dag.py:2941} INFO - Sync 1 DAGs
[2024-01-29T18:13:17.471+0000] {logging_mixin.py:151} INFO - [2024-01-29T18:13:17.471+0000] {dag.py:3722} INFO - Setting next_dagrun for example_sla_dag to 2024-01-29T18:10:00+00:00, run_after=2024-01-29T18:12:00+00:00
[2024-01-29T18:13:17.557+0000] {processor.py:179} INFO - Processing /home/airflow/.local/lib/python3.8/site-packages/airflow/example_dags/example_sla_dag.py took 0.290 seconds
[2024-01-29T18:13:48.121+0000] {processor.py:157} INFO - Started process (PID=1368) to work on /home/airflow/.local/lib/python3.8/site-packages/airflow/example_dags/example_sla_dag.py
[2024-01-29T18:13:48.124+0000] {processor.py:829} INFO - Processing file /home/airflow/.local/lib/python3.8/site-packages/airflow/example_dags/example_sla_dag.py for tasks to queue
[2024-01-29T18:13:48.135+0000] {logging_mixin.py:151} INFO - [2024-01-29T18:13:48.133+0000] {dagbag.py:536} INFO - Filling up the DagBag from /home/airflow/.local/lib/python3.8/site-packages/airflow/example_dags/example_sla_dag.py
[2024-01-29T18:13:48.171+0000] {processor.py:839} INFO - DAG(s) dict_keys(['example_sla_dag']) retrieved from /home/airflow/.local/lib/python3.8/site-packages/airflow/example_dags/example_sla_dag.py
[2024-01-29T18:13:48.241+0000] {logging_mixin.py:151} INFO - [2024-01-29T18:13:48.241+0000] {dag.py:2941} INFO - Sync 1 DAGs
[2024-01-29T18:13:48.313+0000] {logging_mixin.py:151} INFO - [2024-01-29T18:13:48.313+0000] {dag.py:3722} INFO - Setting next_dagrun for example_sla_dag to 2024-01-29T18:10:00+00:00, run_after=2024-01-29T18:12:00+00:00
[2024-01-29T18:13:48.382+0000] {processor.py:179} INFO - Processing /home/airflow/.local/lib/python3.8/site-packages/airflow/example_dags/example_sla_dag.py took 0.267 seconds
[2024-01-29T18:14:18.635+0000] {processor.py:157} INFO - Started process (PID=1423) to work on /home/airflow/.local/lib/python3.8/site-packages/airflow/example_dags/example_sla_dag.py
[2024-01-29T18:14:18.651+0000] {processor.py:829} INFO - Processing file /home/airflow/.local/lib/python3.8/site-packages/airflow/example_dags/example_sla_dag.py for tasks to queue
[2024-01-29T18:14:18.657+0000] {logging_mixin.py:151} INFO - [2024-01-29T18:14:18.656+0000] {dagbag.py:536} INFO - Filling up the DagBag from /home/airflow/.local/lib/python3.8/site-packages/airflow/example_dags/example_sla_dag.py
[2024-01-29T18:14:18.692+0000] {processor.py:839} INFO - DAG(s) dict_keys(['example_sla_dag']) retrieved from /home/airflow/.local/lib/python3.8/site-packages/airflow/example_dags/example_sla_dag.py
[2024-01-29T18:14:18.747+0000] {logging_mixin.py:151} INFO - [2024-01-29T18:14:18.746+0000] {dag.py:2941} INFO - Sync 1 DAGs
[2024-01-29T18:14:18.826+0000] {logging_mixin.py:151} INFO - [2024-01-29T18:14:18.826+0000] {dag.py:3722} INFO - Setting next_dagrun for example_sla_dag to 2024-01-29T18:12:00+00:00, run_after=2024-01-29T18:14:00+00:00
[2024-01-29T18:14:18.995+0000] {processor.py:179} INFO - Processing /home/airflow/.local/lib/python3.8/site-packages/airflow/example_dags/example_sla_dag.py took 0.367 seconds
[2024-01-29T18:14:49.526+0000] {processor.py:157} INFO - Started process (PID=1479) to work on /home/airflow/.local/lib/python3.8/site-packages/airflow/example_dags/example_sla_dag.py
[2024-01-29T18:14:49.530+0000] {processor.py:829} INFO - Processing file /home/airflow/.local/lib/python3.8/site-packages/airflow/example_dags/example_sla_dag.py for tasks to queue
[2024-01-29T18:14:49.533+0000] {logging_mixin.py:151} INFO - [2024-01-29T18:14:49.533+0000] {dagbag.py:536} INFO - Filling up the DagBag from /home/airflow/.local/lib/python3.8/site-packages/airflow/example_dags/example_sla_dag.py
[2024-01-29T18:14:49.547+0000] {processor.py:839} INFO - DAG(s) dict_keys(['example_sla_dag']) retrieved from /home/airflow/.local/lib/python3.8/site-packages/airflow/example_dags/example_sla_dag.py
[2024-01-29T18:14:49.587+0000] {logging_mixin.py:151} INFO - [2024-01-29T18:14:49.586+0000] {dag.py:2941} INFO - Sync 1 DAGs
[2024-01-29T18:14:49.660+0000] {logging_mixin.py:151} INFO - [2024-01-29T18:14:49.660+0000] {dag.py:3722} INFO - Setting next_dagrun for example_sla_dag to 2024-01-29T18:12:00+00:00, run_after=2024-01-29T18:14:00+00:00
[2024-01-29T18:14:49.721+0000] {processor.py:179} INFO - Processing /home/airflow/.local/lib/python3.8/site-packages/airflow/example_dags/example_sla_dag.py took 0.202 seconds
[2024-01-29T18:15:20.367+0000] {processor.py:157} INFO - Started process (PID=1535) to work on /home/airflow/.local/lib/python3.8/site-packages/airflow/example_dags/example_sla_dag.py
[2024-01-29T18:15:20.376+0000] {processor.py:829} INFO - Processing file /home/airflow/.local/lib/python3.8/site-packages/airflow/example_dags/example_sla_dag.py for tasks to queue
[2024-01-29T18:15:20.383+0000] {logging_mixin.py:151} INFO - [2024-01-29T18:15:20.383+0000] {dagbag.py:536} INFO - Filling up the DagBag from /home/airflow/.local/lib/python3.8/site-packages/airflow/example_dags/example_sla_dag.py
[2024-01-29T18:15:20.403+0000] {processor.py:839} INFO - DAG(s) dict_keys(['example_sla_dag']) retrieved from /home/airflow/.local/lib/python3.8/site-packages/airflow/example_dags/example_sla_dag.py
[2024-01-29T18:15:20.445+0000] {logging_mixin.py:151} INFO - [2024-01-29T18:15:20.444+0000] {dag.py:2941} INFO - Sync 1 DAGs
[2024-01-29T18:15:20.537+0000] {logging_mixin.py:151} INFO - [2024-01-29T18:15:20.537+0000] {dag.py:3722} INFO - Setting next_dagrun for example_sla_dag to 2024-01-29T18:12:00+00:00, run_after=2024-01-29T18:14:00+00:00
[2024-01-29T18:15:20.597+0000] {processor.py:179} INFO - Processing /home/airflow/.local/lib/python3.8/site-packages/airflow/example_dags/example_sla_dag.py took 0.235 seconds
[2024-01-29T18:15:51.218+0000] {processor.py:157} INFO - Started process (PID=1591) to work on /home/airflow/.local/lib/python3.8/site-packages/airflow/example_dags/example_sla_dag.py
[2024-01-29T18:15:51.221+0000] {processor.py:829} INFO - Processing file /home/airflow/.local/lib/python3.8/site-packages/airflow/example_dags/example_sla_dag.py for tasks to queue
[2024-01-29T18:15:51.225+0000] {logging_mixin.py:151} INFO - [2024-01-29T18:15:51.224+0000] {dagbag.py:536} INFO - Filling up the DagBag from /home/airflow/.local/lib/python3.8/site-packages/airflow/example_dags/example_sla_dag.py
[2024-01-29T18:15:51.245+0000] {processor.py:839} INFO - DAG(s) dict_keys(['example_sla_dag']) retrieved from /home/airflow/.local/lib/python3.8/site-packages/airflow/example_dags/example_sla_dag.py
[2024-01-29T18:15:51.302+0000] {logging_mixin.py:151} INFO - [2024-01-29T18:15:51.301+0000] {dag.py:2941} INFO - Sync 1 DAGs
[2024-01-29T18:15:51.369+0000] {logging_mixin.py:151} INFO - [2024-01-29T18:15:51.369+0000] {dag.py:3722} INFO - Setting next_dagrun for example_sla_dag to 2024-01-29T18:12:00+00:00, run_after=2024-01-29T18:14:00+00:00
[2024-01-29T18:15:51.429+0000] {processor.py:179} INFO - Processing /home/airflow/.local/lib/python3.8/site-packages/airflow/example_dags/example_sla_dag.py took 0.217 seconds
[2024-01-29T18:16:21.737+0000] {processor.py:157} INFO - Started process (PID=1647) to work on /home/airflow/.local/lib/python3.8/site-packages/airflow/example_dags/example_sla_dag.py
[2024-01-29T18:16:21.738+0000] {processor.py:829} INFO - Processing file /home/airflow/.local/lib/python3.8/site-packages/airflow/example_dags/example_sla_dag.py for tasks to queue
[2024-01-29T18:16:21.740+0000] {logging_mixin.py:151} INFO - [2024-01-29T18:16:21.740+0000] {dagbag.py:536} INFO - Filling up the DagBag from /home/airflow/.local/lib/python3.8/site-packages/airflow/example_dags/example_sla_dag.py
[2024-01-29T18:16:21.752+0000] {processor.py:839} INFO - DAG(s) dict_keys(['example_sla_dag']) retrieved from /home/airflow/.local/lib/python3.8/site-packages/airflow/example_dags/example_sla_dag.py
[2024-01-29T18:16:21.786+0000] {logging_mixin.py:151} INFO - [2024-01-29T18:16:21.785+0000] {dag.py:2941} INFO - Sync 1 DAGs
[2024-01-29T18:16:21.819+0000] {logging_mixin.py:151} INFO - [2024-01-29T18:16:21.819+0000] {dag.py:3722} INFO - Setting next_dagrun for example_sla_dag to 2024-01-29T18:14:00+00:00, run_after=2024-01-29T18:16:00+00:00
[2024-01-29T18:16:21.846+0000] {processor.py:179} INFO - Processing /home/airflow/.local/lib/python3.8/site-packages/airflow/example_dags/example_sla_dag.py took 0.112 seconds
[2024-01-29T18:16:51.944+0000] {processor.py:157} INFO - Started process (PID=1702) to work on /home/airflow/.local/lib/python3.8/site-packages/airflow/example_dags/example_sla_dag.py
[2024-01-29T18:16:51.946+0000] {processor.py:829} INFO - Processing file /home/airflow/.local/lib/python3.8/site-packages/airflow/example_dags/example_sla_dag.py for tasks to queue
[2024-01-29T18:16:51.948+0000] {logging_mixin.py:151} INFO - [2024-01-29T18:16:51.948+0000] {dagbag.py:536} INFO - Filling up the DagBag from /home/airflow/.local/lib/python3.8/site-packages/airflow/example_dags/example_sla_dag.py
[2024-01-29T18:16:51.957+0000] {processor.py:839} INFO - DAG(s) dict_keys(['example_sla_dag']) retrieved from /home/airflow/.local/lib/python3.8/site-packages/airflow/example_dags/example_sla_dag.py
[2024-01-29T18:16:51.983+0000] {logging_mixin.py:151} INFO - [2024-01-29T18:16:51.983+0000] {dag.py:2941} INFO - Sync 1 DAGs
[2024-01-29T18:16:52.020+0000] {logging_mixin.py:151} INFO - [2024-01-29T18:16:52.020+0000] {dag.py:3722} INFO - Setting next_dagrun for example_sla_dag to 2024-01-29T18:14:00+00:00, run_after=2024-01-29T18:16:00+00:00
[2024-01-29T18:16:52.044+0000] {processor.py:179} INFO - Processing /home/airflow/.local/lib/python3.8/site-packages/airflow/example_dags/example_sla_dag.py took 0.103 seconds
[2024-01-29T18:17:22.720+0000] {processor.py:157} INFO - Started process (PID=1759) to work on /home/airflow/.local/lib/python3.8/site-packages/airflow/example_dags/example_sla_dag.py
[2024-01-29T18:17:22.721+0000] {processor.py:829} INFO - Processing file /home/airflow/.local/lib/python3.8/site-packages/airflow/example_dags/example_sla_dag.py for tasks to queue
[2024-01-29T18:17:22.724+0000] {logging_mixin.py:151} INFO - [2024-01-29T18:17:22.724+0000] {dagbag.py:536} INFO - Filling up the DagBag from /home/airflow/.local/lib/python3.8/site-packages/airflow/example_dags/example_sla_dag.py
[2024-01-29T18:17:22.734+0000] {processor.py:839} INFO - DAG(s) dict_keys(['example_sla_dag']) retrieved from /home/airflow/.local/lib/python3.8/site-packages/airflow/example_dags/example_sla_dag.py
[2024-01-29T18:17:22.756+0000] {logging_mixin.py:151} INFO - [2024-01-29T18:17:22.756+0000] {dag.py:2941} INFO - Sync 1 DAGs
[2024-01-29T18:17:22.788+0000] {logging_mixin.py:151} INFO - [2024-01-29T18:17:22.788+0000] {dag.py:3722} INFO - Setting next_dagrun for example_sla_dag to 2024-01-29T18:14:00+00:00, run_after=2024-01-29T18:16:00+00:00
[2024-01-29T18:17:22.812+0000] {processor.py:179} INFO - Processing /home/airflow/.local/lib/python3.8/site-packages/airflow/example_dags/example_sla_dag.py took 0.095 seconds
[2024-01-29T18:17:52.944+0000] {processor.py:157} INFO - Started process (PID=1814) to work on /home/airflow/.local/lib/python3.8/site-packages/airflow/example_dags/example_sla_dag.py
[2024-01-29T18:17:52.946+0000] {processor.py:829} INFO - Processing file /home/airflow/.local/lib/python3.8/site-packages/airflow/example_dags/example_sla_dag.py for tasks to queue
[2024-01-29T18:17:52.949+0000] {logging_mixin.py:151} INFO - [2024-01-29T18:17:52.948+0000] {dagbag.py:536} INFO - Filling up the DagBag from /home/airflow/.local/lib/python3.8/site-packages/airflow/example_dags/example_sla_dag.py
[2024-01-29T18:17:52.962+0000] {processor.py:839} INFO - DAG(s) dict_keys(['example_sla_dag']) retrieved from /home/airflow/.local/lib/python3.8/site-packages/airflow/example_dags/example_sla_dag.py
[2024-01-29T18:17:52.987+0000] {logging_mixin.py:151} INFO - [2024-01-29T18:17:52.986+0000] {dag.py:2941} INFO - Sync 1 DAGs
[2024-01-29T18:17:53.023+0000] {logging_mixin.py:151} INFO - [2024-01-29T18:17:53.022+0000] {dag.py:3722} INFO - Setting next_dagrun for example_sla_dag to 2024-01-29T18:14:00+00:00, run_after=2024-01-29T18:16:00+00:00
[2024-01-29T18:17:53.050+0000] {processor.py:179} INFO - Processing /home/airflow/.local/lib/python3.8/site-packages/airflow/example_dags/example_sla_dag.py took 0.109 seconds
[2024-01-29T18:18:23.637+0000] {processor.py:157} INFO - Started process (PID=1871) to work on /home/airflow/.local/lib/python3.8/site-packages/airflow/example_dags/example_sla_dag.py
[2024-01-29T18:18:23.638+0000] {processor.py:829} INFO - Processing file /home/airflow/.local/lib/python3.8/site-packages/airflow/example_dags/example_sla_dag.py for tasks to queue
[2024-01-29T18:18:23.641+0000] {logging_mixin.py:151} INFO - [2024-01-29T18:18:23.640+0000] {dagbag.py:536} INFO - Filling up the DagBag from /home/airflow/.local/lib/python3.8/site-packages/airflow/example_dags/example_sla_dag.py
[2024-01-29T18:18:23.650+0000] {processor.py:839} INFO - DAG(s) dict_keys(['example_sla_dag']) retrieved from /home/airflow/.local/lib/python3.8/site-packages/airflow/example_dags/example_sla_dag.py
[2024-01-29T18:18:23.672+0000] {logging_mixin.py:151} INFO - [2024-01-29T18:18:23.672+0000] {dag.py:2941} INFO - Sync 1 DAGs
[2024-01-29T18:18:23.705+0000] {logging_mixin.py:151} INFO - [2024-01-29T18:18:23.705+0000] {dag.py:3722} INFO - Setting next_dagrun for example_sla_dag to 2024-01-29T18:16:00+00:00, run_after=2024-01-29T18:18:00+00:00
[2024-01-29T18:18:23.733+0000] {processor.py:179} INFO - Processing /home/airflow/.local/lib/python3.8/site-packages/airflow/example_dags/example_sla_dag.py took 0.100 seconds
[2024-01-29T18:18:54.422+0000] {processor.py:157} INFO - Started process (PID=1927) to work on /home/airflow/.local/lib/python3.8/site-packages/airflow/example_dags/example_sla_dag.py
[2024-01-29T18:18:54.423+0000] {processor.py:829} INFO - Processing file /home/airflow/.local/lib/python3.8/site-packages/airflow/example_dags/example_sla_dag.py for tasks to queue
[2024-01-29T18:18:54.425+0000] {logging_mixin.py:151} INFO - [2024-01-29T18:18:54.425+0000] {dagbag.py:536} INFO - Filling up the DagBag from /home/airflow/.local/lib/python3.8/site-packages/airflow/example_dags/example_sla_dag.py
[2024-01-29T18:18:54.434+0000] {processor.py:839} INFO - DAG(s) dict_keys(['example_sla_dag']) retrieved from /home/airflow/.local/lib/python3.8/site-packages/airflow/example_dags/example_sla_dag.py
[2024-01-29T18:18:54.457+0000] {logging_mixin.py:151} INFO - [2024-01-29T18:18:54.457+0000] {dag.py:2941} INFO - Sync 1 DAGs
[2024-01-29T18:18:54.492+0000] {logging_mixin.py:151} INFO - [2024-01-29T18:18:54.492+0000] {dag.py:3722} INFO - Setting next_dagrun for example_sla_dag to 2024-01-29T18:16:00+00:00, run_after=2024-01-29T18:18:00+00:00
[2024-01-29T18:18:54.518+0000] {processor.py:179} INFO - Processing /home/airflow/.local/lib/python3.8/site-packages/airflow/example_dags/example_sla_dag.py took 0.100 seconds
[2024-01-29T18:19:25.449+0000] {processor.py:157} INFO - Started process (PID=1983) to work on /home/airflow/.local/lib/python3.8/site-packages/airflow/example_dags/example_sla_dag.py
[2024-01-29T18:19:25.450+0000] {processor.py:829} INFO - Processing file /home/airflow/.local/lib/python3.8/site-packages/airflow/example_dags/example_sla_dag.py for tasks to queue
[2024-01-29T18:19:25.452+0000] {logging_mixin.py:151} INFO - [2024-01-29T18:19:25.452+0000] {dagbag.py:536} INFO - Filling up the DagBag from /home/airflow/.local/lib/python3.8/site-packages/airflow/example_dags/example_sla_dag.py
[2024-01-29T18:19:25.461+0000] {processor.py:839} INFO - DAG(s) dict_keys(['example_sla_dag']) retrieved from /home/airflow/.local/lib/python3.8/site-packages/airflow/example_dags/example_sla_dag.py
[2024-01-29T18:19:25.488+0000] {logging_mixin.py:151} INFO - [2024-01-29T18:19:25.487+0000] {dag.py:2941} INFO - Sync 1 DAGs
[2024-01-29T18:19:25.523+0000] {logging_mixin.py:151} INFO - [2024-01-29T18:19:25.522+0000] {dag.py:3722} INFO - Setting next_dagrun for example_sla_dag to 2024-01-29T18:16:00+00:00, run_after=2024-01-29T18:18:00+00:00
[2024-01-29T18:19:25.547+0000] {processor.py:179} INFO - Processing /home/airflow/.local/lib/python3.8/site-packages/airflow/example_dags/example_sla_dag.py took 0.101 seconds
[2024-01-29T18:19:55.624+0000] {processor.py:157} INFO - Started process (PID=2039) to work on /home/airflow/.local/lib/python3.8/site-packages/airflow/example_dags/example_sla_dag.py
[2024-01-29T18:19:55.626+0000] {processor.py:829} INFO - Processing file /home/airflow/.local/lib/python3.8/site-packages/airflow/example_dags/example_sla_dag.py for tasks to queue
[2024-01-29T18:19:55.628+0000] {logging_mixin.py:151} INFO - [2024-01-29T18:19:55.628+0000] {dagbag.py:536} INFO - Filling up the DagBag from /home/airflow/.local/lib/python3.8/site-packages/airflow/example_dags/example_sla_dag.py
[2024-01-29T18:19:55.638+0000] {processor.py:839} INFO - DAG(s) dict_keys(['example_sla_dag']) retrieved from /home/airflow/.local/lib/python3.8/site-packages/airflow/example_dags/example_sla_dag.py
[2024-01-29T18:19:55.663+0000] {logging_mixin.py:151} INFO - [2024-01-29T18:19:55.663+0000] {dag.py:2941} INFO - Sync 1 DAGs
[2024-01-29T18:19:55.702+0000] {logging_mixin.py:151} INFO - [2024-01-29T18:19:55.702+0000] {dag.py:3722} INFO - Setting next_dagrun for example_sla_dag to 2024-01-29T18:16:00+00:00, run_after=2024-01-29T18:18:00+00:00
[2024-01-29T18:19:55.732+0000] {processor.py:179} INFO - Processing /home/airflow/.local/lib/python3.8/site-packages/airflow/example_dags/example_sla_dag.py took 0.111 seconds
[2024-01-29T18:20:25.821+0000] {processor.py:157} INFO - Started process (PID=2094) to work on /home/airflow/.local/lib/python3.8/site-packages/airflow/example_dags/example_sla_dag.py
[2024-01-29T18:20:25.822+0000] {processor.py:829} INFO - Processing file /home/airflow/.local/lib/python3.8/site-packages/airflow/example_dags/example_sla_dag.py for tasks to queue
[2024-01-29T18:20:25.824+0000] {logging_mixin.py:151} INFO - [2024-01-29T18:20:25.824+0000] {dagbag.py:536} INFO - Filling up the DagBag from /home/airflow/.local/lib/python3.8/site-packages/airflow/example_dags/example_sla_dag.py
[2024-01-29T18:20:25.833+0000] {processor.py:839} INFO - DAG(s) dict_keys(['example_sla_dag']) retrieved from /home/airflow/.local/lib/python3.8/site-packages/airflow/example_dags/example_sla_dag.py
[2024-01-29T18:20:25.856+0000] {logging_mixin.py:151} INFO - [2024-01-29T18:20:25.856+0000] {dag.py:2941} INFO - Sync 1 DAGs
[2024-01-29T18:20:25.890+0000] {logging_mixin.py:151} INFO - [2024-01-29T18:20:25.890+0000] {dag.py:3722} INFO - Setting next_dagrun for example_sla_dag to 2024-01-29T18:18:00+00:00, run_after=2024-01-29T18:20:00+00:00
[2024-01-29T18:20:25.917+0000] {processor.py:179} INFO - Processing /home/airflow/.local/lib/python3.8/site-packages/airflow/example_dags/example_sla_dag.py took 0.100 seconds
[2024-01-29T18:20:56.458+0000] {processor.py:157} INFO - Started process (PID=2150) to work on /home/airflow/.local/lib/python3.8/site-packages/airflow/example_dags/example_sla_dag.py
[2024-01-29T18:20:56.459+0000] {processor.py:829} INFO - Processing file /home/airflow/.local/lib/python3.8/site-packages/airflow/example_dags/example_sla_dag.py for tasks to queue
[2024-01-29T18:20:56.461+0000] {logging_mixin.py:151} INFO - [2024-01-29T18:20:56.461+0000] {dagbag.py:536} INFO - Filling up the DagBag from /home/airflow/.local/lib/python3.8/site-packages/airflow/example_dags/example_sla_dag.py
[2024-01-29T18:20:56.470+0000] {processor.py:839} INFO - DAG(s) dict_keys(['example_sla_dag']) retrieved from /home/airflow/.local/lib/python3.8/site-packages/airflow/example_dags/example_sla_dag.py
[2024-01-29T18:20:56.492+0000] {logging_mixin.py:151} INFO - [2024-01-29T18:20:56.491+0000] {dag.py:2941} INFO - Sync 1 DAGs
[2024-01-29T18:20:56.522+0000] {logging_mixin.py:151} INFO - [2024-01-29T18:20:56.522+0000] {dag.py:3722} INFO - Setting next_dagrun for example_sla_dag to 2024-01-29T18:18:00+00:00, run_after=2024-01-29T18:20:00+00:00
[2024-01-29T18:20:56.549+0000] {processor.py:179} INFO - Processing /home/airflow/.local/lib/python3.8/site-packages/airflow/example_dags/example_sla_dag.py took 0.094 seconds
[2024-01-29T18:21:27.196+0000] {processor.py:157} INFO - Started process (PID=2206) to work on /home/airflow/.local/lib/python3.8/site-packages/airflow/example_dags/example_sla_dag.py
[2024-01-29T18:21:27.198+0000] {processor.py:829} INFO - Processing file /home/airflow/.local/lib/python3.8/site-packages/airflow/example_dags/example_sla_dag.py for tasks to queue
[2024-01-29T18:21:27.200+0000] {logging_mixin.py:151} INFO - [2024-01-29T18:21:27.199+0000] {dagbag.py:536} INFO - Filling up the DagBag from /home/airflow/.local/lib/python3.8/site-packages/airflow/example_dags/example_sla_dag.py
[2024-01-29T18:21:27.208+0000] {processor.py:839} INFO - DAG(s) dict_keys(['example_sla_dag']) retrieved from /home/airflow/.local/lib/python3.8/site-packages/airflow/example_dags/example_sla_dag.py
[2024-01-29T18:21:27.233+0000] {logging_mixin.py:151} INFO - [2024-01-29T18:21:27.233+0000] {dag.py:2941} INFO - Sync 1 DAGs
[2024-01-29T18:21:27.267+0000] {logging_mixin.py:151} INFO - [2024-01-29T18:21:27.267+0000] {dag.py:3722} INFO - Setting next_dagrun for example_sla_dag to 2024-01-29T18:18:00+00:00, run_after=2024-01-29T18:20:00+00:00
[2024-01-29T18:21:27.291+0000] {processor.py:179} INFO - Processing /home/airflow/.local/lib/python3.8/site-packages/airflow/example_dags/example_sla_dag.py took 0.098 seconds
[2024-01-29T18:21:57.701+0000] {processor.py:157} INFO - Started process (PID=2262) to work on /home/airflow/.local/lib/python3.8/site-packages/airflow/example_dags/example_sla_dag.py
[2024-01-29T18:21:57.703+0000] {processor.py:829} INFO - Processing file /home/airflow/.local/lib/python3.8/site-packages/airflow/example_dags/example_sla_dag.py for tasks to queue
[2024-01-29T18:21:57.705+0000] {logging_mixin.py:151} INFO - [2024-01-29T18:21:57.705+0000] {dagbag.py:536} INFO - Filling up the DagBag from /home/airflow/.local/lib/python3.8/site-packages/airflow/example_dags/example_sla_dag.py
[2024-01-29T18:21:57.715+0000] {processor.py:839} INFO - DAG(s) dict_keys(['example_sla_dag']) retrieved from /home/airflow/.local/lib/python3.8/site-packages/airflow/example_dags/example_sla_dag.py
[2024-01-29T18:21:57.739+0000] {logging_mixin.py:151} INFO - [2024-01-29T18:21:57.738+0000] {dag.py:2941} INFO - Sync 1 DAGs
[2024-01-29T18:21:57.772+0000] {logging_mixin.py:151} INFO - [2024-01-29T18:21:57.772+0000] {dag.py:3722} INFO - Setting next_dagrun for example_sla_dag to 2024-01-29T18:18:00+00:00, run_after=2024-01-29T18:20:00+00:00
[2024-01-29T18:21:57.797+0000] {processor.py:179} INFO - Processing /home/airflow/.local/lib/python3.8/site-packages/airflow/example_dags/example_sla_dag.py took 0.099 seconds
[2024-01-29T18:22:27.975+0000] {processor.py:157} INFO - Started process (PID=2318) to work on /home/airflow/.local/lib/python3.8/site-packages/airflow/example_dags/example_sla_dag.py
[2024-01-29T18:22:27.976+0000] {processor.py:829} INFO - Processing file /home/airflow/.local/lib/python3.8/site-packages/airflow/example_dags/example_sla_dag.py for tasks to queue
[2024-01-29T18:22:27.978+0000] {logging_mixin.py:151} INFO - [2024-01-29T18:22:27.978+0000] {dagbag.py:536} INFO - Filling up the DagBag from /home/airflow/.local/lib/python3.8/site-packages/airflow/example_dags/example_sla_dag.py
[2024-01-29T18:22:27.987+0000] {processor.py:839} INFO - DAG(s) dict_keys(['example_sla_dag']) retrieved from /home/airflow/.local/lib/python3.8/site-packages/airflow/example_dags/example_sla_dag.py
[2024-01-29T18:22:28.011+0000] {logging_mixin.py:151} INFO - [2024-01-29T18:22:28.011+0000] {dag.py:2941} INFO - Sync 1 DAGs
[2024-01-29T18:22:28.199+0000] {logging_mixin.py:151} INFO - [2024-01-29T18:22:28.199+0000] {dag.py:3722} INFO - Setting next_dagrun for example_sla_dag to 2024-01-29T18:20:00+00:00, run_after=2024-01-29T18:22:00+00:00
[2024-01-29T18:22:28.225+0000] {processor.py:179} INFO - Processing /home/airflow/.local/lib/python3.8/site-packages/airflow/example_dags/example_sla_dag.py took 0.253 seconds
[2024-01-29T18:22:58.579+0000] {processor.py:157} INFO - Started process (PID=2374) to work on /home/airflow/.local/lib/python3.8/site-packages/airflow/example_dags/example_sla_dag.py
[2024-01-29T18:22:58.580+0000] {processor.py:829} INFO - Processing file /home/airflow/.local/lib/python3.8/site-packages/airflow/example_dags/example_sla_dag.py for tasks to queue
[2024-01-29T18:22:58.583+0000] {logging_mixin.py:151} INFO - [2024-01-29T18:22:58.582+0000] {dagbag.py:536} INFO - Filling up the DagBag from /home/airflow/.local/lib/python3.8/site-packages/airflow/example_dags/example_sla_dag.py
[2024-01-29T18:22:58.594+0000] {processor.py:839} INFO - DAG(s) dict_keys(['example_sla_dag']) retrieved from /home/airflow/.local/lib/python3.8/site-packages/airflow/example_dags/example_sla_dag.py
[2024-01-29T18:22:58.616+0000] {logging_mixin.py:151} INFO - [2024-01-29T18:22:58.616+0000] {dag.py:2941} INFO - Sync 1 DAGs
[2024-01-29T18:22:58.649+0000] {logging_mixin.py:151} INFO - [2024-01-29T18:22:58.648+0000] {dag.py:3722} INFO - Setting next_dagrun for example_sla_dag to 2024-01-29T18:20:00+00:00, run_after=2024-01-29T18:22:00+00:00
[2024-01-29T18:22:58.674+0000] {processor.py:179} INFO - Processing /home/airflow/.local/lib/python3.8/site-packages/airflow/example_dags/example_sla_dag.py took 0.098 seconds
[2024-01-29T18:23:29.177+0000] {processor.py:157} INFO - Started process (PID=2430) to work on /home/airflow/.local/lib/python3.8/site-packages/airflow/example_dags/example_sla_dag.py
[2024-01-29T18:23:29.178+0000] {processor.py:829} INFO - Processing file /home/airflow/.local/lib/python3.8/site-packages/airflow/example_dags/example_sla_dag.py for tasks to queue
[2024-01-29T18:23:29.180+0000] {logging_mixin.py:151} INFO - [2024-01-29T18:23:29.180+0000] {dagbag.py:536} INFO - Filling up the DagBag from /home/airflow/.local/lib/python3.8/site-packages/airflow/example_dags/example_sla_dag.py
[2024-01-29T18:23:29.193+0000] {processor.py:839} INFO - DAG(s) dict_keys(['example_sla_dag']) retrieved from /home/airflow/.local/lib/python3.8/site-packages/airflow/example_dags/example_sla_dag.py
[2024-01-29T18:23:29.214+0000] {logging_mixin.py:151} INFO - [2024-01-29T18:23:29.213+0000] {dag.py:2941} INFO - Sync 1 DAGs
[2024-01-29T18:23:29.243+0000] {logging_mixin.py:151} INFO - [2024-01-29T18:23:29.243+0000] {dag.py:3722} INFO - Setting next_dagrun for example_sla_dag to 2024-01-29T18:20:00+00:00, run_after=2024-01-29T18:22:00+00:00
[2024-01-29T18:23:29.267+0000] {processor.py:179} INFO - Processing /home/airflow/.local/lib/python3.8/site-packages/airflow/example_dags/example_sla_dag.py took 0.094 seconds
[2024-01-29T18:23:59.689+0000] {processor.py:157} INFO - Started process (PID=2486) to work on /home/airflow/.local/lib/python3.8/site-packages/airflow/example_dags/example_sla_dag.py
[2024-01-29T18:23:59.691+0000] {processor.py:829} INFO - Processing file /home/airflow/.local/lib/python3.8/site-packages/airflow/example_dags/example_sla_dag.py for tasks to queue
[2024-01-29T18:23:59.693+0000] {logging_mixin.py:151} INFO - [2024-01-29T18:23:59.693+0000] {dagbag.py:536} INFO - Filling up the DagBag from /home/airflow/.local/lib/python3.8/site-packages/airflow/example_dags/example_sla_dag.py
[2024-01-29T18:23:59.702+0000] {processor.py:839} INFO - DAG(s) dict_keys(['example_sla_dag']) retrieved from /home/airflow/.local/lib/python3.8/site-packages/airflow/example_dags/example_sla_dag.py
[2024-01-29T18:23:59.726+0000] {logging_mixin.py:151} INFO - [2024-01-29T18:23:59.726+0000] {dag.py:2941} INFO - Sync 1 DAGs
[2024-01-29T18:23:59.761+0000] {logging_mixin.py:151} INFO - [2024-01-29T18:23:59.761+0000] {dag.py:3722} INFO - Setting next_dagrun for example_sla_dag to 2024-01-29T18:20:00+00:00, run_after=2024-01-29T18:22:00+00:00
[2024-01-29T18:23:59.958+0000] {processor.py:179} INFO - Processing /home/airflow/.local/lib/python3.8/site-packages/airflow/example_dags/example_sla_dag.py took 0.271 seconds
[2024-01-29T18:24:30.761+0000] {processor.py:157} INFO - Started process (PID=2542) to work on /home/airflow/.local/lib/python3.8/site-packages/airflow/example_dags/example_sla_dag.py
[2024-01-29T18:24:30.762+0000] {processor.py:829} INFO - Processing file /home/airflow/.local/lib/python3.8/site-packages/airflow/example_dags/example_sla_dag.py for tasks to queue
[2024-01-29T18:24:30.764+0000] {logging_mixin.py:151} INFO - [2024-01-29T18:24:30.764+0000] {dagbag.py:536} INFO - Filling up the DagBag from /home/airflow/.local/lib/python3.8/site-packages/airflow/example_dags/example_sla_dag.py
[2024-01-29T18:24:30.773+0000] {processor.py:839} INFO - DAG(s) dict_keys(['example_sla_dag']) retrieved from /home/airflow/.local/lib/python3.8/site-packages/airflow/example_dags/example_sla_dag.py
[2024-01-29T18:24:30.794+0000] {logging_mixin.py:151} INFO - [2024-01-29T18:24:30.794+0000] {dag.py:2941} INFO - Sync 1 DAGs
[2024-01-29T18:24:30.826+0000] {logging_mixin.py:151} INFO - [2024-01-29T18:24:30.826+0000] {dag.py:3722} INFO - Setting next_dagrun for example_sla_dag to 2024-01-29T18:22:00+00:00, run_after=2024-01-29T18:24:00+00:00
[2024-01-29T18:24:30.854+0000] {processor.py:179} INFO - Processing /home/airflow/.local/lib/python3.8/site-packages/airflow/example_dags/example_sla_dag.py took 0.096 seconds
[2024-01-29T18:25:00.934+0000] {processor.py:157} INFO - Started process (PID=2598) to work on /home/airflow/.local/lib/python3.8/site-packages/airflow/example_dags/example_sla_dag.py
[2024-01-29T18:25:00.936+0000] {processor.py:829} INFO - Processing file /home/airflow/.local/lib/python3.8/site-packages/airflow/example_dags/example_sla_dag.py for tasks to queue
[2024-01-29T18:25:00.938+0000] {logging_mixin.py:151} INFO - [2024-01-29T18:25:00.937+0000] {dagbag.py:536} INFO - Filling up the DagBag from /home/airflow/.local/lib/python3.8/site-packages/airflow/example_dags/example_sla_dag.py
[2024-01-29T18:25:00.950+0000] {processor.py:839} INFO - DAG(s) dict_keys(['example_sla_dag']) retrieved from /home/airflow/.local/lib/python3.8/site-packages/airflow/example_dags/example_sla_dag.py
[2024-01-29T18:25:00.974+0000] {logging_mixin.py:151} INFO - [2024-01-29T18:25:00.974+0000] {dag.py:2941} INFO - Sync 1 DAGs
[2024-01-29T18:25:01.006+0000] {logging_mixin.py:151} INFO - [2024-01-29T18:25:01.006+0000] {dag.py:3722} INFO - Setting next_dagrun for example_sla_dag to 2024-01-29T18:22:00+00:00, run_after=2024-01-29T18:24:00+00:00
[2024-01-29T18:25:01.033+0000] {processor.py:179} INFO - Processing /home/airflow/.local/lib/python3.8/site-packages/airflow/example_dags/example_sla_dag.py took 0.103 seconds
[2024-01-29T18:25:31.609+0000] {processor.py:157} INFO - Started process (PID=2654) to work on /home/airflow/.local/lib/python3.8/site-packages/airflow/example_dags/example_sla_dag.py
[2024-01-29T18:25:31.611+0000] {processor.py:829} INFO - Processing file /home/airflow/.local/lib/python3.8/site-packages/airflow/example_dags/example_sla_dag.py for tasks to queue
[2024-01-29T18:25:31.615+0000] {logging_mixin.py:151} INFO - [2024-01-29T18:25:31.614+0000] {dagbag.py:536} INFO - Filling up the DagBag from /home/airflow/.local/lib/python3.8/site-packages/airflow/example_dags/example_sla_dag.py
[2024-01-29T18:25:31.628+0000] {processor.py:839} INFO - DAG(s) dict_keys(['example_sla_dag']) retrieved from /home/airflow/.local/lib/python3.8/site-packages/airflow/example_dags/example_sla_dag.py
[2024-01-29T18:25:31.655+0000] {logging_mixin.py:151} INFO - [2024-01-29T18:25:31.655+0000] {dag.py:2941} INFO - Sync 1 DAGs
[2024-01-29T18:25:31.858+0000] {logging_mixin.py:151} INFO - [2024-01-29T18:25:31.858+0000] {dag.py:3722} INFO - Setting next_dagrun for example_sla_dag to 2024-01-29T18:22:00+00:00, run_after=2024-01-29T18:24:00+00:00
[2024-01-29T18:25:31.888+0000] {processor.py:179} INFO - Processing /home/airflow/.local/lib/python3.8/site-packages/airflow/example_dags/example_sla_dag.py took 0.284 seconds
[2024-01-29T18:26:02.674+0000] {processor.py:157} INFO - Started process (PID=2710) to work on /home/airflow/.local/lib/python3.8/site-packages/airflow/example_dags/example_sla_dag.py
[2024-01-29T18:26:02.676+0000] {processor.py:829} INFO - Processing file /home/airflow/.local/lib/python3.8/site-packages/airflow/example_dags/example_sla_dag.py for tasks to queue
[2024-01-29T18:26:02.678+0000] {logging_mixin.py:151} INFO - [2024-01-29T18:26:02.678+0000] {dagbag.py:536} INFO - Filling up the DagBag from /home/airflow/.local/lib/python3.8/site-packages/airflow/example_dags/example_sla_dag.py
[2024-01-29T18:26:02.688+0000] {processor.py:839} INFO - DAG(s) dict_keys(['example_sla_dag']) retrieved from /home/airflow/.local/lib/python3.8/site-packages/airflow/example_dags/example_sla_dag.py
[2024-01-29T18:26:02.712+0000] {logging_mixin.py:151} INFO - [2024-01-29T18:26:02.711+0000] {dag.py:2941} INFO - Sync 1 DAGs
[2024-01-29T18:26:02.746+0000] {logging_mixin.py:151} INFO - [2024-01-29T18:26:02.746+0000] {dag.py:3722} INFO - Setting next_dagrun for example_sla_dag to 2024-01-29T18:24:00+00:00, run_after=2024-01-29T18:26:00+00:00
[2024-01-29T18:26:02.930+0000] {processor.py:179} INFO - Processing /home/airflow/.local/lib/python3.8/site-packages/airflow/example_dags/example_sla_dag.py took 0.259 seconds
[2024-01-29T18:26:33.200+0000] {processor.py:157} INFO - Started process (PID=2766) to work on /home/airflow/.local/lib/python3.8/site-packages/airflow/example_dags/example_sla_dag.py
[2024-01-29T18:26:33.201+0000] {processor.py:829} INFO - Processing file /home/airflow/.local/lib/python3.8/site-packages/airflow/example_dags/example_sla_dag.py for tasks to queue
[2024-01-29T18:26:33.203+0000] {logging_mixin.py:151} INFO - [2024-01-29T18:26:33.203+0000] {dagbag.py:536} INFO - Filling up the DagBag from /home/airflow/.local/lib/python3.8/site-packages/airflow/example_dags/example_sla_dag.py
[2024-01-29T18:26:33.357+0000] {processor.py:839} INFO - DAG(s) dict_keys(['example_sla_dag']) retrieved from /home/airflow/.local/lib/python3.8/site-packages/airflow/example_dags/example_sla_dag.py
[2024-01-29T18:26:33.378+0000] {logging_mixin.py:151} INFO - [2024-01-29T18:26:33.378+0000] {dag.py:2941} INFO - Sync 1 DAGs
[2024-01-29T18:26:33.409+0000] {logging_mixin.py:151} INFO - [2024-01-29T18:26:33.409+0000] {dag.py:3722} INFO - Setting next_dagrun for example_sla_dag to 2024-01-29T18:24:00+00:00, run_after=2024-01-29T18:26:00+00:00
[2024-01-29T18:26:33.434+0000] {processor.py:179} INFO - Processing /home/airflow/.local/lib/python3.8/site-packages/airflow/example_dags/example_sla_dag.py took 0.237 seconds
[2024-01-29T18:27:03.956+0000] {processor.py:157} INFO - Started process (PID=2822) to work on /home/airflow/.local/lib/python3.8/site-packages/airflow/example_dags/example_sla_dag.py
[2024-01-29T18:27:03.957+0000] {processor.py:829} INFO - Processing file /home/airflow/.local/lib/python3.8/site-packages/airflow/example_dags/example_sla_dag.py for tasks to queue
[2024-01-29T18:27:03.959+0000] {logging_mixin.py:151} INFO - [2024-01-29T18:27:03.959+0000] {dagbag.py:536} INFO - Filling up the DagBag from /home/airflow/.local/lib/python3.8/site-packages/airflow/example_dags/example_sla_dag.py
[2024-01-29T18:27:03.968+0000] {processor.py:839} INFO - DAG(s) dict_keys(['example_sla_dag']) retrieved from /home/airflow/.local/lib/python3.8/site-packages/airflow/example_dags/example_sla_dag.py
[2024-01-29T18:27:03.988+0000] {logging_mixin.py:151} INFO - [2024-01-29T18:27:03.988+0000] {dag.py:2941} INFO - Sync 1 DAGs
[2024-01-29T18:27:04.015+0000] {logging_mixin.py:151} INFO - [2024-01-29T18:27:04.015+0000] {dag.py:3722} INFO - Setting next_dagrun for example_sla_dag to 2024-01-29T18:24:00+00:00, run_after=2024-01-29T18:26:00+00:00
[2024-01-29T18:27:04.049+0000] {processor.py:179} INFO - Processing /home/airflow/.local/lib/python3.8/site-packages/airflow/example_dags/example_sla_dag.py took 0.097 seconds
[2024-01-29T18:27:34.182+0000] {processor.py:157} INFO - Started process (PID=2878) to work on /home/airflow/.local/lib/python3.8/site-packages/airflow/example_dags/example_sla_dag.py
[2024-01-29T18:27:34.183+0000] {processor.py:829} INFO - Processing file /home/airflow/.local/lib/python3.8/site-packages/airflow/example_dags/example_sla_dag.py for tasks to queue
[2024-01-29T18:27:34.185+0000] {logging_mixin.py:151} INFO - [2024-01-29T18:27:34.185+0000] {dagbag.py:536} INFO - Filling up the DagBag from /home/airflow/.local/lib/python3.8/site-packages/airflow/example_dags/example_sla_dag.py
[2024-01-29T18:27:34.194+0000] {processor.py:839} INFO - DAG(s) dict_keys(['example_sla_dag']) retrieved from /home/airflow/.local/lib/python3.8/site-packages/airflow/example_dags/example_sla_dag.py
[2024-01-29T18:27:34.216+0000] {logging_mixin.py:151} INFO - [2024-01-29T18:27:34.216+0000] {dag.py:2941} INFO - Sync 1 DAGs
[2024-01-29T18:27:34.248+0000] {logging_mixin.py:151} INFO - [2024-01-29T18:27:34.248+0000] {dag.py:3722} INFO - Setting next_dagrun for example_sla_dag to 2024-01-29T18:24:00+00:00, run_after=2024-01-29T18:26:00+00:00
[2024-01-29T18:27:34.276+0000] {processor.py:179} INFO - Processing /home/airflow/.local/lib/python3.8/site-packages/airflow/example_dags/example_sla_dag.py took 0.097 seconds
[2024-01-29T18:28:04.547+0000] {processor.py:157} INFO - Started process (PID=2934) to work on /home/airflow/.local/lib/python3.8/site-packages/airflow/example_dags/example_sla_dag.py
[2024-01-29T18:28:04.548+0000] {processor.py:829} INFO - Processing file /home/airflow/.local/lib/python3.8/site-packages/airflow/example_dags/example_sla_dag.py for tasks to queue
[2024-01-29T18:28:04.551+0000] {logging_mixin.py:151} INFO - [2024-01-29T18:28:04.551+0000] {dagbag.py:536} INFO - Filling up the DagBag from /home/airflow/.local/lib/python3.8/site-packages/airflow/example_dags/example_sla_dag.py
[2024-01-29T18:28:04.561+0000] {processor.py:839} INFO - DAG(s) dict_keys(['example_sla_dag']) retrieved from /home/airflow/.local/lib/python3.8/site-packages/airflow/example_dags/example_sla_dag.py
[2024-01-29T18:28:04.588+0000] {logging_mixin.py:151} INFO - [2024-01-29T18:28:04.587+0000] {dag.py:2941} INFO - Sync 1 DAGs
[2024-01-29T18:28:04.624+0000] {logging_mixin.py:151} INFO - [2024-01-29T18:28:04.624+0000] {dag.py:3722} INFO - Setting next_dagrun for example_sla_dag to 2024-01-29T18:26:00+00:00, run_after=2024-01-29T18:28:00+00:00
[2024-01-29T18:28:04.655+0000] {processor.py:179} INFO - Processing /home/airflow/.local/lib/python3.8/site-packages/airflow/example_dags/example_sla_dag.py took 0.111 seconds
[2024-01-29T18:28:34.870+0000] {processor.py:157} INFO - Started process (PID=2990) to work on /home/airflow/.local/lib/python3.8/site-packages/airflow/example_dags/example_sla_dag.py
[2024-01-29T18:28:34.871+0000] {processor.py:829} INFO - Processing file /home/airflow/.local/lib/python3.8/site-packages/airflow/example_dags/example_sla_dag.py for tasks to queue
[2024-01-29T18:28:34.874+0000] {logging_mixin.py:151} INFO - [2024-01-29T18:28:34.873+0000] {dagbag.py:536} INFO - Filling up the DagBag from /home/airflow/.local/lib/python3.8/site-packages/airflow/example_dags/example_sla_dag.py
[2024-01-29T18:28:34.882+0000] {processor.py:839} INFO - DAG(s) dict_keys(['example_sla_dag']) retrieved from /home/airflow/.local/lib/python3.8/site-packages/airflow/example_dags/example_sla_dag.py
[2024-01-29T18:28:34.904+0000] {logging_mixin.py:151} INFO - [2024-01-29T18:28:34.904+0000] {dag.py:2941} INFO - Sync 1 DAGs
[2024-01-29T18:28:34.937+0000] {logging_mixin.py:151} INFO - [2024-01-29T18:28:34.937+0000] {dag.py:3722} INFO - Setting next_dagrun for example_sla_dag to 2024-01-29T18:26:00+00:00, run_after=2024-01-29T18:28:00+00:00
[2024-01-29T18:28:34.963+0000] {processor.py:179} INFO - Processing /home/airflow/.local/lib/python3.8/site-packages/airflow/example_dags/example_sla_dag.py took 0.095 seconds
[2024-01-29T18:29:05.273+0000] {processor.py:157} INFO - Started process (PID=3046) to work on /home/airflow/.local/lib/python3.8/site-packages/airflow/example_dags/example_sla_dag.py
[2024-01-29T18:29:05.274+0000] {processor.py:829} INFO - Processing file /home/airflow/.local/lib/python3.8/site-packages/airflow/example_dags/example_sla_dag.py for tasks to queue
[2024-01-29T18:29:05.276+0000] {logging_mixin.py:151} INFO - [2024-01-29T18:29:05.276+0000] {dagbag.py:536} INFO - Filling up the DagBag from /home/airflow/.local/lib/python3.8/site-packages/airflow/example_dags/example_sla_dag.py
[2024-01-29T18:29:05.289+0000] {processor.py:839} INFO - DAG(s) dict_keys(['example_sla_dag']) retrieved from /home/airflow/.local/lib/python3.8/site-packages/airflow/example_dags/example_sla_dag.py
[2024-01-29T18:29:05.317+0000] {logging_mixin.py:151} INFO - [2024-01-29T18:29:05.317+0000] {dag.py:2941} INFO - Sync 1 DAGs
[2024-01-29T18:29:05.355+0000] {logging_mixin.py:151} INFO - [2024-01-29T18:29:05.355+0000] {dag.py:3722} INFO - Setting next_dagrun for example_sla_dag to 2024-01-29T18:26:00+00:00, run_after=2024-01-29T18:28:00+00:00
[2024-01-29T18:29:05.384+0000] {processor.py:179} INFO - Processing /home/airflow/.local/lib/python3.8/site-packages/airflow/example_dags/example_sla_dag.py took 0.115 seconds
[2024-01-29T18:29:35.676+0000] {processor.py:157} INFO - Started process (PID=3102) to work on /home/airflow/.local/lib/python3.8/site-packages/airflow/example_dags/example_sla_dag.py
[2024-01-29T18:29:35.678+0000] {processor.py:829} INFO - Processing file /home/airflow/.local/lib/python3.8/site-packages/airflow/example_dags/example_sla_dag.py for tasks to queue
[2024-01-29T18:29:35.680+0000] {logging_mixin.py:151} INFO - [2024-01-29T18:29:35.680+0000] {dagbag.py:536} INFO - Filling up the DagBag from /home/airflow/.local/lib/python3.8/site-packages/airflow/example_dags/example_sla_dag.py
[2024-01-29T18:29:35.692+0000] {processor.py:839} INFO - DAG(s) dict_keys(['example_sla_dag']) retrieved from /home/airflow/.local/lib/python3.8/site-packages/airflow/example_dags/example_sla_dag.py
[2024-01-29T18:29:35.715+0000] {logging_mixin.py:151} INFO - [2024-01-29T18:29:35.715+0000] {dag.py:2941} INFO - Sync 1 DAGs
[2024-01-29T18:29:35.749+0000] {logging_mixin.py:151} INFO - [2024-01-29T18:29:35.749+0000] {dag.py:3722} INFO - Setting next_dagrun for example_sla_dag to 2024-01-29T18:26:00+00:00, run_after=2024-01-29T18:28:00+00:00
[2024-01-29T18:29:35.776+0000] {processor.py:179} INFO - Processing /home/airflow/.local/lib/python3.8/site-packages/airflow/example_dags/example_sla_dag.py took 0.103 seconds
[2024-01-29T18:30:05.915+0000] {processor.py:157} INFO - Started process (PID=3158) to work on /home/airflow/.local/lib/python3.8/site-packages/airflow/example_dags/example_sla_dag.py
[2024-01-29T18:30:05.917+0000] {processor.py:829} INFO - Processing file /home/airflow/.local/lib/python3.8/site-packages/airflow/example_dags/example_sla_dag.py for tasks to queue
[2024-01-29T18:30:05.919+0000] {logging_mixin.py:151} INFO - [2024-01-29T18:30:05.918+0000] {dagbag.py:536} INFO - Filling up the DagBag from /home/airflow/.local/lib/python3.8/site-packages/airflow/example_dags/example_sla_dag.py
[2024-01-29T18:30:05.928+0000] {processor.py:839} INFO - DAG(s) dict_keys(['example_sla_dag']) retrieved from /home/airflow/.local/lib/python3.8/site-packages/airflow/example_dags/example_sla_dag.py
[2024-01-29T18:30:05.950+0000] {logging_mixin.py:151} INFO - [2024-01-29T18:30:05.949+0000] {dag.py:2941} INFO - Sync 1 DAGs
[2024-01-29T18:30:05.991+0000] {logging_mixin.py:151} INFO - [2024-01-29T18:30:05.990+0000] {dag.py:3722} INFO - Setting next_dagrun for example_sla_dag to 2024-01-29T18:28:00+00:00, run_after=2024-01-29T18:30:00+00:00
[2024-01-29T18:30:06.021+0000] {processor.py:179} INFO - Processing /home/airflow/.local/lib/python3.8/site-packages/airflow/example_dags/example_sla_dag.py took 0.108 seconds
[2024-01-29T18:30:36.221+0000] {processor.py:157} INFO - Started process (PID=3214) to work on /home/airflow/.local/lib/python3.8/site-packages/airflow/example_dags/example_sla_dag.py
[2024-01-29T18:30:36.223+0000] {processor.py:829} INFO - Processing file /home/airflow/.local/lib/python3.8/site-packages/airflow/example_dags/example_sla_dag.py for tasks to queue
[2024-01-29T18:30:36.226+0000] {logging_mixin.py:151} INFO - [2024-01-29T18:30:36.225+0000] {dagbag.py:536} INFO - Filling up the DagBag from /home/airflow/.local/lib/python3.8/site-packages/airflow/example_dags/example_sla_dag.py
[2024-01-29T18:30:36.235+0000] {processor.py:839} INFO - DAG(s) dict_keys(['example_sla_dag']) retrieved from /home/airflow/.local/lib/python3.8/site-packages/airflow/example_dags/example_sla_dag.py
[2024-01-29T18:30:36.266+0000] {logging_mixin.py:151} INFO - [2024-01-29T18:30:36.265+0000] {dag.py:2941} INFO - Sync 1 DAGs
[2024-01-29T18:30:36.315+0000] {logging_mixin.py:151} INFO - [2024-01-29T18:30:36.315+0000] {dag.py:3722} INFO - Setting next_dagrun for example_sla_dag to 2024-01-29T18:28:00+00:00, run_after=2024-01-29T18:30:00+00:00
[2024-01-29T18:30:36.356+0000] {processor.py:179} INFO - Processing /home/airflow/.local/lib/python3.8/site-packages/airflow/example_dags/example_sla_dag.py took 0.139 seconds
[2024-01-29T18:31:06.676+0000] {processor.py:157} INFO - Started process (PID=3270) to work on /home/airflow/.local/lib/python3.8/site-packages/airflow/example_dags/example_sla_dag.py
[2024-01-29T18:31:06.677+0000] {processor.py:829} INFO - Processing file /home/airflow/.local/lib/python3.8/site-packages/airflow/example_dags/example_sla_dag.py for tasks to queue
[2024-01-29T18:31:06.679+0000] {logging_mixin.py:151} INFO - [2024-01-29T18:31:06.679+0000] {dagbag.py:536} INFO - Filling up the DagBag from /home/airflow/.local/lib/python3.8/site-packages/airflow/example_dags/example_sla_dag.py
[2024-01-29T18:31:06.689+0000] {processor.py:839} INFO - DAG(s) dict_keys(['example_sla_dag']) retrieved from /home/airflow/.local/lib/python3.8/site-packages/airflow/example_dags/example_sla_dag.py
[2024-01-29T18:31:06.713+0000] {logging_mixin.py:151} INFO - [2024-01-29T18:31:06.713+0000] {dag.py:2941} INFO - Sync 1 DAGs
[2024-01-29T18:31:06.747+0000] {logging_mixin.py:151} INFO - [2024-01-29T18:31:06.747+0000] {dag.py:3722} INFO - Setting next_dagrun for example_sla_dag to 2024-01-29T18:28:00+00:00, run_after=2024-01-29T18:30:00+00:00
[2024-01-29T18:31:06.775+0000] {processor.py:179} INFO - Processing /home/airflow/.local/lib/python3.8/site-packages/airflow/example_dags/example_sla_dag.py took 0.102 seconds
[2024-01-29T18:31:37.053+0000] {processor.py:157} INFO - Started process (PID=3326) to work on /home/airflow/.local/lib/python3.8/site-packages/airflow/example_dags/example_sla_dag.py
[2024-01-29T18:31:37.054+0000] {processor.py:829} INFO - Processing file /home/airflow/.local/lib/python3.8/site-packages/airflow/example_dags/example_sla_dag.py for tasks to queue
[2024-01-29T18:31:37.056+0000] {logging_mixin.py:151} INFO - [2024-01-29T18:31:37.056+0000] {dagbag.py:536} INFO - Filling up the DagBag from /home/airflow/.local/lib/python3.8/site-packages/airflow/example_dags/example_sla_dag.py
[2024-01-29T18:31:37.065+0000] {processor.py:839} INFO - DAG(s) dict_keys(['example_sla_dag']) retrieved from /home/airflow/.local/lib/python3.8/site-packages/airflow/example_dags/example_sla_dag.py
[2024-01-29T18:31:37.087+0000] {logging_mixin.py:151} INFO - [2024-01-29T18:31:37.087+0000] {dag.py:2941} INFO - Sync 1 DAGs
[2024-01-29T18:31:37.117+0000] {logging_mixin.py:151} INFO - [2024-01-29T18:31:37.117+0000] {dag.py:3722} INFO - Setting next_dagrun for example_sla_dag to 2024-01-29T18:28:00+00:00, run_after=2024-01-29T18:30:00+00:00
[2024-01-29T18:31:37.141+0000] {processor.py:179} INFO - Processing /home/airflow/.local/lib/python3.8/site-packages/airflow/example_dags/example_sla_dag.py took 0.091 seconds
[2024-01-29T18:32:07.609+0000] {processor.py:157} INFO - Started process (PID=3382) to work on /home/airflow/.local/lib/python3.8/site-packages/airflow/example_dags/example_sla_dag.py
[2024-01-29T18:32:07.610+0000] {processor.py:829} INFO - Processing file /home/airflow/.local/lib/python3.8/site-packages/airflow/example_dags/example_sla_dag.py for tasks to queue
[2024-01-29T18:32:07.613+0000] {logging_mixin.py:151} INFO - [2024-01-29T18:32:07.613+0000] {dagbag.py:536} INFO - Filling up the DagBag from /home/airflow/.local/lib/python3.8/site-packages/airflow/example_dags/example_sla_dag.py
[2024-01-29T18:32:07.625+0000] {processor.py:839} INFO - DAG(s) dict_keys(['example_sla_dag']) retrieved from /home/airflow/.local/lib/python3.8/site-packages/airflow/example_dags/example_sla_dag.py
[2024-01-29T18:32:07.647+0000] {logging_mixin.py:151} INFO - [2024-01-29T18:32:07.647+0000] {dag.py:2941} INFO - Sync 1 DAGs
[2024-01-29T18:32:07.676+0000] {logging_mixin.py:151} INFO - [2024-01-29T18:32:07.676+0000] {dag.py:3722} INFO - Setting next_dagrun for example_sla_dag to 2024-01-29T18:30:00+00:00, run_after=2024-01-29T18:32:00+00:00
[2024-01-29T18:32:07.707+0000] {processor.py:179} INFO - Processing /home/airflow/.local/lib/python3.8/site-packages/airflow/example_dags/example_sla_dag.py took 0.101 seconds
[2024-01-29T18:32:38.128+0000] {processor.py:157} INFO - Started process (PID=3438) to work on /home/airflow/.local/lib/python3.8/site-packages/airflow/example_dags/example_sla_dag.py
[2024-01-29T18:32:38.129+0000] {processor.py:829} INFO - Processing file /home/airflow/.local/lib/python3.8/site-packages/airflow/example_dags/example_sla_dag.py for tasks to queue
[2024-01-29T18:32:38.132+0000] {logging_mixin.py:151} INFO - [2024-01-29T18:32:38.131+0000] {dagbag.py:536} INFO - Filling up the DagBag from /home/airflow/.local/lib/python3.8/site-packages/airflow/example_dags/example_sla_dag.py
[2024-01-29T18:32:38.140+0000] {processor.py:839} INFO - DAG(s) dict_keys(['example_sla_dag']) retrieved from /home/airflow/.local/lib/python3.8/site-packages/airflow/example_dags/example_sla_dag.py
[2024-01-29T18:32:38.163+0000] {logging_mixin.py:151} INFO - [2024-01-29T18:32:38.163+0000] {dag.py:2941} INFO - Sync 1 DAGs
[2024-01-29T18:32:38.196+0000] {logging_mixin.py:151} INFO - [2024-01-29T18:32:38.196+0000] {dag.py:3722} INFO - Setting next_dagrun for example_sla_dag to 2024-01-29T18:30:00+00:00, run_after=2024-01-29T18:32:00+00:00
[2024-01-29T18:32:38.222+0000] {processor.py:179} INFO - Processing /home/airflow/.local/lib/python3.8/site-packages/airflow/example_dags/example_sla_dag.py took 0.097 seconds
[2024-01-29T18:33:08.512+0000] {processor.py:157} INFO - Started process (PID=3494) to work on /home/airflow/.local/lib/python3.8/site-packages/airflow/example_dags/example_sla_dag.py
[2024-01-29T18:33:08.513+0000] {processor.py:829} INFO - Processing file /home/airflow/.local/lib/python3.8/site-packages/airflow/example_dags/example_sla_dag.py for tasks to queue
[2024-01-29T18:33:08.515+0000] {logging_mixin.py:151} INFO - [2024-01-29T18:33:08.515+0000] {dagbag.py:536} INFO - Filling up the DagBag from /home/airflow/.local/lib/python3.8/site-packages/airflow/example_dags/example_sla_dag.py
[2024-01-29T18:33:08.523+0000] {processor.py:839} INFO - DAG(s) dict_keys(['example_sla_dag']) retrieved from /home/airflow/.local/lib/python3.8/site-packages/airflow/example_dags/example_sla_dag.py
[2024-01-29T18:33:08.544+0000] {logging_mixin.py:151} INFO - [2024-01-29T18:33:08.544+0000] {dag.py:2941} INFO - Sync 1 DAGs
[2024-01-29T18:33:08.574+0000] {logging_mixin.py:151} INFO - [2024-01-29T18:33:08.574+0000] {dag.py:3722} INFO - Setting next_dagrun for example_sla_dag to 2024-01-29T18:30:00+00:00, run_after=2024-01-29T18:32:00+00:00
[2024-01-29T18:33:08.596+0000] {processor.py:179} INFO - Processing /home/airflow/.local/lib/python3.8/site-packages/airflow/example_dags/example_sla_dag.py took 0.087 seconds
[2024-01-29T18:33:38.775+0000] {processor.py:157} INFO - Started process (PID=3550) to work on /home/airflow/.local/lib/python3.8/site-packages/airflow/example_dags/example_sla_dag.py
[2024-01-29T18:33:38.776+0000] {processor.py:829} INFO - Processing file /home/airflow/.local/lib/python3.8/site-packages/airflow/example_dags/example_sla_dag.py for tasks to queue
[2024-01-29T18:33:38.778+0000] {logging_mixin.py:151} INFO - [2024-01-29T18:33:38.778+0000] {dagbag.py:536} INFO - Filling up the DagBag from /home/airflow/.local/lib/python3.8/site-packages/airflow/example_dags/example_sla_dag.py
[2024-01-29T18:33:38.788+0000] {processor.py:839} INFO - DAG(s) dict_keys(['example_sla_dag']) retrieved from /home/airflow/.local/lib/python3.8/site-packages/airflow/example_dags/example_sla_dag.py
[2024-01-29T18:33:38.812+0000] {logging_mixin.py:151} INFO - [2024-01-29T18:33:38.811+0000] {dag.py:2941} INFO - Sync 1 DAGs
[2024-01-29T18:33:38.848+0000] {logging_mixin.py:151} INFO - [2024-01-29T18:33:38.847+0000] {dag.py:3722} INFO - Setting next_dagrun for example_sla_dag to 2024-01-29T18:30:00+00:00, run_after=2024-01-29T18:32:00+00:00
[2024-01-29T18:33:38.874+0000] {processor.py:179} INFO - Processing /home/airflow/.local/lib/python3.8/site-packages/airflow/example_dags/example_sla_dag.py took 0.103 seconds
[2024-01-29T18:34:09.085+0000] {processor.py:157} INFO - Started process (PID=3607) to work on /home/airflow/.local/lib/python3.8/site-packages/airflow/example_dags/example_sla_dag.py
[2024-01-29T18:34:09.086+0000] {processor.py:829} INFO - Processing file /home/airflow/.local/lib/python3.8/site-packages/airflow/example_dags/example_sla_dag.py for tasks to queue
[2024-01-29T18:34:09.089+0000] {logging_mixin.py:151} INFO - [2024-01-29T18:34:09.089+0000] {dagbag.py:536} INFO - Filling up the DagBag from /home/airflow/.local/lib/python3.8/site-packages/airflow/example_dags/example_sla_dag.py
[2024-01-29T18:34:09.098+0000] {processor.py:839} INFO - DAG(s) dict_keys(['example_sla_dag']) retrieved from /home/airflow/.local/lib/python3.8/site-packages/airflow/example_dags/example_sla_dag.py
[2024-01-29T18:34:09.121+0000] {logging_mixin.py:151} INFO - [2024-01-29T18:34:09.120+0000] {dag.py:2941} INFO - Sync 1 DAGs
[2024-01-29T18:34:09.155+0000] {logging_mixin.py:151} INFO - [2024-01-29T18:34:09.155+0000] {dag.py:3722} INFO - Setting next_dagrun for example_sla_dag to 2024-01-29T18:32:00+00:00, run_after=2024-01-29T18:34:00+00:00
[2024-01-29T18:34:09.183+0000] {processor.py:179} INFO - Processing /home/airflow/.local/lib/python3.8/site-packages/airflow/example_dags/example_sla_dag.py took 0.101 seconds
[2024-01-29T18:34:39.503+0000] {processor.py:157} INFO - Started process (PID=3663) to work on /home/airflow/.local/lib/python3.8/site-packages/airflow/example_dags/example_sla_dag.py
[2024-01-29T18:34:39.504+0000] {processor.py:829} INFO - Processing file /home/airflow/.local/lib/python3.8/site-packages/airflow/example_dags/example_sla_dag.py for tasks to queue
[2024-01-29T18:34:39.507+0000] {logging_mixin.py:151} INFO - [2024-01-29T18:34:39.507+0000] {dagbag.py:536} INFO - Filling up the DagBag from /home/airflow/.local/lib/python3.8/site-packages/airflow/example_dags/example_sla_dag.py
[2024-01-29T18:34:39.516+0000] {processor.py:839} INFO - DAG(s) dict_keys(['example_sla_dag']) retrieved from /home/airflow/.local/lib/python3.8/site-packages/airflow/example_dags/example_sla_dag.py
[2024-01-29T18:34:39.541+0000] {logging_mixin.py:151} INFO - [2024-01-29T18:34:39.540+0000] {dag.py:2941} INFO - Sync 1 DAGs
[2024-01-29T18:34:39.575+0000] {logging_mixin.py:151} INFO - [2024-01-29T18:34:39.574+0000] {dag.py:3722} INFO - Setting next_dagrun for example_sla_dag to 2024-01-29T18:32:00+00:00, run_after=2024-01-29T18:34:00+00:00
[2024-01-29T18:34:39.599+0000] {processor.py:179} INFO - Processing /home/airflow/.local/lib/python3.8/site-packages/airflow/example_dags/example_sla_dag.py took 0.099 seconds
[2024-01-29T18:35:09.837+0000] {processor.py:157} INFO - Started process (PID=3719) to work on /home/airflow/.local/lib/python3.8/site-packages/airflow/example_dags/example_sla_dag.py
[2024-01-29T18:35:09.838+0000] {processor.py:829} INFO - Processing file /home/airflow/.local/lib/python3.8/site-packages/airflow/example_dags/example_sla_dag.py for tasks to queue
[2024-01-29T18:35:09.840+0000] {logging_mixin.py:151} INFO - [2024-01-29T18:35:09.840+0000] {dagbag.py:536} INFO - Filling up the DagBag from /home/airflow/.local/lib/python3.8/site-packages/airflow/example_dags/example_sla_dag.py
[2024-01-29T18:35:09.848+0000] {processor.py:839} INFO - DAG(s) dict_keys(['example_sla_dag']) retrieved from /home/airflow/.local/lib/python3.8/site-packages/airflow/example_dags/example_sla_dag.py
[2024-01-29T18:35:09.870+0000] {logging_mixin.py:151} INFO - [2024-01-29T18:35:09.869+0000] {dag.py:2941} INFO - Sync 1 DAGs
[2024-01-29T18:35:09.900+0000] {logging_mixin.py:151} INFO - [2024-01-29T18:35:09.900+0000] {dag.py:3722} INFO - Setting next_dagrun for example_sla_dag to 2024-01-29T18:32:00+00:00, run_after=2024-01-29T18:34:00+00:00
[2024-01-29T18:35:09.930+0000] {processor.py:179} INFO - Processing /home/airflow/.local/lib/python3.8/site-packages/airflow/example_dags/example_sla_dag.py took 0.096 seconds
[2024-01-29T18:35:40.245+0000] {processor.py:157} INFO - Started process (PID=3775) to work on /home/airflow/.local/lib/python3.8/site-packages/airflow/example_dags/example_sla_dag.py
[2024-01-29T18:35:40.246+0000] {processor.py:829} INFO - Processing file /home/airflow/.local/lib/python3.8/site-packages/airflow/example_dags/example_sla_dag.py for tasks to queue
[2024-01-29T18:35:40.249+0000] {logging_mixin.py:151} INFO - [2024-01-29T18:35:40.248+0000] {dagbag.py:536} INFO - Filling up the DagBag from /home/airflow/.local/lib/python3.8/site-packages/airflow/example_dags/example_sla_dag.py
[2024-01-29T18:35:40.260+0000] {processor.py:839} INFO - DAG(s) dict_keys(['example_sla_dag']) retrieved from /home/airflow/.local/lib/python3.8/site-packages/airflow/example_dags/example_sla_dag.py
[2024-01-29T18:35:40.286+0000] {logging_mixin.py:151} INFO - [2024-01-29T18:35:40.286+0000] {dag.py:2941} INFO - Sync 1 DAGs
[2024-01-29T18:35:40.325+0000] {logging_mixin.py:151} INFO - [2024-01-29T18:35:40.324+0000] {dag.py:3722} INFO - Setting next_dagrun for example_sla_dag to 2024-01-29T18:32:00+00:00, run_after=2024-01-29T18:34:00+00:00
[2024-01-29T18:35:40.358+0000] {processor.py:179} INFO - Processing /home/airflow/.local/lib/python3.8/site-packages/airflow/example_dags/example_sla_dag.py took 0.116 seconds
[2024-01-29T18:36:10.490+0000] {processor.py:157} INFO - Started process (PID=3831) to work on /home/airflow/.local/lib/python3.8/site-packages/airflow/example_dags/example_sla_dag.py
[2024-01-29T18:36:10.491+0000] {processor.py:829} INFO - Processing file /home/airflow/.local/lib/python3.8/site-packages/airflow/example_dags/example_sla_dag.py for tasks to queue
[2024-01-29T18:36:10.494+0000] {logging_mixin.py:151} INFO - [2024-01-29T18:36:10.493+0000] {dagbag.py:536} INFO - Filling up the DagBag from /home/airflow/.local/lib/python3.8/site-packages/airflow/example_dags/example_sla_dag.py
[2024-01-29T18:36:10.502+0000] {processor.py:839} INFO - DAG(s) dict_keys(['example_sla_dag']) retrieved from /home/airflow/.local/lib/python3.8/site-packages/airflow/example_dags/example_sla_dag.py
[2024-01-29T18:36:10.525+0000] {logging_mixin.py:151} INFO - [2024-01-29T18:36:10.524+0000] {dag.py:2941} INFO - Sync 1 DAGs
[2024-01-29T18:36:10.556+0000] {logging_mixin.py:151} INFO - [2024-01-29T18:36:10.556+0000] {dag.py:3722} INFO - Setting next_dagrun for example_sla_dag to 2024-01-29T18:34:00+00:00, run_after=2024-01-29T18:36:00+00:00
[2024-01-29T18:36:10.579+0000] {processor.py:179} INFO - Processing /home/airflow/.local/lib/python3.8/site-packages/airflow/example_dags/example_sla_dag.py took 0.092 seconds
