[2024-01-29T17:57:48.023+0000] {processor.py:157} INFO - Started process (PID=46) to work on /home/airflow/.local/lib/python3.8/site-packages/airflow/example_dags/example_complex.py
[2024-01-29T17:57:48.031+0000] {processor.py:829} INFO - Processing file /home/airflow/.local/lib/python3.8/site-packages/airflow/example_dags/example_complex.py for tasks to queue
[2024-01-29T17:57:48.037+0000] {logging_mixin.py:151} INFO - [2024-01-29T17:57:48.036+0000] {dagbag.py:536} INFO - Filling up the DagBag from /home/airflow/.local/lib/python3.8/site-packages/airflow/example_dags/example_complex.py
[2024-01-29T17:57:48.075+0000] {processor.py:839} INFO - DAG(s) dict_keys(['example_complex']) retrieved from /home/airflow/.local/lib/python3.8/site-packages/airflow/example_dags/example_complex.py
[2024-01-29T17:57:48.099+0000] {logging_mixin.py:151} INFO - [2024-01-29T17:57:48.099+0000] {dag.py:2941} INFO - Sync 1 DAGs
[2024-01-29T17:57:48.131+0000] {logging_mixin.py:151} INFO - [2024-01-29T17:57:48.131+0000] {dag.py:3722} INFO - Setting next_dagrun for example_complex to None, run_after=None
[2024-01-29T17:57:48.175+0000] {processor.py:179} INFO - Processing /home/airflow/.local/lib/python3.8/site-packages/airflow/example_dags/example_complex.py took 0.157 seconds
[2024-01-29T17:58:18.939+0000] {processor.py:157} INFO - Started process (PID=100) to work on /home/airflow/.local/lib/python3.8/site-packages/airflow/example_dags/example_complex.py
[2024-01-29T17:58:18.940+0000] {processor.py:829} INFO - Processing file /home/airflow/.local/lib/python3.8/site-packages/airflow/example_dags/example_complex.py for tasks to queue
[2024-01-29T17:58:18.942+0000] {logging_mixin.py:151} INFO - [2024-01-29T17:58:18.941+0000] {dagbag.py:536} INFO - Filling up the DagBag from /home/airflow/.local/lib/python3.8/site-packages/airflow/example_dags/example_complex.py
[2024-01-29T17:58:18.953+0000] {processor.py:839} INFO - DAG(s) dict_keys(['example_complex']) retrieved from /home/airflow/.local/lib/python3.8/site-packages/airflow/example_dags/example_complex.py
[2024-01-29T17:58:18.990+0000] {logging_mixin.py:151} INFO - [2024-01-29T17:58:18.990+0000] {dag.py:2941} INFO - Sync 1 DAGs
[2024-01-29T17:58:19.008+0000] {logging_mixin.py:151} INFO - [2024-01-29T17:58:19.008+0000] {dag.py:3722} INFO - Setting next_dagrun for example_complex to None, run_after=None
[2024-01-29T17:58:19.038+0000] {processor.py:179} INFO - Processing /home/airflow/.local/lib/python3.8/site-packages/airflow/example_dags/example_complex.py took 0.102 seconds
[2024-01-29T17:58:49.087+0000] {processor.py:157} INFO - Started process (PID=153) to work on /home/airflow/.local/lib/python3.8/site-packages/airflow/example_dags/example_complex.py
[2024-01-29T17:58:49.089+0000] {processor.py:829} INFO - Processing file /home/airflow/.local/lib/python3.8/site-packages/airflow/example_dags/example_complex.py for tasks to queue
[2024-01-29T17:58:49.091+0000] {logging_mixin.py:151} INFO - [2024-01-29T17:58:49.091+0000] {dagbag.py:536} INFO - Filling up the DagBag from /home/airflow/.local/lib/python3.8/site-packages/airflow/example_dags/example_complex.py
[2024-01-29T17:58:49.106+0000] {processor.py:839} INFO - DAG(s) dict_keys(['example_complex']) retrieved from /home/airflow/.local/lib/python3.8/site-packages/airflow/example_dags/example_complex.py
[2024-01-29T17:58:49.144+0000] {logging_mixin.py:151} INFO - [2024-01-29T17:58:49.144+0000] {dag.py:2941} INFO - Sync 1 DAGs
[2024-01-29T17:58:49.160+0000] {logging_mixin.py:151} INFO - [2024-01-29T17:58:49.160+0000] {dag.py:3722} INFO - Setting next_dagrun for example_complex to None, run_after=None
[2024-01-29T17:58:49.186+0000] {processor.py:179} INFO - Processing /home/airflow/.local/lib/python3.8/site-packages/airflow/example_dags/example_complex.py took 0.101 seconds
[2024-01-29T17:59:19.313+0000] {processor.py:157} INFO - Started process (PID=207) to work on /home/airflow/.local/lib/python3.8/site-packages/airflow/example_dags/example_complex.py
[2024-01-29T17:59:19.314+0000] {processor.py:829} INFO - Processing file /home/airflow/.local/lib/python3.8/site-packages/airflow/example_dags/example_complex.py for tasks to queue
[2024-01-29T17:59:19.316+0000] {logging_mixin.py:151} INFO - [2024-01-29T17:59:19.316+0000] {dagbag.py:536} INFO - Filling up the DagBag from /home/airflow/.local/lib/python3.8/site-packages/airflow/example_dags/example_complex.py
[2024-01-29T17:59:19.330+0000] {processor.py:839} INFO - DAG(s) dict_keys(['example_complex']) retrieved from /home/airflow/.local/lib/python3.8/site-packages/airflow/example_dags/example_complex.py
[2024-01-29T17:59:19.367+0000] {logging_mixin.py:151} INFO - [2024-01-29T17:59:19.367+0000] {dag.py:2941} INFO - Sync 1 DAGs
[2024-01-29T17:59:19.385+0000] {logging_mixin.py:151} INFO - [2024-01-29T17:59:19.385+0000] {dag.py:3722} INFO - Setting next_dagrun for example_complex to None, run_after=None
[2024-01-29T17:59:19.412+0000] {processor.py:179} INFO - Processing /home/airflow/.local/lib/python3.8/site-packages/airflow/example_dags/example_complex.py took 0.101 seconds
[2024-01-29T17:59:49.691+0000] {processor.py:157} INFO - Started process (PID=261) to work on /home/airflow/.local/lib/python3.8/site-packages/airflow/example_dags/example_complex.py
[2024-01-29T17:59:49.692+0000] {processor.py:829} INFO - Processing file /home/airflow/.local/lib/python3.8/site-packages/airflow/example_dags/example_complex.py for tasks to queue
[2024-01-29T17:59:49.694+0000] {logging_mixin.py:151} INFO - [2024-01-29T17:59:49.694+0000] {dagbag.py:536} INFO - Filling up the DagBag from /home/airflow/.local/lib/python3.8/site-packages/airflow/example_dags/example_complex.py
[2024-01-29T17:59:49.709+0000] {processor.py:839} INFO - DAG(s) dict_keys(['example_complex']) retrieved from /home/airflow/.local/lib/python3.8/site-packages/airflow/example_dags/example_complex.py
[2024-01-29T17:59:49.747+0000] {logging_mixin.py:151} INFO - [2024-01-29T17:59:49.746+0000] {dag.py:2941} INFO - Sync 1 DAGs
[2024-01-29T17:59:49.762+0000] {logging_mixin.py:151} INFO - [2024-01-29T17:59:49.762+0000] {dag.py:3722} INFO - Setting next_dagrun for example_complex to None, run_after=None
[2024-01-29T17:59:49.788+0000] {processor.py:179} INFO - Processing /home/airflow/.local/lib/python3.8/site-packages/airflow/example_dags/example_complex.py took 0.100 seconds
[2024-01-29T18:00:20.293+0000] {processor.py:157} INFO - Started process (PID=315) to work on /home/airflow/.local/lib/python3.8/site-packages/airflow/example_dags/example_complex.py
[2024-01-29T18:00:20.295+0000] {processor.py:829} INFO - Processing file /home/airflow/.local/lib/python3.8/site-packages/airflow/example_dags/example_complex.py for tasks to queue
[2024-01-29T18:00:20.299+0000] {logging_mixin.py:151} INFO - [2024-01-29T18:00:20.298+0000] {dagbag.py:536} INFO - Filling up the DagBag from /home/airflow/.local/lib/python3.8/site-packages/airflow/example_dags/example_complex.py
[2024-01-29T18:00:20.331+0000] {processor.py:839} INFO - DAG(s) dict_keys(['example_complex']) retrieved from /home/airflow/.local/lib/python3.8/site-packages/airflow/example_dags/example_complex.py
[2024-01-29T18:00:20.412+0000] {logging_mixin.py:151} INFO - [2024-01-29T18:00:20.411+0000] {dag.py:2941} INFO - Sync 1 DAGs
[2024-01-29T18:00:20.434+0000] {logging_mixin.py:151} INFO - [2024-01-29T18:00:20.433+0000] {dag.py:3722} INFO - Setting next_dagrun for example_complex to None, run_after=None
[2024-01-29T18:00:20.467+0000] {processor.py:179} INFO - Processing /home/airflow/.local/lib/python3.8/site-packages/airflow/example_dags/example_complex.py took 0.188 seconds
[2024-01-29T18:00:51.410+0000] {processor.py:157} INFO - Started process (PID=369) to work on /home/airflow/.local/lib/python3.8/site-packages/airflow/example_dags/example_complex.py
[2024-01-29T18:00:51.412+0000] {processor.py:829} INFO - Processing file /home/airflow/.local/lib/python3.8/site-packages/airflow/example_dags/example_complex.py for tasks to queue
[2024-01-29T18:00:51.418+0000] {logging_mixin.py:151} INFO - [2024-01-29T18:00:51.417+0000] {dagbag.py:536} INFO - Filling up the DagBag from /home/airflow/.local/lib/python3.8/site-packages/airflow/example_dags/example_complex.py
[2024-01-29T18:00:51.455+0000] {processor.py:839} INFO - DAG(s) dict_keys(['example_complex']) retrieved from /home/airflow/.local/lib/python3.8/site-packages/airflow/example_dags/example_complex.py
[2024-01-29T18:00:51.519+0000] {logging_mixin.py:151} INFO - [2024-01-29T18:00:51.519+0000] {dag.py:2941} INFO - Sync 1 DAGs
[2024-01-29T18:00:51.541+0000] {logging_mixin.py:151} INFO - [2024-01-29T18:00:51.540+0000] {dag.py:3722} INFO - Setting next_dagrun for example_complex to None, run_after=None
[2024-01-29T18:00:51.573+0000] {processor.py:179} INFO - Processing /home/airflow/.local/lib/python3.8/site-packages/airflow/example_dags/example_complex.py took 0.170 seconds
[2024-01-29T18:01:55.590+0000] {processor.py:157} INFO - Started process (PID=47) to work on /home/airflow/.local/lib/python3.8/site-packages/airflow/example_dags/example_complex.py
[2024-01-29T18:01:55.591+0000] {processor.py:829} INFO - Processing file /home/airflow/.local/lib/python3.8/site-packages/airflow/example_dags/example_complex.py for tasks to queue
[2024-01-29T18:01:55.596+0000] {logging_mixin.py:151} INFO - [2024-01-29T18:01:55.595+0000] {dagbag.py:536} INFO - Filling up the DagBag from /home/airflow/.local/lib/python3.8/site-packages/airflow/example_dags/example_complex.py
[2024-01-29T18:01:55.617+0000] {processor.py:839} INFO - DAG(s) dict_keys(['example_complex']) retrieved from /home/airflow/.local/lib/python3.8/site-packages/airflow/example_dags/example_complex.py
[2024-01-29T18:01:55.635+0000] {logging_mixin.py:151} INFO - [2024-01-29T18:01:55.635+0000] {dag.py:2941} INFO - Sync 1 DAGs
[2024-01-29T18:01:55.659+0000] {logging_mixin.py:151} INFO - [2024-01-29T18:01:55.659+0000] {dag.py:3722} INFO - Setting next_dagrun for example_complex to None, run_after=None
[2024-01-29T18:01:55.703+0000] {processor.py:179} INFO - Processing /home/airflow/.local/lib/python3.8/site-packages/airflow/example_dags/example_complex.py took 0.118 seconds
[2024-01-29T18:02:25.822+0000] {processor.py:157} INFO - Started process (PID=102) to work on /home/airflow/.local/lib/python3.8/site-packages/airflow/example_dags/example_complex.py
[2024-01-29T18:02:25.823+0000] {processor.py:829} INFO - Processing file /home/airflow/.local/lib/python3.8/site-packages/airflow/example_dags/example_complex.py for tasks to queue
[2024-01-29T18:02:25.826+0000] {logging_mixin.py:151} INFO - [2024-01-29T18:02:25.825+0000] {dagbag.py:536} INFO - Filling up the DagBag from /home/airflow/.local/lib/python3.8/site-packages/airflow/example_dags/example_complex.py
[2024-01-29T18:02:25.842+0000] {processor.py:839} INFO - DAG(s) dict_keys(['example_complex']) retrieved from /home/airflow/.local/lib/python3.8/site-packages/airflow/example_dags/example_complex.py
[2024-01-29T18:02:25.903+0000] {logging_mixin.py:151} INFO - [2024-01-29T18:02:25.903+0000] {dag.py:2941} INFO - Sync 1 DAGs
[2024-01-29T18:02:25.923+0000] {logging_mixin.py:151} INFO - [2024-01-29T18:02:25.923+0000] {dag.py:3722} INFO - Setting next_dagrun for example_complex to None, run_after=None
[2024-01-29T18:02:25.956+0000] {processor.py:179} INFO - Processing /home/airflow/.local/lib/python3.8/site-packages/airflow/example_dags/example_complex.py took 0.137 seconds
[2024-01-29T18:02:56.071+0000] {processor.py:157} INFO - Started process (PID=157) to work on /home/airflow/.local/lib/python3.8/site-packages/airflow/example_dags/example_complex.py
[2024-01-29T18:02:56.072+0000] {processor.py:829} INFO - Processing file /home/airflow/.local/lib/python3.8/site-packages/airflow/example_dags/example_complex.py for tasks to queue
[2024-01-29T18:02:56.075+0000] {logging_mixin.py:151} INFO - [2024-01-29T18:02:56.074+0000] {dagbag.py:536} INFO - Filling up the DagBag from /home/airflow/.local/lib/python3.8/site-packages/airflow/example_dags/example_complex.py
[2024-01-29T18:02:56.091+0000] {processor.py:839} INFO - DAG(s) dict_keys(['example_complex']) retrieved from /home/airflow/.local/lib/python3.8/site-packages/airflow/example_dags/example_complex.py
[2024-01-29T18:02:56.138+0000] {logging_mixin.py:151} INFO - [2024-01-29T18:02:56.138+0000] {dag.py:2941} INFO - Sync 1 DAGs
[2024-01-29T18:02:56.152+0000] {logging_mixin.py:151} INFO - [2024-01-29T18:02:56.152+0000] {dag.py:3722} INFO - Setting next_dagrun for example_complex to None, run_after=None
[2024-01-29T18:02:56.175+0000] {processor.py:179} INFO - Processing /home/airflow/.local/lib/python3.8/site-packages/airflow/example_dags/example_complex.py took 0.107 seconds
[2024-01-29T18:03:27.005+0000] {processor.py:157} INFO - Started process (PID=212) to work on /home/airflow/.local/lib/python3.8/site-packages/airflow/example_dags/example_complex.py
[2024-01-29T18:03:27.006+0000] {processor.py:829} INFO - Processing file /home/airflow/.local/lib/python3.8/site-packages/airflow/example_dags/example_complex.py for tasks to queue
[2024-01-29T18:03:27.008+0000] {logging_mixin.py:151} INFO - [2024-01-29T18:03:27.008+0000] {dagbag.py:536} INFO - Filling up the DagBag from /home/airflow/.local/lib/python3.8/site-packages/airflow/example_dags/example_complex.py
[2024-01-29T18:03:27.041+0000] {processor.py:839} INFO - DAG(s) dict_keys(['example_complex']) retrieved from /home/airflow/.local/lib/python3.8/site-packages/airflow/example_dags/example_complex.py
[2024-01-29T18:03:27.165+0000] {logging_mixin.py:151} INFO - [2024-01-29T18:03:27.165+0000] {dag.py:2941} INFO - Sync 1 DAGs
[2024-01-29T18:03:27.185+0000] {logging_mixin.py:151} INFO - [2024-01-29T18:03:27.184+0000] {dag.py:3722} INFO - Setting next_dagrun for example_complex to None, run_after=None
[2024-01-29T18:03:27.214+0000] {processor.py:179} INFO - Processing /home/airflow/.local/lib/python3.8/site-packages/airflow/example_dags/example_complex.py took 0.212 seconds
[2024-01-29T18:03:57.305+0000] {processor.py:157} INFO - Started process (PID=267) to work on /home/airflow/.local/lib/python3.8/site-packages/airflow/example_dags/example_complex.py
[2024-01-29T18:03:57.306+0000] {processor.py:829} INFO - Processing file /home/airflow/.local/lib/python3.8/site-packages/airflow/example_dags/example_complex.py for tasks to queue
[2024-01-29T18:03:57.309+0000] {logging_mixin.py:151} INFO - [2024-01-29T18:03:57.309+0000] {dagbag.py:536} INFO - Filling up the DagBag from /home/airflow/.local/lib/python3.8/site-packages/airflow/example_dags/example_complex.py
[2024-01-29T18:03:57.326+0000] {processor.py:839} INFO - DAG(s) dict_keys(['example_complex']) retrieved from /home/airflow/.local/lib/python3.8/site-packages/airflow/example_dags/example_complex.py
[2024-01-29T18:03:57.380+0000] {logging_mixin.py:151} INFO - [2024-01-29T18:03:57.380+0000] {dag.py:2941} INFO - Sync 1 DAGs
[2024-01-29T18:03:57.401+0000] {logging_mixin.py:151} INFO - [2024-01-29T18:03:57.400+0000] {dag.py:3722} INFO - Setting next_dagrun for example_complex to None, run_after=None
[2024-01-29T18:03:57.441+0000] {processor.py:179} INFO - Processing /home/airflow/.local/lib/python3.8/site-packages/airflow/example_dags/example_complex.py took 0.139 seconds
[2024-01-29T18:04:28.255+0000] {processor.py:157} INFO - Started process (PID=323) to work on /home/airflow/.local/lib/python3.8/site-packages/airflow/example_dags/example_complex.py
[2024-01-29T18:04:28.256+0000] {processor.py:829} INFO - Processing file /home/airflow/.local/lib/python3.8/site-packages/airflow/example_dags/example_complex.py for tasks to queue
[2024-01-29T18:04:28.260+0000] {logging_mixin.py:151} INFO - [2024-01-29T18:04:28.259+0000] {dagbag.py:536} INFO - Filling up the DagBag from /home/airflow/.local/lib/python3.8/site-packages/airflow/example_dags/example_complex.py
[2024-01-29T18:04:28.277+0000] {processor.py:839} INFO - DAG(s) dict_keys(['example_complex']) retrieved from /home/airflow/.local/lib/python3.8/site-packages/airflow/example_dags/example_complex.py
[2024-01-29T18:04:28.318+0000] {logging_mixin.py:151} INFO - [2024-01-29T18:04:28.318+0000] {dag.py:2941} INFO - Sync 1 DAGs
[2024-01-29T18:04:28.335+0000] {logging_mixin.py:151} INFO - [2024-01-29T18:04:28.334+0000] {dag.py:3722} INFO - Setting next_dagrun for example_complex to None, run_after=None
[2024-01-29T18:04:28.370+0000] {processor.py:179} INFO - Processing /home/airflow/.local/lib/python3.8/site-packages/airflow/example_dags/example_complex.py took 0.118 seconds
[2024-01-29T18:04:59.181+0000] {processor.py:157} INFO - Started process (PID=380) to work on /home/airflow/.local/lib/python3.8/site-packages/airflow/example_dags/example_complex.py
[2024-01-29T18:04:59.183+0000] {processor.py:829} INFO - Processing file /home/airflow/.local/lib/python3.8/site-packages/airflow/example_dags/example_complex.py for tasks to queue
[2024-01-29T18:04:59.185+0000] {logging_mixin.py:151} INFO - [2024-01-29T18:04:59.185+0000] {dagbag.py:536} INFO - Filling up the DagBag from /home/airflow/.local/lib/python3.8/site-packages/airflow/example_dags/example_complex.py
[2024-01-29T18:04:59.209+0000] {processor.py:839} INFO - DAG(s) dict_keys(['example_complex']) retrieved from /home/airflow/.local/lib/python3.8/site-packages/airflow/example_dags/example_complex.py
[2024-01-29T18:04:59.251+0000] {logging_mixin.py:151} INFO - [2024-01-29T18:04:59.251+0000] {dag.py:2941} INFO - Sync 1 DAGs
[2024-01-29T18:04:59.272+0000] {logging_mixin.py:151} INFO - [2024-01-29T18:04:59.271+0000] {dag.py:3722} INFO - Setting next_dagrun for example_complex to None, run_after=None
[2024-01-29T18:04:59.302+0000] {processor.py:179} INFO - Processing /home/airflow/.local/lib/python3.8/site-packages/airflow/example_dags/example_complex.py took 0.124 seconds
[2024-01-29T18:05:29.805+0000] {processor.py:157} INFO - Started process (PID=435) to work on /home/airflow/.local/lib/python3.8/site-packages/airflow/example_dags/example_complex.py
[2024-01-29T18:05:29.806+0000] {processor.py:829} INFO - Processing file /home/airflow/.local/lib/python3.8/site-packages/airflow/example_dags/example_complex.py for tasks to queue
[2024-01-29T18:05:29.808+0000] {logging_mixin.py:151} INFO - [2024-01-29T18:05:29.808+0000] {dagbag.py:536} INFO - Filling up the DagBag from /home/airflow/.local/lib/python3.8/site-packages/airflow/example_dags/example_complex.py
[2024-01-29T18:05:29.821+0000] {processor.py:839} INFO - DAG(s) dict_keys(['example_complex']) retrieved from /home/airflow/.local/lib/python3.8/site-packages/airflow/example_dags/example_complex.py
[2024-01-29T18:05:29.857+0000] {logging_mixin.py:151} INFO - [2024-01-29T18:05:29.856+0000] {dag.py:2941} INFO - Sync 1 DAGs
[2024-01-29T18:05:29.872+0000] {logging_mixin.py:151} INFO - [2024-01-29T18:05:29.872+0000] {dag.py:3722} INFO - Setting next_dagrun for example_complex to None, run_after=None
[2024-01-29T18:05:29.894+0000] {processor.py:179} INFO - Processing /home/airflow/.local/lib/python3.8/site-packages/airflow/example_dags/example_complex.py took 0.093 seconds
[2024-01-29T18:05:59.999+0000] {processor.py:157} INFO - Started process (PID=490) to work on /home/airflow/.local/lib/python3.8/site-packages/airflow/example_dags/example_complex.py
[2024-01-29T18:06:00.000+0000] {processor.py:829} INFO - Processing file /home/airflow/.local/lib/python3.8/site-packages/airflow/example_dags/example_complex.py for tasks to queue
[2024-01-29T18:06:00.002+0000] {logging_mixin.py:151} INFO - [2024-01-29T18:06:00.002+0000] {dagbag.py:536} INFO - Filling up the DagBag from /home/airflow/.local/lib/python3.8/site-packages/airflow/example_dags/example_complex.py
[2024-01-29T18:06:00.015+0000] {processor.py:839} INFO - DAG(s) dict_keys(['example_complex']) retrieved from /home/airflow/.local/lib/python3.8/site-packages/airflow/example_dags/example_complex.py
[2024-01-29T18:06:00.063+0000] {logging_mixin.py:151} INFO - [2024-01-29T18:06:00.062+0000] {dag.py:2941} INFO - Sync 1 DAGs
[2024-01-29T18:06:00.077+0000] {logging_mixin.py:151} INFO - [2024-01-29T18:06:00.077+0000] {dag.py:3722} INFO - Setting next_dagrun for example_complex to None, run_after=None
[2024-01-29T18:06:00.099+0000] {processor.py:179} INFO - Processing /home/airflow/.local/lib/python3.8/site-packages/airflow/example_dags/example_complex.py took 0.102 seconds
[2024-01-29T18:06:30.395+0000] {processor.py:157} INFO - Started process (PID=545) to work on /home/airflow/.local/lib/python3.8/site-packages/airflow/example_dags/example_complex.py
[2024-01-29T18:06:30.396+0000] {processor.py:829} INFO - Processing file /home/airflow/.local/lib/python3.8/site-packages/airflow/example_dags/example_complex.py for tasks to queue
[2024-01-29T18:06:30.399+0000] {logging_mixin.py:151} INFO - [2024-01-29T18:06:30.398+0000] {dagbag.py:536} INFO - Filling up the DagBag from /home/airflow/.local/lib/python3.8/site-packages/airflow/example_dags/example_complex.py
[2024-01-29T18:06:30.421+0000] {processor.py:839} INFO - DAG(s) dict_keys(['example_complex']) retrieved from /home/airflow/.local/lib/python3.8/site-packages/airflow/example_dags/example_complex.py
[2024-01-29T18:06:30.460+0000] {logging_mixin.py:151} INFO - [2024-01-29T18:06:30.460+0000] {dag.py:2941} INFO - Sync 1 DAGs
[2024-01-29T18:06:30.481+0000] {logging_mixin.py:151} INFO - [2024-01-29T18:06:30.480+0000] {dag.py:3722} INFO - Setting next_dagrun for example_complex to None, run_after=None
[2024-01-29T18:06:30.508+0000] {processor.py:179} INFO - Processing /home/airflow/.local/lib/python3.8/site-packages/airflow/example_dags/example_complex.py took 0.116 seconds
[2024-01-29T18:07:00.787+0000] {processor.py:157} INFO - Started process (PID=601) to work on /home/airflow/.local/lib/python3.8/site-packages/airflow/example_dags/example_complex.py
[2024-01-29T18:07:00.788+0000] {processor.py:829} INFO - Processing file /home/airflow/.local/lib/python3.8/site-packages/airflow/example_dags/example_complex.py for tasks to queue
[2024-01-29T18:07:00.790+0000] {logging_mixin.py:151} INFO - [2024-01-29T18:07:00.790+0000] {dagbag.py:536} INFO - Filling up the DagBag from /home/airflow/.local/lib/python3.8/site-packages/airflow/example_dags/example_complex.py
[2024-01-29T18:07:00.805+0000] {processor.py:839} INFO - DAG(s) dict_keys(['example_complex']) retrieved from /home/airflow/.local/lib/python3.8/site-packages/airflow/example_dags/example_complex.py
[2024-01-29T18:07:00.851+0000] {logging_mixin.py:151} INFO - [2024-01-29T18:07:00.850+0000] {dag.py:2941} INFO - Sync 1 DAGs
[2024-01-29T18:07:00.869+0000] {logging_mixin.py:151} INFO - [2024-01-29T18:07:00.869+0000] {dag.py:3722} INFO - Setting next_dagrun for example_complex to None, run_after=None
[2024-01-29T18:07:00.900+0000] {processor.py:179} INFO - Processing /home/airflow/.local/lib/python3.8/site-packages/airflow/example_dags/example_complex.py took 0.117 seconds
[2024-01-29T18:07:31.002+0000] {processor.py:157} INFO - Started process (PID=656) to work on /home/airflow/.local/lib/python3.8/site-packages/airflow/example_dags/example_complex.py
[2024-01-29T18:07:31.004+0000] {processor.py:829} INFO - Processing file /home/airflow/.local/lib/python3.8/site-packages/airflow/example_dags/example_complex.py for tasks to queue
[2024-01-29T18:07:31.007+0000] {logging_mixin.py:151} INFO - [2024-01-29T18:07:31.007+0000] {dagbag.py:536} INFO - Filling up the DagBag from /home/airflow/.local/lib/python3.8/site-packages/airflow/example_dags/example_complex.py
[2024-01-29T18:07:31.027+0000] {processor.py:839} INFO - DAG(s) dict_keys(['example_complex']) retrieved from /home/airflow/.local/lib/python3.8/site-packages/airflow/example_dags/example_complex.py
[2024-01-29T18:07:31.084+0000] {logging_mixin.py:151} INFO - [2024-01-29T18:07:31.084+0000] {dag.py:2941} INFO - Sync 1 DAGs
[2024-01-29T18:07:31.103+0000] {logging_mixin.py:151} INFO - [2024-01-29T18:07:31.102+0000] {dag.py:3722} INFO - Setting next_dagrun for example_complex to None, run_after=None
[2024-01-29T18:07:31.140+0000] {processor.py:179} INFO - Processing /home/airflow/.local/lib/python3.8/site-packages/airflow/example_dags/example_complex.py took 0.144 seconds
[2024-01-29T18:08:01.361+0000] {processor.py:157} INFO - Started process (PID=712) to work on /home/airflow/.local/lib/python3.8/site-packages/airflow/example_dags/example_complex.py
[2024-01-29T18:08:01.362+0000] {processor.py:829} INFO - Processing file /home/airflow/.local/lib/python3.8/site-packages/airflow/example_dags/example_complex.py for tasks to queue
[2024-01-29T18:08:01.365+0000] {logging_mixin.py:151} INFO - [2024-01-29T18:08:01.364+0000] {dagbag.py:536} INFO - Filling up the DagBag from /home/airflow/.local/lib/python3.8/site-packages/airflow/example_dags/example_complex.py
[2024-01-29T18:08:01.380+0000] {processor.py:839} INFO - DAG(s) dict_keys(['example_complex']) retrieved from /home/airflow/.local/lib/python3.8/site-packages/airflow/example_dags/example_complex.py
[2024-01-29T18:08:01.424+0000] {logging_mixin.py:151} INFO - [2024-01-29T18:08:01.423+0000] {dag.py:2941} INFO - Sync 1 DAGs
[2024-01-29T18:08:01.440+0000] {logging_mixin.py:151} INFO - [2024-01-29T18:08:01.440+0000] {dag.py:3722} INFO - Setting next_dagrun for example_complex to None, run_after=None
[2024-01-29T18:08:01.466+0000] {processor.py:179} INFO - Processing /home/airflow/.local/lib/python3.8/site-packages/airflow/example_dags/example_complex.py took 0.109 seconds
[2024-01-29T18:08:31.742+0000] {processor.py:157} INFO - Started process (PID=769) to work on /home/airflow/.local/lib/python3.8/site-packages/airflow/example_dags/example_complex.py
[2024-01-29T18:08:31.743+0000] {processor.py:829} INFO - Processing file /home/airflow/.local/lib/python3.8/site-packages/airflow/example_dags/example_complex.py for tasks to queue
[2024-01-29T18:08:31.745+0000] {logging_mixin.py:151} INFO - [2024-01-29T18:08:31.744+0000] {dagbag.py:536} INFO - Filling up the DagBag from /home/airflow/.local/lib/python3.8/site-packages/airflow/example_dags/example_complex.py
[2024-01-29T18:08:31.758+0000] {processor.py:839} INFO - DAG(s) dict_keys(['example_complex']) retrieved from /home/airflow/.local/lib/python3.8/site-packages/airflow/example_dags/example_complex.py
[2024-01-29T18:08:31.797+0000] {logging_mixin.py:151} INFO - [2024-01-29T18:08:31.796+0000] {dag.py:2941} INFO - Sync 1 DAGs
[2024-01-29T18:08:31.812+0000] {logging_mixin.py:151} INFO - [2024-01-29T18:08:31.812+0000] {dag.py:3722} INFO - Setting next_dagrun for example_complex to None, run_after=None
[2024-01-29T18:08:31.840+0000] {processor.py:179} INFO - Processing /home/airflow/.local/lib/python3.8/site-packages/airflow/example_dags/example_complex.py took 0.102 seconds
[2024-01-29T18:09:02.704+0000] {processor.py:157} INFO - Started process (PID=825) to work on /home/airflow/.local/lib/python3.8/site-packages/airflow/example_dags/example_complex.py
[2024-01-29T18:09:02.705+0000] {processor.py:829} INFO - Processing file /home/airflow/.local/lib/python3.8/site-packages/airflow/example_dags/example_complex.py for tasks to queue
[2024-01-29T18:09:02.708+0000] {logging_mixin.py:151} INFO - [2024-01-29T18:09:02.708+0000] {dagbag.py:536} INFO - Filling up the DagBag from /home/airflow/.local/lib/python3.8/site-packages/airflow/example_dags/example_complex.py
[2024-01-29T18:09:02.722+0000] {processor.py:839} INFO - DAG(s) dict_keys(['example_complex']) retrieved from /home/airflow/.local/lib/python3.8/site-packages/airflow/example_dags/example_complex.py
[2024-01-29T18:09:02.760+0000] {logging_mixin.py:151} INFO - [2024-01-29T18:09:02.760+0000] {dag.py:2941} INFO - Sync 1 DAGs
[2024-01-29T18:09:02.776+0000] {logging_mixin.py:151} INFO - [2024-01-29T18:09:02.776+0000] {dag.py:3722} INFO - Setting next_dagrun for example_complex to None, run_after=None
[2024-01-29T18:09:02.802+0000] {processor.py:179} INFO - Processing /home/airflow/.local/lib/python3.8/site-packages/airflow/example_dags/example_complex.py took 0.101 seconds
[2024-01-29T18:09:33.274+0000] {processor.py:157} INFO - Started process (PID=884) to work on /home/airflow/.local/lib/python3.8/site-packages/airflow/example_dags/example_complex.py
[2024-01-29T18:09:33.275+0000] {processor.py:829} INFO - Processing file /home/airflow/.local/lib/python3.8/site-packages/airflow/example_dags/example_complex.py for tasks to queue
[2024-01-29T18:09:33.277+0000] {logging_mixin.py:151} INFO - [2024-01-29T18:09:33.277+0000] {dagbag.py:536} INFO - Filling up the DagBag from /home/airflow/.local/lib/python3.8/site-packages/airflow/example_dags/example_complex.py
[2024-01-29T18:09:33.295+0000] {processor.py:839} INFO - DAG(s) dict_keys(['example_complex']) retrieved from /home/airflow/.local/lib/python3.8/site-packages/airflow/example_dags/example_complex.py
[2024-01-29T18:09:33.343+0000] {logging_mixin.py:151} INFO - [2024-01-29T18:09:33.343+0000] {dag.py:2941} INFO - Sync 1 DAGs
[2024-01-29T18:09:33.359+0000] {logging_mixin.py:151} INFO - [2024-01-29T18:09:33.359+0000] {dag.py:3722} INFO - Setting next_dagrun for example_complex to None, run_after=None
[2024-01-29T18:09:33.389+0000] {processor.py:179} INFO - Processing /home/airflow/.local/lib/python3.8/site-packages/airflow/example_dags/example_complex.py took 0.118 seconds
[2024-01-29T18:10:03.674+0000] {processor.py:157} INFO - Started process (PID=940) to work on /home/airflow/.local/lib/python3.8/site-packages/airflow/example_dags/example_complex.py
[2024-01-29T18:10:03.675+0000] {processor.py:829} INFO - Processing file /home/airflow/.local/lib/python3.8/site-packages/airflow/example_dags/example_complex.py for tasks to queue
[2024-01-29T18:10:03.678+0000] {logging_mixin.py:151} INFO - [2024-01-29T18:10:03.677+0000] {dagbag.py:536} INFO - Filling up the DagBag from /home/airflow/.local/lib/python3.8/site-packages/airflow/example_dags/example_complex.py
[2024-01-29T18:10:03.709+0000] {processor.py:839} INFO - DAG(s) dict_keys(['example_complex']) retrieved from /home/airflow/.local/lib/python3.8/site-packages/airflow/example_dags/example_complex.py
[2024-01-29T18:10:03.775+0000] {logging_mixin.py:151} INFO - [2024-01-29T18:10:03.775+0000] {dag.py:2941} INFO - Sync 1 DAGs
[2024-01-29T18:10:03.798+0000] {logging_mixin.py:151} INFO - [2024-01-29T18:10:03.797+0000] {dag.py:3722} INFO - Setting next_dagrun for example_complex to None, run_after=None
[2024-01-29T18:10:03.837+0000] {processor.py:179} INFO - Processing /home/airflow/.local/lib/python3.8/site-packages/airflow/example_dags/example_complex.py took 0.167 seconds
[2024-01-29T18:10:34.427+0000] {processor.py:157} INFO - Started process (PID=1005) to work on /home/airflow/.local/lib/python3.8/site-packages/airflow/example_dags/example_complex.py
[2024-01-29T18:10:34.430+0000] {processor.py:829} INFO - Processing file /home/airflow/.local/lib/python3.8/site-packages/airflow/example_dags/example_complex.py for tasks to queue
[2024-01-29T18:10:34.434+0000] {logging_mixin.py:151} INFO - [2024-01-29T18:10:34.433+0000] {dagbag.py:536} INFO - Filling up the DagBag from /home/airflow/.local/lib/python3.8/site-packages/airflow/example_dags/example_complex.py
[2024-01-29T18:10:34.452+0000] {processor.py:839} INFO - DAG(s) dict_keys(['example_complex']) retrieved from /home/airflow/.local/lib/python3.8/site-packages/airflow/example_dags/example_complex.py
[2024-01-29T18:10:34.501+0000] {logging_mixin.py:151} INFO - [2024-01-29T18:10:34.500+0000] {dag.py:2941} INFO - Sync 1 DAGs
[2024-01-29T18:10:34.527+0000] {logging_mixin.py:151} INFO - [2024-01-29T18:10:34.527+0000] {dag.py:3722} INFO - Setting next_dagrun for example_complex to None, run_after=None
[2024-01-29T18:10:34.567+0000] {processor.py:179} INFO - Processing /home/airflow/.local/lib/python3.8/site-packages/airflow/example_dags/example_complex.py took 0.147 seconds
[2024-01-29T18:11:04.793+0000] {processor.py:157} INFO - Started process (PID=1065) to work on /home/airflow/.local/lib/python3.8/site-packages/airflow/example_dags/example_complex.py
[2024-01-29T18:11:04.795+0000] {processor.py:829} INFO - Processing file /home/airflow/.local/lib/python3.8/site-packages/airflow/example_dags/example_complex.py for tasks to queue
[2024-01-29T18:11:04.797+0000] {logging_mixin.py:151} INFO - [2024-01-29T18:11:04.796+0000] {dagbag.py:536} INFO - Filling up the DagBag from /home/airflow/.local/lib/python3.8/site-packages/airflow/example_dags/example_complex.py
[2024-01-29T18:11:04.811+0000] {processor.py:839} INFO - DAG(s) dict_keys(['example_complex']) retrieved from /home/airflow/.local/lib/python3.8/site-packages/airflow/example_dags/example_complex.py
[2024-01-29T18:11:04.848+0000] {logging_mixin.py:151} INFO - [2024-01-29T18:11:04.848+0000] {dag.py:2941} INFO - Sync 1 DAGs
[2024-01-29T18:11:04.864+0000] {logging_mixin.py:151} INFO - [2024-01-29T18:11:04.864+0000] {dag.py:3722} INFO - Setting next_dagrun for example_complex to None, run_after=None
[2024-01-29T18:11:04.889+0000] {processor.py:179} INFO - Processing /home/airflow/.local/lib/python3.8/site-packages/airflow/example_dags/example_complex.py took 0.099 seconds
[2024-01-29T18:11:35.122+0000] {processor.py:157} INFO - Started process (PID=1121) to work on /home/airflow/.local/lib/python3.8/site-packages/airflow/example_dags/example_complex.py
[2024-01-29T18:11:35.124+0000] {processor.py:829} INFO - Processing file /home/airflow/.local/lib/python3.8/site-packages/airflow/example_dags/example_complex.py for tasks to queue
[2024-01-29T18:11:35.126+0000] {logging_mixin.py:151} INFO - [2024-01-29T18:11:35.125+0000] {dagbag.py:536} INFO - Filling up the DagBag from /home/airflow/.local/lib/python3.8/site-packages/airflow/example_dags/example_complex.py
[2024-01-29T18:11:35.139+0000] {processor.py:839} INFO - DAG(s) dict_keys(['example_complex']) retrieved from /home/airflow/.local/lib/python3.8/site-packages/airflow/example_dags/example_complex.py
[2024-01-29T18:11:35.181+0000] {logging_mixin.py:151} INFO - [2024-01-29T18:11:35.180+0000] {dag.py:2941} INFO - Sync 1 DAGs
[2024-01-29T18:11:35.196+0000] {logging_mixin.py:151} INFO - [2024-01-29T18:11:35.196+0000] {dag.py:3722} INFO - Setting next_dagrun for example_complex to None, run_after=None
[2024-01-29T18:11:35.221+0000] {processor.py:179} INFO - Processing /home/airflow/.local/lib/python3.8/site-packages/airflow/example_dags/example_complex.py took 0.101 seconds
[2024-01-29T18:12:06.031+0000] {processor.py:157} INFO - Started process (PID=1177) to work on /home/airflow/.local/lib/python3.8/site-packages/airflow/example_dags/example_complex.py
[2024-01-29T18:12:06.033+0000] {processor.py:829} INFO - Processing file /home/airflow/.local/lib/python3.8/site-packages/airflow/example_dags/example_complex.py for tasks to queue
[2024-01-29T18:12:06.038+0000] {logging_mixin.py:151} INFO - [2024-01-29T18:12:06.037+0000] {dagbag.py:536} INFO - Filling up the DagBag from /home/airflow/.local/lib/python3.8/site-packages/airflow/example_dags/example_complex.py
[2024-01-29T18:12:06.070+0000] {processor.py:839} INFO - DAG(s) dict_keys(['example_complex']) retrieved from /home/airflow/.local/lib/python3.8/site-packages/airflow/example_dags/example_complex.py
[2024-01-29T18:12:06.147+0000] {logging_mixin.py:151} INFO - [2024-01-29T18:12:06.147+0000] {dag.py:2941} INFO - Sync 1 DAGs
[2024-01-29T18:12:06.183+0000] {logging_mixin.py:151} INFO - [2024-01-29T18:12:06.183+0000] {dag.py:3722} INFO - Setting next_dagrun for example_complex to None, run_after=None
[2024-01-29T18:12:06.249+0000] {processor.py:179} INFO - Processing /home/airflow/.local/lib/python3.8/site-packages/airflow/example_dags/example_complex.py took 0.228 seconds
[2024-01-29T18:12:36.425+0000] {processor.py:157} INFO - Started process (PID=1232) to work on /home/airflow/.local/lib/python3.8/site-packages/airflow/example_dags/example_complex.py
[2024-01-29T18:12:36.427+0000] {processor.py:829} INFO - Processing file /home/airflow/.local/lib/python3.8/site-packages/airflow/example_dags/example_complex.py for tasks to queue
[2024-01-29T18:12:36.432+0000] {logging_mixin.py:151} INFO - [2024-01-29T18:12:36.431+0000] {dagbag.py:536} INFO - Filling up the DagBag from /home/airflow/.local/lib/python3.8/site-packages/airflow/example_dags/example_complex.py
[2024-01-29T18:12:36.455+0000] {processor.py:839} INFO - DAG(s) dict_keys(['example_complex']) retrieved from /home/airflow/.local/lib/python3.8/site-packages/airflow/example_dags/example_complex.py
[2024-01-29T18:12:36.538+0000] {logging_mixin.py:151} INFO - [2024-01-29T18:12:36.537+0000] {dag.py:2941} INFO - Sync 1 DAGs
[2024-01-29T18:12:36.576+0000] {logging_mixin.py:151} INFO - [2024-01-29T18:12:36.576+0000] {dag.py:3722} INFO - Setting next_dagrun for example_complex to None, run_after=None
[2024-01-29T18:12:36.638+0000] {processor.py:179} INFO - Processing /home/airflow/.local/lib/python3.8/site-packages/airflow/example_dags/example_complex.py took 0.220 seconds
[2024-01-29T18:13:09.223+0000] {processor.py:157} INFO - Started process (PID=1289) to work on /home/airflow/.local/lib/python3.8/site-packages/airflow/example_dags/example_complex.py
[2024-01-29T18:13:09.225+0000] {processor.py:829} INFO - Processing file /home/airflow/.local/lib/python3.8/site-packages/airflow/example_dags/example_complex.py for tasks to queue
[2024-01-29T18:13:09.231+0000] {logging_mixin.py:151} INFO - [2024-01-29T18:13:09.230+0000] {dagbag.py:536} INFO - Filling up the DagBag from /home/airflow/.local/lib/python3.8/site-packages/airflow/example_dags/example_complex.py
[2024-01-29T18:13:09.269+0000] {processor.py:839} INFO - DAG(s) dict_keys(['example_complex']) retrieved from /home/airflow/.local/lib/python3.8/site-packages/airflow/example_dags/example_complex.py
[2024-01-29T18:13:09.364+0000] {logging_mixin.py:151} INFO - [2024-01-29T18:13:09.363+0000] {dag.py:2941} INFO - Sync 1 DAGs
[2024-01-29T18:13:09.412+0000] {logging_mixin.py:151} INFO - [2024-01-29T18:13:09.412+0000] {dag.py:3722} INFO - Setting next_dagrun for example_complex to None, run_after=None
[2024-01-29T18:13:09.472+0000] {processor.py:179} INFO - Processing /home/airflow/.local/lib/python3.8/site-packages/airflow/example_dags/example_complex.py took 0.255 seconds
[2024-01-29T18:13:40.248+0000] {processor.py:157} INFO - Started process (PID=1345) to work on /home/airflow/.local/lib/python3.8/site-packages/airflow/example_dags/example_complex.py
[2024-01-29T18:13:40.256+0000] {processor.py:829} INFO - Processing file /home/airflow/.local/lib/python3.8/site-packages/airflow/example_dags/example_complex.py for tasks to queue
[2024-01-29T18:13:40.261+0000] {logging_mixin.py:151} INFO - [2024-01-29T18:13:40.260+0000] {dagbag.py:536} INFO - Filling up the DagBag from /home/airflow/.local/lib/python3.8/site-packages/airflow/example_dags/example_complex.py
[2024-01-29T18:13:40.300+0000] {processor.py:839} INFO - DAG(s) dict_keys(['example_complex']) retrieved from /home/airflow/.local/lib/python3.8/site-packages/airflow/example_dags/example_complex.py
[2024-01-29T18:13:40.374+0000] {logging_mixin.py:151} INFO - [2024-01-29T18:13:40.374+0000] {dag.py:2941} INFO - Sync 1 DAGs
[2024-01-29T18:13:40.417+0000] {logging_mixin.py:151} INFO - [2024-01-29T18:13:40.416+0000] {dag.py:3722} INFO - Setting next_dagrun for example_complex to None, run_after=None
[2024-01-29T18:13:40.466+0000] {processor.py:179} INFO - Processing /home/airflow/.local/lib/python3.8/site-packages/airflow/example_dags/example_complex.py took 0.224 seconds
[2024-01-29T18:14:10.619+0000] {processor.py:157} INFO - Started process (PID=1402) to work on /home/airflow/.local/lib/python3.8/site-packages/airflow/example_dags/example_complex.py
[2024-01-29T18:14:10.621+0000] {processor.py:829} INFO - Processing file /home/airflow/.local/lib/python3.8/site-packages/airflow/example_dags/example_complex.py for tasks to queue
[2024-01-29T18:14:10.623+0000] {logging_mixin.py:151} INFO - [2024-01-29T18:14:10.622+0000] {dagbag.py:536} INFO - Filling up the DagBag from /home/airflow/.local/lib/python3.8/site-packages/airflow/example_dags/example_complex.py
[2024-01-29T18:14:10.635+0000] {processor.py:839} INFO - DAG(s) dict_keys(['example_complex']) retrieved from /home/airflow/.local/lib/python3.8/site-packages/airflow/example_dags/example_complex.py
[2024-01-29T18:14:10.683+0000] {logging_mixin.py:151} INFO - [2024-01-29T18:14:10.682+0000] {dag.py:2941} INFO - Sync 1 DAGs
[2024-01-29T18:14:10.702+0000] {logging_mixin.py:151} INFO - [2024-01-29T18:14:10.702+0000] {dag.py:3722} INFO - Setting next_dagrun for example_complex to None, run_after=None
[2024-01-29T18:14:10.748+0000] {processor.py:179} INFO - Processing /home/airflow/.local/lib/python3.8/site-packages/airflow/example_dags/example_complex.py took 0.131 seconds
[2024-01-29T18:14:41.550+0000] {processor.py:157} INFO - Started process (PID=1457) to work on /home/airflow/.local/lib/python3.8/site-packages/airflow/example_dags/example_complex.py
[2024-01-29T18:14:41.552+0000] {processor.py:829} INFO - Processing file /home/airflow/.local/lib/python3.8/site-packages/airflow/example_dags/example_complex.py for tasks to queue
[2024-01-29T18:14:41.556+0000] {logging_mixin.py:151} INFO - [2024-01-29T18:14:41.556+0000] {dagbag.py:536} INFO - Filling up the DagBag from /home/airflow/.local/lib/python3.8/site-packages/airflow/example_dags/example_complex.py
[2024-01-29T18:14:41.584+0000] {processor.py:839} INFO - DAG(s) dict_keys(['example_complex']) retrieved from /home/airflow/.local/lib/python3.8/site-packages/airflow/example_dags/example_complex.py
[2024-01-29T18:14:41.668+0000] {logging_mixin.py:151} INFO - [2024-01-29T18:14:41.667+0000] {dag.py:2941} INFO - Sync 1 DAGs
[2024-01-29T18:14:41.699+0000] {logging_mixin.py:151} INFO - [2024-01-29T18:14:41.698+0000] {dag.py:3722} INFO - Setting next_dagrun for example_complex to None, run_after=None
[2024-01-29T18:14:41.762+0000] {processor.py:179} INFO - Processing /home/airflow/.local/lib/python3.8/site-packages/airflow/example_dags/example_complex.py took 0.218 seconds
[2024-01-29T18:15:12.497+0000] {processor.py:157} INFO - Started process (PID=1513) to work on /home/airflow/.local/lib/python3.8/site-packages/airflow/example_dags/example_complex.py
[2024-01-29T18:15:12.506+0000] {processor.py:829} INFO - Processing file /home/airflow/.local/lib/python3.8/site-packages/airflow/example_dags/example_complex.py for tasks to queue
[2024-01-29T18:15:12.512+0000] {logging_mixin.py:151} INFO - [2024-01-29T18:15:12.511+0000] {dagbag.py:536} INFO - Filling up the DagBag from /home/airflow/.local/lib/python3.8/site-packages/airflow/example_dags/example_complex.py
[2024-01-29T18:15:12.545+0000] {processor.py:839} INFO - DAG(s) dict_keys(['example_complex']) retrieved from /home/airflow/.local/lib/python3.8/site-packages/airflow/example_dags/example_complex.py
[2024-01-29T18:15:12.619+0000] {logging_mixin.py:151} INFO - [2024-01-29T18:15:12.619+0000] {dag.py:2941} INFO - Sync 1 DAGs
[2024-01-29T18:15:12.658+0000] {logging_mixin.py:151} INFO - [2024-01-29T18:15:12.657+0000] {dag.py:3722} INFO - Setting next_dagrun for example_complex to None, run_after=None
[2024-01-29T18:15:12.751+0000] {processor.py:179} INFO - Processing /home/airflow/.local/lib/python3.8/site-packages/airflow/example_dags/example_complex.py took 0.260 seconds
[2024-01-29T18:15:43.477+0000] {processor.py:157} INFO - Started process (PID=1569) to work on /home/airflow/.local/lib/python3.8/site-packages/airflow/example_dags/example_complex.py
[2024-01-29T18:15:43.479+0000] {processor.py:829} INFO - Processing file /home/airflow/.local/lib/python3.8/site-packages/airflow/example_dags/example_complex.py for tasks to queue
[2024-01-29T18:15:43.483+0000] {logging_mixin.py:151} INFO - [2024-01-29T18:15:43.482+0000] {dagbag.py:536} INFO - Filling up the DagBag from /home/airflow/.local/lib/python3.8/site-packages/airflow/example_dags/example_complex.py
[2024-01-29T18:15:43.511+0000] {processor.py:839} INFO - DAG(s) dict_keys(['example_complex']) retrieved from /home/airflow/.local/lib/python3.8/site-packages/airflow/example_dags/example_complex.py
[2024-01-29T18:15:43.624+0000] {logging_mixin.py:151} INFO - [2024-01-29T18:15:43.623+0000] {dag.py:2941} INFO - Sync 1 DAGs
[2024-01-29T18:15:43.660+0000] {logging_mixin.py:151} INFO - [2024-01-29T18:15:43.660+0000] {dag.py:3722} INFO - Setting next_dagrun for example_complex to None, run_after=None
[2024-01-29T18:15:43.716+0000] {processor.py:179} INFO - Processing /home/airflow/.local/lib/python3.8/site-packages/airflow/example_dags/example_complex.py took 0.244 seconds
[2024-01-29T18:16:13.800+0000] {processor.py:157} INFO - Started process (PID=1625) to work on /home/airflow/.local/lib/python3.8/site-packages/airflow/example_dags/example_complex.py
[2024-01-29T18:16:13.801+0000] {processor.py:829} INFO - Processing file /home/airflow/.local/lib/python3.8/site-packages/airflow/example_dags/example_complex.py for tasks to queue
[2024-01-29T18:16:13.804+0000] {logging_mixin.py:151} INFO - [2024-01-29T18:16:13.803+0000] {dagbag.py:536} INFO - Filling up the DagBag from /home/airflow/.local/lib/python3.8/site-packages/airflow/example_dags/example_complex.py
[2024-01-29T18:16:13.816+0000] {processor.py:839} INFO - DAG(s) dict_keys(['example_complex']) retrieved from /home/airflow/.local/lib/python3.8/site-packages/airflow/example_dags/example_complex.py
[2024-01-29T18:16:13.851+0000] {logging_mixin.py:151} INFO - [2024-01-29T18:16:13.851+0000] {dag.py:2941} INFO - Sync 1 DAGs
[2024-01-29T18:16:13.865+0000] {logging_mixin.py:151} INFO - [2024-01-29T18:16:13.864+0000] {dag.py:3722} INFO - Setting next_dagrun for example_complex to None, run_after=None
[2024-01-29T18:16:13.887+0000] {processor.py:179} INFO - Processing /home/airflow/.local/lib/python3.8/site-packages/airflow/example_dags/example_complex.py took 0.089 seconds
[2024-01-29T18:16:44.044+0000] {processor.py:157} INFO - Started process (PID=1681) to work on /home/airflow/.local/lib/python3.8/site-packages/airflow/example_dags/example_complex.py
[2024-01-29T18:16:44.045+0000] {processor.py:829} INFO - Processing file /home/airflow/.local/lib/python3.8/site-packages/airflow/example_dags/example_complex.py for tasks to queue
[2024-01-29T18:16:44.048+0000] {logging_mixin.py:151} INFO - [2024-01-29T18:16:44.048+0000] {dagbag.py:536} INFO - Filling up the DagBag from /home/airflow/.local/lib/python3.8/site-packages/airflow/example_dags/example_complex.py
[2024-01-29T18:16:44.064+0000] {processor.py:839} INFO - DAG(s) dict_keys(['example_complex']) retrieved from /home/airflow/.local/lib/python3.8/site-packages/airflow/example_dags/example_complex.py
[2024-01-29T18:16:44.113+0000] {logging_mixin.py:151} INFO - [2024-01-29T18:16:44.113+0000] {dag.py:2941} INFO - Sync 1 DAGs
[2024-01-29T18:16:44.130+0000] {logging_mixin.py:151} INFO - [2024-01-29T18:16:44.130+0000] {dag.py:3722} INFO - Setting next_dagrun for example_complex to None, run_after=None
[2024-01-29T18:16:44.164+0000] {processor.py:179} INFO - Processing /home/airflow/.local/lib/python3.8/site-packages/airflow/example_dags/example_complex.py took 0.123 seconds
[2024-01-29T18:17:14.885+0000] {processor.py:157} INFO - Started process (PID=1744) to work on /home/airflow/.local/lib/python3.8/site-packages/airflow/example_dags/example_complex.py
[2024-01-29T18:17:14.886+0000] {processor.py:829} INFO - Processing file /home/airflow/.local/lib/python3.8/site-packages/airflow/example_dags/example_complex.py for tasks to queue
[2024-01-29T18:17:14.890+0000] {logging_mixin.py:151} INFO - [2024-01-29T18:17:14.889+0000] {dagbag.py:536} INFO - Filling up the DagBag from /home/airflow/.local/lib/python3.8/site-packages/airflow/example_dags/example_complex.py
[2024-01-29T18:17:14.909+0000] {processor.py:839} INFO - DAG(s) dict_keys(['example_complex']) retrieved from /home/airflow/.local/lib/python3.8/site-packages/airflow/example_dags/example_complex.py
[2024-01-29T18:17:14.944+0000] {logging_mixin.py:151} INFO - [2024-01-29T18:17:14.943+0000] {dag.py:2941} INFO - Sync 1 DAGs
[2024-01-29T18:17:14.958+0000] {logging_mixin.py:151} INFO - [2024-01-29T18:17:14.958+0000] {dag.py:3722} INFO - Setting next_dagrun for example_complex to None, run_after=None
[2024-01-29T18:17:14.979+0000] {processor.py:179} INFO - Processing /home/airflow/.local/lib/python3.8/site-packages/airflow/example_dags/example_complex.py took 0.098 seconds
[2024-01-29T18:17:45.208+0000] {processor.py:157} INFO - Started process (PID=1800) to work on /home/airflow/.local/lib/python3.8/site-packages/airflow/example_dags/example_complex.py
[2024-01-29T18:17:45.209+0000] {processor.py:829} INFO - Processing file /home/airflow/.local/lib/python3.8/site-packages/airflow/example_dags/example_complex.py for tasks to queue
[2024-01-29T18:17:45.211+0000] {logging_mixin.py:151} INFO - [2024-01-29T18:17:45.211+0000] {dagbag.py:536} INFO - Filling up the DagBag from /home/airflow/.local/lib/python3.8/site-packages/airflow/example_dags/example_complex.py
[2024-01-29T18:17:45.225+0000] {processor.py:839} INFO - DAG(s) dict_keys(['example_complex']) retrieved from /home/airflow/.local/lib/python3.8/site-packages/airflow/example_dags/example_complex.py
[2024-01-29T18:17:45.263+0000] {logging_mixin.py:151} INFO - [2024-01-29T18:17:45.262+0000] {dag.py:2941} INFO - Sync 1 DAGs
[2024-01-29T18:17:45.281+0000] {logging_mixin.py:151} INFO - [2024-01-29T18:17:45.280+0000] {dag.py:3722} INFO - Setting next_dagrun for example_complex to None, run_after=None
[2024-01-29T18:17:45.307+0000] {processor.py:179} INFO - Processing /home/airflow/.local/lib/python3.8/site-packages/airflow/example_dags/example_complex.py took 0.102 seconds
[2024-01-29T18:18:15.713+0000] {processor.py:157} INFO - Started process (PID=1856) to work on /home/airflow/.local/lib/python3.8/site-packages/airflow/example_dags/example_complex.py
[2024-01-29T18:18:15.715+0000] {processor.py:829} INFO - Processing file /home/airflow/.local/lib/python3.8/site-packages/airflow/example_dags/example_complex.py for tasks to queue
[2024-01-29T18:18:15.718+0000] {logging_mixin.py:151} INFO - [2024-01-29T18:18:15.717+0000] {dagbag.py:536} INFO - Filling up the DagBag from /home/airflow/.local/lib/python3.8/site-packages/airflow/example_dags/example_complex.py
[2024-01-29T18:18:15.732+0000] {processor.py:839} INFO - DAG(s) dict_keys(['example_complex']) retrieved from /home/airflow/.local/lib/python3.8/site-packages/airflow/example_dags/example_complex.py
[2024-01-29T18:18:15.823+0000] {logging_mixin.py:151} INFO - [2024-01-29T18:18:15.823+0000] {dag.py:2941} INFO - Sync 1 DAGs
[2024-01-29T18:18:15.838+0000] {logging_mixin.py:151} INFO - [2024-01-29T18:18:15.838+0000] {dag.py:3722} INFO - Setting next_dagrun for example_complex to None, run_after=None
[2024-01-29T18:18:15.865+0000] {processor.py:179} INFO - Processing /home/airflow/.local/lib/python3.8/site-packages/airflow/example_dags/example_complex.py took 0.157 seconds
[2024-01-29T18:18:46.135+0000] {processor.py:157} INFO - Started process (PID=1912) to work on /home/airflow/.local/lib/python3.8/site-packages/airflow/example_dags/example_complex.py
[2024-01-29T18:18:46.137+0000] {processor.py:829} INFO - Processing file /home/airflow/.local/lib/python3.8/site-packages/airflow/example_dags/example_complex.py for tasks to queue
[2024-01-29T18:18:46.139+0000] {logging_mixin.py:151} INFO - [2024-01-29T18:18:46.138+0000] {dagbag.py:536} INFO - Filling up the DagBag from /home/airflow/.local/lib/python3.8/site-packages/airflow/example_dags/example_complex.py
[2024-01-29T18:18:46.153+0000] {processor.py:839} INFO - DAG(s) dict_keys(['example_complex']) retrieved from /home/airflow/.local/lib/python3.8/site-packages/airflow/example_dags/example_complex.py
[2024-01-29T18:18:46.200+0000] {logging_mixin.py:151} INFO - [2024-01-29T18:18:46.200+0000] {dag.py:2941} INFO - Sync 1 DAGs
[2024-01-29T18:18:46.215+0000] {logging_mixin.py:151} INFO - [2024-01-29T18:18:46.215+0000] {dag.py:3722} INFO - Setting next_dagrun for example_complex to None, run_after=None
[2024-01-29T18:18:46.239+0000] {processor.py:179} INFO - Processing /home/airflow/.local/lib/python3.8/site-packages/airflow/example_dags/example_complex.py took 0.107 seconds
[2024-01-29T18:19:16.285+0000] {processor.py:157} INFO - Started process (PID=1968) to work on /home/airflow/.local/lib/python3.8/site-packages/airflow/example_dags/example_complex.py
[2024-01-29T18:19:16.286+0000] {processor.py:829} INFO - Processing file /home/airflow/.local/lib/python3.8/site-packages/airflow/example_dags/example_complex.py for tasks to queue
[2024-01-29T18:19:16.288+0000] {logging_mixin.py:151} INFO - [2024-01-29T18:19:16.288+0000] {dagbag.py:536} INFO - Filling up the DagBag from /home/airflow/.local/lib/python3.8/site-packages/airflow/example_dags/example_complex.py
[2024-01-29T18:19:16.302+0000] {processor.py:839} INFO - DAG(s) dict_keys(['example_complex']) retrieved from /home/airflow/.local/lib/python3.8/site-packages/airflow/example_dags/example_complex.py
[2024-01-29T18:19:16.339+0000] {logging_mixin.py:151} INFO - [2024-01-29T18:19:16.339+0000] {dag.py:2941} INFO - Sync 1 DAGs
[2024-01-29T18:19:16.356+0000] {logging_mixin.py:151} INFO - [2024-01-29T18:19:16.356+0000] {dag.py:3722} INFO - Setting next_dagrun for example_complex to None, run_after=None
[2024-01-29T18:19:16.381+0000] {processor.py:179} INFO - Processing /home/airflow/.local/lib/python3.8/site-packages/airflow/example_dags/example_complex.py took 0.099 seconds
[2024-01-29T18:19:46.687+0000] {processor.py:157} INFO - Started process (PID=2024) to work on /home/airflow/.local/lib/python3.8/site-packages/airflow/example_dags/example_complex.py
[2024-01-29T18:19:46.688+0000] {processor.py:829} INFO - Processing file /home/airflow/.local/lib/python3.8/site-packages/airflow/example_dags/example_complex.py for tasks to queue
[2024-01-29T18:19:46.691+0000] {logging_mixin.py:151} INFO - [2024-01-29T18:19:46.690+0000] {dagbag.py:536} INFO - Filling up the DagBag from /home/airflow/.local/lib/python3.8/site-packages/airflow/example_dags/example_complex.py
[2024-01-29T18:19:46.702+0000] {processor.py:839} INFO - DAG(s) dict_keys(['example_complex']) retrieved from /home/airflow/.local/lib/python3.8/site-packages/airflow/example_dags/example_complex.py
[2024-01-29T18:19:46.735+0000] {logging_mixin.py:151} INFO - [2024-01-29T18:19:46.734+0000] {dag.py:2941} INFO - Sync 1 DAGs
[2024-01-29T18:19:46.747+0000] {logging_mixin.py:151} INFO - [2024-01-29T18:19:46.747+0000] {dag.py:3722} INFO - Setting next_dagrun for example_complex to None, run_after=None
[2024-01-29T18:19:46.767+0000] {processor.py:179} INFO - Processing /home/airflow/.local/lib/python3.8/site-packages/airflow/example_dags/example_complex.py took 0.083 seconds
[2024-01-29T18:20:17.128+0000] {processor.py:157} INFO - Started process (PID=2080) to work on /home/airflow/.local/lib/python3.8/site-packages/airflow/example_dags/example_complex.py
[2024-01-29T18:20:17.129+0000] {processor.py:829} INFO - Processing file /home/airflow/.local/lib/python3.8/site-packages/airflow/example_dags/example_complex.py for tasks to queue
[2024-01-29T18:20:17.131+0000] {logging_mixin.py:151} INFO - [2024-01-29T18:20:17.131+0000] {dagbag.py:536} INFO - Filling up the DagBag from /home/airflow/.local/lib/python3.8/site-packages/airflow/example_dags/example_complex.py
[2024-01-29T18:20:17.142+0000] {processor.py:839} INFO - DAG(s) dict_keys(['example_complex']) retrieved from /home/airflow/.local/lib/python3.8/site-packages/airflow/example_dags/example_complex.py
[2024-01-29T18:20:17.174+0000] {logging_mixin.py:151} INFO - [2024-01-29T18:20:17.174+0000] {dag.py:2941} INFO - Sync 1 DAGs
[2024-01-29T18:20:17.187+0000] {logging_mixin.py:151} INFO - [2024-01-29T18:20:17.187+0000] {dag.py:3722} INFO - Setting next_dagrun for example_complex to None, run_after=None
[2024-01-29T18:20:17.208+0000] {processor.py:179} INFO - Processing /home/airflow/.local/lib/python3.8/site-packages/airflow/example_dags/example_complex.py took 0.083 seconds
[2024-01-29T18:20:47.564+0000] {processor.py:157} INFO - Started process (PID=2136) to work on /home/airflow/.local/lib/python3.8/site-packages/airflow/example_dags/example_complex.py
[2024-01-29T18:20:47.565+0000] {processor.py:829} INFO - Processing file /home/airflow/.local/lib/python3.8/site-packages/airflow/example_dags/example_complex.py for tasks to queue
[2024-01-29T18:20:47.568+0000] {logging_mixin.py:151} INFO - [2024-01-29T18:20:47.568+0000] {dagbag.py:536} INFO - Filling up the DagBag from /home/airflow/.local/lib/python3.8/site-packages/airflow/example_dags/example_complex.py
[2024-01-29T18:20:47.583+0000] {processor.py:839} INFO - DAG(s) dict_keys(['example_complex']) retrieved from /home/airflow/.local/lib/python3.8/site-packages/airflow/example_dags/example_complex.py
[2024-01-29T18:20:47.624+0000] {logging_mixin.py:151} INFO - [2024-01-29T18:20:47.624+0000] {dag.py:2941} INFO - Sync 1 DAGs
[2024-01-29T18:20:47.641+0000] {logging_mixin.py:151} INFO - [2024-01-29T18:20:47.641+0000] {dag.py:3722} INFO - Setting next_dagrun for example_complex to None, run_after=None
[2024-01-29T18:20:47.672+0000] {processor.py:179} INFO - Processing /home/airflow/.local/lib/python3.8/site-packages/airflow/example_dags/example_complex.py took 0.111 seconds
[2024-01-29T18:21:18.451+0000] {processor.py:157} INFO - Started process (PID=2192) to work on /home/airflow/.local/lib/python3.8/site-packages/airflow/example_dags/example_complex.py
[2024-01-29T18:21:18.452+0000] {processor.py:829} INFO - Processing file /home/airflow/.local/lib/python3.8/site-packages/airflow/example_dags/example_complex.py for tasks to queue
[2024-01-29T18:21:18.454+0000] {logging_mixin.py:151} INFO - [2024-01-29T18:21:18.454+0000] {dagbag.py:536} INFO - Filling up the DagBag from /home/airflow/.local/lib/python3.8/site-packages/airflow/example_dags/example_complex.py
[2024-01-29T18:21:18.465+0000] {processor.py:839} INFO - DAG(s) dict_keys(['example_complex']) retrieved from /home/airflow/.local/lib/python3.8/site-packages/airflow/example_dags/example_complex.py
[2024-01-29T18:21:18.501+0000] {logging_mixin.py:151} INFO - [2024-01-29T18:21:18.500+0000] {dag.py:2941} INFO - Sync 1 DAGs
[2024-01-29T18:21:18.514+0000] {logging_mixin.py:151} INFO - [2024-01-29T18:21:18.513+0000] {dag.py:3722} INFO - Setting next_dagrun for example_complex to None, run_after=None
[2024-01-29T18:21:18.536+0000] {processor.py:179} INFO - Processing /home/airflow/.local/lib/python3.8/site-packages/airflow/example_dags/example_complex.py took 0.088 seconds
[2024-01-29T18:21:48.895+0000] {processor.py:157} INFO - Started process (PID=2248) to work on /home/airflow/.local/lib/python3.8/site-packages/airflow/example_dags/example_complex.py
[2024-01-29T18:21:48.896+0000] {processor.py:829} INFO - Processing file /home/airflow/.local/lib/python3.8/site-packages/airflow/example_dags/example_complex.py for tasks to queue
[2024-01-29T18:21:48.898+0000] {logging_mixin.py:151} INFO - [2024-01-29T18:21:48.898+0000] {dagbag.py:536} INFO - Filling up the DagBag from /home/airflow/.local/lib/python3.8/site-packages/airflow/example_dags/example_complex.py
[2024-01-29T18:21:48.911+0000] {processor.py:839} INFO - DAG(s) dict_keys(['example_complex']) retrieved from /home/airflow/.local/lib/python3.8/site-packages/airflow/example_dags/example_complex.py
[2024-01-29T18:21:48.946+0000] {logging_mixin.py:151} INFO - [2024-01-29T18:21:48.946+0000] {dag.py:2941} INFO - Sync 1 DAGs
[2024-01-29T18:21:48.977+0000] {logging_mixin.py:151} INFO - [2024-01-29T18:21:48.977+0000] {dag.py:3722} INFO - Setting next_dagrun for example_complex to None, run_after=None
[2024-01-29T18:21:49.003+0000] {processor.py:179} INFO - Processing /home/airflow/.local/lib/python3.8/site-packages/airflow/example_dags/example_complex.py took 0.111 seconds
[2024-01-29T18:22:19.407+0000] {processor.py:157} INFO - Started process (PID=2304) to work on /home/airflow/.local/lib/python3.8/site-packages/airflow/example_dags/example_complex.py
[2024-01-29T18:22:19.409+0000] {processor.py:829} INFO - Processing file /home/airflow/.local/lib/python3.8/site-packages/airflow/example_dags/example_complex.py for tasks to queue
[2024-01-29T18:22:19.412+0000] {logging_mixin.py:151} INFO - [2024-01-29T18:22:19.412+0000] {dagbag.py:536} INFO - Filling up the DagBag from /home/airflow/.local/lib/python3.8/site-packages/airflow/example_dags/example_complex.py
[2024-01-29T18:22:19.429+0000] {processor.py:839} INFO - DAG(s) dict_keys(['example_complex']) retrieved from /home/airflow/.local/lib/python3.8/site-packages/airflow/example_dags/example_complex.py
[2024-01-29T18:22:19.472+0000] {logging_mixin.py:151} INFO - [2024-01-29T18:22:19.472+0000] {dag.py:2941} INFO - Sync 1 DAGs
[2024-01-29T18:22:19.492+0000] {logging_mixin.py:151} INFO - [2024-01-29T18:22:19.491+0000] {dag.py:3722} INFO - Setting next_dagrun for example_complex to None, run_after=None
[2024-01-29T18:22:19.530+0000] {processor.py:179} INFO - Processing /home/airflow/.local/lib/python3.8/site-packages/airflow/example_dags/example_complex.py took 0.127 seconds
[2024-01-29T18:22:49.608+0000] {processor.py:157} INFO - Started process (PID=2359) to work on /home/airflow/.local/lib/python3.8/site-packages/airflow/example_dags/example_complex.py
[2024-01-29T18:22:49.609+0000] {processor.py:829} INFO - Processing file /home/airflow/.local/lib/python3.8/site-packages/airflow/example_dags/example_complex.py for tasks to queue
[2024-01-29T18:22:49.611+0000] {logging_mixin.py:151} INFO - [2024-01-29T18:22:49.611+0000] {dagbag.py:536} INFO - Filling up the DagBag from /home/airflow/.local/lib/python3.8/site-packages/airflow/example_dags/example_complex.py
[2024-01-29T18:22:49.625+0000] {processor.py:839} INFO - DAG(s) dict_keys(['example_complex']) retrieved from /home/airflow/.local/lib/python3.8/site-packages/airflow/example_dags/example_complex.py
[2024-01-29T18:22:49.663+0000] {logging_mixin.py:151} INFO - [2024-01-29T18:22:49.663+0000] {dag.py:2941} INFO - Sync 1 DAGs
[2024-01-29T18:22:49.680+0000] {logging_mixin.py:151} INFO - [2024-01-29T18:22:49.679+0000] {dag.py:3722} INFO - Setting next_dagrun for example_complex to None, run_after=None
[2024-01-29T18:22:49.705+0000] {processor.py:179} INFO - Processing /home/airflow/.local/lib/python3.8/site-packages/airflow/example_dags/example_complex.py took 0.100 seconds
[2024-01-29T18:23:20.454+0000] {processor.py:157} INFO - Started process (PID=2416) to work on /home/airflow/.local/lib/python3.8/site-packages/airflow/example_dags/example_complex.py
[2024-01-29T18:23:20.455+0000] {processor.py:829} INFO - Processing file /home/airflow/.local/lib/python3.8/site-packages/airflow/example_dags/example_complex.py for tasks to queue
[2024-01-29T18:23:20.457+0000] {logging_mixin.py:151} INFO - [2024-01-29T18:23:20.456+0000] {dagbag.py:536} INFO - Filling up the DagBag from /home/airflow/.local/lib/python3.8/site-packages/airflow/example_dags/example_complex.py
[2024-01-29T18:23:20.468+0000] {processor.py:839} INFO - DAG(s) dict_keys(['example_complex']) retrieved from /home/airflow/.local/lib/python3.8/site-packages/airflow/example_dags/example_complex.py
[2024-01-29T18:23:20.501+0000] {logging_mixin.py:151} INFO - [2024-01-29T18:23:20.501+0000] {dag.py:2941} INFO - Sync 1 DAGs
[2024-01-29T18:23:20.514+0000] {logging_mixin.py:151} INFO - [2024-01-29T18:23:20.514+0000] {dag.py:3722} INFO - Setting next_dagrun for example_complex to None, run_after=None
[2024-01-29T18:23:20.650+0000] {processor.py:179} INFO - Processing /home/airflow/.local/lib/python3.8/site-packages/airflow/example_dags/example_complex.py took 0.199 seconds
[2024-01-29T18:23:51.433+0000] {processor.py:157} INFO - Started process (PID=2472) to work on /home/airflow/.local/lib/python3.8/site-packages/airflow/example_dags/example_complex.py
[2024-01-29T18:23:51.434+0000] {processor.py:829} INFO - Processing file /home/airflow/.local/lib/python3.8/site-packages/airflow/example_dags/example_complex.py for tasks to queue
[2024-01-29T18:23:51.437+0000] {logging_mixin.py:151} INFO - [2024-01-29T18:23:51.436+0000] {dagbag.py:536} INFO - Filling up the DagBag from /home/airflow/.local/lib/python3.8/site-packages/airflow/example_dags/example_complex.py
[2024-01-29T18:23:51.452+0000] {processor.py:839} INFO - DAG(s) dict_keys(['example_complex']) retrieved from /home/airflow/.local/lib/python3.8/site-packages/airflow/example_dags/example_complex.py
[2024-01-29T18:23:51.495+0000] {logging_mixin.py:151} INFO - [2024-01-29T18:23:51.494+0000] {dag.py:2941} INFO - Sync 1 DAGs
[2024-01-29T18:23:51.512+0000] {logging_mixin.py:151} INFO - [2024-01-29T18:23:51.512+0000] {dag.py:3722} INFO - Setting next_dagrun for example_complex to None, run_after=None
[2024-01-29T18:23:51.539+0000] {processor.py:179} INFO - Processing /home/airflow/.local/lib/python3.8/site-packages/airflow/example_dags/example_complex.py took 0.110 seconds
[2024-01-29T18:24:21.678+0000] {processor.py:157} INFO - Started process (PID=2528) to work on /home/airflow/.local/lib/python3.8/site-packages/airflow/example_dags/example_complex.py
[2024-01-29T18:24:21.681+0000] {processor.py:829} INFO - Processing file /home/airflow/.local/lib/python3.8/site-packages/airflow/example_dags/example_complex.py for tasks to queue
[2024-01-29T18:24:21.684+0000] {logging_mixin.py:151} INFO - [2024-01-29T18:24:21.684+0000] {dagbag.py:536} INFO - Filling up the DagBag from /home/airflow/.local/lib/python3.8/site-packages/airflow/example_dags/example_complex.py
[2024-01-29T18:24:21.707+0000] {processor.py:839} INFO - DAG(s) dict_keys(['example_complex']) retrieved from /home/airflow/.local/lib/python3.8/site-packages/airflow/example_dags/example_complex.py
[2024-01-29T18:24:21.763+0000] {logging_mixin.py:151} INFO - [2024-01-29T18:24:21.762+0000] {dag.py:2941} INFO - Sync 1 DAGs
[2024-01-29T18:24:21.784+0000] {logging_mixin.py:151} INFO - [2024-01-29T18:24:21.783+0000] {dag.py:3722} INFO - Setting next_dagrun for example_complex to None, run_after=None
[2024-01-29T18:24:21.812+0000] {processor.py:179} INFO - Processing /home/airflow/.local/lib/python3.8/site-packages/airflow/example_dags/example_complex.py took 0.141 seconds
[2024-01-29T18:24:52.667+0000] {processor.py:157} INFO - Started process (PID=2584) to work on /home/airflow/.local/lib/python3.8/site-packages/airflow/example_dags/example_complex.py
[2024-01-29T18:24:52.669+0000] {processor.py:829} INFO - Processing file /home/airflow/.local/lib/python3.8/site-packages/airflow/example_dags/example_complex.py for tasks to queue
[2024-01-29T18:24:52.671+0000] {logging_mixin.py:151} INFO - [2024-01-29T18:24:52.670+0000] {dagbag.py:536} INFO - Filling up the DagBag from /home/airflow/.local/lib/python3.8/site-packages/airflow/example_dags/example_complex.py
[2024-01-29T18:24:52.685+0000] {processor.py:839} INFO - DAG(s) dict_keys(['example_complex']) retrieved from /home/airflow/.local/lib/python3.8/site-packages/airflow/example_dags/example_complex.py
[2024-01-29T18:24:52.855+0000] {logging_mixin.py:151} INFO - [2024-01-29T18:24:52.854+0000] {dag.py:2941} INFO - Sync 1 DAGs
[2024-01-29T18:24:52.869+0000] {logging_mixin.py:151} INFO - [2024-01-29T18:24:52.869+0000] {dag.py:3722} INFO - Setting next_dagrun for example_complex to None, run_after=None
[2024-01-29T18:24:52.893+0000] {processor.py:179} INFO - Processing /home/airflow/.local/lib/python3.8/site-packages/airflow/example_dags/example_complex.py took 0.229 seconds
[2024-01-29T18:25:23.135+0000] {processor.py:157} INFO - Started process (PID=2640) to work on /home/airflow/.local/lib/python3.8/site-packages/airflow/example_dags/example_complex.py
[2024-01-29T18:25:23.136+0000] {processor.py:829} INFO - Processing file /home/airflow/.local/lib/python3.8/site-packages/airflow/example_dags/example_complex.py for tasks to queue
[2024-01-29T18:25:23.139+0000] {logging_mixin.py:151} INFO - [2024-01-29T18:25:23.138+0000] {dagbag.py:536} INFO - Filling up the DagBag from /home/airflow/.local/lib/python3.8/site-packages/airflow/example_dags/example_complex.py
[2024-01-29T18:25:23.152+0000] {processor.py:839} INFO - DAG(s) dict_keys(['example_complex']) retrieved from /home/airflow/.local/lib/python3.8/site-packages/airflow/example_dags/example_complex.py
[2024-01-29T18:25:23.191+0000] {logging_mixin.py:151} INFO - [2024-01-29T18:25:23.191+0000] {dag.py:2941} INFO - Sync 1 DAGs
[2024-01-29T18:25:23.210+0000] {logging_mixin.py:151} INFO - [2024-01-29T18:25:23.210+0000] {dag.py:3722} INFO - Setting next_dagrun for example_complex to None, run_after=None
[2024-01-29T18:25:23.385+0000] {processor.py:179} INFO - Processing /home/airflow/.local/lib/python3.8/site-packages/airflow/example_dags/example_complex.py took 0.254 seconds
[2024-01-29T18:25:53.922+0000] {processor.py:157} INFO - Started process (PID=2696) to work on /home/airflow/.local/lib/python3.8/site-packages/airflow/example_dags/example_complex.py
[2024-01-29T18:25:53.923+0000] {processor.py:829} INFO - Processing file /home/airflow/.local/lib/python3.8/site-packages/airflow/example_dags/example_complex.py for tasks to queue
[2024-01-29T18:25:53.925+0000] {logging_mixin.py:151} INFO - [2024-01-29T18:25:53.925+0000] {dagbag.py:536} INFO - Filling up the DagBag from /home/airflow/.local/lib/python3.8/site-packages/airflow/example_dags/example_complex.py
[2024-01-29T18:25:53.939+0000] {processor.py:839} INFO - DAG(s) dict_keys(['example_complex']) retrieved from /home/airflow/.local/lib/python3.8/site-packages/airflow/example_dags/example_complex.py
[2024-01-29T18:25:53.982+0000] {logging_mixin.py:151} INFO - [2024-01-29T18:25:53.981+0000] {dag.py:2941} INFO - Sync 1 DAGs
[2024-01-29T18:25:53.997+0000] {logging_mixin.py:151} INFO - [2024-01-29T18:25:53.997+0000] {dag.py:3722} INFO - Setting next_dagrun for example_complex to None, run_after=None
[2024-01-29T18:25:54.023+0000] {processor.py:179} INFO - Processing /home/airflow/.local/lib/python3.8/site-packages/airflow/example_dags/example_complex.py took 0.104 seconds
[2024-01-29T18:26:24.564+0000] {processor.py:157} INFO - Started process (PID=2752) to work on /home/airflow/.local/lib/python3.8/site-packages/airflow/example_dags/example_complex.py
[2024-01-29T18:26:24.565+0000] {processor.py:829} INFO - Processing file /home/airflow/.local/lib/python3.8/site-packages/airflow/example_dags/example_complex.py for tasks to queue
[2024-01-29T18:26:24.567+0000] {logging_mixin.py:151} INFO - [2024-01-29T18:26:24.567+0000] {dagbag.py:536} INFO - Filling up the DagBag from /home/airflow/.local/lib/python3.8/site-packages/airflow/example_dags/example_complex.py
[2024-01-29T18:26:24.579+0000] {processor.py:839} INFO - DAG(s) dict_keys(['example_complex']) retrieved from /home/airflow/.local/lib/python3.8/site-packages/airflow/example_dags/example_complex.py
[2024-01-29T18:26:24.755+0000] {logging_mixin.py:151} INFO - [2024-01-29T18:26:24.754+0000] {dag.py:2941} INFO - Sync 1 DAGs
[2024-01-29T18:26:24.771+0000] {logging_mixin.py:151} INFO - [2024-01-29T18:26:24.771+0000] {dag.py:3722} INFO - Setting next_dagrun for example_complex to None, run_after=None
[2024-01-29T18:26:24.796+0000] {processor.py:179} INFO - Processing /home/airflow/.local/lib/python3.8/site-packages/airflow/example_dags/example_complex.py took 0.235 seconds
[2024-01-29T18:26:55.197+0000] {processor.py:157} INFO - Started process (PID=2808) to work on /home/airflow/.local/lib/python3.8/site-packages/airflow/example_dags/example_complex.py
[2024-01-29T18:26:55.198+0000] {processor.py:829} INFO - Processing file /home/airflow/.local/lib/python3.8/site-packages/airflow/example_dags/example_complex.py for tasks to queue
[2024-01-29T18:26:55.200+0000] {logging_mixin.py:151} INFO - [2024-01-29T18:26:55.200+0000] {dagbag.py:536} INFO - Filling up the DagBag from /home/airflow/.local/lib/python3.8/site-packages/airflow/example_dags/example_complex.py
[2024-01-29T18:26:55.215+0000] {processor.py:839} INFO - DAG(s) dict_keys(['example_complex']) retrieved from /home/airflow/.local/lib/python3.8/site-packages/airflow/example_dags/example_complex.py
[2024-01-29T18:26:55.256+0000] {logging_mixin.py:151} INFO - [2024-01-29T18:26:55.256+0000] {dag.py:2941} INFO - Sync 1 DAGs
[2024-01-29T18:26:55.278+0000] {logging_mixin.py:151} INFO - [2024-01-29T18:26:55.277+0000] {dag.py:3722} INFO - Setting next_dagrun for example_complex to None, run_after=None
[2024-01-29T18:26:55.305+0000] {processor.py:179} INFO - Processing /home/airflow/.local/lib/python3.8/site-packages/airflow/example_dags/example_complex.py took 0.112 seconds
[2024-01-29T18:27:25.472+0000] {processor.py:157} INFO - Started process (PID=2864) to work on /home/airflow/.local/lib/python3.8/site-packages/airflow/example_dags/example_complex.py
[2024-01-29T18:27:25.473+0000] {processor.py:829} INFO - Processing file /home/airflow/.local/lib/python3.8/site-packages/airflow/example_dags/example_complex.py for tasks to queue
[2024-01-29T18:27:25.475+0000] {logging_mixin.py:151} INFO - [2024-01-29T18:27:25.475+0000] {dagbag.py:536} INFO - Filling up the DagBag from /home/airflow/.local/lib/python3.8/site-packages/airflow/example_dags/example_complex.py
[2024-01-29T18:27:25.488+0000] {processor.py:839} INFO - DAG(s) dict_keys(['example_complex']) retrieved from /home/airflow/.local/lib/python3.8/site-packages/airflow/example_dags/example_complex.py
[2024-01-29T18:27:25.524+0000] {logging_mixin.py:151} INFO - [2024-01-29T18:27:25.523+0000] {dag.py:2941} INFO - Sync 1 DAGs
[2024-01-29T18:27:25.540+0000] {logging_mixin.py:151} INFO - [2024-01-29T18:27:25.540+0000] {dag.py:3722} INFO - Setting next_dagrun for example_complex to None, run_after=None
[2024-01-29T18:27:25.566+0000] {processor.py:179} INFO - Processing /home/airflow/.local/lib/python3.8/site-packages/airflow/example_dags/example_complex.py took 0.096 seconds
[2024-01-29T18:27:55.735+0000] {processor.py:157} INFO - Started process (PID=2920) to work on /home/airflow/.local/lib/python3.8/site-packages/airflow/example_dags/example_complex.py
[2024-01-29T18:27:55.736+0000] {processor.py:829} INFO - Processing file /home/airflow/.local/lib/python3.8/site-packages/airflow/example_dags/example_complex.py for tasks to queue
[2024-01-29T18:27:55.739+0000] {logging_mixin.py:151} INFO - [2024-01-29T18:27:55.738+0000] {dagbag.py:536} INFO - Filling up the DagBag from /home/airflow/.local/lib/python3.8/site-packages/airflow/example_dags/example_complex.py
[2024-01-29T18:27:55.755+0000] {processor.py:839} INFO - DAG(s) dict_keys(['example_complex']) retrieved from /home/airflow/.local/lib/python3.8/site-packages/airflow/example_dags/example_complex.py
[2024-01-29T18:27:55.805+0000] {logging_mixin.py:151} INFO - [2024-01-29T18:27:55.804+0000] {dag.py:2941} INFO - Sync 1 DAGs
[2024-01-29T18:27:55.825+0000] {logging_mixin.py:151} INFO - [2024-01-29T18:27:55.825+0000] {dag.py:3722} INFO - Setting next_dagrun for example_complex to None, run_after=None
[2024-01-29T18:27:55.853+0000] {processor.py:179} INFO - Processing /home/airflow/.local/lib/python3.8/site-packages/airflow/example_dags/example_complex.py took 0.123 seconds
[2024-01-29T18:28:26.062+0000] {processor.py:157} INFO - Started process (PID=2976) to work on /home/airflow/.local/lib/python3.8/site-packages/airflow/example_dags/example_complex.py
[2024-01-29T18:28:26.063+0000] {processor.py:829} INFO - Processing file /home/airflow/.local/lib/python3.8/site-packages/airflow/example_dags/example_complex.py for tasks to queue
[2024-01-29T18:28:26.066+0000] {logging_mixin.py:151} INFO - [2024-01-29T18:28:26.065+0000] {dagbag.py:536} INFO - Filling up the DagBag from /home/airflow/.local/lib/python3.8/site-packages/airflow/example_dags/example_complex.py
[2024-01-29T18:28:26.080+0000] {processor.py:839} INFO - DAG(s) dict_keys(['example_complex']) retrieved from /home/airflow/.local/lib/python3.8/site-packages/airflow/example_dags/example_complex.py
[2024-01-29T18:28:26.123+0000] {logging_mixin.py:151} INFO - [2024-01-29T18:28:26.123+0000] {dag.py:2941} INFO - Sync 1 DAGs
[2024-01-29T18:28:26.138+0000] {logging_mixin.py:151} INFO - [2024-01-29T18:28:26.138+0000] {dag.py:3722} INFO - Setting next_dagrun for example_complex to None, run_after=None
[2024-01-29T18:28:26.166+0000] {processor.py:179} INFO - Processing /home/airflow/.local/lib/python3.8/site-packages/airflow/example_dags/example_complex.py took 0.107 seconds
[2024-01-29T18:28:56.454+0000] {processor.py:157} INFO - Started process (PID=3032) to work on /home/airflow/.local/lib/python3.8/site-packages/airflow/example_dags/example_complex.py
[2024-01-29T18:28:56.455+0000] {processor.py:829} INFO - Processing file /home/airflow/.local/lib/python3.8/site-packages/airflow/example_dags/example_complex.py for tasks to queue
[2024-01-29T18:28:56.458+0000] {logging_mixin.py:151} INFO - [2024-01-29T18:28:56.458+0000] {dagbag.py:536} INFO - Filling up the DagBag from /home/airflow/.local/lib/python3.8/site-packages/airflow/example_dags/example_complex.py
[2024-01-29T18:28:56.475+0000] {processor.py:839} INFO - DAG(s) dict_keys(['example_complex']) retrieved from /home/airflow/.local/lib/python3.8/site-packages/airflow/example_dags/example_complex.py
[2024-01-29T18:28:56.529+0000] {logging_mixin.py:151} INFO - [2024-01-29T18:28:56.529+0000] {dag.py:2941} INFO - Sync 1 DAGs
[2024-01-29T18:28:56.553+0000] {logging_mixin.py:151} INFO - [2024-01-29T18:28:56.552+0000] {dag.py:3722} INFO - Setting next_dagrun for example_complex to None, run_after=None
[2024-01-29T18:28:56.582+0000] {processor.py:179} INFO - Processing /home/airflow/.local/lib/python3.8/site-packages/airflow/example_dags/example_complex.py took 0.132 seconds
[2024-01-29T18:29:26.838+0000] {processor.py:157} INFO - Started process (PID=3088) to work on /home/airflow/.local/lib/python3.8/site-packages/airflow/example_dags/example_complex.py
[2024-01-29T18:29:26.839+0000] {processor.py:829} INFO - Processing file /home/airflow/.local/lib/python3.8/site-packages/airflow/example_dags/example_complex.py for tasks to queue
[2024-01-29T18:29:26.842+0000] {logging_mixin.py:151} INFO - [2024-01-29T18:29:26.841+0000] {dagbag.py:536} INFO - Filling up the DagBag from /home/airflow/.local/lib/python3.8/site-packages/airflow/example_dags/example_complex.py
[2024-01-29T18:29:26.855+0000] {processor.py:839} INFO - DAG(s) dict_keys(['example_complex']) retrieved from /home/airflow/.local/lib/python3.8/site-packages/airflow/example_dags/example_complex.py
[2024-01-29T18:29:26.894+0000] {logging_mixin.py:151} INFO - [2024-01-29T18:29:26.893+0000] {dag.py:2941} INFO - Sync 1 DAGs
[2024-01-29T18:29:26.910+0000] {logging_mixin.py:151} INFO - [2024-01-29T18:29:26.910+0000] {dag.py:3722} INFO - Setting next_dagrun for example_complex to None, run_after=None
[2024-01-29T18:29:26.935+0000] {processor.py:179} INFO - Processing /home/airflow/.local/lib/python3.8/site-packages/airflow/example_dags/example_complex.py took 0.100 seconds
[2024-01-29T18:29:57.172+0000] {processor.py:157} INFO - Started process (PID=3144) to work on /home/airflow/.local/lib/python3.8/site-packages/airflow/example_dags/example_complex.py
[2024-01-29T18:29:57.173+0000] {processor.py:829} INFO - Processing file /home/airflow/.local/lib/python3.8/site-packages/airflow/example_dags/example_complex.py for tasks to queue
[2024-01-29T18:29:57.176+0000] {logging_mixin.py:151} INFO - [2024-01-29T18:29:57.175+0000] {dagbag.py:536} INFO - Filling up the DagBag from /home/airflow/.local/lib/python3.8/site-packages/airflow/example_dags/example_complex.py
[2024-01-29T18:29:57.189+0000] {processor.py:839} INFO - DAG(s) dict_keys(['example_complex']) retrieved from /home/airflow/.local/lib/python3.8/site-packages/airflow/example_dags/example_complex.py
[2024-01-29T18:29:57.228+0000] {logging_mixin.py:151} INFO - [2024-01-29T18:29:57.227+0000] {dag.py:2941} INFO - Sync 1 DAGs
[2024-01-29T18:29:57.243+0000] {logging_mixin.py:151} INFO - [2024-01-29T18:29:57.243+0000] {dag.py:3722} INFO - Setting next_dagrun for example_complex to None, run_after=None
[2024-01-29T18:29:57.270+0000] {processor.py:179} INFO - Processing /home/airflow/.local/lib/python3.8/site-packages/airflow/example_dags/example_complex.py took 0.101 seconds
[2024-01-29T18:30:27.447+0000] {processor.py:157} INFO - Started process (PID=3200) to work on /home/airflow/.local/lib/python3.8/site-packages/airflow/example_dags/example_complex.py
[2024-01-29T18:30:27.448+0000] {processor.py:829} INFO - Processing file /home/airflow/.local/lib/python3.8/site-packages/airflow/example_dags/example_complex.py for tasks to queue
[2024-01-29T18:30:27.451+0000] {logging_mixin.py:151} INFO - [2024-01-29T18:30:27.450+0000] {dagbag.py:536} INFO - Filling up the DagBag from /home/airflow/.local/lib/python3.8/site-packages/airflow/example_dags/example_complex.py
[2024-01-29T18:30:27.463+0000] {processor.py:839} INFO - DAG(s) dict_keys(['example_complex']) retrieved from /home/airflow/.local/lib/python3.8/site-packages/airflow/example_dags/example_complex.py
[2024-01-29T18:30:27.499+0000] {logging_mixin.py:151} INFO - [2024-01-29T18:30:27.499+0000] {dag.py:2941} INFO - Sync 1 DAGs
[2024-01-29T18:30:27.514+0000] {logging_mixin.py:151} INFO - [2024-01-29T18:30:27.513+0000] {dag.py:3722} INFO - Setting next_dagrun for example_complex to None, run_after=None
[2024-01-29T18:30:27.538+0000] {processor.py:179} INFO - Processing /home/airflow/.local/lib/python3.8/site-packages/airflow/example_dags/example_complex.py took 0.095 seconds
[2024-01-29T18:30:57.889+0000] {processor.py:157} INFO - Started process (PID=3256) to work on /home/airflow/.local/lib/python3.8/site-packages/airflow/example_dags/example_complex.py
[2024-01-29T18:30:57.890+0000] {processor.py:829} INFO - Processing file /home/airflow/.local/lib/python3.8/site-packages/airflow/example_dags/example_complex.py for tasks to queue
[2024-01-29T18:30:57.893+0000] {logging_mixin.py:151} INFO - [2024-01-29T18:30:57.893+0000] {dagbag.py:536} INFO - Filling up the DagBag from /home/airflow/.local/lib/python3.8/site-packages/airflow/example_dags/example_complex.py
[2024-01-29T18:30:57.907+0000] {processor.py:839} INFO - DAG(s) dict_keys(['example_complex']) retrieved from /home/airflow/.local/lib/python3.8/site-packages/airflow/example_dags/example_complex.py
[2024-01-29T18:30:57.952+0000] {logging_mixin.py:151} INFO - [2024-01-29T18:30:57.951+0000] {dag.py:2941} INFO - Sync 1 DAGs
[2024-01-29T18:30:57.968+0000] {logging_mixin.py:151} INFO - [2024-01-29T18:30:57.968+0000] {dag.py:3722} INFO - Setting next_dagrun for example_complex to None, run_after=None
[2024-01-29T18:30:57.995+0000] {processor.py:179} INFO - Processing /home/airflow/.local/lib/python3.8/site-packages/airflow/example_dags/example_complex.py took 0.108 seconds
[2024-01-29T18:31:28.411+0000] {processor.py:157} INFO - Started process (PID=3312) to work on /home/airflow/.local/lib/python3.8/site-packages/airflow/example_dags/example_complex.py
[2024-01-29T18:31:28.412+0000] {processor.py:829} INFO - Processing file /home/airflow/.local/lib/python3.8/site-packages/airflow/example_dags/example_complex.py for tasks to queue
[2024-01-29T18:31:28.414+0000] {logging_mixin.py:151} INFO - [2024-01-29T18:31:28.414+0000] {dagbag.py:536} INFO - Filling up the DagBag from /home/airflow/.local/lib/python3.8/site-packages/airflow/example_dags/example_complex.py
[2024-01-29T18:31:28.428+0000] {processor.py:839} INFO - DAG(s) dict_keys(['example_complex']) retrieved from /home/airflow/.local/lib/python3.8/site-packages/airflow/example_dags/example_complex.py
[2024-01-29T18:31:28.469+0000] {logging_mixin.py:151} INFO - [2024-01-29T18:31:28.469+0000] {dag.py:2941} INFO - Sync 1 DAGs
[2024-01-29T18:31:28.484+0000] {logging_mixin.py:151} INFO - [2024-01-29T18:31:28.484+0000] {dag.py:3722} INFO - Setting next_dagrun for example_complex to None, run_after=None
[2024-01-29T18:31:28.511+0000] {processor.py:179} INFO - Processing /home/airflow/.local/lib/python3.8/site-packages/airflow/example_dags/example_complex.py took 0.103 seconds
[2024-01-29T18:31:58.753+0000] {processor.py:157} INFO - Started process (PID=3368) to work on /home/airflow/.local/lib/python3.8/site-packages/airflow/example_dags/example_complex.py
[2024-01-29T18:31:58.754+0000] {processor.py:829} INFO - Processing file /home/airflow/.local/lib/python3.8/site-packages/airflow/example_dags/example_complex.py for tasks to queue
[2024-01-29T18:31:58.757+0000] {logging_mixin.py:151} INFO - [2024-01-29T18:31:58.757+0000] {dagbag.py:536} INFO - Filling up the DagBag from /home/airflow/.local/lib/python3.8/site-packages/airflow/example_dags/example_complex.py
[2024-01-29T18:31:58.772+0000] {processor.py:839} INFO - DAG(s) dict_keys(['example_complex']) retrieved from /home/airflow/.local/lib/python3.8/site-packages/airflow/example_dags/example_complex.py
[2024-01-29T18:31:58.819+0000] {logging_mixin.py:151} INFO - [2024-01-29T18:31:58.818+0000] {dag.py:2941} INFO - Sync 1 DAGs
[2024-01-29T18:31:58.836+0000] {logging_mixin.py:151} INFO - [2024-01-29T18:31:58.835+0000] {dag.py:3722} INFO - Setting next_dagrun for example_complex to None, run_after=None
[2024-01-29T18:31:58.869+0000] {processor.py:179} INFO - Processing /home/airflow/.local/lib/python3.8/site-packages/airflow/example_dags/example_complex.py took 0.119 seconds
[2024-01-29T18:32:29.164+0000] {processor.py:157} INFO - Started process (PID=3422) to work on /home/airflow/.local/lib/python3.8/site-packages/airflow/example_dags/example_complex.py
[2024-01-29T18:32:29.166+0000] {processor.py:829} INFO - Processing file /home/airflow/.local/lib/python3.8/site-packages/airflow/example_dags/example_complex.py for tasks to queue
[2024-01-29T18:32:29.170+0000] {logging_mixin.py:151} INFO - [2024-01-29T18:32:29.170+0000] {dagbag.py:536} INFO - Filling up the DagBag from /home/airflow/.local/lib/python3.8/site-packages/airflow/example_dags/example_complex.py
[2024-01-29T18:32:29.184+0000] {processor.py:839} INFO - DAG(s) dict_keys(['example_complex']) retrieved from /home/airflow/.local/lib/python3.8/site-packages/airflow/example_dags/example_complex.py
[2024-01-29T18:32:29.227+0000] {logging_mixin.py:151} INFO - [2024-01-29T18:32:29.227+0000] {dag.py:2941} INFO - Sync 1 DAGs
[2024-01-29T18:32:29.244+0000] {logging_mixin.py:151} INFO - [2024-01-29T18:32:29.244+0000] {dag.py:3722} INFO - Setting next_dagrun for example_complex to None, run_after=None
[2024-01-29T18:32:29.270+0000] {processor.py:179} INFO - Processing /home/airflow/.local/lib/python3.8/site-packages/airflow/example_dags/example_complex.py took 0.108 seconds
[2024-01-29T18:32:59.421+0000] {processor.py:157} INFO - Started process (PID=3478) to work on /home/airflow/.local/lib/python3.8/site-packages/airflow/example_dags/example_complex.py
[2024-01-29T18:32:59.422+0000] {processor.py:829} INFO - Processing file /home/airflow/.local/lib/python3.8/site-packages/airflow/example_dags/example_complex.py for tasks to queue
[2024-01-29T18:32:59.424+0000] {logging_mixin.py:151} INFO - [2024-01-29T18:32:59.424+0000] {dagbag.py:536} INFO - Filling up the DagBag from /home/airflow/.local/lib/python3.8/site-packages/airflow/example_dags/example_complex.py
[2024-01-29T18:32:59.439+0000] {processor.py:839} INFO - DAG(s) dict_keys(['example_complex']) retrieved from /home/airflow/.local/lib/python3.8/site-packages/airflow/example_dags/example_complex.py
[2024-01-29T18:32:59.485+0000] {logging_mixin.py:151} INFO - [2024-01-29T18:32:59.484+0000] {dag.py:2941} INFO - Sync 1 DAGs
[2024-01-29T18:32:59.500+0000] {logging_mixin.py:151} INFO - [2024-01-29T18:32:59.499+0000] {dag.py:3722} INFO - Setting next_dagrun for example_complex to None, run_after=None
[2024-01-29T18:32:59.530+0000] {processor.py:179} INFO - Processing /home/airflow/.local/lib/python3.8/site-packages/airflow/example_dags/example_complex.py took 0.113 seconds
[2024-01-29T18:33:29.879+0000] {processor.py:157} INFO - Started process (PID=3534) to work on /home/airflow/.local/lib/python3.8/site-packages/airflow/example_dags/example_complex.py
[2024-01-29T18:33:29.881+0000] {processor.py:829} INFO - Processing file /home/airflow/.local/lib/python3.8/site-packages/airflow/example_dags/example_complex.py for tasks to queue
[2024-01-29T18:33:29.885+0000] {logging_mixin.py:151} INFO - [2024-01-29T18:33:29.885+0000] {dagbag.py:536} INFO - Filling up the DagBag from /home/airflow/.local/lib/python3.8/site-packages/airflow/example_dags/example_complex.py
[2024-01-29T18:33:29.909+0000] {processor.py:839} INFO - DAG(s) dict_keys(['example_complex']) retrieved from /home/airflow/.local/lib/python3.8/site-packages/airflow/example_dags/example_complex.py
[2024-01-29T18:33:29.970+0000] {logging_mixin.py:151} INFO - [2024-01-29T18:33:29.969+0000] {dag.py:2941} INFO - Sync 1 DAGs
[2024-01-29T18:33:29.992+0000] {logging_mixin.py:151} INFO - [2024-01-29T18:33:29.991+0000] {dag.py:3722} INFO - Setting next_dagrun for example_complex to None, run_after=None
[2024-01-29T18:33:30.025+0000] {processor.py:179} INFO - Processing /home/airflow/.local/lib/python3.8/site-packages/airflow/example_dags/example_complex.py took 0.149 seconds
[2024-01-29T18:34:00.191+0000] {processor.py:157} INFO - Started process (PID=3591) to work on /home/airflow/.local/lib/python3.8/site-packages/airflow/example_dags/example_complex.py
[2024-01-29T18:34:00.192+0000] {processor.py:829} INFO - Processing file /home/airflow/.local/lib/python3.8/site-packages/airflow/example_dags/example_complex.py for tasks to queue
[2024-01-29T18:34:00.196+0000] {logging_mixin.py:151} INFO - [2024-01-29T18:34:00.195+0000] {dagbag.py:536} INFO - Filling up the DagBag from /home/airflow/.local/lib/python3.8/site-packages/airflow/example_dags/example_complex.py
[2024-01-29T18:34:00.220+0000] {processor.py:839} INFO - DAG(s) dict_keys(['example_complex']) retrieved from /home/airflow/.local/lib/python3.8/site-packages/airflow/example_dags/example_complex.py
[2024-01-29T18:34:00.286+0000] {logging_mixin.py:151} INFO - [2024-01-29T18:34:00.285+0000] {dag.py:2941} INFO - Sync 1 DAGs
[2024-01-29T18:34:00.309+0000] {logging_mixin.py:151} INFO - [2024-01-29T18:34:00.308+0000] {dag.py:3722} INFO - Setting next_dagrun for example_complex to None, run_after=None
[2024-01-29T18:34:00.345+0000] {processor.py:179} INFO - Processing /home/airflow/.local/lib/python3.8/site-packages/airflow/example_dags/example_complex.py took 0.157 seconds
[2024-01-29T18:34:30.531+0000] {processor.py:157} INFO - Started process (PID=3647) to work on /home/airflow/.local/lib/python3.8/site-packages/airflow/example_dags/example_complex.py
[2024-01-29T18:34:30.532+0000] {processor.py:829} INFO - Processing file /home/airflow/.local/lib/python3.8/site-packages/airflow/example_dags/example_complex.py for tasks to queue
[2024-01-29T18:34:30.534+0000] {logging_mixin.py:151} INFO - [2024-01-29T18:34:30.534+0000] {dagbag.py:536} INFO - Filling up the DagBag from /home/airflow/.local/lib/python3.8/site-packages/airflow/example_dags/example_complex.py
[2024-01-29T18:34:30.548+0000] {processor.py:839} INFO - DAG(s) dict_keys(['example_complex']) retrieved from /home/airflow/.local/lib/python3.8/site-packages/airflow/example_dags/example_complex.py
[2024-01-29T18:34:30.584+0000] {logging_mixin.py:151} INFO - [2024-01-29T18:34:30.583+0000] {dag.py:2941} INFO - Sync 1 DAGs
[2024-01-29T18:34:30.599+0000] {logging_mixin.py:151} INFO - [2024-01-29T18:34:30.598+0000] {dag.py:3722} INFO - Setting next_dagrun for example_complex to None, run_after=None
[2024-01-29T18:34:30.622+0000] {processor.py:179} INFO - Processing /home/airflow/.local/lib/python3.8/site-packages/airflow/example_dags/example_complex.py took 0.094 seconds
[2024-01-29T18:35:00.955+0000] {processor.py:157} INFO - Started process (PID=3703) to work on /home/airflow/.local/lib/python3.8/site-packages/airflow/example_dags/example_complex.py
[2024-01-29T18:35:00.957+0000] {processor.py:829} INFO - Processing file /home/airflow/.local/lib/python3.8/site-packages/airflow/example_dags/example_complex.py for tasks to queue
[2024-01-29T18:35:00.960+0000] {logging_mixin.py:151} INFO - [2024-01-29T18:35:00.959+0000] {dagbag.py:536} INFO - Filling up the DagBag from /home/airflow/.local/lib/python3.8/site-packages/airflow/example_dags/example_complex.py
[2024-01-29T18:35:00.978+0000] {processor.py:839} INFO - DAG(s) dict_keys(['example_complex']) retrieved from /home/airflow/.local/lib/python3.8/site-packages/airflow/example_dags/example_complex.py
[2024-01-29T18:35:01.023+0000] {logging_mixin.py:151} INFO - [2024-01-29T18:35:01.023+0000] {dag.py:2941} INFO - Sync 1 DAGs
[2024-01-29T18:35:01.047+0000] {logging_mixin.py:151} INFO - [2024-01-29T18:35:01.047+0000] {dag.py:3722} INFO - Setting next_dagrun for example_complex to None, run_after=None
[2024-01-29T18:35:01.072+0000] {processor.py:179} INFO - Processing /home/airflow/.local/lib/python3.8/site-packages/airflow/example_dags/example_complex.py took 0.119 seconds
[2024-01-29T18:35:31.338+0000] {processor.py:157} INFO - Started process (PID=3759) to work on /home/airflow/.local/lib/python3.8/site-packages/airflow/example_dags/example_complex.py
[2024-01-29T18:35:31.339+0000] {processor.py:829} INFO - Processing file /home/airflow/.local/lib/python3.8/site-packages/airflow/example_dags/example_complex.py for tasks to queue
[2024-01-29T18:35:31.342+0000] {logging_mixin.py:151} INFO - [2024-01-29T18:35:31.342+0000] {dagbag.py:536} INFO - Filling up the DagBag from /home/airflow/.local/lib/python3.8/site-packages/airflow/example_dags/example_complex.py
[2024-01-29T18:35:31.358+0000] {processor.py:839} INFO - DAG(s) dict_keys(['example_complex']) retrieved from /home/airflow/.local/lib/python3.8/site-packages/airflow/example_dags/example_complex.py
[2024-01-29T18:35:31.401+0000] {logging_mixin.py:151} INFO - [2024-01-29T18:35:31.401+0000] {dag.py:2941} INFO - Sync 1 DAGs
[2024-01-29T18:35:31.419+0000] {logging_mixin.py:151} INFO - [2024-01-29T18:35:31.418+0000] {dag.py:3722} INFO - Setting next_dagrun for example_complex to None, run_after=None
[2024-01-29T18:35:31.447+0000] {processor.py:179} INFO - Processing /home/airflow/.local/lib/python3.8/site-packages/airflow/example_dags/example_complex.py took 0.113 seconds
[2024-01-29T18:36:01.521+0000] {processor.py:157} INFO - Started process (PID=3815) to work on /home/airflow/.local/lib/python3.8/site-packages/airflow/example_dags/example_complex.py
[2024-01-29T18:36:01.522+0000] {processor.py:829} INFO - Processing file /home/airflow/.local/lib/python3.8/site-packages/airflow/example_dags/example_complex.py for tasks to queue
[2024-01-29T18:36:01.524+0000] {logging_mixin.py:151} INFO - [2024-01-29T18:36:01.524+0000] {dagbag.py:536} INFO - Filling up the DagBag from /home/airflow/.local/lib/python3.8/site-packages/airflow/example_dags/example_complex.py
[2024-01-29T18:36:01.538+0000] {processor.py:839} INFO - DAG(s) dict_keys(['example_complex']) retrieved from /home/airflow/.local/lib/python3.8/site-packages/airflow/example_dags/example_complex.py
[2024-01-29T18:36:01.581+0000] {logging_mixin.py:151} INFO - [2024-01-29T18:36:01.580+0000] {dag.py:2941} INFO - Sync 1 DAGs
[2024-01-29T18:36:01.597+0000] {logging_mixin.py:151} INFO - [2024-01-29T18:36:01.597+0000] {dag.py:3722} INFO - Setting next_dagrun for example_complex to None, run_after=None
[2024-01-29T18:36:01.625+0000] {processor.py:179} INFO - Processing /home/airflow/.local/lib/python3.8/site-packages/airflow/example_dags/example_complex.py took 0.107 seconds
