[2024-01-29T17:57:49.340+0000] {processor.py:157} INFO - Started process (PID=59) to work on /home/airflow/.local/lib/python3.8/site-packages/airflow/example_dags/example_python_operator.py
[2024-01-29T17:57:49.342+0000] {processor.py:829} INFO - Processing file /home/airflow/.local/lib/python3.8/site-packages/airflow/example_dags/example_python_operator.py for tasks to queue
[2024-01-29T17:57:49.347+0000] {logging_mixin.py:151} INFO - [2024-01-29T17:57:49.346+0000] {dagbag.py:536} INFO - Filling up the DagBag from /home/airflow/.local/lib/python3.8/site-packages/airflow/example_dags/example_python_operator.py
[2024-01-29T17:57:49.376+0000] {processor.py:839} INFO - DAG(s) dict_keys(['example_python_operator']) retrieved from /home/airflow/.local/lib/python3.8/site-packages/airflow/example_dags/example_python_operator.py
[2024-01-29T17:57:49.401+0000] {logging_mixin.py:151} INFO - [2024-01-29T17:57:49.400+0000] {dag.py:2941} INFO - Sync 1 DAGs
[2024-01-29T17:57:49.429+0000] {logging_mixin.py:151} INFO - [2024-01-29T17:57:49.429+0000] {dag.py:3722} INFO - Setting next_dagrun for example_python_operator to None, run_after=None
[2024-01-29T17:57:49.470+0000] {processor.py:179} INFO - Processing /home/airflow/.local/lib/python3.8/site-packages/airflow/example_dags/example_python_operator.py took 0.135 seconds
[2024-01-29T17:58:19.927+0000] {processor.py:157} INFO - Started process (PID=113) to work on /home/airflow/.local/lib/python3.8/site-packages/airflow/example_dags/example_python_operator.py
[2024-01-29T17:58:19.929+0000] {processor.py:829} INFO - Processing file /home/airflow/.local/lib/python3.8/site-packages/airflow/example_dags/example_python_operator.py for tasks to queue
[2024-01-29T17:58:19.932+0000] {logging_mixin.py:151} INFO - [2024-01-29T17:58:19.931+0000] {dagbag.py:536} INFO - Filling up the DagBag from /home/airflow/.local/lib/python3.8/site-packages/airflow/example_dags/example_python_operator.py
[2024-01-29T17:58:19.944+0000] {processor.py:839} INFO - DAG(s) dict_keys(['example_python_operator']) retrieved from /home/airflow/.local/lib/python3.8/site-packages/airflow/example_dags/example_python_operator.py
[2024-01-29T17:58:20.099+0000] {logging_mixin.py:151} INFO - [2024-01-29T17:58:20.099+0000] {dag.py:2941} INFO - Sync 1 DAGs
[2024-01-29T17:58:20.113+0000] {logging_mixin.py:151} INFO - [2024-01-29T17:58:20.112+0000] {dag.py:3722} INFO - Setting next_dagrun for example_python_operator to None, run_after=None
[2024-01-29T17:58:20.141+0000] {processor.py:179} INFO - Processing /home/airflow/.local/lib/python3.8/site-packages/airflow/example_dags/example_python_operator.py took 0.217 seconds
[2024-01-29T17:58:50.245+0000] {processor.py:157} INFO - Started process (PID=167) to work on /home/airflow/.local/lib/python3.8/site-packages/airflow/example_dags/example_python_operator.py
[2024-01-29T17:58:50.246+0000] {processor.py:829} INFO - Processing file /home/airflow/.local/lib/python3.8/site-packages/airflow/example_dags/example_python_operator.py for tasks to queue
[2024-01-29T17:58:50.249+0000] {logging_mixin.py:151} INFO - [2024-01-29T17:58:50.248+0000] {dagbag.py:536} INFO - Filling up the DagBag from /home/airflow/.local/lib/python3.8/site-packages/airflow/example_dags/example_python_operator.py
[2024-01-29T17:58:50.264+0000] {processor.py:839} INFO - DAG(s) dict_keys(['example_python_operator']) retrieved from /home/airflow/.local/lib/python3.8/site-packages/airflow/example_dags/example_python_operator.py
[2024-01-29T17:58:50.299+0000] {logging_mixin.py:151} INFO - [2024-01-29T17:58:50.299+0000] {dag.py:2941} INFO - Sync 1 DAGs
[2024-01-29T17:58:50.318+0000] {logging_mixin.py:151} INFO - [2024-01-29T17:58:50.317+0000] {dag.py:3722} INFO - Setting next_dagrun for example_python_operator to None, run_after=None
[2024-01-29T17:58:50.343+0000] {processor.py:179} INFO - Processing /home/airflow/.local/lib/python3.8/site-packages/airflow/example_dags/example_python_operator.py took 0.102 seconds
[2024-01-29T17:59:21.496+0000] {processor.py:157} INFO - Started process (PID=221) to work on /home/airflow/.local/lib/python3.8/site-packages/airflow/example_dags/example_python_operator.py
[2024-01-29T17:59:21.497+0000] {processor.py:829} INFO - Processing file /home/airflow/.local/lib/python3.8/site-packages/airflow/example_dags/example_python_operator.py for tasks to queue
[2024-01-29T17:59:21.499+0000] {logging_mixin.py:151} INFO - [2024-01-29T17:59:21.499+0000] {dagbag.py:536} INFO - Filling up the DagBag from /home/airflow/.local/lib/python3.8/site-packages/airflow/example_dags/example_python_operator.py
[2024-01-29T17:59:21.513+0000] {processor.py:839} INFO - DAG(s) dict_keys(['example_python_operator']) retrieved from /home/airflow/.local/lib/python3.8/site-packages/airflow/example_dags/example_python_operator.py
[2024-01-29T17:59:21.541+0000] {logging_mixin.py:151} INFO - [2024-01-29T17:59:21.540+0000] {dag.py:2941} INFO - Sync 1 DAGs
[2024-01-29T17:59:21.556+0000] {logging_mixin.py:151} INFO - [2024-01-29T17:59:21.555+0000] {dag.py:3722} INFO - Setting next_dagrun for example_python_operator to None, run_after=None
[2024-01-29T17:59:21.586+0000] {processor.py:179} INFO - Processing /home/airflow/.local/lib/python3.8/site-packages/airflow/example_dags/example_python_operator.py took 0.093 seconds
[2024-01-29T17:59:51.670+0000] {processor.py:157} INFO - Started process (PID=275) to work on /home/airflow/.local/lib/python3.8/site-packages/airflow/example_dags/example_python_operator.py
[2024-01-29T17:59:51.671+0000] {processor.py:829} INFO - Processing file /home/airflow/.local/lib/python3.8/site-packages/airflow/example_dags/example_python_operator.py for tasks to queue
[2024-01-29T17:59:51.673+0000] {logging_mixin.py:151} INFO - [2024-01-29T17:59:51.673+0000] {dagbag.py:536} INFO - Filling up the DagBag from /home/airflow/.local/lib/python3.8/site-packages/airflow/example_dags/example_python_operator.py
[2024-01-29T17:59:51.684+0000] {processor.py:839} INFO - DAG(s) dict_keys(['example_python_operator']) retrieved from /home/airflow/.local/lib/python3.8/site-packages/airflow/example_dags/example_python_operator.py
[2024-01-29T17:59:51.707+0000] {logging_mixin.py:151} INFO - [2024-01-29T17:59:51.707+0000] {dag.py:2941} INFO - Sync 1 DAGs
[2024-01-29T17:59:51.723+0000] {logging_mixin.py:151} INFO - [2024-01-29T17:59:51.723+0000] {dag.py:3722} INFO - Setting next_dagrun for example_python_operator to None, run_after=None
[2024-01-29T17:59:51.748+0000] {processor.py:179} INFO - Processing /home/airflow/.local/lib/python3.8/site-packages/airflow/example_dags/example_python_operator.py took 0.080 seconds
[2024-01-29T18:00:22.720+0000] {processor.py:157} INFO - Started process (PID=329) to work on /home/airflow/.local/lib/python3.8/site-packages/airflow/example_dags/example_python_operator.py
[2024-01-29T18:00:22.721+0000] {processor.py:829} INFO - Processing file /home/airflow/.local/lib/python3.8/site-packages/airflow/example_dags/example_python_operator.py for tasks to queue
[2024-01-29T18:00:22.724+0000] {logging_mixin.py:151} INFO - [2024-01-29T18:00:22.724+0000] {dagbag.py:536} INFO - Filling up the DagBag from /home/airflow/.local/lib/python3.8/site-packages/airflow/example_dags/example_python_operator.py
[2024-01-29T18:00:22.747+0000] {processor.py:839} INFO - DAG(s) dict_keys(['example_python_operator']) retrieved from /home/airflow/.local/lib/python3.8/site-packages/airflow/example_dags/example_python_operator.py
[2024-01-29T18:00:22.781+0000] {logging_mixin.py:151} INFO - [2024-01-29T18:00:22.781+0000] {dag.py:2941} INFO - Sync 1 DAGs
[2024-01-29T18:00:22.803+0000] {logging_mixin.py:151} INFO - [2024-01-29T18:00:22.803+0000] {dag.py:3722} INFO - Setting next_dagrun for example_python_operator to None, run_after=None
[2024-01-29T18:00:22.837+0000] {processor.py:179} INFO - Processing /home/airflow/.local/lib/python3.8/site-packages/airflow/example_dags/example_python_operator.py took 0.120 seconds
[2024-01-29T18:00:53.730+0000] {processor.py:157} INFO - Started process (PID=383) to work on /home/airflow/.local/lib/python3.8/site-packages/airflow/example_dags/example_python_operator.py
[2024-01-29T18:00:53.731+0000] {processor.py:829} INFO - Processing file /home/airflow/.local/lib/python3.8/site-packages/airflow/example_dags/example_python_operator.py for tasks to queue
[2024-01-29T18:00:53.733+0000] {logging_mixin.py:151} INFO - [2024-01-29T18:00:53.733+0000] {dagbag.py:536} INFO - Filling up the DagBag from /home/airflow/.local/lib/python3.8/site-packages/airflow/example_dags/example_python_operator.py
[2024-01-29T18:00:53.744+0000] {processor.py:839} INFO - DAG(s) dict_keys(['example_python_operator']) retrieved from /home/airflow/.local/lib/python3.8/site-packages/airflow/example_dags/example_python_operator.py
[2024-01-29T18:00:53.767+0000] {logging_mixin.py:151} INFO - [2024-01-29T18:00:53.767+0000] {dag.py:2941} INFO - Sync 1 DAGs
[2024-01-29T18:00:53.782+0000] {logging_mixin.py:151} INFO - [2024-01-29T18:00:53.781+0000] {dag.py:3722} INFO - Setting next_dagrun for example_python_operator to None, run_after=None
[2024-01-29T18:00:53.806+0000] {processor.py:179} INFO - Processing /home/airflow/.local/lib/python3.8/site-packages/airflow/example_dags/example_python_operator.py took 0.078 seconds
[2024-01-29T18:01:57.007+0000] {processor.py:157} INFO - Started process (PID=60) to work on /home/airflow/.local/lib/python3.8/site-packages/airflow/example_dags/example_python_operator.py
[2024-01-29T18:01:57.009+0000] {processor.py:829} INFO - Processing file /home/airflow/.local/lib/python3.8/site-packages/airflow/example_dags/example_python_operator.py for tasks to queue
[2024-01-29T18:01:57.015+0000] {logging_mixin.py:151} INFO - [2024-01-29T18:01:57.015+0000] {dagbag.py:536} INFO - Filling up the DagBag from /home/airflow/.local/lib/python3.8/site-packages/airflow/example_dags/example_python_operator.py
[2024-01-29T18:01:57.043+0000] {processor.py:839} INFO - DAG(s) dict_keys(['example_python_operator']) retrieved from /home/airflow/.local/lib/python3.8/site-packages/airflow/example_dags/example_python_operator.py
[2024-01-29T18:01:57.058+0000] {logging_mixin.py:151} INFO - [2024-01-29T18:01:57.057+0000] {dag.py:2941} INFO - Sync 1 DAGs
[2024-01-29T18:01:57.076+0000] {logging_mixin.py:151} INFO - [2024-01-29T18:01:57.075+0000] {dag.py:3722} INFO - Setting next_dagrun for example_python_operator to None, run_after=None
[2024-01-29T18:01:57.108+0000] {processor.py:179} INFO - Processing /home/airflow/.local/lib/python3.8/site-packages/airflow/example_dags/example_python_operator.py took 0.108 seconds
[2024-01-29T18:02:27.581+0000] {processor.py:157} INFO - Started process (PID=115) to work on /home/airflow/.local/lib/python3.8/site-packages/airflow/example_dags/example_python_operator.py
[2024-01-29T18:02:27.583+0000] {processor.py:829} INFO - Processing file /home/airflow/.local/lib/python3.8/site-packages/airflow/example_dags/example_python_operator.py for tasks to queue
[2024-01-29T18:02:27.586+0000] {logging_mixin.py:151} INFO - [2024-01-29T18:02:27.585+0000] {dagbag.py:536} INFO - Filling up the DagBag from /home/airflow/.local/lib/python3.8/site-packages/airflow/example_dags/example_python_operator.py
[2024-01-29T18:02:27.599+0000] {processor.py:839} INFO - DAG(s) dict_keys(['example_python_operator']) retrieved from /home/airflow/.local/lib/python3.8/site-packages/airflow/example_dags/example_python_operator.py
[2024-01-29T18:02:27.768+0000] {logging_mixin.py:151} INFO - [2024-01-29T18:02:27.767+0000] {dag.py:2941} INFO - Sync 1 DAGs
[2024-01-29T18:02:27.784+0000] {logging_mixin.py:151} INFO - [2024-01-29T18:02:27.783+0000] {dag.py:3722} INFO - Setting next_dagrun for example_python_operator to None, run_after=None
[2024-01-29T18:02:27.815+0000] {processor.py:179} INFO - Processing /home/airflow/.local/lib/python3.8/site-packages/airflow/example_dags/example_python_operator.py took 0.238 seconds
[2024-01-29T18:02:57.862+0000] {processor.py:157} INFO - Started process (PID=170) to work on /home/airflow/.local/lib/python3.8/site-packages/airflow/example_dags/example_python_operator.py
[2024-01-29T18:02:57.864+0000] {processor.py:829} INFO - Processing file /home/airflow/.local/lib/python3.8/site-packages/airflow/example_dags/example_python_operator.py for tasks to queue
[2024-01-29T18:02:57.867+0000] {logging_mixin.py:151} INFO - [2024-01-29T18:02:57.867+0000] {dagbag.py:536} INFO - Filling up the DagBag from /home/airflow/.local/lib/python3.8/site-packages/airflow/example_dags/example_python_operator.py
[2024-01-29T18:02:57.881+0000] {processor.py:839} INFO - DAG(s) dict_keys(['example_python_operator']) retrieved from /home/airflow/.local/lib/python3.8/site-packages/airflow/example_dags/example_python_operator.py
[2024-01-29T18:02:57.908+0000] {logging_mixin.py:151} INFO - [2024-01-29T18:02:57.908+0000] {dag.py:2941} INFO - Sync 1 DAGs
[2024-01-29T18:02:57.925+0000] {logging_mixin.py:151} INFO - [2024-01-29T18:02:57.924+0000] {dag.py:3722} INFO - Setting next_dagrun for example_python_operator to None, run_after=None
[2024-01-29T18:02:57.955+0000] {processor.py:179} INFO - Processing /home/airflow/.local/lib/python3.8/site-packages/airflow/example_dags/example_python_operator.py took 0.096 seconds
[2024-01-29T18:03:28.932+0000] {processor.py:157} INFO - Started process (PID=225) to work on /home/airflow/.local/lib/python3.8/site-packages/airflow/example_dags/example_python_operator.py
[2024-01-29T18:03:28.934+0000] {processor.py:829} INFO - Processing file /home/airflow/.local/lib/python3.8/site-packages/airflow/example_dags/example_python_operator.py for tasks to queue
[2024-01-29T18:03:28.936+0000] {logging_mixin.py:151} INFO - [2024-01-29T18:03:28.936+0000] {dagbag.py:536} INFO - Filling up the DagBag from /home/airflow/.local/lib/python3.8/site-packages/airflow/example_dags/example_python_operator.py
[2024-01-29T18:03:28.948+0000] {processor.py:839} INFO - DAG(s) dict_keys(['example_python_operator']) retrieved from /home/airflow/.local/lib/python3.8/site-packages/airflow/example_dags/example_python_operator.py
[2024-01-29T18:03:28.977+0000] {logging_mixin.py:151} INFO - [2024-01-29T18:03:28.977+0000] {dag.py:2941} INFO - Sync 1 DAGs
[2024-01-29T18:03:29.012+0000] {logging_mixin.py:151} INFO - [2024-01-29T18:03:29.011+0000] {dag.py:3722} INFO - Setting next_dagrun for example_python_operator to None, run_after=None
[2024-01-29T18:03:29.059+0000] {processor.py:179} INFO - Processing /home/airflow/.local/lib/python3.8/site-packages/airflow/example_dags/example_python_operator.py took 0.131 seconds
[2024-01-29T18:03:59.214+0000] {processor.py:157} INFO - Started process (PID=280) to work on /home/airflow/.local/lib/python3.8/site-packages/airflow/example_dags/example_python_operator.py
[2024-01-29T18:03:59.215+0000] {processor.py:829} INFO - Processing file /home/airflow/.local/lib/python3.8/site-packages/airflow/example_dags/example_python_operator.py for tasks to queue
[2024-01-29T18:03:59.217+0000] {logging_mixin.py:151} INFO - [2024-01-29T18:03:59.217+0000] {dagbag.py:536} INFO - Filling up the DagBag from /home/airflow/.local/lib/python3.8/site-packages/airflow/example_dags/example_python_operator.py
[2024-01-29T18:03:59.232+0000] {processor.py:839} INFO - DAG(s) dict_keys(['example_python_operator']) retrieved from /home/airflow/.local/lib/python3.8/site-packages/airflow/example_dags/example_python_operator.py
[2024-01-29T18:03:59.273+0000] {logging_mixin.py:151} INFO - [2024-01-29T18:03:59.273+0000] {dag.py:2941} INFO - Sync 1 DAGs
[2024-01-29T18:03:59.308+0000] {logging_mixin.py:151} INFO - [2024-01-29T18:03:59.308+0000] {dag.py:3722} INFO - Setting next_dagrun for example_python_operator to None, run_after=None
[2024-01-29T18:03:59.344+0000] {processor.py:179} INFO - Processing /home/airflow/.local/lib/python3.8/site-packages/airflow/example_dags/example_python_operator.py took 0.133 seconds
[2024-01-29T18:04:30.178+0000] {processor.py:157} INFO - Started process (PID=337) to work on /home/airflow/.local/lib/python3.8/site-packages/airflow/example_dags/example_python_operator.py
[2024-01-29T18:04:30.179+0000] {processor.py:829} INFO - Processing file /home/airflow/.local/lib/python3.8/site-packages/airflow/example_dags/example_python_operator.py for tasks to queue
[2024-01-29T18:04:30.181+0000] {logging_mixin.py:151} INFO - [2024-01-29T18:04:30.181+0000] {dagbag.py:536} INFO - Filling up the DagBag from /home/airflow/.local/lib/python3.8/site-packages/airflow/example_dags/example_python_operator.py
[2024-01-29T18:04:30.194+0000] {processor.py:839} INFO - DAG(s) dict_keys(['example_python_operator']) retrieved from /home/airflow/.local/lib/python3.8/site-packages/airflow/example_dags/example_python_operator.py
[2024-01-29T18:04:30.222+0000] {logging_mixin.py:151} INFO - [2024-01-29T18:04:30.222+0000] {dag.py:2941} INFO - Sync 1 DAGs
[2024-01-29T18:04:30.251+0000] {logging_mixin.py:151} INFO - [2024-01-29T18:04:30.251+0000] {dag.py:3722} INFO - Setting next_dagrun for example_python_operator to None, run_after=None
[2024-01-29T18:04:30.278+0000] {processor.py:179} INFO - Processing /home/airflow/.local/lib/python3.8/site-packages/airflow/example_dags/example_python_operator.py took 0.103 seconds
[2024-01-29T18:05:01.207+0000] {processor.py:157} INFO - Started process (PID=393) to work on /home/airflow/.local/lib/python3.8/site-packages/airflow/example_dags/example_python_operator.py
[2024-01-29T18:05:01.209+0000] {processor.py:829} INFO - Processing file /home/airflow/.local/lib/python3.8/site-packages/airflow/example_dags/example_python_operator.py for tasks to queue
[2024-01-29T18:05:01.214+0000] {logging_mixin.py:151} INFO - [2024-01-29T18:05:01.213+0000] {dagbag.py:536} INFO - Filling up the DagBag from /home/airflow/.local/lib/python3.8/site-packages/airflow/example_dags/example_python_operator.py
[2024-01-29T18:05:01.247+0000] {processor.py:839} INFO - DAG(s) dict_keys(['example_python_operator']) retrieved from /home/airflow/.local/lib/python3.8/site-packages/airflow/example_dags/example_python_operator.py
[2024-01-29T18:05:01.309+0000] {logging_mixin.py:151} INFO - [2024-01-29T18:05:01.308+0000] {dag.py:2941} INFO - Sync 1 DAGs
[2024-01-29T18:05:01.364+0000] {logging_mixin.py:151} INFO - [2024-01-29T18:05:01.363+0000] {dag.py:3722} INFO - Setting next_dagrun for example_python_operator to None, run_after=None
[2024-01-29T18:05:01.407+0000] {processor.py:179} INFO - Processing /home/airflow/.local/lib/python3.8/site-packages/airflow/example_dags/example_python_operator.py took 0.205 seconds
[2024-01-29T18:05:31.704+0000] {processor.py:157} INFO - Started process (PID=448) to work on /home/airflow/.local/lib/python3.8/site-packages/airflow/example_dags/example_python_operator.py
[2024-01-29T18:05:31.706+0000] {processor.py:829} INFO - Processing file /home/airflow/.local/lib/python3.8/site-packages/airflow/example_dags/example_python_operator.py for tasks to queue
[2024-01-29T18:05:31.709+0000] {logging_mixin.py:151} INFO - [2024-01-29T18:05:31.709+0000] {dagbag.py:536} INFO - Filling up the DagBag from /home/airflow/.local/lib/python3.8/site-packages/airflow/example_dags/example_python_operator.py
[2024-01-29T18:05:31.727+0000] {processor.py:839} INFO - DAG(s) dict_keys(['example_python_operator']) retrieved from /home/airflow/.local/lib/python3.8/site-packages/airflow/example_dags/example_python_operator.py
[2024-01-29T18:05:31.756+0000] {logging_mixin.py:151} INFO - [2024-01-29T18:05:31.756+0000] {dag.py:2941} INFO - Sync 1 DAGs
[2024-01-29T18:05:31.771+0000] {logging_mixin.py:151} INFO - [2024-01-29T18:05:31.770+0000] {dag.py:3722} INFO - Setting next_dagrun for example_python_operator to None, run_after=None
[2024-01-29T18:05:31.798+0000] {processor.py:179} INFO - Processing /home/airflow/.local/lib/python3.8/site-packages/airflow/example_dags/example_python_operator.py took 0.097 seconds
[2024-01-29T18:06:02.682+0000] {processor.py:157} INFO - Started process (PID=503) to work on /home/airflow/.local/lib/python3.8/site-packages/airflow/example_dags/example_python_operator.py
[2024-01-29T18:06:02.683+0000] {processor.py:829} INFO - Processing file /home/airflow/.local/lib/python3.8/site-packages/airflow/example_dags/example_python_operator.py for tasks to queue
[2024-01-29T18:06:02.686+0000] {logging_mixin.py:151} INFO - [2024-01-29T18:06:02.685+0000] {dagbag.py:536} INFO - Filling up the DagBag from /home/airflow/.local/lib/python3.8/site-packages/airflow/example_dags/example_python_operator.py
[2024-01-29T18:06:02.699+0000] {processor.py:839} INFO - DAG(s) dict_keys(['example_python_operator']) retrieved from /home/airflow/.local/lib/python3.8/site-packages/airflow/example_dags/example_python_operator.py
[2024-01-29T18:06:02.727+0000] {logging_mixin.py:151} INFO - [2024-01-29T18:06:02.726+0000] {dag.py:2941} INFO - Sync 1 DAGs
[2024-01-29T18:06:02.741+0000] {logging_mixin.py:151} INFO - [2024-01-29T18:06:02.741+0000] {dag.py:3722} INFO - Setting next_dagrun for example_python_operator to None, run_after=None
[2024-01-29T18:06:02.769+0000] {processor.py:179} INFO - Processing /home/airflow/.local/lib/python3.8/site-packages/airflow/example_dags/example_python_operator.py took 0.090 seconds
[2024-01-29T18:06:34.114+0000] {processor.py:157} INFO - Started process (PID=558) to work on /home/airflow/.local/lib/python3.8/site-packages/airflow/example_dags/example_python_operator.py
[2024-01-29T18:06:34.115+0000] {processor.py:829} INFO - Processing file /home/airflow/.local/lib/python3.8/site-packages/airflow/example_dags/example_python_operator.py for tasks to queue
[2024-01-29T18:06:34.117+0000] {logging_mixin.py:151} INFO - [2024-01-29T18:06:34.117+0000] {dagbag.py:536} INFO - Filling up the DagBag from /home/airflow/.local/lib/python3.8/site-packages/airflow/example_dags/example_python_operator.py
[2024-01-29T18:06:34.131+0000] {processor.py:839} INFO - DAG(s) dict_keys(['example_python_operator']) retrieved from /home/airflow/.local/lib/python3.8/site-packages/airflow/example_dags/example_python_operator.py
[2024-01-29T18:06:34.161+0000] {logging_mixin.py:151} INFO - [2024-01-29T18:06:34.160+0000] {dag.py:2941} INFO - Sync 1 DAGs
[2024-01-29T18:06:34.177+0000] {logging_mixin.py:151} INFO - [2024-01-29T18:06:34.176+0000] {dag.py:3722} INFO - Setting next_dagrun for example_python_operator to None, run_after=None
[2024-01-29T18:06:34.208+0000] {processor.py:179} INFO - Processing /home/airflow/.local/lib/python3.8/site-packages/airflow/example_dags/example_python_operator.py took 0.097 seconds
[2024-01-29T18:07:04.841+0000] {processor.py:157} INFO - Started process (PID=614) to work on /home/airflow/.local/lib/python3.8/site-packages/airflow/example_dags/example_python_operator.py
[2024-01-29T18:07:04.843+0000] {processor.py:829} INFO - Processing file /home/airflow/.local/lib/python3.8/site-packages/airflow/example_dags/example_python_operator.py for tasks to queue
[2024-01-29T18:07:04.845+0000] {logging_mixin.py:151} INFO - [2024-01-29T18:07:04.845+0000] {dagbag.py:536} INFO - Filling up the DagBag from /home/airflow/.local/lib/python3.8/site-packages/airflow/example_dags/example_python_operator.py
[2024-01-29T18:07:04.860+0000] {processor.py:839} INFO - DAG(s) dict_keys(['example_python_operator']) retrieved from /home/airflow/.local/lib/python3.8/site-packages/airflow/example_dags/example_python_operator.py
[2024-01-29T18:07:04.884+0000] {logging_mixin.py:151} INFO - [2024-01-29T18:07:04.883+0000] {dag.py:2941} INFO - Sync 1 DAGs
[2024-01-29T18:07:04.898+0000] {logging_mixin.py:151} INFO - [2024-01-29T18:07:04.898+0000] {dag.py:3722} INFO - Setting next_dagrun for example_python_operator to None, run_after=None
[2024-01-29T18:07:04.922+0000] {processor.py:179} INFO - Processing /home/airflow/.local/lib/python3.8/site-packages/airflow/example_dags/example_python_operator.py took 0.084 seconds
[2024-01-29T18:07:35.609+0000] {processor.py:157} INFO - Started process (PID=670) to work on /home/airflow/.local/lib/python3.8/site-packages/airflow/example_dags/example_python_operator.py
[2024-01-29T18:07:35.611+0000] {processor.py:829} INFO - Processing file /home/airflow/.local/lib/python3.8/site-packages/airflow/example_dags/example_python_operator.py for tasks to queue
[2024-01-29T18:07:35.614+0000] {logging_mixin.py:151} INFO - [2024-01-29T18:07:35.614+0000] {dagbag.py:536} INFO - Filling up the DagBag from /home/airflow/.local/lib/python3.8/site-packages/airflow/example_dags/example_python_operator.py
[2024-01-29T18:07:35.638+0000] {processor.py:839} INFO - DAG(s) dict_keys(['example_python_operator']) retrieved from /home/airflow/.local/lib/python3.8/site-packages/airflow/example_dags/example_python_operator.py
[2024-01-29T18:07:35.672+0000] {logging_mixin.py:151} INFO - [2024-01-29T18:07:35.672+0000] {dag.py:2941} INFO - Sync 1 DAGs
[2024-01-29T18:07:35.693+0000] {logging_mixin.py:151} INFO - [2024-01-29T18:07:35.693+0000] {dag.py:3722} INFO - Setting next_dagrun for example_python_operator to None, run_after=None
[2024-01-29T18:07:35.763+0000] {processor.py:179} INFO - Processing /home/airflow/.local/lib/python3.8/site-packages/airflow/example_dags/example_python_operator.py took 0.159 seconds
[2024-01-29T18:08:06.250+0000] {processor.py:157} INFO - Started process (PID=726) to work on /home/airflow/.local/lib/python3.8/site-packages/airflow/example_dags/example_python_operator.py
[2024-01-29T18:08:06.251+0000] {processor.py:829} INFO - Processing file /home/airflow/.local/lib/python3.8/site-packages/airflow/example_dags/example_python_operator.py for tasks to queue
[2024-01-29T18:08:06.254+0000] {logging_mixin.py:151} INFO - [2024-01-29T18:08:06.253+0000] {dagbag.py:536} INFO - Filling up the DagBag from /home/airflow/.local/lib/python3.8/site-packages/airflow/example_dags/example_python_operator.py
[2024-01-29T18:08:06.266+0000] {processor.py:839} INFO - DAG(s) dict_keys(['example_python_operator']) retrieved from /home/airflow/.local/lib/python3.8/site-packages/airflow/example_dags/example_python_operator.py
[2024-01-29T18:08:06.293+0000] {logging_mixin.py:151} INFO - [2024-01-29T18:08:06.292+0000] {dag.py:2941} INFO - Sync 1 DAGs
[2024-01-29T18:08:06.305+0000] {logging_mixin.py:151} INFO - [2024-01-29T18:08:06.305+0000] {dag.py:3722} INFO - Setting next_dagrun for example_python_operator to None, run_after=None
[2024-01-29T18:08:06.329+0000] {processor.py:179} INFO - Processing /home/airflow/.local/lib/python3.8/site-packages/airflow/example_dags/example_python_operator.py took 0.082 seconds
[2024-01-29T18:08:36.580+0000] {processor.py:157} INFO - Started process (PID=783) to work on /home/airflow/.local/lib/python3.8/site-packages/airflow/example_dags/example_python_operator.py
[2024-01-29T18:08:36.582+0000] {processor.py:829} INFO - Processing file /home/airflow/.local/lib/python3.8/site-packages/airflow/example_dags/example_python_operator.py for tasks to queue
[2024-01-29T18:08:36.584+0000] {logging_mixin.py:151} INFO - [2024-01-29T18:08:36.584+0000] {dagbag.py:536} INFO - Filling up the DagBag from /home/airflow/.local/lib/python3.8/site-packages/airflow/example_dags/example_python_operator.py
[2024-01-29T18:08:36.597+0000] {processor.py:839} INFO - DAG(s) dict_keys(['example_python_operator']) retrieved from /home/airflow/.local/lib/python3.8/site-packages/airflow/example_dags/example_python_operator.py
[2024-01-29T18:08:36.624+0000] {logging_mixin.py:151} INFO - [2024-01-29T18:08:36.624+0000] {dag.py:2941} INFO - Sync 1 DAGs
[2024-01-29T18:08:36.640+0000] {logging_mixin.py:151} INFO - [2024-01-29T18:08:36.640+0000] {dag.py:3722} INFO - Setting next_dagrun for example_python_operator to None, run_after=None
[2024-01-29T18:08:36.668+0000] {processor.py:179} INFO - Processing /home/airflow/.local/lib/python3.8/site-packages/airflow/example_dags/example_python_operator.py took 0.091 seconds
[2024-01-29T18:09:06.836+0000] {processor.py:157} INFO - Started process (PID=839) to work on /home/airflow/.local/lib/python3.8/site-packages/airflow/example_dags/example_python_operator.py
[2024-01-29T18:09:06.838+0000] {processor.py:829} INFO - Processing file /home/airflow/.local/lib/python3.8/site-packages/airflow/example_dags/example_python_operator.py for tasks to queue
[2024-01-29T18:09:06.840+0000] {logging_mixin.py:151} INFO - [2024-01-29T18:09:06.840+0000] {dagbag.py:536} INFO - Filling up the DagBag from /home/airflow/.local/lib/python3.8/site-packages/airflow/example_dags/example_python_operator.py
[2024-01-29T18:09:06.853+0000] {processor.py:839} INFO - DAG(s) dict_keys(['example_python_operator']) retrieved from /home/airflow/.local/lib/python3.8/site-packages/airflow/example_dags/example_python_operator.py
[2024-01-29T18:09:06.879+0000] {logging_mixin.py:151} INFO - [2024-01-29T18:09:06.879+0000] {dag.py:2941} INFO - Sync 1 DAGs
[2024-01-29T18:09:06.895+0000] {logging_mixin.py:151} INFO - [2024-01-29T18:09:06.895+0000] {dag.py:3722} INFO - Setting next_dagrun for example_python_operator to None, run_after=None
[2024-01-29T18:09:06.919+0000] {processor.py:179} INFO - Processing /home/airflow/.local/lib/python3.8/site-packages/airflow/example_dags/example_python_operator.py took 0.086 seconds
[2024-01-29T18:09:37.281+0000] {processor.py:157} INFO - Started process (PID=898) to work on /home/airflow/.local/lib/python3.8/site-packages/airflow/example_dags/example_python_operator.py
[2024-01-29T18:09:37.282+0000] {processor.py:829} INFO - Processing file /home/airflow/.local/lib/python3.8/site-packages/airflow/example_dags/example_python_operator.py for tasks to queue
[2024-01-29T18:09:37.285+0000] {logging_mixin.py:151} INFO - [2024-01-29T18:09:37.284+0000] {dagbag.py:536} INFO - Filling up the DagBag from /home/airflow/.local/lib/python3.8/site-packages/airflow/example_dags/example_python_operator.py
[2024-01-29T18:09:37.298+0000] {processor.py:839} INFO - DAG(s) dict_keys(['example_python_operator']) retrieved from /home/airflow/.local/lib/python3.8/site-packages/airflow/example_dags/example_python_operator.py
[2024-01-29T18:09:37.327+0000] {logging_mixin.py:151} INFO - [2024-01-29T18:09:37.327+0000] {dag.py:2941} INFO - Sync 1 DAGs
[2024-01-29T18:09:37.344+0000] {logging_mixin.py:151} INFO - [2024-01-29T18:09:37.344+0000] {dag.py:3722} INFO - Setting next_dagrun for example_python_operator to None, run_after=None
[2024-01-29T18:09:37.372+0000] {processor.py:179} INFO - Processing /home/airflow/.local/lib/python3.8/site-packages/airflow/example_dags/example_python_operator.py took 0.094 seconds
[2024-01-29T18:10:08.244+0000] {processor.py:157} INFO - Started process (PID=954) to work on /home/airflow/.local/lib/python3.8/site-packages/airflow/example_dags/example_python_operator.py
[2024-01-29T18:10:08.245+0000] {processor.py:829} INFO - Processing file /home/airflow/.local/lib/python3.8/site-packages/airflow/example_dags/example_python_operator.py for tasks to queue
[2024-01-29T18:10:08.248+0000] {logging_mixin.py:151} INFO - [2024-01-29T18:10:08.247+0000] {dagbag.py:536} INFO - Filling up the DagBag from /home/airflow/.local/lib/python3.8/site-packages/airflow/example_dags/example_python_operator.py
[2024-01-29T18:10:08.261+0000] {processor.py:839} INFO - DAG(s) dict_keys(['example_python_operator']) retrieved from /home/airflow/.local/lib/python3.8/site-packages/airflow/example_dags/example_python_operator.py
[2024-01-29T18:10:08.290+0000] {logging_mixin.py:151} INFO - [2024-01-29T18:10:08.289+0000] {dag.py:2941} INFO - Sync 1 DAGs
[2024-01-29T18:10:08.304+0000] {logging_mixin.py:151} INFO - [2024-01-29T18:10:08.304+0000] {dag.py:3722} INFO - Setting next_dagrun for example_python_operator to None, run_after=None
[2024-01-29T18:10:08.332+0000] {processor.py:179} INFO - Processing /home/airflow/.local/lib/python3.8/site-packages/airflow/example_dags/example_python_operator.py took 0.090 seconds
[2024-01-29T18:10:38.847+0000] {processor.py:157} INFO - Started process (PID=1019) to work on /home/airflow/.local/lib/python3.8/site-packages/airflow/example_dags/example_python_operator.py
[2024-01-29T18:10:38.848+0000] {processor.py:829} INFO - Processing file /home/airflow/.local/lib/python3.8/site-packages/airflow/example_dags/example_python_operator.py for tasks to queue
[2024-01-29T18:10:38.851+0000] {logging_mixin.py:151} INFO - [2024-01-29T18:10:38.850+0000] {dagbag.py:536} INFO - Filling up the DagBag from /home/airflow/.local/lib/python3.8/site-packages/airflow/example_dags/example_python_operator.py
[2024-01-29T18:10:38.864+0000] {processor.py:839} INFO - DAG(s) dict_keys(['example_python_operator']) retrieved from /home/airflow/.local/lib/python3.8/site-packages/airflow/example_dags/example_python_operator.py
[2024-01-29T18:10:38.895+0000] {logging_mixin.py:151} INFO - [2024-01-29T18:10:38.895+0000] {dag.py:2941} INFO - Sync 1 DAGs
[2024-01-29T18:10:38.916+0000] {logging_mixin.py:151} INFO - [2024-01-29T18:10:38.916+0000] {dag.py:3722} INFO - Setting next_dagrun for example_python_operator to None, run_after=None
[2024-01-29T18:10:38.948+0000] {processor.py:179} INFO - Processing /home/airflow/.local/lib/python3.8/site-packages/airflow/example_dags/example_python_operator.py took 0.105 seconds
[2024-01-29T18:11:09.804+0000] {processor.py:157} INFO - Started process (PID=1079) to work on /home/airflow/.local/lib/python3.8/site-packages/airflow/example_dags/example_python_operator.py
[2024-01-29T18:11:09.805+0000] {processor.py:829} INFO - Processing file /home/airflow/.local/lib/python3.8/site-packages/airflow/example_dags/example_python_operator.py for tasks to queue
[2024-01-29T18:11:09.808+0000] {logging_mixin.py:151} INFO - [2024-01-29T18:11:09.807+0000] {dagbag.py:536} INFO - Filling up the DagBag from /home/airflow/.local/lib/python3.8/site-packages/airflow/example_dags/example_python_operator.py
[2024-01-29T18:11:09.822+0000] {processor.py:839} INFO - DAG(s) dict_keys(['example_python_operator']) retrieved from /home/airflow/.local/lib/python3.8/site-packages/airflow/example_dags/example_python_operator.py
[2024-01-29T18:11:09.854+0000] {logging_mixin.py:151} INFO - [2024-01-29T18:11:09.854+0000] {dag.py:2941} INFO - Sync 1 DAGs
[2024-01-29T18:11:09.871+0000] {logging_mixin.py:151} INFO - [2024-01-29T18:11:09.871+0000] {dag.py:3722} INFO - Setting next_dagrun for example_python_operator to None, run_after=None
[2024-01-29T18:11:09.896+0000] {processor.py:179} INFO - Processing /home/airflow/.local/lib/python3.8/site-packages/airflow/example_dags/example_python_operator.py took 0.096 seconds
[2024-01-29T18:11:40.035+0000] {processor.py:157} INFO - Started process (PID=1135) to work on /home/airflow/.local/lib/python3.8/site-packages/airflow/example_dags/example_python_operator.py
[2024-01-29T18:11:40.037+0000] {processor.py:829} INFO - Processing file /home/airflow/.local/lib/python3.8/site-packages/airflow/example_dags/example_python_operator.py for tasks to queue
[2024-01-29T18:11:40.040+0000] {logging_mixin.py:151} INFO - [2024-01-29T18:11:40.039+0000] {dagbag.py:536} INFO - Filling up the DagBag from /home/airflow/.local/lib/python3.8/site-packages/airflow/example_dags/example_python_operator.py
[2024-01-29T18:11:40.058+0000] {processor.py:839} INFO - DAG(s) dict_keys(['example_python_operator']) retrieved from /home/airflow/.local/lib/python3.8/site-packages/airflow/example_dags/example_python_operator.py
[2024-01-29T18:11:40.092+0000] {logging_mixin.py:151} INFO - [2024-01-29T18:11:40.092+0000] {dag.py:2941} INFO - Sync 1 DAGs
[2024-01-29T18:11:40.115+0000] {logging_mixin.py:151} INFO - [2024-01-29T18:11:40.115+0000] {dag.py:3722} INFO - Setting next_dagrun for example_python_operator to None, run_after=None
[2024-01-29T18:11:40.145+0000] {processor.py:179} INFO - Processing /home/airflow/.local/lib/python3.8/site-packages/airflow/example_dags/example_python_operator.py took 0.113 seconds
[2024-01-29T18:12:14.739+0000] {processor.py:157} INFO - Started process (PID=1198) to work on /home/airflow/.local/lib/python3.8/site-packages/airflow/example_dags/example_python_operator.py
[2024-01-29T18:12:14.759+0000] {processor.py:829} INFO - Processing file /home/airflow/.local/lib/python3.8/site-packages/airflow/example_dags/example_python_operator.py for tasks to queue
[2024-01-29T18:12:14.774+0000] {logging_mixin.py:151} INFO - [2024-01-29T18:12:14.773+0000] {dagbag.py:536} INFO - Filling up the DagBag from /home/airflow/.local/lib/python3.8/site-packages/airflow/example_dags/example_python_operator.py
[2024-01-29T18:12:14.827+0000] {processor.py:839} INFO - DAG(s) dict_keys(['example_python_operator']) retrieved from /home/airflow/.local/lib/python3.8/site-packages/airflow/example_dags/example_python_operator.py
[2024-01-29T18:12:14.899+0000] {logging_mixin.py:151} INFO - [2024-01-29T18:12:14.899+0000] {dag.py:2941} INFO - Sync 1 DAGs
[2024-01-29T18:12:14.948+0000] {logging_mixin.py:151} INFO - [2024-01-29T18:12:14.948+0000] {dag.py:3722} INFO - Setting next_dagrun for example_python_operator to None, run_after=None
[2024-01-29T18:12:15.016+0000] {processor.py:179} INFO - Processing /home/airflow/.local/lib/python3.8/site-packages/airflow/example_dags/example_python_operator.py took 0.285 seconds
[2024-01-29T18:12:45.867+0000] {processor.py:157} INFO - Started process (PID=1254) to work on /home/airflow/.local/lib/python3.8/site-packages/airflow/example_dags/example_python_operator.py
[2024-01-29T18:12:45.870+0000] {processor.py:829} INFO - Processing file /home/airflow/.local/lib/python3.8/site-packages/airflow/example_dags/example_python_operator.py for tasks to queue
[2024-01-29T18:12:45.873+0000] {logging_mixin.py:151} INFO - [2024-01-29T18:12:45.873+0000] {dagbag.py:536} INFO - Filling up the DagBag from /home/airflow/.local/lib/python3.8/site-packages/airflow/example_dags/example_python_operator.py
[2024-01-29T18:12:45.902+0000] {processor.py:839} INFO - DAG(s) dict_keys(['example_python_operator']) retrieved from /home/airflow/.local/lib/python3.8/site-packages/airflow/example_dags/example_python_operator.py
[2024-01-29T18:12:45.993+0000] {logging_mixin.py:151} INFO - [2024-01-29T18:12:45.992+0000] {dag.py:2941} INFO - Sync 1 DAGs
[2024-01-29T18:12:46.022+0000] {logging_mixin.py:151} INFO - [2024-01-29T18:12:46.021+0000] {dag.py:3722} INFO - Setting next_dagrun for example_python_operator to None, run_after=None
[2024-01-29T18:12:46.084+0000] {processor.py:179} INFO - Processing /home/airflow/.local/lib/python3.8/site-packages/airflow/example_dags/example_python_operator.py took 0.223 seconds
[2024-01-29T18:13:17.110+0000] {processor.py:157} INFO - Started process (PID=1310) to work on /home/airflow/.local/lib/python3.8/site-packages/airflow/example_dags/example_python_operator.py
[2024-01-29T18:13:17.112+0000] {processor.py:829} INFO - Processing file /home/airflow/.local/lib/python3.8/site-packages/airflow/example_dags/example_python_operator.py for tasks to queue
[2024-01-29T18:13:17.124+0000] {logging_mixin.py:151} INFO - [2024-01-29T18:13:17.122+0000] {dagbag.py:536} INFO - Filling up the DagBag from /home/airflow/.local/lib/python3.8/site-packages/airflow/example_dags/example_python_operator.py
[2024-01-29T18:13:17.171+0000] {processor.py:839} INFO - DAG(s) dict_keys(['example_python_operator']) retrieved from /home/airflow/.local/lib/python3.8/site-packages/airflow/example_dags/example_python_operator.py
[2024-01-29T18:13:17.309+0000] {logging_mixin.py:151} INFO - [2024-01-29T18:13:17.308+0000] {dag.py:2941} INFO - Sync 1 DAGs
[2024-01-29T18:13:17.352+0000] {logging_mixin.py:151} INFO - [2024-01-29T18:13:17.351+0000] {dag.py:3722} INFO - Setting next_dagrun for example_python_operator to None, run_after=None
[2024-01-29T18:13:17.448+0000] {processor.py:179} INFO - Processing /home/airflow/.local/lib/python3.8/site-packages/airflow/example_dags/example_python_operator.py took 0.341 seconds
[2024-01-29T18:13:48.114+0000] {processor.py:157} INFO - Started process (PID=1367) to work on /home/airflow/.local/lib/python3.8/site-packages/airflow/example_dags/example_python_operator.py
[2024-01-29T18:13:48.116+0000] {processor.py:829} INFO - Processing file /home/airflow/.local/lib/python3.8/site-packages/airflow/example_dags/example_python_operator.py for tasks to queue
[2024-01-29T18:13:48.120+0000] {logging_mixin.py:151} INFO - [2024-01-29T18:13:48.119+0000] {dagbag.py:536} INFO - Filling up the DagBag from /home/airflow/.local/lib/python3.8/site-packages/airflow/example_dags/example_python_operator.py
[2024-01-29T18:13:48.157+0000] {processor.py:839} INFO - DAG(s) dict_keys(['example_python_operator']) retrieved from /home/airflow/.local/lib/python3.8/site-packages/airflow/example_dags/example_python_operator.py
[2024-01-29T18:13:48.229+0000] {logging_mixin.py:151} INFO - [2024-01-29T18:13:48.228+0000] {dag.py:2941} INFO - Sync 1 DAGs
[2024-01-29T18:13:48.254+0000] {logging_mixin.py:151} INFO - [2024-01-29T18:13:48.254+0000] {dag.py:3722} INFO - Setting next_dagrun for example_python_operator to None, run_after=None
[2024-01-29T18:13:48.316+0000] {processor.py:179} INFO - Processing /home/airflow/.local/lib/python3.8/site-packages/airflow/example_dags/example_python_operator.py took 0.205 seconds
[2024-01-29T18:14:18.619+0000] {processor.py:157} INFO - Started process (PID=1422) to work on /home/airflow/.local/lib/python3.8/site-packages/airflow/example_dags/example_python_operator.py
[2024-01-29T18:14:18.620+0000] {processor.py:829} INFO - Processing file /home/airflow/.local/lib/python3.8/site-packages/airflow/example_dags/example_python_operator.py for tasks to queue
[2024-01-29T18:14:18.624+0000] {logging_mixin.py:151} INFO - [2024-01-29T18:14:18.624+0000] {dagbag.py:536} INFO - Filling up the DagBag from /home/airflow/.local/lib/python3.8/site-packages/airflow/example_dags/example_python_operator.py
[2024-01-29T18:14:18.687+0000] {processor.py:839} INFO - DAG(s) dict_keys(['example_python_operator']) retrieved from /home/airflow/.local/lib/python3.8/site-packages/airflow/example_dags/example_python_operator.py
[2024-01-29T18:14:18.759+0000] {logging_mixin.py:151} INFO - [2024-01-29T18:14:18.759+0000] {dag.py:2941} INFO - Sync 1 DAGs
[2024-01-29T18:14:18.805+0000] {logging_mixin.py:151} INFO - [2024-01-29T18:14:18.804+0000] {dag.py:3722} INFO - Setting next_dagrun for example_python_operator to None, run_after=None
[2024-01-29T18:14:18.984+0000] {processor.py:179} INFO - Processing /home/airflow/.local/lib/python3.8/site-packages/airflow/example_dags/example_python_operator.py took 0.371 seconds
[2024-01-29T18:14:49.273+0000] {processor.py:157} INFO - Started process (PID=1478) to work on /home/airflow/.local/lib/python3.8/site-packages/airflow/example_dags/example_python_operator.py
[2024-01-29T18:14:49.278+0000] {processor.py:829} INFO - Processing file /home/airflow/.local/lib/python3.8/site-packages/airflow/example_dags/example_python_operator.py for tasks to queue
[2024-01-29T18:14:49.281+0000] {logging_mixin.py:151} INFO - [2024-01-29T18:14:49.280+0000] {dagbag.py:536} INFO - Filling up the DagBag from /home/airflow/.local/lib/python3.8/site-packages/airflow/example_dags/example_python_operator.py
[2024-01-29T18:14:49.300+0000] {processor.py:839} INFO - DAG(s) dict_keys(['example_python_operator']) retrieved from /home/airflow/.local/lib/python3.8/site-packages/airflow/example_dags/example_python_operator.py
[2024-01-29T18:14:49.353+0000] {logging_mixin.py:151} INFO - [2024-01-29T18:14:49.352+0000] {dag.py:2941} INFO - Sync 1 DAGs
[2024-01-29T18:14:49.377+0000] {logging_mixin.py:151} INFO - [2024-01-29T18:14:49.377+0000] {dag.py:3722} INFO - Setting next_dagrun for example_python_operator to None, run_after=None
[2024-01-29T18:14:49.439+0000] {processor.py:179} INFO - Processing /home/airflow/.local/lib/python3.8/site-packages/airflow/example_dags/example_python_operator.py took 0.173 seconds
[2024-01-29T18:15:20.079+0000] {processor.py:157} INFO - Started process (PID=1534) to work on /home/airflow/.local/lib/python3.8/site-packages/airflow/example_dags/example_python_operator.py
[2024-01-29T18:15:20.085+0000] {processor.py:829} INFO - Processing file /home/airflow/.local/lib/python3.8/site-packages/airflow/example_dags/example_python_operator.py for tasks to queue
[2024-01-29T18:15:20.088+0000] {logging_mixin.py:151} INFO - [2024-01-29T18:15:20.087+0000] {dagbag.py:536} INFO - Filling up the DagBag from /home/airflow/.local/lib/python3.8/site-packages/airflow/example_dags/example_python_operator.py
[2024-01-29T18:15:20.112+0000] {processor.py:839} INFO - DAG(s) dict_keys(['example_python_operator']) retrieved from /home/airflow/.local/lib/python3.8/site-packages/airflow/example_dags/example_python_operator.py
[2024-01-29T18:15:20.170+0000] {logging_mixin.py:151} INFO - [2024-01-29T18:15:20.169+0000] {dag.py:2941} INFO - Sync 1 DAGs
[2024-01-29T18:15:20.217+0000] {logging_mixin.py:151} INFO - [2024-01-29T18:15:20.216+0000] {dag.py:3722} INFO - Setting next_dagrun for example_python_operator to None, run_after=None
[2024-01-29T18:15:20.268+0000] {processor.py:179} INFO - Processing /home/airflow/.local/lib/python3.8/site-packages/airflow/example_dags/example_python_operator.py took 0.195 seconds
[2024-01-29T18:15:50.945+0000] {processor.py:157} INFO - Started process (PID=1590) to work on /home/airflow/.local/lib/python3.8/site-packages/airflow/example_dags/example_python_operator.py
[2024-01-29T18:15:50.946+0000] {processor.py:829} INFO - Processing file /home/airflow/.local/lib/python3.8/site-packages/airflow/example_dags/example_python_operator.py for tasks to queue
[2024-01-29T18:15:50.950+0000] {logging_mixin.py:151} INFO - [2024-01-29T18:15:50.949+0000] {dagbag.py:536} INFO - Filling up the DagBag from /home/airflow/.local/lib/python3.8/site-packages/airflow/example_dags/example_python_operator.py
[2024-01-29T18:15:50.976+0000] {processor.py:839} INFO - DAG(s) dict_keys(['example_python_operator']) retrieved from /home/airflow/.local/lib/python3.8/site-packages/airflow/example_dags/example_python_operator.py
[2024-01-29T18:15:51.050+0000] {logging_mixin.py:151} INFO - [2024-01-29T18:15:51.049+0000] {dag.py:2941} INFO - Sync 1 DAGs
[2024-01-29T18:15:51.076+0000] {logging_mixin.py:151} INFO - [2024-01-29T18:15:51.076+0000] {dag.py:3722} INFO - Setting next_dagrun for example_python_operator to None, run_after=None
[2024-01-29T18:15:51.149+0000] {processor.py:179} INFO - Processing /home/airflow/.local/lib/python3.8/site-packages/airflow/example_dags/example_python_operator.py took 0.208 seconds
[2024-01-29T18:16:21.608+0000] {processor.py:157} INFO - Started process (PID=1646) to work on /home/airflow/.local/lib/python3.8/site-packages/airflow/example_dags/example_python_operator.py
[2024-01-29T18:16:21.609+0000] {processor.py:829} INFO - Processing file /home/airflow/.local/lib/python3.8/site-packages/airflow/example_dags/example_python_operator.py for tasks to queue
[2024-01-29T18:16:21.612+0000] {logging_mixin.py:151} INFO - [2024-01-29T18:16:21.612+0000] {dagbag.py:536} INFO - Filling up the DagBag from /home/airflow/.local/lib/python3.8/site-packages/airflow/example_dags/example_python_operator.py
[2024-01-29T18:16:21.628+0000] {processor.py:839} INFO - DAG(s) dict_keys(['example_python_operator']) retrieved from /home/airflow/.local/lib/python3.8/site-packages/airflow/example_dags/example_python_operator.py
[2024-01-29T18:16:21.661+0000] {logging_mixin.py:151} INFO - [2024-01-29T18:16:21.661+0000] {dag.py:2941} INFO - Sync 1 DAGs
[2024-01-29T18:16:21.682+0000] {logging_mixin.py:151} INFO - [2024-01-29T18:16:21.682+0000] {dag.py:3722} INFO - Setting next_dagrun for example_python_operator to None, run_after=None
[2024-01-29T18:16:21.709+0000] {processor.py:179} INFO - Processing /home/airflow/.local/lib/python3.8/site-packages/airflow/example_dags/example_python_operator.py took 0.104 seconds
[2024-01-29T18:16:51.886+0000] {processor.py:157} INFO - Started process (PID=1701) to work on /home/airflow/.local/lib/python3.8/site-packages/airflow/example_dags/example_python_operator.py
[2024-01-29T18:16:51.887+0000] {processor.py:829} INFO - Processing file /home/airflow/.local/lib/python3.8/site-packages/airflow/example_dags/example_python_operator.py for tasks to queue
[2024-01-29T18:16:51.890+0000] {logging_mixin.py:151} INFO - [2024-01-29T18:16:51.889+0000] {dagbag.py:536} INFO - Filling up the DagBag from /home/airflow/.local/lib/python3.8/site-packages/airflow/example_dags/example_python_operator.py
[2024-01-29T18:16:51.901+0000] {processor.py:839} INFO - DAG(s) dict_keys(['example_python_operator']) retrieved from /home/airflow/.local/lib/python3.8/site-packages/airflow/example_dags/example_python_operator.py
[2024-01-29T18:16:51.930+0000] {logging_mixin.py:151} INFO - [2024-01-29T18:16:51.929+0000] {dag.py:2941} INFO - Sync 1 DAGs
[2024-01-29T18:16:51.947+0000] {logging_mixin.py:151} INFO - [2024-01-29T18:16:51.947+0000] {dag.py:3722} INFO - Setting next_dagrun for example_python_operator to None, run_after=None
[2024-01-29T18:16:51.974+0000] {processor.py:179} INFO - Processing /home/airflow/.local/lib/python3.8/site-packages/airflow/example_dags/example_python_operator.py took 0.092 seconds
[2024-01-29T18:17:22.600+0000] {processor.py:157} INFO - Started process (PID=1758) to work on /home/airflow/.local/lib/python3.8/site-packages/airflow/example_dags/example_python_operator.py
[2024-01-29T18:17:22.601+0000] {processor.py:829} INFO - Processing file /home/airflow/.local/lib/python3.8/site-packages/airflow/example_dags/example_python_operator.py for tasks to queue
[2024-01-29T18:17:22.604+0000] {logging_mixin.py:151} INFO - [2024-01-29T18:17:22.603+0000] {dagbag.py:536} INFO - Filling up the DagBag from /home/airflow/.local/lib/python3.8/site-packages/airflow/example_dags/example_python_operator.py
[2024-01-29T18:17:22.616+0000] {processor.py:839} INFO - DAG(s) dict_keys(['example_python_operator']) retrieved from /home/airflow/.local/lib/python3.8/site-packages/airflow/example_dags/example_python_operator.py
[2024-01-29T18:17:22.647+0000] {logging_mixin.py:151} INFO - [2024-01-29T18:17:22.647+0000] {dag.py:2941} INFO - Sync 1 DAGs
[2024-01-29T18:17:22.665+0000] {logging_mixin.py:151} INFO - [2024-01-29T18:17:22.665+0000] {dag.py:3722} INFO - Setting next_dagrun for example_python_operator to None, run_after=None
[2024-01-29T18:17:22.695+0000] {processor.py:179} INFO - Processing /home/airflow/.local/lib/python3.8/site-packages/airflow/example_dags/example_python_operator.py took 0.097 seconds
[2024-01-29T18:17:52.942+0000] {processor.py:157} INFO - Started process (PID=1813) to work on /home/airflow/.local/lib/python3.8/site-packages/airflow/example_dags/example_python_operator.py
[2024-01-29T18:17:52.944+0000] {processor.py:829} INFO - Processing file /home/airflow/.local/lib/python3.8/site-packages/airflow/example_dags/example_python_operator.py for tasks to queue
[2024-01-29T18:17:52.947+0000] {logging_mixin.py:151} INFO - [2024-01-29T18:17:52.946+0000] {dagbag.py:536} INFO - Filling up the DagBag from /home/airflow/.local/lib/python3.8/site-packages/airflow/example_dags/example_python_operator.py
[2024-01-29T18:17:52.960+0000] {processor.py:839} INFO - DAG(s) dict_keys(['example_python_operator']) retrieved from /home/airflow/.local/lib/python3.8/site-packages/airflow/example_dags/example_python_operator.py
[2024-01-29T18:17:52.989+0000] {logging_mixin.py:151} INFO - [2024-01-29T18:17:52.989+0000] {dag.py:2941} INFO - Sync 1 DAGs
[2024-01-29T18:17:53.007+0000] {logging_mixin.py:151} INFO - [2024-01-29T18:17:53.006+0000] {dag.py:3722} INFO - Setting next_dagrun for example_python_operator to None, run_after=None
[2024-01-29T18:17:53.036+0000] {processor.py:179} INFO - Processing /home/airflow/.local/lib/python3.8/site-packages/airflow/example_dags/example_python_operator.py took 0.096 seconds
[2024-01-29T18:18:23.520+0000] {processor.py:157} INFO - Started process (PID=1870) to work on /home/airflow/.local/lib/python3.8/site-packages/airflow/example_dags/example_python_operator.py
[2024-01-29T18:18:23.521+0000] {processor.py:829} INFO - Processing file /home/airflow/.local/lib/python3.8/site-packages/airflow/example_dags/example_python_operator.py for tasks to queue
[2024-01-29T18:18:23.524+0000] {logging_mixin.py:151} INFO - [2024-01-29T18:18:23.523+0000] {dagbag.py:536} INFO - Filling up the DagBag from /home/airflow/.local/lib/python3.8/site-packages/airflow/example_dags/example_python_operator.py
[2024-01-29T18:18:23.538+0000] {processor.py:839} INFO - DAG(s) dict_keys(['example_python_operator']) retrieved from /home/airflow/.local/lib/python3.8/site-packages/airflow/example_dags/example_python_operator.py
[2024-01-29T18:18:23.565+0000] {logging_mixin.py:151} INFO - [2024-01-29T18:18:23.565+0000] {dag.py:2941} INFO - Sync 1 DAGs
[2024-01-29T18:18:23.581+0000] {logging_mixin.py:151} INFO - [2024-01-29T18:18:23.580+0000] {dag.py:3722} INFO - Setting next_dagrun for example_python_operator to None, run_after=None
[2024-01-29T18:18:23.611+0000] {processor.py:179} INFO - Processing /home/airflow/.local/lib/python3.8/site-packages/airflow/example_dags/example_python_operator.py took 0.094 seconds
[2024-01-29T18:18:54.311+0000] {processor.py:157} INFO - Started process (PID=1926) to work on /home/airflow/.local/lib/python3.8/site-packages/airflow/example_dags/example_python_operator.py
[2024-01-29T18:18:54.312+0000] {processor.py:829} INFO - Processing file /home/airflow/.local/lib/python3.8/site-packages/airflow/example_dags/example_python_operator.py for tasks to queue
[2024-01-29T18:18:54.314+0000] {logging_mixin.py:151} INFO - [2024-01-29T18:18:54.314+0000] {dagbag.py:536} INFO - Filling up the DagBag from /home/airflow/.local/lib/python3.8/site-packages/airflow/example_dags/example_python_operator.py
[2024-01-29T18:18:54.327+0000] {processor.py:839} INFO - DAG(s) dict_keys(['example_python_operator']) retrieved from /home/airflow/.local/lib/python3.8/site-packages/airflow/example_dags/example_python_operator.py
[2024-01-29T18:18:54.354+0000] {logging_mixin.py:151} INFO - [2024-01-29T18:18:54.354+0000] {dag.py:2941} INFO - Sync 1 DAGs
[2024-01-29T18:18:54.371+0000] {logging_mixin.py:151} INFO - [2024-01-29T18:18:54.371+0000] {dag.py:3722} INFO - Setting next_dagrun for example_python_operator to None, run_after=None
[2024-01-29T18:18:54.397+0000] {processor.py:179} INFO - Processing /home/airflow/.local/lib/python3.8/site-packages/airflow/example_dags/example_python_operator.py took 0.089 seconds
[2024-01-29T18:19:25.277+0000] {processor.py:157} INFO - Started process (PID=1982) to work on /home/airflow/.local/lib/python3.8/site-packages/airflow/example_dags/example_python_operator.py
[2024-01-29T18:19:25.278+0000] {processor.py:829} INFO - Processing file /home/airflow/.local/lib/python3.8/site-packages/airflow/example_dags/example_python_operator.py for tasks to queue
[2024-01-29T18:19:25.280+0000] {logging_mixin.py:151} INFO - [2024-01-29T18:19:25.280+0000] {dagbag.py:536} INFO - Filling up the DagBag from /home/airflow/.local/lib/python3.8/site-packages/airflow/example_dags/example_python_operator.py
[2024-01-29T18:19:25.292+0000] {processor.py:839} INFO - DAG(s) dict_keys(['example_python_operator']) retrieved from /home/airflow/.local/lib/python3.8/site-packages/airflow/example_dags/example_python_operator.py
[2024-01-29T18:19:25.320+0000] {logging_mixin.py:151} INFO - [2024-01-29T18:19:25.320+0000] {dag.py:2941} INFO - Sync 1 DAGs
[2024-01-29T18:19:25.335+0000] {logging_mixin.py:151} INFO - [2024-01-29T18:19:25.335+0000] {dag.py:3722} INFO - Setting next_dagrun for example_python_operator to None, run_after=None
[2024-01-29T18:19:25.365+0000] {processor.py:179} INFO - Processing /home/airflow/.local/lib/python3.8/site-packages/airflow/example_dags/example_python_operator.py took 0.091 seconds
[2024-01-29T18:19:55.476+0000] {processor.py:157} INFO - Started process (PID=2037) to work on /home/airflow/.local/lib/python3.8/site-packages/airflow/example_dags/example_python_operator.py
[2024-01-29T18:19:55.477+0000] {processor.py:829} INFO - Processing file /home/airflow/.local/lib/python3.8/site-packages/airflow/example_dags/example_python_operator.py for tasks to queue
[2024-01-29T18:19:55.479+0000] {logging_mixin.py:151} INFO - [2024-01-29T18:19:55.479+0000] {dagbag.py:536} INFO - Filling up the DagBag from /home/airflow/.local/lib/python3.8/site-packages/airflow/example_dags/example_python_operator.py
[2024-01-29T18:19:55.494+0000] {processor.py:839} INFO - DAG(s) dict_keys(['example_python_operator']) retrieved from /home/airflow/.local/lib/python3.8/site-packages/airflow/example_dags/example_python_operator.py
[2024-01-29T18:19:55.528+0000] {logging_mixin.py:151} INFO - [2024-01-29T18:19:55.528+0000] {dag.py:2941} INFO - Sync 1 DAGs
[2024-01-29T18:19:55.550+0000] {logging_mixin.py:151} INFO - [2024-01-29T18:19:55.550+0000] {dag.py:3722} INFO - Setting next_dagrun for example_python_operator to None, run_after=None
[2024-01-29T18:19:55.592+0000] {processor.py:179} INFO - Processing /home/airflow/.local/lib/python3.8/site-packages/airflow/example_dags/example_python_operator.py took 0.119 seconds
[2024-01-29T18:20:25.821+0000] {processor.py:157} INFO - Started process (PID=2093) to work on /home/airflow/.local/lib/python3.8/site-packages/airflow/example_dags/example_python_operator.py
[2024-01-29T18:20:25.822+0000] {processor.py:829} INFO - Processing file /home/airflow/.local/lib/python3.8/site-packages/airflow/example_dags/example_python_operator.py for tasks to queue
[2024-01-29T18:20:25.824+0000] {logging_mixin.py:151} INFO - [2024-01-29T18:20:25.824+0000] {dagbag.py:536} INFO - Filling up the DagBag from /home/airflow/.local/lib/python3.8/site-packages/airflow/example_dags/example_python_operator.py
[2024-01-29T18:20:25.837+0000] {processor.py:839} INFO - DAG(s) dict_keys(['example_python_operator']) retrieved from /home/airflow/.local/lib/python3.8/site-packages/airflow/example_dags/example_python_operator.py
[2024-01-29T18:20:25.868+0000] {logging_mixin.py:151} INFO - [2024-01-29T18:20:25.867+0000] {dag.py:2941} INFO - Sync 1 DAGs
[2024-01-29T18:20:25.885+0000] {logging_mixin.py:151} INFO - [2024-01-29T18:20:25.885+0000] {dag.py:3722} INFO - Setting next_dagrun for example_python_operator to None, run_after=None
[2024-01-29T18:20:25.913+0000] {processor.py:179} INFO - Processing /home/airflow/.local/lib/python3.8/site-packages/airflow/example_dags/example_python_operator.py took 0.095 seconds
[2024-01-29T18:20:56.458+0000] {processor.py:157} INFO - Started process (PID=2149) to work on /home/airflow/.local/lib/python3.8/site-packages/airflow/example_dags/example_python_operator.py
[2024-01-29T18:20:56.459+0000] {processor.py:829} INFO - Processing file /home/airflow/.local/lib/python3.8/site-packages/airflow/example_dags/example_python_operator.py for tasks to queue
[2024-01-29T18:20:56.461+0000] {logging_mixin.py:151} INFO - [2024-01-29T18:20:56.461+0000] {dagbag.py:536} INFO - Filling up the DagBag from /home/airflow/.local/lib/python3.8/site-packages/airflow/example_dags/example_python_operator.py
[2024-01-29T18:20:56.473+0000] {processor.py:839} INFO - DAG(s) dict_keys(['example_python_operator']) retrieved from /home/airflow/.local/lib/python3.8/site-packages/airflow/example_dags/example_python_operator.py
[2024-01-29T18:20:56.499+0000] {logging_mixin.py:151} INFO - [2024-01-29T18:20:56.499+0000] {dag.py:2941} INFO - Sync 1 DAGs
[2024-01-29T18:20:56.514+0000] {logging_mixin.py:151} INFO - [2024-01-29T18:20:56.513+0000] {dag.py:3722} INFO - Setting next_dagrun for example_python_operator to None, run_after=None
[2024-01-29T18:20:56.539+0000] {processor.py:179} INFO - Processing /home/airflow/.local/lib/python3.8/site-packages/airflow/example_dags/example_python_operator.py took 0.084 seconds
[2024-01-29T18:21:27.196+0000] {processor.py:157} INFO - Started process (PID=2205) to work on /home/airflow/.local/lib/python3.8/site-packages/airflow/example_dags/example_python_operator.py
[2024-01-29T18:21:27.197+0000] {processor.py:829} INFO - Processing file /home/airflow/.local/lib/python3.8/site-packages/airflow/example_dags/example_python_operator.py for tasks to queue
[2024-01-29T18:21:27.200+0000] {logging_mixin.py:151} INFO - [2024-01-29T18:21:27.199+0000] {dagbag.py:536} INFO - Filling up the DagBag from /home/airflow/.local/lib/python3.8/site-packages/airflow/example_dags/example_python_operator.py
[2024-01-29T18:21:27.211+0000] {processor.py:839} INFO - DAG(s) dict_keys(['example_python_operator']) retrieved from /home/airflow/.local/lib/python3.8/site-packages/airflow/example_dags/example_python_operator.py
[2024-01-29T18:21:27.241+0000] {logging_mixin.py:151} INFO - [2024-01-29T18:21:27.241+0000] {dag.py:2941} INFO - Sync 1 DAGs
[2024-01-29T18:21:27.258+0000] {logging_mixin.py:151} INFO - [2024-01-29T18:21:27.258+0000] {dag.py:3722} INFO - Setting next_dagrun for example_python_operator to None, run_after=None
[2024-01-29T18:21:27.284+0000] {processor.py:179} INFO - Processing /home/airflow/.local/lib/python3.8/site-packages/airflow/example_dags/example_python_operator.py took 0.090 seconds
[2024-01-29T18:21:57.701+0000] {processor.py:157} INFO - Started process (PID=2261) to work on /home/airflow/.local/lib/python3.8/site-packages/airflow/example_dags/example_python_operator.py
[2024-01-29T18:21:57.703+0000] {processor.py:829} INFO - Processing file /home/airflow/.local/lib/python3.8/site-packages/airflow/example_dags/example_python_operator.py for tasks to queue
[2024-01-29T18:21:57.705+0000] {logging_mixin.py:151} INFO - [2024-01-29T18:21:57.705+0000] {dagbag.py:536} INFO - Filling up the DagBag from /home/airflow/.local/lib/python3.8/site-packages/airflow/example_dags/example_python_operator.py
[2024-01-29T18:21:57.718+0000] {processor.py:839} INFO - DAG(s) dict_keys(['example_python_operator']) retrieved from /home/airflow/.local/lib/python3.8/site-packages/airflow/example_dags/example_python_operator.py
[2024-01-29T18:21:57.747+0000] {logging_mixin.py:151} INFO - [2024-01-29T18:21:57.747+0000] {dag.py:2941} INFO - Sync 1 DAGs
[2024-01-29T18:21:57.763+0000] {logging_mixin.py:151} INFO - [2024-01-29T18:21:57.763+0000] {dag.py:3722} INFO - Setting next_dagrun for example_python_operator to None, run_after=None
[2024-01-29T18:21:57.790+0000] {processor.py:179} INFO - Processing /home/airflow/.local/lib/python3.8/site-packages/airflow/example_dags/example_python_operator.py took 0.092 seconds
[2024-01-29T18:22:27.975+0000] {processor.py:157} INFO - Started process (PID=2317) to work on /home/airflow/.local/lib/python3.8/site-packages/airflow/example_dags/example_python_operator.py
[2024-01-29T18:22:27.976+0000] {processor.py:829} INFO - Processing file /home/airflow/.local/lib/python3.8/site-packages/airflow/example_dags/example_python_operator.py for tasks to queue
[2024-01-29T18:22:27.978+0000] {logging_mixin.py:151} INFO - [2024-01-29T18:22:27.978+0000] {dagbag.py:536} INFO - Filling up the DagBag from /home/airflow/.local/lib/python3.8/site-packages/airflow/example_dags/example_python_operator.py
[2024-01-29T18:22:27.991+0000] {processor.py:839} INFO - DAG(s) dict_keys(['example_python_operator']) retrieved from /home/airflow/.local/lib/python3.8/site-packages/airflow/example_dags/example_python_operator.py
[2024-01-29T18:22:28.019+0000] {logging_mixin.py:151} INFO - [2024-01-29T18:22:28.019+0000] {dag.py:2941} INFO - Sync 1 DAGs
[2024-01-29T18:22:28.039+0000] {logging_mixin.py:151} INFO - [2024-01-29T18:22:28.039+0000] {dag.py:3722} INFO - Setting next_dagrun for example_python_operator to None, run_after=None
[2024-01-29T18:22:28.212+0000] {processor.py:179} INFO - Processing /home/airflow/.local/lib/python3.8/site-packages/airflow/example_dags/example_python_operator.py took 0.240 seconds
[2024-01-29T18:22:58.489+0000] {processor.py:157} INFO - Started process (PID=2373) to work on /home/airflow/.local/lib/python3.8/site-packages/airflow/example_dags/example_python_operator.py
[2024-01-29T18:22:58.490+0000] {processor.py:829} INFO - Processing file /home/airflow/.local/lib/python3.8/site-packages/airflow/example_dags/example_python_operator.py for tasks to queue
[2024-01-29T18:22:58.493+0000] {logging_mixin.py:151} INFO - [2024-01-29T18:22:58.492+0000] {dagbag.py:536} INFO - Filling up the DagBag from /home/airflow/.local/lib/python3.8/site-packages/airflow/example_dags/example_python_operator.py
[2024-01-29T18:22:58.505+0000] {processor.py:839} INFO - DAG(s) dict_keys(['example_python_operator']) retrieved from /home/airflow/.local/lib/python3.8/site-packages/airflow/example_dags/example_python_operator.py
[2024-01-29T18:22:58.531+0000] {logging_mixin.py:151} INFO - [2024-01-29T18:22:58.531+0000] {dag.py:2941} INFO - Sync 1 DAGs
[2024-01-29T18:22:58.547+0000] {logging_mixin.py:151} INFO - [2024-01-29T18:22:58.547+0000] {dag.py:3722} INFO - Setting next_dagrun for example_python_operator to None, run_after=None
[2024-01-29T18:22:58.574+0000] {processor.py:179} INFO - Processing /home/airflow/.local/lib/python3.8/site-packages/airflow/example_dags/example_python_operator.py took 0.090 seconds
[2024-01-29T18:23:29.091+0000] {processor.py:157} INFO - Started process (PID=2429) to work on /home/airflow/.local/lib/python3.8/site-packages/airflow/example_dags/example_python_operator.py
[2024-01-29T18:23:29.092+0000] {processor.py:829} INFO - Processing file /home/airflow/.local/lib/python3.8/site-packages/airflow/example_dags/example_python_operator.py for tasks to queue
[2024-01-29T18:23:29.094+0000] {logging_mixin.py:151} INFO - [2024-01-29T18:23:29.094+0000] {dagbag.py:536} INFO - Filling up the DagBag from /home/airflow/.local/lib/python3.8/site-packages/airflow/example_dags/example_python_operator.py
[2024-01-29T18:23:29.107+0000] {processor.py:839} INFO - DAG(s) dict_keys(['example_python_operator']) retrieved from /home/airflow/.local/lib/python3.8/site-packages/airflow/example_dags/example_python_operator.py
[2024-01-29T18:23:29.134+0000] {logging_mixin.py:151} INFO - [2024-01-29T18:23:29.134+0000] {dag.py:2941} INFO - Sync 1 DAGs
[2024-01-29T18:23:29.148+0000] {logging_mixin.py:151} INFO - [2024-01-29T18:23:29.148+0000] {dag.py:3722} INFO - Setting next_dagrun for example_python_operator to None, run_after=None
[2024-01-29T18:23:29.177+0000] {processor.py:179} INFO - Processing /home/airflow/.local/lib/python3.8/site-packages/airflow/example_dags/example_python_operator.py took 0.089 seconds
[2024-01-29T18:23:59.602+0000] {processor.py:157} INFO - Started process (PID=2485) to work on /home/airflow/.local/lib/python3.8/site-packages/airflow/example_dags/example_python_operator.py
[2024-01-29T18:23:59.603+0000] {processor.py:829} INFO - Processing file /home/airflow/.local/lib/python3.8/site-packages/airflow/example_dags/example_python_operator.py for tasks to queue
[2024-01-29T18:23:59.605+0000] {logging_mixin.py:151} INFO - [2024-01-29T18:23:59.605+0000] {dagbag.py:536} INFO - Filling up the DagBag from /home/airflow/.local/lib/python3.8/site-packages/airflow/example_dags/example_python_operator.py
[2024-01-29T18:23:59.618+0000] {processor.py:839} INFO - DAG(s) dict_keys(['example_python_operator']) retrieved from /home/airflow/.local/lib/python3.8/site-packages/airflow/example_dags/example_python_operator.py
[2024-01-29T18:23:59.645+0000] {logging_mixin.py:151} INFO - [2024-01-29T18:23:59.644+0000] {dag.py:2941} INFO - Sync 1 DAGs
[2024-01-29T18:23:59.662+0000] {logging_mixin.py:151} INFO - [2024-01-29T18:23:59.661+0000] {dag.py:3722} INFO - Setting next_dagrun for example_python_operator to None, run_after=None
[2024-01-29T18:23:59.845+0000] {processor.py:179} INFO - Processing /home/airflow/.local/lib/python3.8/site-packages/airflow/example_dags/example_python_operator.py took 0.247 seconds
[2024-01-29T18:24:30.756+0000] {processor.py:157} INFO - Started process (PID=2541) to work on /home/airflow/.local/lib/python3.8/site-packages/airflow/example_dags/example_python_operator.py
[2024-01-29T18:24:30.757+0000] {processor.py:829} INFO - Processing file /home/airflow/.local/lib/python3.8/site-packages/airflow/example_dags/example_python_operator.py for tasks to queue
[2024-01-29T18:24:30.759+0000] {logging_mixin.py:151} INFO - [2024-01-29T18:24:30.759+0000] {dagbag.py:536} INFO - Filling up the DagBag from /home/airflow/.local/lib/python3.8/site-packages/airflow/example_dags/example_python_operator.py
[2024-01-29T18:24:30.771+0000] {processor.py:839} INFO - DAG(s) dict_keys(['example_python_operator']) retrieved from /home/airflow/.local/lib/python3.8/site-packages/airflow/example_dags/example_python_operator.py
[2024-01-29T18:24:30.799+0000] {logging_mixin.py:151} INFO - [2024-01-29T18:24:30.798+0000] {dag.py:2941} INFO - Sync 1 DAGs
[2024-01-29T18:24:30.814+0000] {logging_mixin.py:151} INFO - [2024-01-29T18:24:30.814+0000] {dag.py:3722} INFO - Setting next_dagrun for example_python_operator to None, run_after=None
[2024-01-29T18:24:30.842+0000] {processor.py:179} INFO - Processing /home/airflow/.local/lib/python3.8/site-packages/airflow/example_dags/example_python_operator.py took 0.089 seconds
[2024-01-29T18:25:00.934+0000] {processor.py:157} INFO - Started process (PID=2597) to work on /home/airflow/.local/lib/python3.8/site-packages/airflow/example_dags/example_python_operator.py
[2024-01-29T18:25:00.935+0000] {processor.py:829} INFO - Processing file /home/airflow/.local/lib/python3.8/site-packages/airflow/example_dags/example_python_operator.py for tasks to queue
[2024-01-29T18:25:00.938+0000] {logging_mixin.py:151} INFO - [2024-01-29T18:25:00.937+0000] {dagbag.py:536} INFO - Filling up the DagBag from /home/airflow/.local/lib/python3.8/site-packages/airflow/example_dags/example_python_operator.py
[2024-01-29T18:25:00.954+0000] {processor.py:839} INFO - DAG(s) dict_keys(['example_python_operator']) retrieved from /home/airflow/.local/lib/python3.8/site-packages/airflow/example_dags/example_python_operator.py
[2024-01-29T18:25:00.983+0000] {logging_mixin.py:151} INFO - [2024-01-29T18:25:00.983+0000] {dag.py:2941} INFO - Sync 1 DAGs
[2024-01-29T18:25:00.997+0000] {logging_mixin.py:151} INFO - [2024-01-29T18:25:00.997+0000] {dag.py:3722} INFO - Setting next_dagrun for example_python_operator to None, run_after=None
[2024-01-29T18:25:01.024+0000] {processor.py:179} INFO - Processing /home/airflow/.local/lib/python3.8/site-packages/airflow/example_dags/example_python_operator.py took 0.093 seconds
[2024-01-29T18:25:31.608+0000] {processor.py:157} INFO - Started process (PID=2653) to work on /home/airflow/.local/lib/python3.8/site-packages/airflow/example_dags/example_python_operator.py
[2024-01-29T18:25:31.610+0000] {processor.py:829} INFO - Processing file /home/airflow/.local/lib/python3.8/site-packages/airflow/example_dags/example_python_operator.py for tasks to queue
[2024-01-29T18:25:31.613+0000] {logging_mixin.py:151} INFO - [2024-01-29T18:25:31.613+0000] {dagbag.py:536} INFO - Filling up the DagBag from /home/airflow/.local/lib/python3.8/site-packages/airflow/example_dags/example_python_operator.py
[2024-01-29T18:25:31.630+0000] {processor.py:839} INFO - DAG(s) dict_keys(['example_python_operator']) retrieved from /home/airflow/.local/lib/python3.8/site-packages/airflow/example_dags/example_python_operator.py
[2024-01-29T18:25:31.666+0000] {logging_mixin.py:151} INFO - [2024-01-29T18:25:31.666+0000] {dag.py:2941} INFO - Sync 1 DAGs
[2024-01-29T18:25:31.851+0000] {logging_mixin.py:151} INFO - [2024-01-29T18:25:31.851+0000] {dag.py:3722} INFO - Setting next_dagrun for example_python_operator to None, run_after=None
[2024-01-29T18:25:31.880+0000] {processor.py:179} INFO - Processing /home/airflow/.local/lib/python3.8/site-packages/airflow/example_dags/example_python_operator.py took 0.277 seconds
[2024-01-29T18:26:02.674+0000] {processor.py:157} INFO - Started process (PID=2709) to work on /home/airflow/.local/lib/python3.8/site-packages/airflow/example_dags/example_python_operator.py
[2024-01-29T18:26:02.676+0000] {processor.py:829} INFO - Processing file /home/airflow/.local/lib/python3.8/site-packages/airflow/example_dags/example_python_operator.py for tasks to queue
[2024-01-29T18:26:02.678+0000] {logging_mixin.py:151} INFO - [2024-01-29T18:26:02.678+0000] {dagbag.py:536} INFO - Filling up the DagBag from /home/airflow/.local/lib/python3.8/site-packages/airflow/example_dags/example_python_operator.py
[2024-01-29T18:26:02.692+0000] {processor.py:839} INFO - DAG(s) dict_keys(['example_python_operator']) retrieved from /home/airflow/.local/lib/python3.8/site-packages/airflow/example_dags/example_python_operator.py
[2024-01-29T18:26:02.720+0000] {logging_mixin.py:151} INFO - [2024-01-29T18:26:02.720+0000] {dag.py:2941} INFO - Sync 1 DAGs
[2024-01-29T18:26:02.736+0000] {logging_mixin.py:151} INFO - [2024-01-29T18:26:02.736+0000] {dag.py:3722} INFO - Setting next_dagrun for example_python_operator to None, run_after=None
[2024-01-29T18:26:02.764+0000] {processor.py:179} INFO - Processing /home/airflow/.local/lib/python3.8/site-packages/airflow/example_dags/example_python_operator.py took 0.093 seconds
[2024-01-29T18:26:33.200+0000] {processor.py:157} INFO - Started process (PID=2765) to work on /home/airflow/.local/lib/python3.8/site-packages/airflow/example_dags/example_python_operator.py
[2024-01-29T18:26:33.201+0000] {processor.py:829} INFO - Processing file /home/airflow/.local/lib/python3.8/site-packages/airflow/example_dags/example_python_operator.py for tasks to queue
[2024-01-29T18:26:33.203+0000] {logging_mixin.py:151} INFO - [2024-01-29T18:26:33.203+0000] {dagbag.py:536} INFO - Filling up the DagBag from /home/airflow/.local/lib/python3.8/site-packages/airflow/example_dags/example_python_operator.py
[2024-01-29T18:26:33.361+0000] {processor.py:839} INFO - DAG(s) dict_keys(['example_python_operator']) retrieved from /home/airflow/.local/lib/python3.8/site-packages/airflow/example_dags/example_python_operator.py
[2024-01-29T18:26:33.385+0000] {logging_mixin.py:151} INFO - [2024-01-29T18:26:33.385+0000] {dag.py:2941} INFO - Sync 1 DAGs
[2024-01-29T18:26:33.399+0000] {logging_mixin.py:151} INFO - [2024-01-29T18:26:33.399+0000] {dag.py:3722} INFO - Setting next_dagrun for example_python_operator to None, run_after=None
[2024-01-29T18:26:33.425+0000] {processor.py:179} INFO - Processing /home/airflow/.local/lib/python3.8/site-packages/airflow/example_dags/example_python_operator.py took 0.228 seconds
[2024-01-29T18:27:03.955+0000] {processor.py:157} INFO - Started process (PID=2821) to work on /home/airflow/.local/lib/python3.8/site-packages/airflow/example_dags/example_python_operator.py
[2024-01-29T18:27:03.956+0000] {processor.py:829} INFO - Processing file /home/airflow/.local/lib/python3.8/site-packages/airflow/example_dags/example_python_operator.py for tasks to queue
[2024-01-29T18:27:03.959+0000] {logging_mixin.py:151} INFO - [2024-01-29T18:27:03.958+0000] {dagbag.py:536} INFO - Filling up the DagBag from /home/airflow/.local/lib/python3.8/site-packages/airflow/example_dags/example_python_operator.py
[2024-01-29T18:27:03.970+0000] {processor.py:839} INFO - DAG(s) dict_keys(['example_python_operator']) retrieved from /home/airflow/.local/lib/python3.8/site-packages/airflow/example_dags/example_python_operator.py
[2024-01-29T18:27:03.994+0000] {logging_mixin.py:151} INFO - [2024-01-29T18:27:03.994+0000] {dag.py:2941} INFO - Sync 1 DAGs
[2024-01-29T18:27:04.007+0000] {logging_mixin.py:151} INFO - [2024-01-29T18:27:04.007+0000] {dag.py:3722} INFO - Setting next_dagrun for example_python_operator to None, run_after=None
[2024-01-29T18:27:04.035+0000] {processor.py:179} INFO - Processing /home/airflow/.local/lib/python3.8/site-packages/airflow/example_dags/example_python_operator.py took 0.084 seconds
[2024-01-29T18:27:34.182+0000] {processor.py:157} INFO - Started process (PID=2877) to work on /home/airflow/.local/lib/python3.8/site-packages/airflow/example_dags/example_python_operator.py
[2024-01-29T18:27:34.183+0000] {processor.py:829} INFO - Processing file /home/airflow/.local/lib/python3.8/site-packages/airflow/example_dags/example_python_operator.py for tasks to queue
[2024-01-29T18:27:34.186+0000] {logging_mixin.py:151} INFO - [2024-01-29T18:27:34.186+0000] {dagbag.py:536} INFO - Filling up the DagBag from /home/airflow/.local/lib/python3.8/site-packages/airflow/example_dags/example_python_operator.py
[2024-01-29T18:27:34.200+0000] {processor.py:839} INFO - DAG(s) dict_keys(['example_python_operator']) retrieved from /home/airflow/.local/lib/python3.8/site-packages/airflow/example_dags/example_python_operator.py
[2024-01-29T18:27:34.228+0000] {logging_mixin.py:151} INFO - [2024-01-29T18:27:34.228+0000] {dag.py:2941} INFO - Sync 1 DAGs
[2024-01-29T18:27:34.244+0000] {logging_mixin.py:151} INFO - [2024-01-29T18:27:34.244+0000] {dag.py:3722} INFO - Setting next_dagrun for example_python_operator to None, run_after=None
[2024-01-29T18:27:34.269+0000] {processor.py:179} INFO - Processing /home/airflow/.local/lib/python3.8/site-packages/airflow/example_dags/example_python_operator.py took 0.091 seconds
[2024-01-29T18:28:04.547+0000] {processor.py:157} INFO - Started process (PID=2933) to work on /home/airflow/.local/lib/python3.8/site-packages/airflow/example_dags/example_python_operator.py
[2024-01-29T18:28:04.548+0000] {processor.py:829} INFO - Processing file /home/airflow/.local/lib/python3.8/site-packages/airflow/example_dags/example_python_operator.py for tasks to queue
[2024-01-29T18:28:04.551+0000] {logging_mixin.py:151} INFO - [2024-01-29T18:28:04.550+0000] {dagbag.py:536} INFO - Filling up the DagBag from /home/airflow/.local/lib/python3.8/site-packages/airflow/example_dags/example_python_operator.py
[2024-01-29T18:28:04.564+0000] {processor.py:839} INFO - DAG(s) dict_keys(['example_python_operator']) retrieved from /home/airflow/.local/lib/python3.8/site-packages/airflow/example_dags/example_python_operator.py
[2024-01-29T18:28:04.597+0000] {logging_mixin.py:151} INFO - [2024-01-29T18:28:04.596+0000] {dag.py:2941} INFO - Sync 1 DAGs
[2024-01-29T18:28:04.613+0000] {logging_mixin.py:151} INFO - [2024-01-29T18:28:04.613+0000] {dag.py:3722} INFO - Setting next_dagrun for example_python_operator to None, run_after=None
[2024-01-29T18:28:04.642+0000] {processor.py:179} INFO - Processing /home/airflow/.local/lib/python3.8/site-packages/airflow/example_dags/example_python_operator.py took 0.098 seconds
[2024-01-29T18:28:34.870+0000] {processor.py:157} INFO - Started process (PID=2989) to work on /home/airflow/.local/lib/python3.8/site-packages/airflow/example_dags/example_python_operator.py
[2024-01-29T18:28:34.871+0000] {processor.py:829} INFO - Processing file /home/airflow/.local/lib/python3.8/site-packages/airflow/example_dags/example_python_operator.py for tasks to queue
[2024-01-29T18:28:34.873+0000] {logging_mixin.py:151} INFO - [2024-01-29T18:28:34.873+0000] {dagbag.py:536} INFO - Filling up the DagBag from /home/airflow/.local/lib/python3.8/site-packages/airflow/example_dags/example_python_operator.py
[2024-01-29T18:28:34.885+0000] {processor.py:839} INFO - DAG(s) dict_keys(['example_python_operator']) retrieved from /home/airflow/.local/lib/python3.8/site-packages/airflow/example_dags/example_python_operator.py
[2024-01-29T18:28:34.911+0000] {logging_mixin.py:151} INFO - [2024-01-29T18:28:34.911+0000] {dag.py:2941} INFO - Sync 1 DAGs
[2024-01-29T18:28:34.927+0000] {logging_mixin.py:151} INFO - [2024-01-29T18:28:34.926+0000] {dag.py:3722} INFO - Setting next_dagrun for example_python_operator to None, run_after=None
[2024-01-29T18:28:34.954+0000] {processor.py:179} INFO - Processing /home/airflow/.local/lib/python3.8/site-packages/airflow/example_dags/example_python_operator.py took 0.087 seconds
[2024-01-29T18:29:05.271+0000] {processor.py:157} INFO - Started process (PID=3045) to work on /home/airflow/.local/lib/python3.8/site-packages/airflow/example_dags/example_python_operator.py
[2024-01-29T18:29:05.272+0000] {processor.py:829} INFO - Processing file /home/airflow/.local/lib/python3.8/site-packages/airflow/example_dags/example_python_operator.py for tasks to queue
[2024-01-29T18:29:05.275+0000] {logging_mixin.py:151} INFO - [2024-01-29T18:29:05.274+0000] {dagbag.py:536} INFO - Filling up the DagBag from /home/airflow/.local/lib/python3.8/site-packages/airflow/example_dags/example_python_operator.py
[2024-01-29T18:29:05.290+0000] {processor.py:839} INFO - DAG(s) dict_keys(['example_python_operator']) retrieved from /home/airflow/.local/lib/python3.8/site-packages/airflow/example_dags/example_python_operator.py
[2024-01-29T18:29:05.322+0000] {logging_mixin.py:151} INFO - [2024-01-29T18:29:05.322+0000] {dag.py:2941} INFO - Sync 1 DAGs
[2024-01-29T18:29:05.339+0000] {logging_mixin.py:151} INFO - [2024-01-29T18:29:05.339+0000] {dag.py:3722} INFO - Setting next_dagrun for example_python_operator to None, run_after=None
[2024-01-29T18:29:05.369+0000] {processor.py:179} INFO - Processing /home/airflow/.local/lib/python3.8/site-packages/airflow/example_dags/example_python_operator.py took 0.102 seconds
[2024-01-29T18:29:35.676+0000] {processor.py:157} INFO - Started process (PID=3101) to work on /home/airflow/.local/lib/python3.8/site-packages/airflow/example_dags/example_python_operator.py
[2024-01-29T18:29:35.678+0000] {processor.py:829} INFO - Processing file /home/airflow/.local/lib/python3.8/site-packages/airflow/example_dags/example_python_operator.py for tasks to queue
[2024-01-29T18:29:35.680+0000] {logging_mixin.py:151} INFO - [2024-01-29T18:29:35.680+0000] {dagbag.py:536} INFO - Filling up the DagBag from /home/airflow/.local/lib/python3.8/site-packages/airflow/example_dags/example_python_operator.py
[2024-01-29T18:29:35.693+0000] {processor.py:839} INFO - DAG(s) dict_keys(['example_python_operator']) retrieved from /home/airflow/.local/lib/python3.8/site-packages/airflow/example_dags/example_python_operator.py
[2024-01-29T18:29:35.721+0000] {logging_mixin.py:151} INFO - [2024-01-29T18:29:35.720+0000] {dag.py:2941} INFO - Sync 1 DAGs
[2024-01-29T18:29:35.739+0000] {logging_mixin.py:151} INFO - [2024-01-29T18:29:35.739+0000] {dag.py:3722} INFO - Setting next_dagrun for example_python_operator to None, run_after=None
[2024-01-29T18:29:35.767+0000] {processor.py:179} INFO - Processing /home/airflow/.local/lib/python3.8/site-packages/airflow/example_dags/example_python_operator.py took 0.094 seconds
[2024-01-29T18:30:05.915+0000] {processor.py:157} INFO - Started process (PID=3157) to work on /home/airflow/.local/lib/python3.8/site-packages/airflow/example_dags/example_python_operator.py
[2024-01-29T18:30:05.917+0000] {processor.py:829} INFO - Processing file /home/airflow/.local/lib/python3.8/site-packages/airflow/example_dags/example_python_operator.py for tasks to queue
[2024-01-29T18:30:05.919+0000] {logging_mixin.py:151} INFO - [2024-01-29T18:30:05.918+0000] {dagbag.py:536} INFO - Filling up the DagBag from /home/airflow/.local/lib/python3.8/site-packages/airflow/example_dags/example_python_operator.py
[2024-01-29T18:30:05.931+0000] {processor.py:839} INFO - DAG(s) dict_keys(['example_python_operator']) retrieved from /home/airflow/.local/lib/python3.8/site-packages/airflow/example_dags/example_python_operator.py
[2024-01-29T18:30:05.958+0000] {logging_mixin.py:151} INFO - [2024-01-29T18:30:05.958+0000] {dag.py:2941} INFO - Sync 1 DAGs
[2024-01-29T18:30:05.975+0000] {logging_mixin.py:151} INFO - [2024-01-29T18:30:05.975+0000] {dag.py:3722} INFO - Setting next_dagrun for example_python_operator to None, run_after=None
[2024-01-29T18:30:06.007+0000] {processor.py:179} INFO - Processing /home/airflow/.local/lib/python3.8/site-packages/airflow/example_dags/example_python_operator.py took 0.095 seconds
[2024-01-29T18:30:36.220+0000] {processor.py:157} INFO - Started process (PID=3213) to work on /home/airflow/.local/lib/python3.8/site-packages/airflow/example_dags/example_python_operator.py
[2024-01-29T18:30:36.221+0000] {processor.py:829} INFO - Processing file /home/airflow/.local/lib/python3.8/site-packages/airflow/example_dags/example_python_operator.py for tasks to queue
[2024-01-29T18:30:36.224+0000] {logging_mixin.py:151} INFO - [2024-01-29T18:30:36.224+0000] {dagbag.py:536} INFO - Filling up the DagBag from /home/airflow/.local/lib/python3.8/site-packages/airflow/example_dags/example_python_operator.py
[2024-01-29T18:30:36.239+0000] {processor.py:839} INFO - DAG(s) dict_keys(['example_python_operator']) retrieved from /home/airflow/.local/lib/python3.8/site-packages/airflow/example_dags/example_python_operator.py
[2024-01-29T18:30:36.275+0000] {logging_mixin.py:151} INFO - [2024-01-29T18:30:36.275+0000] {dag.py:2941} INFO - Sync 1 DAGs
[2024-01-29T18:30:36.296+0000] {logging_mixin.py:151} INFO - [2024-01-29T18:30:36.296+0000] {dag.py:3722} INFO - Setting next_dagrun for example_python_operator to None, run_after=None
[2024-01-29T18:30:36.332+0000] {processor.py:179} INFO - Processing /home/airflow/.local/lib/python3.8/site-packages/airflow/example_dags/example_python_operator.py took 0.116 seconds
[2024-01-29T18:31:06.675+0000] {processor.py:157} INFO - Started process (PID=3269) to work on /home/airflow/.local/lib/python3.8/site-packages/airflow/example_dags/example_python_operator.py
[2024-01-29T18:31:06.676+0000] {processor.py:829} INFO - Processing file /home/airflow/.local/lib/python3.8/site-packages/airflow/example_dags/example_python_operator.py for tasks to queue
[2024-01-29T18:31:06.678+0000] {logging_mixin.py:151} INFO - [2024-01-29T18:31:06.678+0000] {dagbag.py:536} INFO - Filling up the DagBag from /home/airflow/.local/lib/python3.8/site-packages/airflow/example_dags/example_python_operator.py
[2024-01-29T18:31:06.692+0000] {processor.py:839} INFO - DAG(s) dict_keys(['example_python_operator']) retrieved from /home/airflow/.local/lib/python3.8/site-packages/airflow/example_dags/example_python_operator.py
[2024-01-29T18:31:06.721+0000] {logging_mixin.py:151} INFO - [2024-01-29T18:31:06.721+0000] {dag.py:2941} INFO - Sync 1 DAGs
[2024-01-29T18:31:06.737+0000] {logging_mixin.py:151} INFO - [2024-01-29T18:31:06.737+0000] {dag.py:3722} INFO - Setting next_dagrun for example_python_operator to None, run_after=None
[2024-01-29T18:31:06.762+0000] {processor.py:179} INFO - Processing /home/airflow/.local/lib/python3.8/site-packages/airflow/example_dags/example_python_operator.py took 0.092 seconds
[2024-01-29T18:31:37.052+0000] {processor.py:157} INFO - Started process (PID=3325) to work on /home/airflow/.local/lib/python3.8/site-packages/airflow/example_dags/example_python_operator.py
[2024-01-29T18:31:37.054+0000] {processor.py:829} INFO - Processing file /home/airflow/.local/lib/python3.8/site-packages/airflow/example_dags/example_python_operator.py for tasks to queue
[2024-01-29T18:31:37.056+0000] {logging_mixin.py:151} INFO - [2024-01-29T18:31:37.056+0000] {dagbag.py:536} INFO - Filling up the DagBag from /home/airflow/.local/lib/python3.8/site-packages/airflow/example_dags/example_python_operator.py
[2024-01-29T18:31:37.069+0000] {processor.py:839} INFO - DAG(s) dict_keys(['example_python_operator']) retrieved from /home/airflow/.local/lib/python3.8/site-packages/airflow/example_dags/example_python_operator.py
[2024-01-29T18:31:37.095+0000] {logging_mixin.py:151} INFO - [2024-01-29T18:31:37.095+0000] {dag.py:2941} INFO - Sync 1 DAGs
[2024-01-29T18:31:37.111+0000] {logging_mixin.py:151} INFO - [2024-01-29T18:31:37.111+0000] {dag.py:3722} INFO - Setting next_dagrun for example_python_operator to None, run_after=None
[2024-01-29T18:31:37.133+0000] {processor.py:179} INFO - Processing /home/airflow/.local/lib/python3.8/site-packages/airflow/example_dags/example_python_operator.py took 0.084 seconds
[2024-01-29T18:32:07.609+0000] {processor.py:157} INFO - Started process (PID=3381) to work on /home/airflow/.local/lib/python3.8/site-packages/airflow/example_dags/example_python_operator.py
[2024-01-29T18:32:07.610+0000] {processor.py:829} INFO - Processing file /home/airflow/.local/lib/python3.8/site-packages/airflow/example_dags/example_python_operator.py for tasks to queue
[2024-01-29T18:32:07.613+0000] {logging_mixin.py:151} INFO - [2024-01-29T18:32:07.612+0000] {dagbag.py:536} INFO - Filling up the DagBag from /home/airflow/.local/lib/python3.8/site-packages/airflow/example_dags/example_python_operator.py
[2024-01-29T18:32:07.624+0000] {processor.py:839} INFO - DAG(s) dict_keys(['example_python_operator']) retrieved from /home/airflow/.local/lib/python3.8/site-packages/airflow/example_dags/example_python_operator.py
[2024-01-29T18:32:07.649+0000] {logging_mixin.py:151} INFO - [2024-01-29T18:32:07.649+0000] {dag.py:2941} INFO - Sync 1 DAGs
[2024-01-29T18:32:07.663+0000] {logging_mixin.py:151} INFO - [2024-01-29T18:32:07.663+0000] {dag.py:3722} INFO - Setting next_dagrun for example_python_operator to None, run_after=None
[2024-01-29T18:32:07.688+0000] {processor.py:179} INFO - Processing /home/airflow/.local/lib/python3.8/site-packages/airflow/example_dags/example_python_operator.py took 0.082 seconds
[2024-01-29T18:32:38.128+0000] {processor.py:157} INFO - Started process (PID=3437) to work on /home/airflow/.local/lib/python3.8/site-packages/airflow/example_dags/example_python_operator.py
[2024-01-29T18:32:38.129+0000] {processor.py:829} INFO - Processing file /home/airflow/.local/lib/python3.8/site-packages/airflow/example_dags/example_python_operator.py for tasks to queue
[2024-01-29T18:32:38.132+0000] {logging_mixin.py:151} INFO - [2024-01-29T18:32:38.131+0000] {dagbag.py:536} INFO - Filling up the DagBag from /home/airflow/.local/lib/python3.8/site-packages/airflow/example_dags/example_python_operator.py
[2024-01-29T18:32:38.143+0000] {processor.py:839} INFO - DAG(s) dict_keys(['example_python_operator']) retrieved from /home/airflow/.local/lib/python3.8/site-packages/airflow/example_dags/example_python_operator.py
[2024-01-29T18:32:38.171+0000] {logging_mixin.py:151} INFO - [2024-01-29T18:32:38.171+0000] {dag.py:2941} INFO - Sync 1 DAGs
[2024-01-29T18:32:38.187+0000] {logging_mixin.py:151} INFO - [2024-01-29T18:32:38.186+0000] {dag.py:3722} INFO - Setting next_dagrun for example_python_operator to None, run_after=None
[2024-01-29T18:32:38.213+0000] {processor.py:179} INFO - Processing /home/airflow/.local/lib/python3.8/site-packages/airflow/example_dags/example_python_operator.py took 0.088 seconds
[2024-01-29T18:33:08.512+0000] {processor.py:157} INFO - Started process (PID=3493) to work on /home/airflow/.local/lib/python3.8/site-packages/airflow/example_dags/example_python_operator.py
[2024-01-29T18:33:08.513+0000] {processor.py:829} INFO - Processing file /home/airflow/.local/lib/python3.8/site-packages/airflow/example_dags/example_python_operator.py for tasks to queue
[2024-01-29T18:33:08.515+0000] {logging_mixin.py:151} INFO - [2024-01-29T18:33:08.515+0000] {dagbag.py:536} INFO - Filling up the DagBag from /home/airflow/.local/lib/python3.8/site-packages/airflow/example_dags/example_python_operator.py
[2024-01-29T18:33:08.527+0000] {processor.py:839} INFO - DAG(s) dict_keys(['example_python_operator']) retrieved from /home/airflow/.local/lib/python3.8/site-packages/airflow/example_dags/example_python_operator.py
[2024-01-29T18:33:08.553+0000] {logging_mixin.py:151} INFO - [2024-01-29T18:33:08.553+0000] {dag.py:2941} INFO - Sync 1 DAGs
[2024-01-29T18:33:08.567+0000] {logging_mixin.py:151} INFO - [2024-01-29T18:33:08.567+0000] {dag.py:3722} INFO - Setting next_dagrun for example_python_operator to None, run_after=None
[2024-01-29T18:33:08.590+0000] {processor.py:179} INFO - Processing /home/airflow/.local/lib/python3.8/site-packages/airflow/example_dags/example_python_operator.py took 0.082 seconds
[2024-01-29T18:33:38.774+0000] {processor.py:157} INFO - Started process (PID=3549) to work on /home/airflow/.local/lib/python3.8/site-packages/airflow/example_dags/example_python_operator.py
[2024-01-29T18:33:38.775+0000] {processor.py:829} INFO - Processing file /home/airflow/.local/lib/python3.8/site-packages/airflow/example_dags/example_python_operator.py for tasks to queue
[2024-01-29T18:33:38.777+0000] {logging_mixin.py:151} INFO - [2024-01-29T18:33:38.777+0000] {dagbag.py:536} INFO - Filling up the DagBag from /home/airflow/.local/lib/python3.8/site-packages/airflow/example_dags/example_python_operator.py
[2024-01-29T18:33:38.790+0000] {processor.py:839} INFO - DAG(s) dict_keys(['example_python_operator']) retrieved from /home/airflow/.local/lib/python3.8/site-packages/airflow/example_dags/example_python_operator.py
[2024-01-29T18:33:38.818+0000] {logging_mixin.py:151} INFO - [2024-01-29T18:33:38.818+0000] {dag.py:2941} INFO - Sync 1 DAGs
[2024-01-29T18:33:38.835+0000] {logging_mixin.py:151} INFO - [2024-01-29T18:33:38.834+0000] {dag.py:3722} INFO - Setting next_dagrun for example_python_operator to None, run_after=None
[2024-01-29T18:33:38.861+0000] {processor.py:179} INFO - Processing /home/airflow/.local/lib/python3.8/site-packages/airflow/example_dags/example_python_operator.py took 0.090 seconds
[2024-01-29T18:34:09.084+0000] {processor.py:157} INFO - Started process (PID=3606) to work on /home/airflow/.local/lib/python3.8/site-packages/airflow/example_dags/example_python_operator.py
[2024-01-29T18:34:09.085+0000] {processor.py:829} INFO - Processing file /home/airflow/.local/lib/python3.8/site-packages/airflow/example_dags/example_python_operator.py for tasks to queue
[2024-01-29T18:34:09.088+0000] {logging_mixin.py:151} INFO - [2024-01-29T18:34:09.087+0000] {dagbag.py:536} INFO - Filling up the DagBag from /home/airflow/.local/lib/python3.8/site-packages/airflow/example_dags/example_python_operator.py
[2024-01-29T18:34:09.100+0000] {processor.py:839} INFO - DAG(s) dict_keys(['example_python_operator']) retrieved from /home/airflow/.local/lib/python3.8/site-packages/airflow/example_dags/example_python_operator.py
[2024-01-29T18:34:09.127+0000] {logging_mixin.py:151} INFO - [2024-01-29T18:34:09.127+0000] {dag.py:2941} INFO - Sync 1 DAGs
[2024-01-29T18:34:09.143+0000] {logging_mixin.py:151} INFO - [2024-01-29T18:34:09.143+0000] {dag.py:3722} INFO - Setting next_dagrun for example_python_operator to None, run_after=None
[2024-01-29T18:34:09.171+0000] {processor.py:179} INFO - Processing /home/airflow/.local/lib/python3.8/site-packages/airflow/example_dags/example_python_operator.py took 0.090 seconds
[2024-01-29T18:34:39.503+0000] {processor.py:157} INFO - Started process (PID=3662) to work on /home/airflow/.local/lib/python3.8/site-packages/airflow/example_dags/example_python_operator.py
[2024-01-29T18:34:39.504+0000] {processor.py:829} INFO - Processing file /home/airflow/.local/lib/python3.8/site-packages/airflow/example_dags/example_python_operator.py for tasks to queue
[2024-01-29T18:34:39.507+0000] {logging_mixin.py:151} INFO - [2024-01-29T18:34:39.506+0000] {dagbag.py:536} INFO - Filling up the DagBag from /home/airflow/.local/lib/python3.8/site-packages/airflow/example_dags/example_python_operator.py
[2024-01-29T18:34:39.520+0000] {processor.py:839} INFO - DAG(s) dict_keys(['example_python_operator']) retrieved from /home/airflow/.local/lib/python3.8/site-packages/airflow/example_dags/example_python_operator.py
[2024-01-29T18:34:39.549+0000] {logging_mixin.py:151} INFO - [2024-01-29T18:34:39.548+0000] {dag.py:2941} INFO - Sync 1 DAGs
[2024-01-29T18:34:39.566+0000] {logging_mixin.py:151} INFO - [2024-01-29T18:34:39.566+0000] {dag.py:3722} INFO - Setting next_dagrun for example_python_operator to None, run_after=None
[2024-01-29T18:34:39.593+0000] {processor.py:179} INFO - Processing /home/airflow/.local/lib/python3.8/site-packages/airflow/example_dags/example_python_operator.py took 0.094 seconds
[2024-01-29T18:35:09.837+0000] {processor.py:157} INFO - Started process (PID=3718) to work on /home/airflow/.local/lib/python3.8/site-packages/airflow/example_dags/example_python_operator.py
[2024-01-29T18:35:09.838+0000] {processor.py:829} INFO - Processing file /home/airflow/.local/lib/python3.8/site-packages/airflow/example_dags/example_python_operator.py for tasks to queue
[2024-01-29T18:35:09.840+0000] {logging_mixin.py:151} INFO - [2024-01-29T18:35:09.840+0000] {dagbag.py:536} INFO - Filling up the DagBag from /home/airflow/.local/lib/python3.8/site-packages/airflow/example_dags/example_python_operator.py
[2024-01-29T18:35:09.852+0000] {processor.py:839} INFO - DAG(s) dict_keys(['example_python_operator']) retrieved from /home/airflow/.local/lib/python3.8/site-packages/airflow/example_dags/example_python_operator.py
[2024-01-29T18:35:09.876+0000] {logging_mixin.py:151} INFO - [2024-01-29T18:35:09.876+0000] {dag.py:2941} INFO - Sync 1 DAGs
[2024-01-29T18:35:09.891+0000] {logging_mixin.py:151} INFO - [2024-01-29T18:35:09.890+0000] {dag.py:3722} INFO - Setting next_dagrun for example_python_operator to None, run_after=None
[2024-01-29T18:35:09.917+0000] {processor.py:179} INFO - Processing /home/airflow/.local/lib/python3.8/site-packages/airflow/example_dags/example_python_operator.py took 0.084 seconds
[2024-01-29T18:35:40.244+0000] {processor.py:157} INFO - Started process (PID=3774) to work on /home/airflow/.local/lib/python3.8/site-packages/airflow/example_dags/example_python_operator.py
[2024-01-29T18:35:40.246+0000] {processor.py:829} INFO - Processing file /home/airflow/.local/lib/python3.8/site-packages/airflow/example_dags/example_python_operator.py for tasks to queue
[2024-01-29T18:35:40.249+0000] {logging_mixin.py:151} INFO - [2024-01-29T18:35:40.248+0000] {dagbag.py:536} INFO - Filling up the DagBag from /home/airflow/.local/lib/python3.8/site-packages/airflow/example_dags/example_python_operator.py
[2024-01-29T18:35:40.264+0000] {processor.py:839} INFO - DAG(s) dict_keys(['example_python_operator']) retrieved from /home/airflow/.local/lib/python3.8/site-packages/airflow/example_dags/example_python_operator.py
[2024-01-29T18:35:40.295+0000] {logging_mixin.py:151} INFO - [2024-01-29T18:35:40.295+0000] {dag.py:2941} INFO - Sync 1 DAGs
[2024-01-29T18:35:40.314+0000] {logging_mixin.py:151} INFO - [2024-01-29T18:35:40.314+0000] {dag.py:3722} INFO - Setting next_dagrun for example_python_operator to None, run_after=None
[2024-01-29T18:35:40.346+0000] {processor.py:179} INFO - Processing /home/airflow/.local/lib/python3.8/site-packages/airflow/example_dags/example_python_operator.py took 0.105 seconds
[2024-01-29T18:36:10.489+0000] {processor.py:157} INFO - Started process (PID=3830) to work on /home/airflow/.local/lib/python3.8/site-packages/airflow/example_dags/example_python_operator.py
[2024-01-29T18:36:10.490+0000] {processor.py:829} INFO - Processing file /home/airflow/.local/lib/python3.8/site-packages/airflow/example_dags/example_python_operator.py for tasks to queue
[2024-01-29T18:36:10.493+0000] {logging_mixin.py:151} INFO - [2024-01-29T18:36:10.492+0000] {dagbag.py:536} INFO - Filling up the DagBag from /home/airflow/.local/lib/python3.8/site-packages/airflow/example_dags/example_python_operator.py
[2024-01-29T18:36:10.505+0000] {processor.py:839} INFO - DAG(s) dict_keys(['example_python_operator']) retrieved from /home/airflow/.local/lib/python3.8/site-packages/airflow/example_dags/example_python_operator.py
[2024-01-29T18:36:10.535+0000] {logging_mixin.py:151} INFO - [2024-01-29T18:36:10.534+0000] {dag.py:2941} INFO - Sync 1 DAGs
[2024-01-29T18:36:10.549+0000] {logging_mixin.py:151} INFO - [2024-01-29T18:36:10.549+0000] {dag.py:3722} INFO - Setting next_dagrun for example_python_operator to None, run_after=None
[2024-01-29T18:36:10.571+0000] {processor.py:179} INFO - Processing /home/airflow/.local/lib/python3.8/site-packages/airflow/example_dags/example_python_operator.py took 0.085 seconds
