[2024-01-29T17:57:48.252+0000] {processor.py:157} INFO - Started process (PID=48) to work on /home/airflow/.local/lib/python3.8/site-packages/airflow/example_dags/example_sensors.py
[2024-01-29T17:57:48.254+0000] {processor.py:829} INFO - Processing file /home/airflow/.local/lib/python3.8/site-packages/airflow/example_dags/example_sensors.py for tasks to queue
[2024-01-29T17:57:48.259+0000] {logging_mixin.py:151} INFO - [2024-01-29T17:57:48.258+0000] {dagbag.py:536} INFO - Filling up the DagBag from /home/airflow/.local/lib/python3.8/site-packages/airflow/example_dags/example_sensors.py
[2024-01-29T17:57:48.285+0000] {processor.py:839} INFO - DAG(s) dict_keys(['example_sensors']) retrieved from /home/airflow/.local/lib/python3.8/site-packages/airflow/example_dags/example_sensors.py
[2024-01-29T17:57:48.310+0000] {logging_mixin.py:151} INFO - [2024-01-29T17:57:48.309+0000] {dag.py:2941} INFO - Sync 1 DAGs
[2024-01-29T17:57:48.349+0000] {logging_mixin.py:151} INFO - [2024-01-29T17:57:48.349+0000] {dag.py:3722} INFO - Setting next_dagrun for example_sensors to None, run_after=None
[2024-01-29T17:57:48.401+0000] {processor.py:179} INFO - Processing /home/airflow/.local/lib/python3.8/site-packages/airflow/example_dags/example_sensors.py took 0.156 seconds
[2024-01-29T17:58:19.201+0000] {processor.py:157} INFO - Started process (PID=102) to work on /home/airflow/.local/lib/python3.8/site-packages/airflow/example_dags/example_sensors.py
[2024-01-29T17:58:19.202+0000] {processor.py:829} INFO - Processing file /home/airflow/.local/lib/python3.8/site-packages/airflow/example_dags/example_sensors.py for tasks to queue
[2024-01-29T17:58:19.204+0000] {logging_mixin.py:151} INFO - [2024-01-29T17:58:19.204+0000] {dagbag.py:536} INFO - Filling up the DagBag from /home/airflow/.local/lib/python3.8/site-packages/airflow/example_dags/example_sensors.py
[2024-01-29T17:58:19.216+0000] {processor.py:839} INFO - DAG(s) dict_keys(['example_sensors']) retrieved from /home/airflow/.local/lib/python3.8/site-packages/airflow/example_dags/example_sensors.py
[2024-01-29T17:58:19.245+0000] {logging_mixin.py:151} INFO - [2024-01-29T17:58:19.245+0000] {dag.py:2941} INFO - Sync 1 DAGs
[2024-01-29T17:58:19.263+0000] {logging_mixin.py:151} INFO - [2024-01-29T17:58:19.262+0000] {dag.py:3722} INFO - Setting next_dagrun for example_sensors to None, run_after=None
[2024-01-29T17:58:19.289+0000] {processor.py:179} INFO - Processing /home/airflow/.local/lib/python3.8/site-packages/airflow/example_dags/example_sensors.py took 0.091 seconds
[2024-01-29T17:58:49.393+0000] {processor.py:157} INFO - Started process (PID=156) to work on /home/airflow/.local/lib/python3.8/site-packages/airflow/example_dags/example_sensors.py
[2024-01-29T17:58:49.394+0000] {processor.py:829} INFO - Processing file /home/airflow/.local/lib/python3.8/site-packages/airflow/example_dags/example_sensors.py for tasks to queue
[2024-01-29T17:58:49.397+0000] {logging_mixin.py:151} INFO - [2024-01-29T17:58:49.396+0000] {dagbag.py:536} INFO - Filling up the DagBag from /home/airflow/.local/lib/python3.8/site-packages/airflow/example_dags/example_sensors.py
[2024-01-29T17:58:49.406+0000] {processor.py:839} INFO - DAG(s) dict_keys(['example_sensors']) retrieved from /home/airflow/.local/lib/python3.8/site-packages/airflow/example_dags/example_sensors.py
[2024-01-29T17:58:49.438+0000] {logging_mixin.py:151} INFO - [2024-01-29T17:58:49.438+0000] {dag.py:2941} INFO - Sync 1 DAGs
[2024-01-29T17:58:49.454+0000] {logging_mixin.py:151} INFO - [2024-01-29T17:58:49.454+0000] {dag.py:3722} INFO - Setting next_dagrun for example_sensors to None, run_after=None
[2024-01-29T17:58:49.484+0000] {processor.py:179} INFO - Processing /home/airflow/.local/lib/python3.8/site-packages/airflow/example_dags/example_sensors.py took 0.094 seconds
[2024-01-29T17:59:19.518+0000] {processor.py:157} INFO - Started process (PID=209) to work on /home/airflow/.local/lib/python3.8/site-packages/airflow/example_dags/example_sensors.py
[2024-01-29T17:59:19.519+0000] {processor.py:829} INFO - Processing file /home/airflow/.local/lib/python3.8/site-packages/airflow/example_dags/example_sensors.py for tasks to queue
[2024-01-29T17:59:19.522+0000] {logging_mixin.py:151} INFO - [2024-01-29T17:59:19.521+0000] {dagbag.py:536} INFO - Filling up the DagBag from /home/airflow/.local/lib/python3.8/site-packages/airflow/example_dags/example_sensors.py
[2024-01-29T17:59:19.532+0000] {processor.py:839} INFO - DAG(s) dict_keys(['example_sensors']) retrieved from /home/airflow/.local/lib/python3.8/site-packages/airflow/example_dags/example_sensors.py
[2024-01-29T17:59:19.566+0000] {logging_mixin.py:151} INFO - [2024-01-29T17:59:19.565+0000] {dag.py:2941} INFO - Sync 1 DAGs
[2024-01-29T17:59:19.585+0000] {logging_mixin.py:151} INFO - [2024-01-29T17:59:19.585+0000] {dag.py:3722} INFO - Setting next_dagrun for example_sensors to None, run_after=None
[2024-01-29T17:59:19.610+0000] {processor.py:179} INFO - Processing /home/airflow/.local/lib/python3.8/site-packages/airflow/example_dags/example_sensors.py took 0.095 seconds
[2024-01-29T17:59:49.870+0000] {processor.py:157} INFO - Started process (PID=263) to work on /home/airflow/.local/lib/python3.8/site-packages/airflow/example_dags/example_sensors.py
[2024-01-29T17:59:49.871+0000] {processor.py:829} INFO - Processing file /home/airflow/.local/lib/python3.8/site-packages/airflow/example_dags/example_sensors.py for tasks to queue
[2024-01-29T17:59:49.874+0000] {logging_mixin.py:151} INFO - [2024-01-29T17:59:49.873+0000] {dagbag.py:536} INFO - Filling up the DagBag from /home/airflow/.local/lib/python3.8/site-packages/airflow/example_dags/example_sensors.py
[2024-01-29T17:59:49.886+0000] {processor.py:839} INFO - DAG(s) dict_keys(['example_sensors']) retrieved from /home/airflow/.local/lib/python3.8/site-packages/airflow/example_dags/example_sensors.py
[2024-01-29T17:59:49.916+0000] {logging_mixin.py:151} INFO - [2024-01-29T17:59:49.916+0000] {dag.py:2941} INFO - Sync 1 DAGs
[2024-01-29T17:59:49.933+0000] {logging_mixin.py:151} INFO - [2024-01-29T17:59:49.933+0000] {dag.py:3722} INFO - Setting next_dagrun for example_sensors to None, run_after=None
[2024-01-29T17:59:49.956+0000] {processor.py:179} INFO - Processing /home/airflow/.local/lib/python3.8/site-packages/airflow/example_dags/example_sensors.py took 0.089 seconds
[2024-01-29T18:00:20.585+0000] {processor.py:157} INFO - Started process (PID=317) to work on /home/airflow/.local/lib/python3.8/site-packages/airflow/example_dags/example_sensors.py
[2024-01-29T18:00:20.586+0000] {processor.py:829} INFO - Processing file /home/airflow/.local/lib/python3.8/site-packages/airflow/example_dags/example_sensors.py for tasks to queue
[2024-01-29T18:00:20.590+0000] {logging_mixin.py:151} INFO - [2024-01-29T18:00:20.589+0000] {dagbag.py:536} INFO - Filling up the DagBag from /home/airflow/.local/lib/python3.8/site-packages/airflow/example_dags/example_sensors.py
[2024-01-29T18:00:20.608+0000] {processor.py:839} INFO - DAG(s) dict_keys(['example_sensors']) retrieved from /home/airflow/.local/lib/python3.8/site-packages/airflow/example_dags/example_sensors.py
[2024-01-29T18:00:20.655+0000] {logging_mixin.py:151} INFO - [2024-01-29T18:00:20.655+0000] {dag.py:2941} INFO - Sync 1 DAGs
[2024-01-29T18:00:20.682+0000] {logging_mixin.py:151} INFO - [2024-01-29T18:00:20.681+0000] {dag.py:3722} INFO - Setting next_dagrun for example_sensors to None, run_after=None
[2024-01-29T18:00:20.723+0000] {processor.py:179} INFO - Processing /home/airflow/.local/lib/python3.8/site-packages/airflow/example_dags/example_sensors.py took 0.142 seconds
[2024-01-29T18:00:51.673+0000] {processor.py:157} INFO - Started process (PID=371) to work on /home/airflow/.local/lib/python3.8/site-packages/airflow/example_dags/example_sensors.py
[2024-01-29T18:00:51.675+0000] {processor.py:829} INFO - Processing file /home/airflow/.local/lib/python3.8/site-packages/airflow/example_dags/example_sensors.py for tasks to queue
[2024-01-29T18:00:51.679+0000] {logging_mixin.py:151} INFO - [2024-01-29T18:00:51.678+0000] {dagbag.py:536} INFO - Filling up the DagBag from /home/airflow/.local/lib/python3.8/site-packages/airflow/example_dags/example_sensors.py
[2024-01-29T18:00:51.695+0000] {processor.py:839} INFO - DAG(s) dict_keys(['example_sensors']) retrieved from /home/airflow/.local/lib/python3.8/site-packages/airflow/example_dags/example_sensors.py
[2024-01-29T18:00:51.732+0000] {logging_mixin.py:151} INFO - [2024-01-29T18:00:51.731+0000] {dag.py:2941} INFO - Sync 1 DAGs
[2024-01-29T18:00:51.752+0000] {logging_mixin.py:151} INFO - [2024-01-29T18:00:51.751+0000] {dag.py:3722} INFO - Setting next_dagrun for example_sensors to None, run_after=None
[2024-01-29T18:00:51.779+0000] {processor.py:179} INFO - Processing /home/airflow/.local/lib/python3.8/site-packages/airflow/example_dags/example_sensors.py took 0.113 seconds
[2024-01-29T18:01:55.802+0000] {processor.py:157} INFO - Started process (PID=49) to work on /home/airflow/.local/lib/python3.8/site-packages/airflow/example_dags/example_sensors.py
[2024-01-29T18:01:55.804+0000] {processor.py:829} INFO - Processing file /home/airflow/.local/lib/python3.8/site-packages/airflow/example_dags/example_sensors.py for tasks to queue
[2024-01-29T18:01:55.808+0000] {logging_mixin.py:151} INFO - [2024-01-29T18:01:55.808+0000] {dagbag.py:536} INFO - Filling up the DagBag from /home/airflow/.local/lib/python3.8/site-packages/airflow/example_dags/example_sensors.py
[2024-01-29T18:01:55.838+0000] {processor.py:839} INFO - DAG(s) dict_keys(['example_sensors']) retrieved from /home/airflow/.local/lib/python3.8/site-packages/airflow/example_dags/example_sensors.py
[2024-01-29T18:01:55.858+0000] {logging_mixin.py:151} INFO - [2024-01-29T18:01:55.858+0000] {dag.py:2941} INFO - Sync 1 DAGs
[2024-01-29T18:01:55.883+0000] {logging_mixin.py:151} INFO - [2024-01-29T18:01:55.883+0000] {dag.py:3722} INFO - Setting next_dagrun for example_sensors to None, run_after=None
[2024-01-29T18:01:55.916+0000] {processor.py:179} INFO - Processing /home/airflow/.local/lib/python3.8/site-packages/airflow/example_dags/example_sensors.py took 0.119 seconds
[2024-01-29T18:02:25.983+0000] {processor.py:157} INFO - Started process (PID=104) to work on /home/airflow/.local/lib/python3.8/site-packages/airflow/example_dags/example_sensors.py
[2024-01-29T18:02:25.984+0000] {processor.py:829} INFO - Processing file /home/airflow/.local/lib/python3.8/site-packages/airflow/example_dags/example_sensors.py for tasks to queue
[2024-01-29T18:02:25.987+0000] {logging_mixin.py:151} INFO - [2024-01-29T18:02:25.987+0000] {dagbag.py:536} INFO - Filling up the DagBag from /home/airflow/.local/lib/python3.8/site-packages/airflow/example_dags/example_sensors.py
[2024-01-29T18:02:25.998+0000] {processor.py:839} INFO - DAG(s) dict_keys(['example_sensors']) retrieved from /home/airflow/.local/lib/python3.8/site-packages/airflow/example_dags/example_sensors.py
[2024-01-29T18:02:26.029+0000] {logging_mixin.py:151} INFO - [2024-01-29T18:02:26.029+0000] {dag.py:2941} INFO - Sync 1 DAGs
[2024-01-29T18:02:26.044+0000] {logging_mixin.py:151} INFO - [2024-01-29T18:02:26.044+0000] {dag.py:3722} INFO - Setting next_dagrun for example_sensors to None, run_after=None
[2024-01-29T18:02:26.066+0000] {processor.py:179} INFO - Processing /home/airflow/.local/lib/python3.8/site-packages/airflow/example_dags/example_sensors.py took 0.086 seconds
[2024-01-29T18:02:56.257+0000] {processor.py:157} INFO - Started process (PID=159) to work on /home/airflow/.local/lib/python3.8/site-packages/airflow/example_dags/example_sensors.py
[2024-01-29T18:02:56.258+0000] {processor.py:829} INFO - Processing file /home/airflow/.local/lib/python3.8/site-packages/airflow/example_dags/example_sensors.py for tasks to queue
[2024-01-29T18:02:56.260+0000] {logging_mixin.py:151} INFO - [2024-01-29T18:02:56.259+0000] {dagbag.py:536} INFO - Filling up the DagBag from /home/airflow/.local/lib/python3.8/site-packages/airflow/example_dags/example_sensors.py
[2024-01-29T18:02:56.270+0000] {processor.py:839} INFO - DAG(s) dict_keys(['example_sensors']) retrieved from /home/airflow/.local/lib/python3.8/site-packages/airflow/example_dags/example_sensors.py
[2024-01-29T18:02:56.298+0000] {logging_mixin.py:151} INFO - [2024-01-29T18:02:56.298+0000] {dag.py:2941} INFO - Sync 1 DAGs
[2024-01-29T18:02:56.312+0000] {logging_mixin.py:151} INFO - [2024-01-29T18:02:56.312+0000] {dag.py:3722} INFO - Setting next_dagrun for example_sensors to None, run_after=None
[2024-01-29T18:02:56.333+0000] {processor.py:179} INFO - Processing /home/airflow/.local/lib/python3.8/site-packages/airflow/example_dags/example_sensors.py took 0.078 seconds
[2024-01-29T18:03:27.241+0000] {processor.py:157} INFO - Started process (PID=214) to work on /home/airflow/.local/lib/python3.8/site-packages/airflow/example_dags/example_sensors.py
[2024-01-29T18:03:27.242+0000] {processor.py:829} INFO - Processing file /home/airflow/.local/lib/python3.8/site-packages/airflow/example_dags/example_sensors.py for tasks to queue
[2024-01-29T18:03:27.245+0000] {logging_mixin.py:151} INFO - [2024-01-29T18:03:27.245+0000] {dagbag.py:536} INFO - Filling up the DagBag from /home/airflow/.local/lib/python3.8/site-packages/airflow/example_dags/example_sensors.py
[2024-01-29T18:03:27.257+0000] {processor.py:839} INFO - DAG(s) dict_keys(['example_sensors']) retrieved from /home/airflow/.local/lib/python3.8/site-packages/airflow/example_dags/example_sensors.py
[2024-01-29T18:03:27.291+0000] {logging_mixin.py:151} INFO - [2024-01-29T18:03:27.291+0000] {dag.py:2941} INFO - Sync 1 DAGs
[2024-01-29T18:03:27.307+0000] {logging_mixin.py:151} INFO - [2024-01-29T18:03:27.307+0000] {dag.py:3722} INFO - Setting next_dagrun for example_sensors to None, run_after=None
[2024-01-29T18:03:27.330+0000] {processor.py:179} INFO - Processing /home/airflow/.local/lib/python3.8/site-packages/airflow/example_dags/example_sensors.py took 0.093 seconds
[2024-01-29T18:03:57.588+0000] {processor.py:157} INFO - Started process (PID=269) to work on /home/airflow/.local/lib/python3.8/site-packages/airflow/example_dags/example_sensors.py
[2024-01-29T18:03:57.589+0000] {processor.py:829} INFO - Processing file /home/airflow/.local/lib/python3.8/site-packages/airflow/example_dags/example_sensors.py for tasks to queue
[2024-01-29T18:03:57.591+0000] {logging_mixin.py:151} INFO - [2024-01-29T18:03:57.591+0000] {dagbag.py:536} INFO - Filling up the DagBag from /home/airflow/.local/lib/python3.8/site-packages/airflow/example_dags/example_sensors.py
[2024-01-29T18:03:57.600+0000] {processor.py:839} INFO - DAG(s) dict_keys(['example_sensors']) retrieved from /home/airflow/.local/lib/python3.8/site-packages/airflow/example_dags/example_sensors.py
[2024-01-29T18:03:57.629+0000] {logging_mixin.py:151} INFO - [2024-01-29T18:03:57.629+0000] {dag.py:2941} INFO - Sync 1 DAGs
[2024-01-29T18:03:57.643+0000] {logging_mixin.py:151} INFO - [2024-01-29T18:03:57.642+0000] {dag.py:3722} INFO - Setting next_dagrun for example_sensors to None, run_after=None
[2024-01-29T18:03:57.662+0000] {processor.py:179} INFO - Processing /home/airflow/.local/lib/python3.8/site-packages/airflow/example_dags/example_sensors.py took 0.077 seconds
[2024-01-29T18:04:28.399+0000] {processor.py:157} INFO - Started process (PID=325) to work on /home/airflow/.local/lib/python3.8/site-packages/airflow/example_dags/example_sensors.py
[2024-01-29T18:04:28.400+0000] {processor.py:829} INFO - Processing file /home/airflow/.local/lib/python3.8/site-packages/airflow/example_dags/example_sensors.py for tasks to queue
[2024-01-29T18:04:28.402+0000] {logging_mixin.py:151} INFO - [2024-01-29T18:04:28.402+0000] {dagbag.py:536} INFO - Filling up the DagBag from /home/airflow/.local/lib/python3.8/site-packages/airflow/example_dags/example_sensors.py
[2024-01-29T18:04:28.413+0000] {processor.py:839} INFO - DAG(s) dict_keys(['example_sensors']) retrieved from /home/airflow/.local/lib/python3.8/site-packages/airflow/example_dags/example_sensors.py
[2024-01-29T18:04:28.445+0000] {logging_mixin.py:151} INFO - [2024-01-29T18:04:28.445+0000] {dag.py:2941} INFO - Sync 1 DAGs
[2024-01-29T18:04:28.463+0000] {logging_mixin.py:151} INFO - [2024-01-29T18:04:28.462+0000] {dag.py:3722} INFO - Setting next_dagrun for example_sensors to None, run_after=None
[2024-01-29T18:04:28.491+0000] {processor.py:179} INFO - Processing /home/airflow/.local/lib/python3.8/site-packages/airflow/example_dags/example_sensors.py took 0.095 seconds
[2024-01-29T18:04:59.486+0000] {processor.py:157} INFO - Started process (PID=382) to work on /home/airflow/.local/lib/python3.8/site-packages/airflow/example_dags/example_sensors.py
[2024-01-29T18:04:59.488+0000] {processor.py:829} INFO - Processing file /home/airflow/.local/lib/python3.8/site-packages/airflow/example_dags/example_sensors.py for tasks to queue
[2024-01-29T18:04:59.490+0000] {logging_mixin.py:151} INFO - [2024-01-29T18:04:59.490+0000] {dagbag.py:536} INFO - Filling up the DagBag from /home/airflow/.local/lib/python3.8/site-packages/airflow/example_dags/example_sensors.py
[2024-01-29T18:04:59.503+0000] {processor.py:839} INFO - DAG(s) dict_keys(['example_sensors']) retrieved from /home/airflow/.local/lib/python3.8/site-packages/airflow/example_dags/example_sensors.py
[2024-01-29T18:04:59.537+0000] {logging_mixin.py:151} INFO - [2024-01-29T18:04:59.536+0000] {dag.py:2941} INFO - Sync 1 DAGs
[2024-01-29T18:04:59.558+0000] {logging_mixin.py:151} INFO - [2024-01-29T18:04:59.558+0000] {dag.py:3722} INFO - Setting next_dagrun for example_sensors to None, run_after=None
[2024-01-29T18:04:59.587+0000] {processor.py:179} INFO - Processing /home/airflow/.local/lib/python3.8/site-packages/airflow/example_dags/example_sensors.py took 0.105 seconds
[2024-01-29T18:05:29.926+0000] {processor.py:157} INFO - Started process (PID=437) to work on /home/airflow/.local/lib/python3.8/site-packages/airflow/example_dags/example_sensors.py
[2024-01-29T18:05:29.927+0000] {processor.py:829} INFO - Processing file /home/airflow/.local/lib/python3.8/site-packages/airflow/example_dags/example_sensors.py for tasks to queue
[2024-01-29T18:05:29.929+0000] {logging_mixin.py:151} INFO - [2024-01-29T18:05:29.929+0000] {dagbag.py:536} INFO - Filling up the DagBag from /home/airflow/.local/lib/python3.8/site-packages/airflow/example_dags/example_sensors.py
[2024-01-29T18:05:29.939+0000] {processor.py:839} INFO - DAG(s) dict_keys(['example_sensors']) retrieved from /home/airflow/.local/lib/python3.8/site-packages/airflow/example_dags/example_sensors.py
[2024-01-29T18:05:29.975+0000] {logging_mixin.py:151} INFO - [2024-01-29T18:05:29.975+0000] {dag.py:2941} INFO - Sync 1 DAGs
[2024-01-29T18:05:29.990+0000] {logging_mixin.py:151} INFO - [2024-01-29T18:05:29.989+0000] {dag.py:3722} INFO - Setting next_dagrun for example_sensors to None, run_after=None
[2024-01-29T18:05:30.014+0000] {processor.py:179} INFO - Processing /home/airflow/.local/lib/python3.8/site-packages/airflow/example_dags/example_sensors.py took 0.091 seconds
[2024-01-29T18:06:00.136+0000] {processor.py:157} INFO - Started process (PID=492) to work on /home/airflow/.local/lib/python3.8/site-packages/airflow/example_dags/example_sensors.py
[2024-01-29T18:06:00.137+0000] {processor.py:829} INFO - Processing file /home/airflow/.local/lib/python3.8/site-packages/airflow/example_dags/example_sensors.py for tasks to queue
[2024-01-29T18:06:00.139+0000] {logging_mixin.py:151} INFO - [2024-01-29T18:06:00.138+0000] {dagbag.py:536} INFO - Filling up the DagBag from /home/airflow/.local/lib/python3.8/site-packages/airflow/example_dags/example_sensors.py
[2024-01-29T18:06:00.148+0000] {processor.py:839} INFO - DAG(s) dict_keys(['example_sensors']) retrieved from /home/airflow/.local/lib/python3.8/site-packages/airflow/example_dags/example_sensors.py
[2024-01-29T18:06:00.174+0000] {logging_mixin.py:151} INFO - [2024-01-29T18:06:00.174+0000] {dag.py:2941} INFO - Sync 1 DAGs
[2024-01-29T18:06:00.187+0000] {logging_mixin.py:151} INFO - [2024-01-29T18:06:00.186+0000] {dag.py:3722} INFO - Setting next_dagrun for example_sensors to None, run_after=None
[2024-01-29T18:06:00.209+0000] {processor.py:179} INFO - Processing /home/airflow/.local/lib/python3.8/site-packages/airflow/example_dags/example_sensors.py took 0.076 seconds
[2024-01-29T18:06:30.558+0000] {processor.py:157} INFO - Started process (PID=547) to work on /home/airflow/.local/lib/python3.8/site-packages/airflow/example_dags/example_sensors.py
[2024-01-29T18:06:30.559+0000] {processor.py:829} INFO - Processing file /home/airflow/.local/lib/python3.8/site-packages/airflow/example_dags/example_sensors.py for tasks to queue
[2024-01-29T18:06:30.562+0000] {logging_mixin.py:151} INFO - [2024-01-29T18:06:30.561+0000] {dagbag.py:536} INFO - Filling up the DagBag from /home/airflow/.local/lib/python3.8/site-packages/airflow/example_dags/example_sensors.py
[2024-01-29T18:06:30.573+0000] {processor.py:839} INFO - DAG(s) dict_keys(['example_sensors']) retrieved from /home/airflow/.local/lib/python3.8/site-packages/airflow/example_dags/example_sensors.py
[2024-01-29T18:06:30.606+0000] {logging_mixin.py:151} INFO - [2024-01-29T18:06:30.606+0000] {dag.py:2941} INFO - Sync 1 DAGs
[2024-01-29T18:06:30.623+0000] {logging_mixin.py:151} INFO - [2024-01-29T18:06:30.623+0000] {dag.py:3722} INFO - Setting next_dagrun for example_sensors to None, run_after=None
[2024-01-29T18:06:30.652+0000] {processor.py:179} INFO - Processing /home/airflow/.local/lib/python3.8/site-packages/airflow/example_dags/example_sensors.py took 0.097 seconds
[2024-01-29T18:07:01.072+0000] {processor.py:157} INFO - Started process (PID=603) to work on /home/airflow/.local/lib/python3.8/site-packages/airflow/example_dags/example_sensors.py
[2024-01-29T18:07:01.073+0000] {processor.py:829} INFO - Processing file /home/airflow/.local/lib/python3.8/site-packages/airflow/example_dags/example_sensors.py for tasks to queue
[2024-01-29T18:07:01.076+0000] {logging_mixin.py:151} INFO - [2024-01-29T18:07:01.075+0000] {dagbag.py:536} INFO - Filling up the DagBag from /home/airflow/.local/lib/python3.8/site-packages/airflow/example_dags/example_sensors.py
[2024-01-29T18:07:01.090+0000] {processor.py:839} INFO - DAG(s) dict_keys(['example_sensors']) retrieved from /home/airflow/.local/lib/python3.8/site-packages/airflow/example_dags/example_sensors.py
[2024-01-29T18:07:01.118+0000] {logging_mixin.py:151} INFO - [2024-01-29T18:07:01.118+0000] {dag.py:2941} INFO - Sync 1 DAGs
[2024-01-29T18:07:01.133+0000] {logging_mixin.py:151} INFO - [2024-01-29T18:07:01.133+0000] {dag.py:3722} INFO - Setting next_dagrun for example_sensors to None, run_after=None
[2024-01-29T18:07:01.159+0000] {processor.py:179} INFO - Processing /home/airflow/.local/lib/python3.8/site-packages/airflow/example_dags/example_sensors.py took 0.090 seconds
[2024-01-29T18:07:31.449+0000] {processor.py:157} INFO - Started process (PID=659) to work on /home/airflow/.local/lib/python3.8/site-packages/airflow/example_dags/example_sensors.py
[2024-01-29T18:07:31.451+0000] {processor.py:829} INFO - Processing file /home/airflow/.local/lib/python3.8/site-packages/airflow/example_dags/example_sensors.py for tasks to queue
[2024-01-29T18:07:31.455+0000] {logging_mixin.py:151} INFO - [2024-01-29T18:07:31.454+0000] {dagbag.py:536} INFO - Filling up the DagBag from /home/airflow/.local/lib/python3.8/site-packages/airflow/example_dags/example_sensors.py
[2024-01-29T18:07:31.472+0000] {processor.py:839} INFO - DAG(s) dict_keys(['example_sensors']) retrieved from /home/airflow/.local/lib/python3.8/site-packages/airflow/example_dags/example_sensors.py
[2024-01-29T18:07:31.518+0000] {logging_mixin.py:151} INFO - [2024-01-29T18:07:31.518+0000] {dag.py:2941} INFO - Sync 1 DAGs
[2024-01-29T18:07:31.539+0000] {logging_mixin.py:151} INFO - [2024-01-29T18:07:31.539+0000] {dag.py:3722} INFO - Setting next_dagrun for example_sensors to None, run_after=None
[2024-01-29T18:07:31.583+0000] {processor.py:179} INFO - Processing /home/airflow/.local/lib/python3.8/site-packages/airflow/example_dags/example_sensors.py took 0.138 seconds
[2024-01-29T18:08:02.568+0000] {processor.py:157} INFO - Started process (PID=715) to work on /home/airflow/.local/lib/python3.8/site-packages/airflow/example_dags/example_sensors.py
[2024-01-29T18:08:02.570+0000] {processor.py:829} INFO - Processing file /home/airflow/.local/lib/python3.8/site-packages/airflow/example_dags/example_sensors.py for tasks to queue
[2024-01-29T18:08:02.572+0000] {logging_mixin.py:151} INFO - [2024-01-29T18:08:02.571+0000] {dagbag.py:536} INFO - Filling up the DagBag from /home/airflow/.local/lib/python3.8/site-packages/airflow/example_dags/example_sensors.py
[2024-01-29T18:08:02.582+0000] {processor.py:839} INFO - DAG(s) dict_keys(['example_sensors']) retrieved from /home/airflow/.local/lib/python3.8/site-packages/airflow/example_dags/example_sensors.py
[2024-01-29T18:08:02.614+0000] {logging_mixin.py:151} INFO - [2024-01-29T18:08:02.613+0000] {dag.py:2941} INFO - Sync 1 DAGs
[2024-01-29T18:08:02.629+0000] {logging_mixin.py:151} INFO - [2024-01-29T18:08:02.629+0000] {dag.py:3722} INFO - Setting next_dagrun for example_sensors to None, run_after=None
[2024-01-29T18:08:02.655+0000] {processor.py:179} INFO - Processing /home/airflow/.local/lib/python3.8/site-packages/airflow/example_dags/example_sensors.py took 0.089 seconds
[2024-01-29T18:08:32.948+0000] {processor.py:157} INFO - Started process (PID=772) to work on /home/airflow/.local/lib/python3.8/site-packages/airflow/example_dags/example_sensors.py
[2024-01-29T18:08:32.949+0000] {processor.py:829} INFO - Processing file /home/airflow/.local/lib/python3.8/site-packages/airflow/example_dags/example_sensors.py for tasks to queue
[2024-01-29T18:08:32.951+0000] {logging_mixin.py:151} INFO - [2024-01-29T18:08:32.951+0000] {dagbag.py:536} INFO - Filling up the DagBag from /home/airflow/.local/lib/python3.8/site-packages/airflow/example_dags/example_sensors.py
[2024-01-29T18:08:32.961+0000] {processor.py:839} INFO - DAG(s) dict_keys(['example_sensors']) retrieved from /home/airflow/.local/lib/python3.8/site-packages/airflow/example_dags/example_sensors.py
[2024-01-29T18:08:33.001+0000] {logging_mixin.py:151} INFO - [2024-01-29T18:08:33.000+0000] {dag.py:2941} INFO - Sync 1 DAGs
[2024-01-29T18:08:33.020+0000] {logging_mixin.py:151} INFO - [2024-01-29T18:08:33.020+0000] {dag.py:3722} INFO - Setting next_dagrun for example_sensors to None, run_after=None
[2024-01-29T18:08:33.046+0000] {processor.py:179} INFO - Processing /home/airflow/.local/lib/python3.8/site-packages/airflow/example_dags/example_sensors.py took 0.101 seconds
[2024-01-29T18:09:03.905+0000] {processor.py:157} INFO - Started process (PID=828) to work on /home/airflow/.local/lib/python3.8/site-packages/airflow/example_dags/example_sensors.py
[2024-01-29T18:09:03.906+0000] {processor.py:829} INFO - Processing file /home/airflow/.local/lib/python3.8/site-packages/airflow/example_dags/example_sensors.py for tasks to queue
[2024-01-29T18:09:03.913+0000] {logging_mixin.py:151} INFO - [2024-01-29T18:09:03.912+0000] {dagbag.py:536} INFO - Filling up the DagBag from /home/airflow/.local/lib/python3.8/site-packages/airflow/example_dags/example_sensors.py
[2024-01-29T18:09:03.940+0000] {processor.py:839} INFO - DAG(s) dict_keys(['example_sensors']) retrieved from /home/airflow/.local/lib/python3.8/site-packages/airflow/example_dags/example_sensors.py
[2024-01-29T18:09:03.983+0000] {logging_mixin.py:151} INFO - [2024-01-29T18:09:03.983+0000] {dag.py:2941} INFO - Sync 1 DAGs
[2024-01-29T18:09:04.002+0000] {logging_mixin.py:151} INFO - [2024-01-29T18:09:04.000+0000] {dag.py:3722} INFO - Setting next_dagrun for example_sensors to None, run_after=None
[2024-01-29T18:09:04.040+0000] {processor.py:179} INFO - Processing /home/airflow/.local/lib/python3.8/site-packages/airflow/example_dags/example_sensors.py took 0.138 seconds
[2024-01-29T18:09:34.506+0000] {processor.py:157} INFO - Started process (PID=887) to work on /home/airflow/.local/lib/python3.8/site-packages/airflow/example_dags/example_sensors.py
[2024-01-29T18:09:34.507+0000] {processor.py:829} INFO - Processing file /home/airflow/.local/lib/python3.8/site-packages/airflow/example_dags/example_sensors.py for tasks to queue
[2024-01-29T18:09:34.509+0000] {logging_mixin.py:151} INFO - [2024-01-29T18:09:34.509+0000] {dagbag.py:536} INFO - Filling up the DagBag from /home/airflow/.local/lib/python3.8/site-packages/airflow/example_dags/example_sensors.py
[2024-01-29T18:09:34.526+0000] {processor.py:839} INFO - DAG(s) dict_keys(['example_sensors']) retrieved from /home/airflow/.local/lib/python3.8/site-packages/airflow/example_dags/example_sensors.py
[2024-01-29T18:09:34.563+0000] {logging_mixin.py:151} INFO - [2024-01-29T18:09:34.563+0000] {dag.py:2941} INFO - Sync 1 DAGs
[2024-01-29T18:09:34.579+0000] {logging_mixin.py:151} INFO - [2024-01-29T18:09:34.578+0000] {dag.py:3722} INFO - Setting next_dagrun for example_sensors to None, run_after=None
[2024-01-29T18:09:34.604+0000] {processor.py:179} INFO - Processing /home/airflow/.local/lib/python3.8/site-packages/airflow/example_dags/example_sensors.py took 0.102 seconds
[2024-01-29T18:10:04.971+0000] {processor.py:157} INFO - Started process (PID=943) to work on /home/airflow/.local/lib/python3.8/site-packages/airflow/example_dags/example_sensors.py
[2024-01-29T18:10:04.972+0000] {processor.py:829} INFO - Processing file /home/airflow/.local/lib/python3.8/site-packages/airflow/example_dags/example_sensors.py for tasks to queue
[2024-01-29T18:10:04.974+0000] {logging_mixin.py:151} INFO - [2024-01-29T18:10:04.974+0000] {dagbag.py:536} INFO - Filling up the DagBag from /home/airflow/.local/lib/python3.8/site-packages/airflow/example_dags/example_sensors.py
[2024-01-29T18:10:04.987+0000] {processor.py:839} INFO - DAG(s) dict_keys(['example_sensors']) retrieved from /home/airflow/.local/lib/python3.8/site-packages/airflow/example_dags/example_sensors.py
[2024-01-29T18:10:05.021+0000] {logging_mixin.py:151} INFO - [2024-01-29T18:10:05.020+0000] {dag.py:2941} INFO - Sync 1 DAGs
[2024-01-29T18:10:05.039+0000] {logging_mixin.py:151} INFO - [2024-01-29T18:10:05.038+0000] {dag.py:3722} INFO - Setting next_dagrun for example_sensors to None, run_after=None
[2024-01-29T18:10:05.067+0000] {processor.py:179} INFO - Processing /home/airflow/.local/lib/python3.8/site-packages/airflow/example_dags/example_sensors.py took 0.099 seconds
[2024-01-29T18:10:35.757+0000] {processor.py:157} INFO - Started process (PID=1007) to work on /home/airflow/.local/lib/python3.8/site-packages/airflow/example_dags/example_sensors.py
[2024-01-29T18:10:35.760+0000] {processor.py:829} INFO - Processing file /home/airflow/.local/lib/python3.8/site-packages/airflow/example_dags/example_sensors.py for tasks to queue
[2024-01-29T18:10:35.764+0000] {logging_mixin.py:151} INFO - [2024-01-29T18:10:35.763+0000] {dagbag.py:536} INFO - Filling up the DagBag from /home/airflow/.local/lib/python3.8/site-packages/airflow/example_dags/example_sensors.py
[2024-01-29T18:10:35.780+0000] {processor.py:839} INFO - DAG(s) dict_keys(['example_sensors']) retrieved from /home/airflow/.local/lib/python3.8/site-packages/airflow/example_dags/example_sensors.py
[2024-01-29T18:10:35.819+0000] {logging_mixin.py:151} INFO - [2024-01-29T18:10:35.819+0000] {dag.py:2941} INFO - Sync 1 DAGs
[2024-01-29T18:10:35.845+0000] {logging_mixin.py:151} INFO - [2024-01-29T18:10:35.844+0000] {dag.py:3722} INFO - Setting next_dagrun for example_sensors to None, run_after=None
[2024-01-29T18:10:35.873+0000] {processor.py:179} INFO - Processing /home/airflow/.local/lib/python3.8/site-packages/airflow/example_dags/example_sensors.py took 0.121 seconds
[2024-01-29T18:11:05.994+0000] {processor.py:157} INFO - Started process (PID=1067) to work on /home/airflow/.local/lib/python3.8/site-packages/airflow/example_dags/example_sensors.py
[2024-01-29T18:11:05.995+0000] {processor.py:829} INFO - Processing file /home/airflow/.local/lib/python3.8/site-packages/airflow/example_dags/example_sensors.py for tasks to queue
[2024-01-29T18:11:05.997+0000] {logging_mixin.py:151} INFO - [2024-01-29T18:11:05.997+0000] {dagbag.py:536} INFO - Filling up the DagBag from /home/airflow/.local/lib/python3.8/site-packages/airflow/example_dags/example_sensors.py
[2024-01-29T18:11:06.008+0000] {processor.py:839} INFO - DAG(s) dict_keys(['example_sensors']) retrieved from /home/airflow/.local/lib/python3.8/site-packages/airflow/example_dags/example_sensors.py
[2024-01-29T18:11:06.038+0000] {logging_mixin.py:151} INFO - [2024-01-29T18:11:06.037+0000] {dag.py:2941} INFO - Sync 1 DAGs
[2024-01-29T18:11:06.054+0000] {logging_mixin.py:151} INFO - [2024-01-29T18:11:06.054+0000] {dag.py:3722} INFO - Setting next_dagrun for example_sensors to None, run_after=None
[2024-01-29T18:11:06.084+0000] {processor.py:179} INFO - Processing /home/airflow/.local/lib/python3.8/site-packages/airflow/example_dags/example_sensors.py took 0.092 seconds
[2024-01-29T18:11:36.314+0000] {processor.py:157} INFO - Started process (PID=1123) to work on /home/airflow/.local/lib/python3.8/site-packages/airflow/example_dags/example_sensors.py
[2024-01-29T18:11:36.315+0000] {processor.py:829} INFO - Processing file /home/airflow/.local/lib/python3.8/site-packages/airflow/example_dags/example_sensors.py for tasks to queue
[2024-01-29T18:11:36.317+0000] {logging_mixin.py:151} INFO - [2024-01-29T18:11:36.317+0000] {dagbag.py:536} INFO - Filling up the DagBag from /home/airflow/.local/lib/python3.8/site-packages/airflow/example_dags/example_sensors.py
[2024-01-29T18:11:36.327+0000] {processor.py:839} INFO - DAG(s) dict_keys(['example_sensors']) retrieved from /home/airflow/.local/lib/python3.8/site-packages/airflow/example_dags/example_sensors.py
[2024-01-29T18:11:36.361+0000] {logging_mixin.py:151} INFO - [2024-01-29T18:11:36.360+0000] {dag.py:2941} INFO - Sync 1 DAGs
[2024-01-29T18:11:36.376+0000] {logging_mixin.py:151} INFO - [2024-01-29T18:11:36.376+0000] {dag.py:3722} INFO - Setting next_dagrun for example_sensors to None, run_after=None
[2024-01-29T18:11:36.401+0000] {processor.py:179} INFO - Processing /home/airflow/.local/lib/python3.8/site-packages/airflow/example_dags/example_sensors.py took 0.090 seconds
[2024-01-29T18:12:06.595+0000] {processor.py:157} INFO - Started process (PID=1179) to work on /home/airflow/.local/lib/python3.8/site-packages/airflow/example_dags/example_sensors.py
[2024-01-29T18:12:06.600+0000] {processor.py:829} INFO - Processing file /home/airflow/.local/lib/python3.8/site-packages/airflow/example_dags/example_sensors.py for tasks to queue
[2024-01-29T18:12:06.607+0000] {logging_mixin.py:151} INFO - [2024-01-29T18:12:06.605+0000] {dagbag.py:536} INFO - Filling up the DagBag from /home/airflow/.local/lib/python3.8/site-packages/airflow/example_dags/example_sensors.py
[2024-01-29T18:12:06.638+0000] {processor.py:839} INFO - DAG(s) dict_keys(['example_sensors']) retrieved from /home/airflow/.local/lib/python3.8/site-packages/airflow/example_dags/example_sensors.py
[2024-01-29T18:12:06.759+0000] {logging_mixin.py:151} INFO - [2024-01-29T18:12:06.759+0000] {dag.py:2941} INFO - Sync 1 DAGs
[2024-01-29T18:12:06.812+0000] {logging_mixin.py:151} INFO - [2024-01-29T18:12:06.812+0000] {dag.py:3722} INFO - Setting next_dagrun for example_sensors to None, run_after=None
[2024-01-29T18:12:06.890+0000] {processor.py:179} INFO - Processing /home/airflow/.local/lib/python3.8/site-packages/airflow/example_dags/example_sensors.py took 0.301 seconds
[2024-01-29T18:12:37.126+0000] {processor.py:157} INFO - Started process (PID=1235) to work on /home/airflow/.local/lib/python3.8/site-packages/airflow/example_dags/example_sensors.py
[2024-01-29T18:12:37.127+0000] {processor.py:829} INFO - Processing file /home/airflow/.local/lib/python3.8/site-packages/airflow/example_dags/example_sensors.py for tasks to queue
[2024-01-29T18:12:37.130+0000] {logging_mixin.py:151} INFO - [2024-01-29T18:12:37.130+0000] {dagbag.py:536} INFO - Filling up the DagBag from /home/airflow/.local/lib/python3.8/site-packages/airflow/example_dags/example_sensors.py
[2024-01-29T18:12:37.147+0000] {processor.py:839} INFO - DAG(s) dict_keys(['example_sensors']) retrieved from /home/airflow/.local/lib/python3.8/site-packages/airflow/example_dags/example_sensors.py
[2024-01-29T18:12:37.204+0000] {logging_mixin.py:151} INFO - [2024-01-29T18:12:37.204+0000] {dag.py:2941} INFO - Sync 1 DAGs
[2024-01-29T18:12:37.235+0000] {logging_mixin.py:151} INFO - [2024-01-29T18:12:37.234+0000] {dag.py:3722} INFO - Setting next_dagrun for example_sensors to None, run_after=None
[2024-01-29T18:12:37.290+0000] {processor.py:179} INFO - Processing /home/airflow/.local/lib/python3.8/site-packages/airflow/example_dags/example_sensors.py took 0.169 seconds
[2024-01-29T18:13:09.562+0000] {processor.py:157} INFO - Started process (PID=1291) to work on /home/airflow/.local/lib/python3.8/site-packages/airflow/example_dags/example_sensors.py
[2024-01-29T18:13:09.570+0000] {processor.py:829} INFO - Processing file /home/airflow/.local/lib/python3.8/site-packages/airflow/example_dags/example_sensors.py for tasks to queue
[2024-01-29T18:13:09.574+0000] {logging_mixin.py:151} INFO - [2024-01-29T18:13:09.574+0000] {dagbag.py:536} INFO - Filling up the DagBag from /home/airflow/.local/lib/python3.8/site-packages/airflow/example_dags/example_sensors.py
[2024-01-29T18:13:09.591+0000] {processor.py:839} INFO - DAG(s) dict_keys(['example_sensors']) retrieved from /home/airflow/.local/lib/python3.8/site-packages/airflow/example_dags/example_sensors.py
[2024-01-29T18:13:09.646+0000] {logging_mixin.py:151} INFO - [2024-01-29T18:13:09.645+0000] {dag.py:2941} INFO - Sync 1 DAGs
[2024-01-29T18:13:09.678+0000] {logging_mixin.py:151} INFO - [2024-01-29T18:13:09.678+0000] {dag.py:3722} INFO - Setting next_dagrun for example_sensors to None, run_after=None
[2024-01-29T18:13:09.745+0000] {processor.py:179} INFO - Processing /home/airflow/.local/lib/python3.8/site-packages/airflow/example_dags/example_sensors.py took 0.190 seconds
[2024-01-29T18:13:40.540+0000] {processor.py:157} INFO - Started process (PID=1347) to work on /home/airflow/.local/lib/python3.8/site-packages/airflow/example_dags/example_sensors.py
[2024-01-29T18:13:40.541+0000] {processor.py:829} INFO - Processing file /home/airflow/.local/lib/python3.8/site-packages/airflow/example_dags/example_sensors.py for tasks to queue
[2024-01-29T18:13:40.544+0000] {logging_mixin.py:151} INFO - [2024-01-29T18:13:40.544+0000] {dagbag.py:536} INFO - Filling up the DagBag from /home/airflow/.local/lib/python3.8/site-packages/airflow/example_dags/example_sensors.py
[2024-01-29T18:13:40.561+0000] {processor.py:839} INFO - DAG(s) dict_keys(['example_sensors']) retrieved from /home/airflow/.local/lib/python3.8/site-packages/airflow/example_dags/example_sensors.py
[2024-01-29T18:13:40.651+0000] {logging_mixin.py:151} INFO - [2024-01-29T18:13:40.651+0000] {dag.py:2941} INFO - Sync 1 DAGs
[2024-01-29T18:13:40.676+0000] {logging_mixin.py:151} INFO - [2024-01-29T18:13:40.676+0000] {dag.py:3722} INFO - Setting next_dagrun for example_sensors to None, run_after=None
[2024-01-29T18:13:40.738+0000] {processor.py:179} INFO - Processing /home/airflow/.local/lib/python3.8/site-packages/airflow/example_dags/example_sensors.py took 0.206 seconds
[2024-01-29T18:14:10.797+0000] {processor.py:157} INFO - Started process (PID=1404) to work on /home/airflow/.local/lib/python3.8/site-packages/airflow/example_dags/example_sensors.py
[2024-01-29T18:14:10.799+0000] {processor.py:829} INFO - Processing file /home/airflow/.local/lib/python3.8/site-packages/airflow/example_dags/example_sensors.py for tasks to queue
[2024-01-29T18:14:10.801+0000] {logging_mixin.py:151} INFO - [2024-01-29T18:14:10.801+0000] {dagbag.py:536} INFO - Filling up the DagBag from /home/airflow/.local/lib/python3.8/site-packages/airflow/example_dags/example_sensors.py
[2024-01-29T18:14:10.818+0000] {processor.py:839} INFO - DAG(s) dict_keys(['example_sensors']) retrieved from /home/airflow/.local/lib/python3.8/site-packages/airflow/example_dags/example_sensors.py
[2024-01-29T18:14:10.867+0000] {logging_mixin.py:151} INFO - [2024-01-29T18:14:10.866+0000] {dag.py:2941} INFO - Sync 1 DAGs
[2024-01-29T18:14:10.893+0000] {logging_mixin.py:151} INFO - [2024-01-29T18:14:10.893+0000] {dag.py:3722} INFO - Setting next_dagrun for example_sensors to None, run_after=None
[2024-01-29T18:14:10.937+0000] {processor.py:179} INFO - Processing /home/airflow/.local/lib/python3.8/site-packages/airflow/example_dags/example_sensors.py took 0.144 seconds
[2024-01-29T18:14:41.830+0000] {processor.py:157} INFO - Started process (PID=1459) to work on /home/airflow/.local/lib/python3.8/site-packages/airflow/example_dags/example_sensors.py
[2024-01-29T18:14:41.833+0000] {processor.py:829} INFO - Processing file /home/airflow/.local/lib/python3.8/site-packages/airflow/example_dags/example_sensors.py for tasks to queue
[2024-01-29T18:14:41.840+0000] {logging_mixin.py:151} INFO - [2024-01-29T18:14:41.838+0000] {dagbag.py:536} INFO - Filling up the DagBag from /home/airflow/.local/lib/python3.8/site-packages/airflow/example_dags/example_sensors.py
[2024-01-29T18:14:41.888+0000] {processor.py:839} INFO - DAG(s) dict_keys(['example_sensors']) retrieved from /home/airflow/.local/lib/python3.8/site-packages/airflow/example_dags/example_sensors.py
[2024-01-29T18:14:41.958+0000] {logging_mixin.py:151} INFO - [2024-01-29T18:14:41.956+0000] {dag.py:2941} INFO - Sync 1 DAGs
[2024-01-29T18:14:41.997+0000] {logging_mixin.py:151} INFO - [2024-01-29T18:14:41.997+0000] {dag.py:3722} INFO - Setting next_dagrun for example_sensors to None, run_after=None
[2024-01-29T18:14:42.046+0000] {processor.py:179} INFO - Processing /home/airflow/.local/lib/python3.8/site-packages/airflow/example_dags/example_sensors.py took 0.223 seconds
[2024-01-29T18:15:12.825+0000] {processor.py:157} INFO - Started process (PID=1515) to work on /home/airflow/.local/lib/python3.8/site-packages/airflow/example_dags/example_sensors.py
[2024-01-29T18:15:12.828+0000] {processor.py:829} INFO - Processing file /home/airflow/.local/lib/python3.8/site-packages/airflow/example_dags/example_sensors.py for tasks to queue
[2024-01-29T18:15:12.833+0000] {logging_mixin.py:151} INFO - [2024-01-29T18:15:12.832+0000] {dagbag.py:536} INFO - Filling up the DagBag from /home/airflow/.local/lib/python3.8/site-packages/airflow/example_dags/example_sensors.py
[2024-01-29T18:15:12.866+0000] {processor.py:839} INFO - DAG(s) dict_keys(['example_sensors']) retrieved from /home/airflow/.local/lib/python3.8/site-packages/airflow/example_dags/example_sensors.py
[2024-01-29T18:15:12.939+0000] {logging_mixin.py:151} INFO - [2024-01-29T18:15:12.938+0000] {dag.py:2941} INFO - Sync 1 DAGs
[2024-01-29T18:15:12.990+0000] {logging_mixin.py:151} INFO - [2024-01-29T18:15:12.989+0000] {dag.py:3722} INFO - Setting next_dagrun for example_sensors to None, run_after=None
[2024-01-29T18:15:13.058+0000] {processor.py:179} INFO - Processing /home/airflow/.local/lib/python3.8/site-packages/airflow/example_dags/example_sensors.py took 0.240 seconds
[2024-01-29T18:15:43.822+0000] {processor.py:157} INFO - Started process (PID=1571) to work on /home/airflow/.local/lib/python3.8/site-packages/airflow/example_dags/example_sensors.py
[2024-01-29T18:15:43.825+0000] {processor.py:829} INFO - Processing file /home/airflow/.local/lib/python3.8/site-packages/airflow/example_dags/example_sensors.py for tasks to queue
[2024-01-29T18:15:43.830+0000] {logging_mixin.py:151} INFO - [2024-01-29T18:15:43.830+0000] {dagbag.py:536} INFO - Filling up the DagBag from /home/airflow/.local/lib/python3.8/site-packages/airflow/example_dags/example_sensors.py
[2024-01-29T18:15:43.858+0000] {processor.py:839} INFO - DAG(s) dict_keys(['example_sensors']) retrieved from /home/airflow/.local/lib/python3.8/site-packages/airflow/example_dags/example_sensors.py
[2024-01-29T18:15:43.956+0000] {logging_mixin.py:151} INFO - [2024-01-29T18:15:43.955+0000] {dag.py:2941} INFO - Sync 1 DAGs
[2024-01-29T18:15:44.004+0000] {logging_mixin.py:151} INFO - [2024-01-29T18:15:44.003+0000] {dag.py:3722} INFO - Setting next_dagrun for example_sensors to None, run_after=None
[2024-01-29T18:15:44.081+0000] {processor.py:179} INFO - Processing /home/airflow/.local/lib/python3.8/site-packages/airflow/example_dags/example_sensors.py took 0.263 seconds
[2024-01-29T18:16:14.831+0000] {processor.py:157} INFO - Started process (PID=1634) to work on /home/airflow/.local/lib/python3.8/site-packages/airflow/example_dags/example_sensors.py
[2024-01-29T18:16:14.833+0000] {processor.py:829} INFO - Processing file /home/airflow/.local/lib/python3.8/site-packages/airflow/example_dags/example_sensors.py for tasks to queue
[2024-01-29T18:16:14.837+0000] {logging_mixin.py:151} INFO - [2024-01-29T18:16:14.836+0000] {dagbag.py:536} INFO - Filling up the DagBag from /home/airflow/.local/lib/python3.8/site-packages/airflow/example_dags/example_sensors.py
[2024-01-29T18:16:14.853+0000] {processor.py:839} INFO - DAG(s) dict_keys(['example_sensors']) retrieved from /home/airflow/.local/lib/python3.8/site-packages/airflow/example_dags/example_sensors.py
[2024-01-29T18:16:14.899+0000] {logging_mixin.py:151} INFO - [2024-01-29T18:16:14.899+0000] {dag.py:2941} INFO - Sync 1 DAGs
[2024-01-29T18:16:14.928+0000] {logging_mixin.py:151} INFO - [2024-01-29T18:16:14.927+0000] {dag.py:3722} INFO - Setting next_dagrun for example_sensors to None, run_after=None
[2024-01-29T18:16:14.957+0000] {processor.py:179} INFO - Processing /home/airflow/.local/lib/python3.8/site-packages/airflow/example_dags/example_sensors.py took 0.131 seconds
[2024-01-29T18:16:45.148+0000] {processor.py:157} INFO - Started process (PID=1690) to work on /home/airflow/.local/lib/python3.8/site-packages/airflow/example_dags/example_sensors.py
[2024-01-29T18:16:45.149+0000] {processor.py:829} INFO - Processing file /home/airflow/.local/lib/python3.8/site-packages/airflow/example_dags/example_sensors.py for tasks to queue
[2024-01-29T18:16:45.152+0000] {logging_mixin.py:151} INFO - [2024-01-29T18:16:45.151+0000] {dagbag.py:536} INFO - Filling up the DagBag from /home/airflow/.local/lib/python3.8/site-packages/airflow/example_dags/example_sensors.py
[2024-01-29T18:16:45.163+0000] {processor.py:839} INFO - DAG(s) dict_keys(['example_sensors']) retrieved from /home/airflow/.local/lib/python3.8/site-packages/airflow/example_dags/example_sensors.py
[2024-01-29T18:16:45.192+0000] {logging_mixin.py:151} INFO - [2024-01-29T18:16:45.192+0000] {dag.py:2941} INFO - Sync 1 DAGs
[2024-01-29T18:16:45.207+0000] {logging_mixin.py:151} INFO - [2024-01-29T18:16:45.206+0000] {dag.py:3722} INFO - Setting next_dagrun for example_sensors to None, run_after=None
[2024-01-29T18:16:45.235+0000] {processor.py:179} INFO - Processing /home/airflow/.local/lib/python3.8/site-packages/airflow/example_dags/example_sensors.py took 0.090 seconds
[2024-01-29T18:17:15.926+0000] {processor.py:157} INFO - Started process (PID=1746) to work on /home/airflow/.local/lib/python3.8/site-packages/airflow/example_dags/example_sensors.py
[2024-01-29T18:17:15.927+0000] {processor.py:829} INFO - Processing file /home/airflow/.local/lib/python3.8/site-packages/airflow/example_dags/example_sensors.py for tasks to queue
[2024-01-29T18:17:15.930+0000] {logging_mixin.py:151} INFO - [2024-01-29T18:17:15.929+0000] {dagbag.py:536} INFO - Filling up the DagBag from /home/airflow/.local/lib/python3.8/site-packages/airflow/example_dags/example_sensors.py
[2024-01-29T18:17:15.942+0000] {processor.py:839} INFO - DAG(s) dict_keys(['example_sensors']) retrieved from /home/airflow/.local/lib/python3.8/site-packages/airflow/example_dags/example_sensors.py
[2024-01-29T18:17:15.975+0000] {logging_mixin.py:151} INFO - [2024-01-29T18:17:15.975+0000] {dag.py:2941} INFO - Sync 1 DAGs
[2024-01-29T18:17:15.993+0000] {logging_mixin.py:151} INFO - [2024-01-29T18:17:15.993+0000] {dag.py:3722} INFO - Setting next_dagrun for example_sensors to None, run_after=None
[2024-01-29T18:17:16.025+0000] {processor.py:179} INFO - Processing /home/airflow/.local/lib/python3.8/site-packages/airflow/example_dags/example_sensors.py took 0.102 seconds
[2024-01-29T18:17:46.285+0000] {processor.py:157} INFO - Started process (PID=1802) to work on /home/airflow/.local/lib/python3.8/site-packages/airflow/example_dags/example_sensors.py
[2024-01-29T18:17:46.286+0000] {processor.py:829} INFO - Processing file /home/airflow/.local/lib/python3.8/site-packages/airflow/example_dags/example_sensors.py for tasks to queue
[2024-01-29T18:17:46.289+0000] {logging_mixin.py:151} INFO - [2024-01-29T18:17:46.288+0000] {dagbag.py:536} INFO - Filling up the DagBag from /home/airflow/.local/lib/python3.8/site-packages/airflow/example_dags/example_sensors.py
[2024-01-29T18:17:46.299+0000] {processor.py:839} INFO - DAG(s) dict_keys(['example_sensors']) retrieved from /home/airflow/.local/lib/python3.8/site-packages/airflow/example_dags/example_sensors.py
[2024-01-29T18:17:46.332+0000] {logging_mixin.py:151} INFO - [2024-01-29T18:17:46.332+0000] {dag.py:2941} INFO - Sync 1 DAGs
[2024-01-29T18:17:46.347+0000] {logging_mixin.py:151} INFO - [2024-01-29T18:17:46.347+0000] {dag.py:3722} INFO - Setting next_dagrun for example_sensors to None, run_after=None
[2024-01-29T18:17:46.374+0000] {processor.py:179} INFO - Processing /home/airflow/.local/lib/python3.8/site-packages/airflow/example_dags/example_sensors.py took 0.091 seconds
[2024-01-29T18:18:16.831+0000] {processor.py:157} INFO - Started process (PID=1858) to work on /home/airflow/.local/lib/python3.8/site-packages/airflow/example_dags/example_sensors.py
[2024-01-29T18:18:16.833+0000] {processor.py:829} INFO - Processing file /home/airflow/.local/lib/python3.8/site-packages/airflow/example_dags/example_sensors.py for tasks to queue
[2024-01-29T18:18:16.835+0000] {logging_mixin.py:151} INFO - [2024-01-29T18:18:16.835+0000] {dagbag.py:536} INFO - Filling up the DagBag from /home/airflow/.local/lib/python3.8/site-packages/airflow/example_dags/example_sensors.py
[2024-01-29T18:18:16.846+0000] {processor.py:839} INFO - DAG(s) dict_keys(['example_sensors']) retrieved from /home/airflow/.local/lib/python3.8/site-packages/airflow/example_dags/example_sensors.py
[2024-01-29T18:18:16.878+0000] {logging_mixin.py:151} INFO - [2024-01-29T18:18:16.877+0000] {dag.py:2941} INFO - Sync 1 DAGs
[2024-01-29T18:18:16.896+0000] {logging_mixin.py:151} INFO - [2024-01-29T18:18:16.895+0000] {dag.py:3722} INFO - Setting next_dagrun for example_sensors to None, run_after=None
[2024-01-29T18:18:16.921+0000] {processor.py:179} INFO - Processing /home/airflow/.local/lib/python3.8/site-packages/airflow/example_dags/example_sensors.py took 0.093 seconds
[2024-01-29T18:18:47.223+0000] {processor.py:157} INFO - Started process (PID=1914) to work on /home/airflow/.local/lib/python3.8/site-packages/airflow/example_dags/example_sensors.py
[2024-01-29T18:18:47.224+0000] {processor.py:829} INFO - Processing file /home/airflow/.local/lib/python3.8/site-packages/airflow/example_dags/example_sensors.py for tasks to queue
[2024-01-29T18:18:47.226+0000] {logging_mixin.py:151} INFO - [2024-01-29T18:18:47.226+0000] {dagbag.py:536} INFO - Filling up the DagBag from /home/airflow/.local/lib/python3.8/site-packages/airflow/example_dags/example_sensors.py
[2024-01-29T18:18:47.240+0000] {processor.py:839} INFO - DAG(s) dict_keys(['example_sensors']) retrieved from /home/airflow/.local/lib/python3.8/site-packages/airflow/example_dags/example_sensors.py
[2024-01-29T18:18:47.276+0000] {logging_mixin.py:151} INFO - [2024-01-29T18:18:47.276+0000] {dag.py:2941} INFO - Sync 1 DAGs
[2024-01-29T18:18:47.295+0000] {logging_mixin.py:151} INFO - [2024-01-29T18:18:47.295+0000] {dag.py:3722} INFO - Setting next_dagrun for example_sensors to None, run_after=None
[2024-01-29T18:18:47.323+0000] {processor.py:179} INFO - Processing /home/airflow/.local/lib/python3.8/site-packages/airflow/example_dags/example_sensors.py took 0.103 seconds
[2024-01-29T18:19:17.423+0000] {processor.py:157} INFO - Started process (PID=1970) to work on /home/airflow/.local/lib/python3.8/site-packages/airflow/example_dags/example_sensors.py
[2024-01-29T18:19:17.424+0000] {processor.py:829} INFO - Processing file /home/airflow/.local/lib/python3.8/site-packages/airflow/example_dags/example_sensors.py for tasks to queue
[2024-01-29T18:19:17.427+0000] {logging_mixin.py:151} INFO - [2024-01-29T18:19:17.426+0000] {dagbag.py:536} INFO - Filling up the DagBag from /home/airflow/.local/lib/python3.8/site-packages/airflow/example_dags/example_sensors.py
[2024-01-29T18:19:17.437+0000] {processor.py:839} INFO - DAG(s) dict_keys(['example_sensors']) retrieved from /home/airflow/.local/lib/python3.8/site-packages/airflow/example_dags/example_sensors.py
[2024-01-29T18:19:17.470+0000] {logging_mixin.py:151} INFO - [2024-01-29T18:19:17.470+0000] {dag.py:2941} INFO - Sync 1 DAGs
[2024-01-29T18:19:17.491+0000] {logging_mixin.py:151} INFO - [2024-01-29T18:19:17.491+0000] {dag.py:3722} INFO - Setting next_dagrun for example_sensors to None, run_after=None
[2024-01-29T18:19:17.517+0000] {processor.py:179} INFO - Processing /home/airflow/.local/lib/python3.8/site-packages/airflow/example_dags/example_sensors.py took 0.097 seconds
[2024-01-29T18:19:47.765+0000] {processor.py:157} INFO - Started process (PID=2026) to work on /home/airflow/.local/lib/python3.8/site-packages/airflow/example_dags/example_sensors.py
[2024-01-29T18:19:47.766+0000] {processor.py:829} INFO - Processing file /home/airflow/.local/lib/python3.8/site-packages/airflow/example_dags/example_sensors.py for tasks to queue
[2024-01-29T18:19:47.768+0000] {logging_mixin.py:151} INFO - [2024-01-29T18:19:47.768+0000] {dagbag.py:536} INFO - Filling up the DagBag from /home/airflow/.local/lib/python3.8/site-packages/airflow/example_dags/example_sensors.py
[2024-01-29T18:19:47.779+0000] {processor.py:839} INFO - DAG(s) dict_keys(['example_sensors']) retrieved from /home/airflow/.local/lib/python3.8/site-packages/airflow/example_dags/example_sensors.py
[2024-01-29T18:19:47.812+0000] {logging_mixin.py:151} INFO - [2024-01-29T18:19:47.812+0000] {dag.py:2941} INFO - Sync 1 DAGs
[2024-01-29T18:19:47.827+0000] {logging_mixin.py:151} INFO - [2024-01-29T18:19:47.827+0000] {dag.py:3722} INFO - Setting next_dagrun for example_sensors to None, run_after=None
[2024-01-29T18:19:47.854+0000] {processor.py:179} INFO - Processing /home/airflow/.local/lib/python3.8/site-packages/airflow/example_dags/example_sensors.py took 0.092 seconds
[2024-01-29T18:20:18.143+0000] {processor.py:157} INFO - Started process (PID=2082) to work on /home/airflow/.local/lib/python3.8/site-packages/airflow/example_dags/example_sensors.py
[2024-01-29T18:20:18.144+0000] {processor.py:829} INFO - Processing file /home/airflow/.local/lib/python3.8/site-packages/airflow/example_dags/example_sensors.py for tasks to queue
[2024-01-29T18:20:18.146+0000] {logging_mixin.py:151} INFO - [2024-01-29T18:20:18.146+0000] {dagbag.py:536} INFO - Filling up the DagBag from /home/airflow/.local/lib/python3.8/site-packages/airflow/example_dags/example_sensors.py
[2024-01-29T18:20:18.156+0000] {processor.py:839} INFO - DAG(s) dict_keys(['example_sensors']) retrieved from /home/airflow/.local/lib/python3.8/site-packages/airflow/example_dags/example_sensors.py
[2024-01-29T18:20:18.186+0000] {logging_mixin.py:151} INFO - [2024-01-29T18:20:18.185+0000] {dag.py:2941} INFO - Sync 1 DAGs
[2024-01-29T18:20:18.201+0000] {logging_mixin.py:151} INFO - [2024-01-29T18:20:18.201+0000] {dag.py:3722} INFO - Setting next_dagrun for example_sensors to None, run_after=None
[2024-01-29T18:20:18.228+0000] {processor.py:179} INFO - Processing /home/airflow/.local/lib/python3.8/site-packages/airflow/example_dags/example_sensors.py took 0.087 seconds
[2024-01-29T18:20:48.717+0000] {processor.py:157} INFO - Started process (PID=2138) to work on /home/airflow/.local/lib/python3.8/site-packages/airflow/example_dags/example_sensors.py
[2024-01-29T18:20:48.718+0000] {processor.py:829} INFO - Processing file /home/airflow/.local/lib/python3.8/site-packages/airflow/example_dags/example_sensors.py for tasks to queue
[2024-01-29T18:20:48.721+0000] {logging_mixin.py:151} INFO - [2024-01-29T18:20:48.720+0000] {dagbag.py:536} INFO - Filling up the DagBag from /home/airflow/.local/lib/python3.8/site-packages/airflow/example_dags/example_sensors.py
[2024-01-29T18:20:48.732+0000] {processor.py:839} INFO - DAG(s) dict_keys(['example_sensors']) retrieved from /home/airflow/.local/lib/python3.8/site-packages/airflow/example_dags/example_sensors.py
[2024-01-29T18:20:48.763+0000] {logging_mixin.py:151} INFO - [2024-01-29T18:20:48.763+0000] {dag.py:2941} INFO - Sync 1 DAGs
[2024-01-29T18:20:48.780+0000] {logging_mixin.py:151} INFO - [2024-01-29T18:20:48.780+0000] {dag.py:3722} INFO - Setting next_dagrun for example_sensors to None, run_after=None
[2024-01-29T18:20:48.809+0000] {processor.py:179} INFO - Processing /home/airflow/.local/lib/python3.8/site-packages/airflow/example_dags/example_sensors.py took 0.095 seconds
[2024-01-29T18:21:19.466+0000] {processor.py:157} INFO - Started process (PID=2194) to work on /home/airflow/.local/lib/python3.8/site-packages/airflow/example_dags/example_sensors.py
[2024-01-29T18:21:19.467+0000] {processor.py:829} INFO - Processing file /home/airflow/.local/lib/python3.8/site-packages/airflow/example_dags/example_sensors.py for tasks to queue
[2024-01-29T18:21:19.470+0000] {logging_mixin.py:151} INFO - [2024-01-29T18:21:19.470+0000] {dagbag.py:536} INFO - Filling up the DagBag from /home/airflow/.local/lib/python3.8/site-packages/airflow/example_dags/example_sensors.py
[2024-01-29T18:21:19.480+0000] {processor.py:839} INFO - DAG(s) dict_keys(['example_sensors']) retrieved from /home/airflow/.local/lib/python3.8/site-packages/airflow/example_dags/example_sensors.py
[2024-01-29T18:21:19.509+0000] {logging_mixin.py:151} INFO - [2024-01-29T18:21:19.509+0000] {dag.py:2941} INFO - Sync 1 DAGs
[2024-01-29T18:21:19.524+0000] {logging_mixin.py:151} INFO - [2024-01-29T18:21:19.524+0000] {dag.py:3722} INFO - Setting next_dagrun for example_sensors to None, run_after=None
[2024-01-29T18:21:19.549+0000] {processor.py:179} INFO - Processing /home/airflow/.local/lib/python3.8/site-packages/airflow/example_dags/example_sensors.py took 0.086 seconds
[2024-01-29T18:21:49.991+0000] {processor.py:157} INFO - Started process (PID=2250) to work on /home/airflow/.local/lib/python3.8/site-packages/airflow/example_dags/example_sensors.py
[2024-01-29T18:21:49.992+0000] {processor.py:829} INFO - Processing file /home/airflow/.local/lib/python3.8/site-packages/airflow/example_dags/example_sensors.py for tasks to queue
[2024-01-29T18:21:49.994+0000] {logging_mixin.py:151} INFO - [2024-01-29T18:21:49.993+0000] {dagbag.py:536} INFO - Filling up the DagBag from /home/airflow/.local/lib/python3.8/site-packages/airflow/example_dags/example_sensors.py
[2024-01-29T18:21:50.006+0000] {processor.py:839} INFO - DAG(s) dict_keys(['example_sensors']) retrieved from /home/airflow/.local/lib/python3.8/site-packages/airflow/example_dags/example_sensors.py
[2024-01-29T18:21:50.032+0000] {logging_mixin.py:151} INFO - [2024-01-29T18:21:50.032+0000] {dag.py:2941} INFO - Sync 1 DAGs
[2024-01-29T18:21:50.048+0000] {logging_mixin.py:151} INFO - [2024-01-29T18:21:50.048+0000] {dag.py:3722} INFO - Setting next_dagrun for example_sensors to None, run_after=None
[2024-01-29T18:21:50.073+0000] {processor.py:179} INFO - Processing /home/airflow/.local/lib/python3.8/site-packages/airflow/example_dags/example_sensors.py took 0.084 seconds
[2024-01-29T18:22:20.577+0000] {processor.py:157} INFO - Started process (PID=2306) to work on /home/airflow/.local/lib/python3.8/site-packages/airflow/example_dags/example_sensors.py
[2024-01-29T18:22:20.578+0000] {processor.py:829} INFO - Processing file /home/airflow/.local/lib/python3.8/site-packages/airflow/example_dags/example_sensors.py for tasks to queue
[2024-01-29T18:22:20.581+0000] {logging_mixin.py:151} INFO - [2024-01-29T18:22:20.580+0000] {dagbag.py:536} INFO - Filling up the DagBag from /home/airflow/.local/lib/python3.8/site-packages/airflow/example_dags/example_sensors.py
[2024-01-29T18:22:20.591+0000] {processor.py:839} INFO - DAG(s) dict_keys(['example_sensors']) retrieved from /home/airflow/.local/lib/python3.8/site-packages/airflow/example_dags/example_sensors.py
[2024-01-29T18:22:20.618+0000] {logging_mixin.py:151} INFO - [2024-01-29T18:22:20.618+0000] {dag.py:2941} INFO - Sync 1 DAGs
[2024-01-29T18:22:20.633+0000] {logging_mixin.py:151} INFO - [2024-01-29T18:22:20.633+0000] {dag.py:3722} INFO - Setting next_dagrun for example_sensors to None, run_after=None
[2024-01-29T18:22:20.660+0000] {processor.py:179} INFO - Processing /home/airflow/.local/lib/python3.8/site-packages/airflow/example_dags/example_sensors.py took 0.086 seconds
[2024-01-29T18:22:50.754+0000] {processor.py:157} INFO - Started process (PID=2361) to work on /home/airflow/.local/lib/python3.8/site-packages/airflow/example_dags/example_sensors.py
[2024-01-29T18:22:50.755+0000] {processor.py:829} INFO - Processing file /home/airflow/.local/lib/python3.8/site-packages/airflow/example_dags/example_sensors.py for tasks to queue
[2024-01-29T18:22:50.757+0000] {logging_mixin.py:151} INFO - [2024-01-29T18:22:50.757+0000] {dagbag.py:536} INFO - Filling up the DagBag from /home/airflow/.local/lib/python3.8/site-packages/airflow/example_dags/example_sensors.py
[2024-01-29T18:22:50.767+0000] {processor.py:839} INFO - DAG(s) dict_keys(['example_sensors']) retrieved from /home/airflow/.local/lib/python3.8/site-packages/airflow/example_dags/example_sensors.py
[2024-01-29T18:22:50.798+0000] {logging_mixin.py:151} INFO - [2024-01-29T18:22:50.797+0000] {dag.py:2941} INFO - Sync 1 DAGs
[2024-01-29T18:22:50.813+0000] {logging_mixin.py:151} INFO - [2024-01-29T18:22:50.813+0000] {dag.py:3722} INFO - Setting next_dagrun for example_sensors to None, run_after=None
[2024-01-29T18:22:50.838+0000] {processor.py:179} INFO - Processing /home/airflow/.local/lib/python3.8/site-packages/airflow/example_dags/example_sensors.py took 0.087 seconds
[2024-01-29T18:23:21.520+0000] {processor.py:157} INFO - Started process (PID=2418) to work on /home/airflow/.local/lib/python3.8/site-packages/airflow/example_dags/example_sensors.py
[2024-01-29T18:23:21.521+0000] {processor.py:829} INFO - Processing file /home/airflow/.local/lib/python3.8/site-packages/airflow/example_dags/example_sensors.py for tasks to queue
[2024-01-29T18:23:21.523+0000] {logging_mixin.py:151} INFO - [2024-01-29T18:23:21.523+0000] {dagbag.py:536} INFO - Filling up the DagBag from /home/airflow/.local/lib/python3.8/site-packages/airflow/example_dags/example_sensors.py
[2024-01-29T18:23:21.534+0000] {processor.py:839} INFO - DAG(s) dict_keys(['example_sensors']) retrieved from /home/airflow/.local/lib/python3.8/site-packages/airflow/example_dags/example_sensors.py
[2024-01-29T18:23:21.565+0000] {logging_mixin.py:151} INFO - [2024-01-29T18:23:21.565+0000] {dag.py:2941} INFO - Sync 1 DAGs
[2024-01-29T18:23:21.759+0000] {logging_mixin.py:151} INFO - [2024-01-29T18:23:21.759+0000] {dag.py:3722} INFO - Setting next_dagrun for example_sensors to None, run_after=None
[2024-01-29T18:23:21.788+0000] {processor.py:179} INFO - Processing /home/airflow/.local/lib/python3.8/site-packages/airflow/example_dags/example_sensors.py took 0.271 seconds
[2024-01-29T18:23:52.584+0000] {processor.py:157} INFO - Started process (PID=2474) to work on /home/airflow/.local/lib/python3.8/site-packages/airflow/example_dags/example_sensors.py
[2024-01-29T18:23:52.584+0000] {processor.py:829} INFO - Processing file /home/airflow/.local/lib/python3.8/site-packages/airflow/example_dags/example_sensors.py for tasks to queue
[2024-01-29T18:23:52.586+0000] {logging_mixin.py:151} INFO - [2024-01-29T18:23:52.586+0000] {dagbag.py:536} INFO - Filling up the DagBag from /home/airflow/.local/lib/python3.8/site-packages/airflow/example_dags/example_sensors.py
[2024-01-29T18:23:52.597+0000] {processor.py:839} INFO - DAG(s) dict_keys(['example_sensors']) retrieved from /home/airflow/.local/lib/python3.8/site-packages/airflow/example_dags/example_sensors.py
[2024-01-29T18:23:52.629+0000] {logging_mixin.py:151} INFO - [2024-01-29T18:23:52.629+0000] {dag.py:2941} INFO - Sync 1 DAGs
[2024-01-29T18:23:52.644+0000] {logging_mixin.py:151} INFO - [2024-01-29T18:23:52.644+0000] {dag.py:3722} INFO - Setting next_dagrun for example_sensors to None, run_after=None
[2024-01-29T18:23:52.670+0000] {processor.py:179} INFO - Processing /home/airflow/.local/lib/python3.8/site-packages/airflow/example_dags/example_sensors.py took 0.089 seconds
[2024-01-29T18:24:22.859+0000] {processor.py:157} INFO - Started process (PID=2530) to work on /home/airflow/.local/lib/python3.8/site-packages/airflow/example_dags/example_sensors.py
[2024-01-29T18:24:22.861+0000] {processor.py:829} INFO - Processing file /home/airflow/.local/lib/python3.8/site-packages/airflow/example_dags/example_sensors.py for tasks to queue
[2024-01-29T18:24:22.863+0000] {logging_mixin.py:151} INFO - [2024-01-29T18:24:22.863+0000] {dagbag.py:536} INFO - Filling up the DagBag from /home/airflow/.local/lib/python3.8/site-packages/airflow/example_dags/example_sensors.py
[2024-01-29T18:24:22.877+0000] {processor.py:839} INFO - DAG(s) dict_keys(['example_sensors']) retrieved from /home/airflow/.local/lib/python3.8/site-packages/airflow/example_dags/example_sensors.py
[2024-01-29T18:24:22.911+0000] {logging_mixin.py:151} INFO - [2024-01-29T18:24:22.911+0000] {dag.py:2941} INFO - Sync 1 DAGs
[2024-01-29T18:24:22.928+0000] {logging_mixin.py:151} INFO - [2024-01-29T18:24:22.928+0000] {dag.py:3722} INFO - Setting next_dagrun for example_sensors to None, run_after=None
[2024-01-29T18:24:22.954+0000] {processor.py:179} INFO - Processing /home/airflow/.local/lib/python3.8/site-packages/airflow/example_dags/example_sensors.py took 0.099 seconds
[2024-01-29T18:24:53.779+0000] {processor.py:157} INFO - Started process (PID=2586) to work on /home/airflow/.local/lib/python3.8/site-packages/airflow/example_dags/example_sensors.py
[2024-01-29T18:24:53.780+0000] {processor.py:829} INFO - Processing file /home/airflow/.local/lib/python3.8/site-packages/airflow/example_dags/example_sensors.py for tasks to queue
[2024-01-29T18:24:53.782+0000] {logging_mixin.py:151} INFO - [2024-01-29T18:24:53.782+0000] {dagbag.py:536} INFO - Filling up the DagBag from /home/airflow/.local/lib/python3.8/site-packages/airflow/example_dags/example_sensors.py
[2024-01-29T18:24:53.794+0000] {processor.py:839} INFO - DAG(s) dict_keys(['example_sensors']) retrieved from /home/airflow/.local/lib/python3.8/site-packages/airflow/example_dags/example_sensors.py
[2024-01-29T18:24:53.966+0000] {logging_mixin.py:151} INFO - [2024-01-29T18:24:53.966+0000] {dag.py:2941} INFO - Sync 1 DAGs
[2024-01-29T18:24:53.982+0000] {logging_mixin.py:151} INFO - [2024-01-29T18:24:53.982+0000] {dag.py:3722} INFO - Setting next_dagrun for example_sensors to None, run_after=None
[2024-01-29T18:24:54.026+0000] {processor.py:179} INFO - Processing /home/airflow/.local/lib/python3.8/site-packages/airflow/example_dags/example_sensors.py took 0.249 seconds
[2024-01-29T18:25:24.211+0000] {processor.py:157} INFO - Started process (PID=2642) to work on /home/airflow/.local/lib/python3.8/site-packages/airflow/example_dags/example_sensors.py
[2024-01-29T18:25:24.212+0000] {processor.py:829} INFO - Processing file /home/airflow/.local/lib/python3.8/site-packages/airflow/example_dags/example_sensors.py for tasks to queue
[2024-01-29T18:25:24.214+0000] {logging_mixin.py:151} INFO - [2024-01-29T18:25:24.214+0000] {dagbag.py:536} INFO - Filling up the DagBag from /home/airflow/.local/lib/python3.8/site-packages/airflow/example_dags/example_sensors.py
[2024-01-29T18:25:24.224+0000] {processor.py:839} INFO - DAG(s) dict_keys(['example_sensors']) retrieved from /home/airflow/.local/lib/python3.8/site-packages/airflow/example_dags/example_sensors.py
[2024-01-29T18:25:24.254+0000] {logging_mixin.py:151} INFO - [2024-01-29T18:25:24.254+0000] {dag.py:2941} INFO - Sync 1 DAGs
[2024-01-29T18:25:24.411+0000] {logging_mixin.py:151} INFO - [2024-01-29T18:25:24.411+0000] {dag.py:3722} INFO - Setting next_dagrun for example_sensors to None, run_after=None
[2024-01-29T18:25:24.437+0000] {processor.py:179} INFO - Processing /home/airflow/.local/lib/python3.8/site-packages/airflow/example_dags/example_sensors.py took 0.229 seconds
[2024-01-29T18:25:55.008+0000] {processor.py:157} INFO - Started process (PID=2698) to work on /home/airflow/.local/lib/python3.8/site-packages/airflow/example_dags/example_sensors.py
[2024-01-29T18:25:55.009+0000] {processor.py:829} INFO - Processing file /home/airflow/.local/lib/python3.8/site-packages/airflow/example_dags/example_sensors.py for tasks to queue
[2024-01-29T18:25:55.011+0000] {logging_mixin.py:151} INFO - [2024-01-29T18:25:55.011+0000] {dagbag.py:536} INFO - Filling up the DagBag from /home/airflow/.local/lib/python3.8/site-packages/airflow/example_dags/example_sensors.py
[2024-01-29T18:25:55.022+0000] {processor.py:839} INFO - DAG(s) dict_keys(['example_sensors']) retrieved from /home/airflow/.local/lib/python3.8/site-packages/airflow/example_dags/example_sensors.py
[2024-01-29T18:25:55.058+0000] {logging_mixin.py:151} INFO - [2024-01-29T18:25:55.058+0000] {dag.py:2941} INFO - Sync 1 DAGs
[2024-01-29T18:25:55.074+0000] {logging_mixin.py:151} INFO - [2024-01-29T18:25:55.074+0000] {dag.py:3722} INFO - Setting next_dagrun for example_sensors to None, run_after=None
[2024-01-29T18:25:55.102+0000] {processor.py:179} INFO - Processing /home/airflow/.local/lib/python3.8/site-packages/airflow/example_dags/example_sensors.py took 0.098 seconds
[2024-01-29T18:26:25.634+0000] {processor.py:157} INFO - Started process (PID=2754) to work on /home/airflow/.local/lib/python3.8/site-packages/airflow/example_dags/example_sensors.py
[2024-01-29T18:26:25.636+0000] {processor.py:829} INFO - Processing file /home/airflow/.local/lib/python3.8/site-packages/airflow/example_dags/example_sensors.py for tasks to queue
[2024-01-29T18:26:25.638+0000] {logging_mixin.py:151} INFO - [2024-01-29T18:26:25.637+0000] {dagbag.py:536} INFO - Filling up the DagBag from /home/airflow/.local/lib/python3.8/site-packages/airflow/example_dags/example_sensors.py
[2024-01-29T18:26:25.648+0000] {processor.py:839} INFO - DAG(s) dict_keys(['example_sensors']) retrieved from /home/airflow/.local/lib/python3.8/site-packages/airflow/example_dags/example_sensors.py
[2024-01-29T18:26:25.816+0000] {logging_mixin.py:151} INFO - [2024-01-29T18:26:25.815+0000] {dag.py:2941} INFO - Sync 1 DAGs
[2024-01-29T18:26:25.834+0000] {logging_mixin.py:151} INFO - [2024-01-29T18:26:25.834+0000] {dag.py:3722} INFO - Setting next_dagrun for example_sensors to None, run_after=None
[2024-01-29T18:26:25.859+0000] {processor.py:179} INFO - Processing /home/airflow/.local/lib/python3.8/site-packages/airflow/example_dags/example_sensors.py took 0.228 seconds
[2024-01-29T18:26:56.221+0000] {processor.py:157} INFO - Started process (PID=2810) to work on /home/airflow/.local/lib/python3.8/site-packages/airflow/example_dags/example_sensors.py
[2024-01-29T18:26:56.222+0000] {processor.py:829} INFO - Processing file /home/airflow/.local/lib/python3.8/site-packages/airflow/example_dags/example_sensors.py for tasks to queue
[2024-01-29T18:26:56.224+0000] {logging_mixin.py:151} INFO - [2024-01-29T18:26:56.224+0000] {dagbag.py:536} INFO - Filling up the DagBag from /home/airflow/.local/lib/python3.8/site-packages/airflow/example_dags/example_sensors.py
[2024-01-29T18:26:56.236+0000] {processor.py:839} INFO - DAG(s) dict_keys(['example_sensors']) retrieved from /home/airflow/.local/lib/python3.8/site-packages/airflow/example_dags/example_sensors.py
[2024-01-29T18:26:56.263+0000] {logging_mixin.py:151} INFO - [2024-01-29T18:26:56.263+0000] {dag.py:2941} INFO - Sync 1 DAGs
[2024-01-29T18:26:56.280+0000] {logging_mixin.py:151} INFO - [2024-01-29T18:26:56.279+0000] {dag.py:3722} INFO - Setting next_dagrun for example_sensors to None, run_after=None
[2024-01-29T18:26:56.304+0000] {processor.py:179} INFO - Processing /home/airflow/.local/lib/python3.8/site-packages/airflow/example_dags/example_sensors.py took 0.086 seconds
[2024-01-29T18:27:26.560+0000] {processor.py:157} INFO - Started process (PID=2866) to work on /home/airflow/.local/lib/python3.8/site-packages/airflow/example_dags/example_sensors.py
[2024-01-29T18:27:26.562+0000] {processor.py:829} INFO - Processing file /home/airflow/.local/lib/python3.8/site-packages/airflow/example_dags/example_sensors.py for tasks to queue
[2024-01-29T18:27:26.564+0000] {logging_mixin.py:151} INFO - [2024-01-29T18:27:26.564+0000] {dagbag.py:536} INFO - Filling up the DagBag from /home/airflow/.local/lib/python3.8/site-packages/airflow/example_dags/example_sensors.py
[2024-01-29T18:27:26.575+0000] {processor.py:839} INFO - DAG(s) dict_keys(['example_sensors']) retrieved from /home/airflow/.local/lib/python3.8/site-packages/airflow/example_dags/example_sensors.py
[2024-01-29T18:27:26.609+0000] {logging_mixin.py:151} INFO - [2024-01-29T18:27:26.608+0000] {dag.py:2941} INFO - Sync 1 DAGs
[2024-01-29T18:27:26.625+0000] {logging_mixin.py:151} INFO - [2024-01-29T18:27:26.624+0000] {dag.py:3722} INFO - Setting next_dagrun for example_sensors to None, run_after=None
[2024-01-29T18:27:26.652+0000] {processor.py:179} INFO - Processing /home/airflow/.local/lib/python3.8/site-packages/airflow/example_dags/example_sensors.py took 0.095 seconds
[2024-01-29T18:27:56.819+0000] {processor.py:157} INFO - Started process (PID=2922) to work on /home/airflow/.local/lib/python3.8/site-packages/airflow/example_dags/example_sensors.py
[2024-01-29T18:27:56.820+0000] {processor.py:829} INFO - Processing file /home/airflow/.local/lib/python3.8/site-packages/airflow/example_dags/example_sensors.py for tasks to queue
[2024-01-29T18:27:56.822+0000] {logging_mixin.py:151} INFO - [2024-01-29T18:27:56.822+0000] {dagbag.py:536} INFO - Filling up the DagBag from /home/airflow/.local/lib/python3.8/site-packages/airflow/example_dags/example_sensors.py
[2024-01-29T18:27:56.832+0000] {processor.py:839} INFO - DAG(s) dict_keys(['example_sensors']) retrieved from /home/airflow/.local/lib/python3.8/site-packages/airflow/example_dags/example_sensors.py
[2024-01-29T18:27:56.860+0000] {logging_mixin.py:151} INFO - [2024-01-29T18:27:56.860+0000] {dag.py:2941} INFO - Sync 1 DAGs
[2024-01-29T18:27:56.876+0000] {logging_mixin.py:151} INFO - [2024-01-29T18:27:56.875+0000] {dag.py:3722} INFO - Setting next_dagrun for example_sensors to None, run_after=None
[2024-01-29T18:27:56.901+0000] {processor.py:179} INFO - Processing /home/airflow/.local/lib/python3.8/site-packages/airflow/example_dags/example_sensors.py took 0.084 seconds
[2024-01-29T18:28:27.153+0000] {processor.py:157} INFO - Started process (PID=2978) to work on /home/airflow/.local/lib/python3.8/site-packages/airflow/example_dags/example_sensors.py
[2024-01-29T18:28:27.155+0000] {processor.py:829} INFO - Processing file /home/airflow/.local/lib/python3.8/site-packages/airflow/example_dags/example_sensors.py for tasks to queue
[2024-01-29T18:28:27.158+0000] {logging_mixin.py:151} INFO - [2024-01-29T18:28:27.158+0000] {dagbag.py:536} INFO - Filling up the DagBag from /home/airflow/.local/lib/python3.8/site-packages/airflow/example_dags/example_sensors.py
[2024-01-29T18:28:27.172+0000] {processor.py:839} INFO - DAG(s) dict_keys(['example_sensors']) retrieved from /home/airflow/.local/lib/python3.8/site-packages/airflow/example_dags/example_sensors.py
[2024-01-29T18:28:27.207+0000] {logging_mixin.py:151} INFO - [2024-01-29T18:28:27.206+0000] {dag.py:2941} INFO - Sync 1 DAGs
[2024-01-29T18:28:27.225+0000] {logging_mixin.py:151} INFO - [2024-01-29T18:28:27.225+0000] {dag.py:3722} INFO - Setting next_dagrun for example_sensors to None, run_after=None
[2024-01-29T18:28:27.252+0000] {processor.py:179} INFO - Processing /home/airflow/.local/lib/python3.8/site-packages/airflow/example_dags/example_sensors.py took 0.103 seconds
[2024-01-29T18:28:57.569+0000] {processor.py:157} INFO - Started process (PID=3034) to work on /home/airflow/.local/lib/python3.8/site-packages/airflow/example_dags/example_sensors.py
[2024-01-29T18:28:57.571+0000] {processor.py:829} INFO - Processing file /home/airflow/.local/lib/python3.8/site-packages/airflow/example_dags/example_sensors.py for tasks to queue
[2024-01-29T18:28:57.573+0000] {logging_mixin.py:151} INFO - [2024-01-29T18:28:57.572+0000] {dagbag.py:536} INFO - Filling up the DagBag from /home/airflow/.local/lib/python3.8/site-packages/airflow/example_dags/example_sensors.py
[2024-01-29T18:28:57.582+0000] {processor.py:839} INFO - DAG(s) dict_keys(['example_sensors']) retrieved from /home/airflow/.local/lib/python3.8/site-packages/airflow/example_dags/example_sensors.py
[2024-01-29T18:28:57.611+0000] {logging_mixin.py:151} INFO - [2024-01-29T18:28:57.610+0000] {dag.py:2941} INFO - Sync 1 DAGs
[2024-01-29T18:28:57.625+0000] {logging_mixin.py:151} INFO - [2024-01-29T18:28:57.625+0000] {dag.py:3722} INFO - Setting next_dagrun for example_sensors to None, run_after=None
[2024-01-29T18:28:57.651+0000] {processor.py:179} INFO - Processing /home/airflow/.local/lib/python3.8/site-packages/airflow/example_dags/example_sensors.py took 0.084 seconds
[2024-01-29T18:29:27.931+0000] {processor.py:157} INFO - Started process (PID=3090) to work on /home/airflow/.local/lib/python3.8/site-packages/airflow/example_dags/example_sensors.py
[2024-01-29T18:29:27.932+0000] {processor.py:829} INFO - Processing file /home/airflow/.local/lib/python3.8/site-packages/airflow/example_dags/example_sensors.py for tasks to queue
[2024-01-29T18:29:27.934+0000] {logging_mixin.py:151} INFO - [2024-01-29T18:29:27.934+0000] {dagbag.py:536} INFO - Filling up the DagBag from /home/airflow/.local/lib/python3.8/site-packages/airflow/example_dags/example_sensors.py
[2024-01-29T18:29:27.945+0000] {processor.py:839} INFO - DAG(s) dict_keys(['example_sensors']) retrieved from /home/airflow/.local/lib/python3.8/site-packages/airflow/example_dags/example_sensors.py
[2024-01-29T18:29:27.976+0000] {logging_mixin.py:151} INFO - [2024-01-29T18:29:27.975+0000] {dag.py:2941} INFO - Sync 1 DAGs
[2024-01-29T18:29:27.991+0000] {logging_mixin.py:151} INFO - [2024-01-29T18:29:27.991+0000] {dag.py:3722} INFO - Setting next_dagrun for example_sensors to None, run_after=None
[2024-01-29T18:29:28.017+0000] {processor.py:179} INFO - Processing /home/airflow/.local/lib/python3.8/site-packages/airflow/example_dags/example_sensors.py took 0.090 seconds
[2024-01-29T18:29:58.254+0000] {processor.py:157} INFO - Started process (PID=3146) to work on /home/airflow/.local/lib/python3.8/site-packages/airflow/example_dags/example_sensors.py
[2024-01-29T18:29:58.255+0000] {processor.py:829} INFO - Processing file /home/airflow/.local/lib/python3.8/site-packages/airflow/example_dags/example_sensors.py for tasks to queue
[2024-01-29T18:29:58.257+0000] {logging_mixin.py:151} INFO - [2024-01-29T18:29:58.257+0000] {dagbag.py:536} INFO - Filling up the DagBag from /home/airflow/.local/lib/python3.8/site-packages/airflow/example_dags/example_sensors.py
[2024-01-29T18:29:58.269+0000] {processor.py:839} INFO - DAG(s) dict_keys(['example_sensors']) retrieved from /home/airflow/.local/lib/python3.8/site-packages/airflow/example_dags/example_sensors.py
[2024-01-29T18:29:58.301+0000] {logging_mixin.py:151} INFO - [2024-01-29T18:29:58.300+0000] {dag.py:2941} INFO - Sync 1 DAGs
[2024-01-29T18:29:58.317+0000] {logging_mixin.py:151} INFO - [2024-01-29T18:29:58.317+0000] {dag.py:3722} INFO - Setting next_dagrun for example_sensors to None, run_after=None
[2024-01-29T18:29:58.344+0000] {processor.py:179} INFO - Processing /home/airflow/.local/lib/python3.8/site-packages/airflow/example_dags/example_sensors.py took 0.093 seconds
[2024-01-29T18:30:28.526+0000] {processor.py:157} INFO - Started process (PID=3202) to work on /home/airflow/.local/lib/python3.8/site-packages/airflow/example_dags/example_sensors.py
[2024-01-29T18:30:28.527+0000] {processor.py:829} INFO - Processing file /home/airflow/.local/lib/python3.8/site-packages/airflow/example_dags/example_sensors.py for tasks to queue
[2024-01-29T18:30:28.529+0000] {logging_mixin.py:151} INFO - [2024-01-29T18:30:28.529+0000] {dagbag.py:536} INFO - Filling up the DagBag from /home/airflow/.local/lib/python3.8/site-packages/airflow/example_dags/example_sensors.py
[2024-01-29T18:30:28.539+0000] {processor.py:839} INFO - DAG(s) dict_keys(['example_sensors']) retrieved from /home/airflow/.local/lib/python3.8/site-packages/airflow/example_dags/example_sensors.py
[2024-01-29T18:30:28.567+0000] {logging_mixin.py:151} INFO - [2024-01-29T18:30:28.567+0000] {dag.py:2941} INFO - Sync 1 DAGs
[2024-01-29T18:30:28.582+0000] {logging_mixin.py:151} INFO - [2024-01-29T18:30:28.582+0000] {dag.py:3722} INFO - Setting next_dagrun for example_sensors to None, run_after=None
[2024-01-29T18:30:28.608+0000] {processor.py:179} INFO - Processing /home/airflow/.local/lib/python3.8/site-packages/airflow/example_dags/example_sensors.py took 0.085 seconds
[2024-01-29T18:30:58.979+0000] {processor.py:157} INFO - Started process (PID=3258) to work on /home/airflow/.local/lib/python3.8/site-packages/airflow/example_dags/example_sensors.py
[2024-01-29T18:30:58.980+0000] {processor.py:829} INFO - Processing file /home/airflow/.local/lib/python3.8/site-packages/airflow/example_dags/example_sensors.py for tasks to queue
[2024-01-29T18:30:58.982+0000] {logging_mixin.py:151} INFO - [2024-01-29T18:30:58.981+0000] {dagbag.py:536} INFO - Filling up the DagBag from /home/airflow/.local/lib/python3.8/site-packages/airflow/example_dags/example_sensors.py
[2024-01-29T18:30:58.992+0000] {processor.py:839} INFO - DAG(s) dict_keys(['example_sensors']) retrieved from /home/airflow/.local/lib/python3.8/site-packages/airflow/example_dags/example_sensors.py
[2024-01-29T18:30:59.021+0000] {logging_mixin.py:151} INFO - [2024-01-29T18:30:59.021+0000] {dag.py:2941} INFO - Sync 1 DAGs
[2024-01-29T18:30:59.038+0000] {logging_mixin.py:151} INFO - [2024-01-29T18:30:59.037+0000] {dag.py:3722} INFO - Setting next_dagrun for example_sensors to None, run_after=None
[2024-01-29T18:30:59.063+0000] {processor.py:179} INFO - Processing /home/airflow/.local/lib/python3.8/site-packages/airflow/example_dags/example_sensors.py took 0.087 seconds
[2024-01-29T18:31:29.492+0000] {processor.py:157} INFO - Started process (PID=3314) to work on /home/airflow/.local/lib/python3.8/site-packages/airflow/example_dags/example_sensors.py
[2024-01-29T18:31:29.493+0000] {processor.py:829} INFO - Processing file /home/airflow/.local/lib/python3.8/site-packages/airflow/example_dags/example_sensors.py for tasks to queue
[2024-01-29T18:31:29.495+0000] {logging_mixin.py:151} INFO - [2024-01-29T18:31:29.495+0000] {dagbag.py:536} INFO - Filling up the DagBag from /home/airflow/.local/lib/python3.8/site-packages/airflow/example_dags/example_sensors.py
[2024-01-29T18:31:29.505+0000] {processor.py:839} INFO - DAG(s) dict_keys(['example_sensors']) retrieved from /home/airflow/.local/lib/python3.8/site-packages/airflow/example_dags/example_sensors.py
[2024-01-29T18:31:29.536+0000] {logging_mixin.py:151} INFO - [2024-01-29T18:31:29.536+0000] {dag.py:2941} INFO - Sync 1 DAGs
[2024-01-29T18:31:29.552+0000] {logging_mixin.py:151} INFO - [2024-01-29T18:31:29.552+0000] {dag.py:3722} INFO - Setting next_dagrun for example_sensors to None, run_after=None
[2024-01-29T18:31:29.581+0000] {processor.py:179} INFO - Processing /home/airflow/.local/lib/python3.8/site-packages/airflow/example_dags/example_sensors.py took 0.093 seconds
[2024-01-29T18:31:59.904+0000] {processor.py:157} INFO - Started process (PID=3370) to work on /home/airflow/.local/lib/python3.8/site-packages/airflow/example_dags/example_sensors.py
[2024-01-29T18:31:59.905+0000] {processor.py:829} INFO - Processing file /home/airflow/.local/lib/python3.8/site-packages/airflow/example_dags/example_sensors.py for tasks to queue
[2024-01-29T18:31:59.908+0000] {logging_mixin.py:151} INFO - [2024-01-29T18:31:59.908+0000] {dagbag.py:536} INFO - Filling up the DagBag from /home/airflow/.local/lib/python3.8/site-packages/airflow/example_dags/example_sensors.py
[2024-01-29T18:31:59.921+0000] {processor.py:839} INFO - DAG(s) dict_keys(['example_sensors']) retrieved from /home/airflow/.local/lib/python3.8/site-packages/airflow/example_dags/example_sensors.py
[2024-01-29T18:31:59.954+0000] {logging_mixin.py:151} INFO - [2024-01-29T18:31:59.954+0000] {dag.py:2941} INFO - Sync 1 DAGs
[2024-01-29T18:31:59.974+0000] {logging_mixin.py:151} INFO - [2024-01-29T18:31:59.973+0000] {dag.py:3722} INFO - Setting next_dagrun for example_sensors to None, run_after=None
[2024-01-29T18:32:00.002+0000] {processor.py:179} INFO - Processing /home/airflow/.local/lib/python3.8/site-packages/airflow/example_dags/example_sensors.py took 0.102 seconds
[2024-01-29T18:32:30.320+0000] {processor.py:157} INFO - Started process (PID=3426) to work on /home/airflow/.local/lib/python3.8/site-packages/airflow/example_dags/example_sensors.py
[2024-01-29T18:32:30.322+0000] {processor.py:829} INFO - Processing file /home/airflow/.local/lib/python3.8/site-packages/airflow/example_dags/example_sensors.py for tasks to queue
[2024-01-29T18:32:30.326+0000] {logging_mixin.py:151} INFO - [2024-01-29T18:32:30.326+0000] {dagbag.py:536} INFO - Filling up the DagBag from /home/airflow/.local/lib/python3.8/site-packages/airflow/example_dags/example_sensors.py
[2024-01-29T18:32:30.358+0000] {processor.py:839} INFO - DAG(s) dict_keys(['example_sensors']) retrieved from /home/airflow/.local/lib/python3.8/site-packages/airflow/example_dags/example_sensors.py
[2024-01-29T18:32:30.448+0000] {logging_mixin.py:151} INFO - [2024-01-29T18:32:30.447+0000] {dag.py:2941} INFO - Sync 1 DAGs
[2024-01-29T18:32:30.472+0000] {logging_mixin.py:151} INFO - [2024-01-29T18:32:30.472+0000] {dag.py:3722} INFO - Setting next_dagrun for example_sensors to None, run_after=None
[2024-01-29T18:32:30.509+0000] {processor.py:179} INFO - Processing /home/airflow/.local/lib/python3.8/site-packages/airflow/example_dags/example_sensors.py took 0.193 seconds
[2024-01-29T18:33:00.767+0000] {processor.py:157} INFO - Started process (PID=3482) to work on /home/airflow/.local/lib/python3.8/site-packages/airflow/example_dags/example_sensors.py
[2024-01-29T18:33:00.769+0000] {processor.py:829} INFO - Processing file /home/airflow/.local/lib/python3.8/site-packages/airflow/example_dags/example_sensors.py for tasks to queue
[2024-01-29T18:33:00.771+0000] {logging_mixin.py:151} INFO - [2024-01-29T18:33:00.771+0000] {dagbag.py:536} INFO - Filling up the DagBag from /home/airflow/.local/lib/python3.8/site-packages/airflow/example_dags/example_sensors.py
[2024-01-29T18:33:00.784+0000] {processor.py:839} INFO - DAG(s) dict_keys(['example_sensors']) retrieved from /home/airflow/.local/lib/python3.8/site-packages/airflow/example_dags/example_sensors.py
[2024-01-29T18:33:00.823+0000] {logging_mixin.py:151} INFO - [2024-01-29T18:33:00.823+0000] {dag.py:2941} INFO - Sync 1 DAGs
[2024-01-29T18:33:00.843+0000] {logging_mixin.py:151} INFO - [2024-01-29T18:33:00.842+0000] {dag.py:3722} INFO - Setting next_dagrun for example_sensors to None, run_after=None
[2024-01-29T18:33:00.874+0000] {processor.py:179} INFO - Processing /home/airflow/.local/lib/python3.8/site-packages/airflow/example_dags/example_sensors.py took 0.113 seconds
[2024-01-29T18:33:31.020+0000] {processor.py:157} INFO - Started process (PID=3536) to work on /home/airflow/.local/lib/python3.8/site-packages/airflow/example_dags/example_sensors.py
[2024-01-29T18:33:31.021+0000] {processor.py:829} INFO - Processing file /home/airflow/.local/lib/python3.8/site-packages/airflow/example_dags/example_sensors.py for tasks to queue
[2024-01-29T18:33:31.023+0000] {logging_mixin.py:151} INFO - [2024-01-29T18:33:31.023+0000] {dagbag.py:536} INFO - Filling up the DagBag from /home/airflow/.local/lib/python3.8/site-packages/airflow/example_dags/example_sensors.py
[2024-01-29T18:33:31.035+0000] {processor.py:839} INFO - DAG(s) dict_keys(['example_sensors']) retrieved from /home/airflow/.local/lib/python3.8/site-packages/airflow/example_dags/example_sensors.py
[2024-01-29T18:33:31.062+0000] {logging_mixin.py:151} INFO - [2024-01-29T18:33:31.062+0000] {dag.py:2941} INFO - Sync 1 DAGs
[2024-01-29T18:33:31.078+0000] {logging_mixin.py:151} INFO - [2024-01-29T18:33:31.077+0000] {dag.py:3722} INFO - Setting next_dagrun for example_sensors to None, run_after=None
[2024-01-29T18:33:31.108+0000] {processor.py:179} INFO - Processing /home/airflow/.local/lib/python3.8/site-packages/airflow/example_dags/example_sensors.py took 0.092 seconds
[2024-01-29T18:34:01.321+0000] {processor.py:157} INFO - Started process (PID=3593) to work on /home/airflow/.local/lib/python3.8/site-packages/airflow/example_dags/example_sensors.py
[2024-01-29T18:34:01.323+0000] {processor.py:829} INFO - Processing file /home/airflow/.local/lib/python3.8/site-packages/airflow/example_dags/example_sensors.py for tasks to queue
[2024-01-29T18:34:01.326+0000] {logging_mixin.py:151} INFO - [2024-01-29T18:34:01.325+0000] {dagbag.py:536} INFO - Filling up the DagBag from /home/airflow/.local/lib/python3.8/site-packages/airflow/example_dags/example_sensors.py
[2024-01-29T18:34:01.342+0000] {processor.py:839} INFO - DAG(s) dict_keys(['example_sensors']) retrieved from /home/airflow/.local/lib/python3.8/site-packages/airflow/example_dags/example_sensors.py
[2024-01-29T18:34:01.381+0000] {logging_mixin.py:151} INFO - [2024-01-29T18:34:01.381+0000] {dag.py:2941} INFO - Sync 1 DAGs
[2024-01-29T18:34:01.399+0000] {logging_mixin.py:151} INFO - [2024-01-29T18:34:01.399+0000] {dag.py:3722} INFO - Setting next_dagrun for example_sensors to None, run_after=None
[2024-01-29T18:34:01.434+0000] {processor.py:179} INFO - Processing /home/airflow/.local/lib/python3.8/site-packages/airflow/example_dags/example_sensors.py took 0.117 seconds
[2024-01-29T18:34:31.640+0000] {processor.py:157} INFO - Started process (PID=3649) to work on /home/airflow/.local/lib/python3.8/site-packages/airflow/example_dags/example_sensors.py
[2024-01-29T18:34:31.641+0000] {processor.py:829} INFO - Processing file /home/airflow/.local/lib/python3.8/site-packages/airflow/example_dags/example_sensors.py for tasks to queue
[2024-01-29T18:34:31.643+0000] {logging_mixin.py:151} INFO - [2024-01-29T18:34:31.643+0000] {dagbag.py:536} INFO - Filling up the DagBag from /home/airflow/.local/lib/python3.8/site-packages/airflow/example_dags/example_sensors.py
[2024-01-29T18:34:31.654+0000] {processor.py:839} INFO - DAG(s) dict_keys(['example_sensors']) retrieved from /home/airflow/.local/lib/python3.8/site-packages/airflow/example_dags/example_sensors.py
[2024-01-29T18:34:31.683+0000] {logging_mixin.py:151} INFO - [2024-01-29T18:34:31.682+0000] {dag.py:2941} INFO - Sync 1 DAGs
[2024-01-29T18:34:31.698+0000] {logging_mixin.py:151} INFO - [2024-01-29T18:34:31.698+0000] {dag.py:3722} INFO - Setting next_dagrun for example_sensors to None, run_after=None
[2024-01-29T18:34:31.722+0000] {processor.py:179} INFO - Processing /home/airflow/.local/lib/python3.8/site-packages/airflow/example_dags/example_sensors.py took 0.085 seconds
[2024-01-29T18:35:02.037+0000] {processor.py:157} INFO - Started process (PID=3705) to work on /home/airflow/.local/lib/python3.8/site-packages/airflow/example_dags/example_sensors.py
[2024-01-29T18:35:02.039+0000] {processor.py:829} INFO - Processing file /home/airflow/.local/lib/python3.8/site-packages/airflow/example_dags/example_sensors.py for tasks to queue
[2024-01-29T18:35:02.042+0000] {logging_mixin.py:151} INFO - [2024-01-29T18:35:02.042+0000] {dagbag.py:536} INFO - Filling up the DagBag from /home/airflow/.local/lib/python3.8/site-packages/airflow/example_dags/example_sensors.py
[2024-01-29T18:35:02.058+0000] {processor.py:839} INFO - DAG(s) dict_keys(['example_sensors']) retrieved from /home/airflow/.local/lib/python3.8/site-packages/airflow/example_dags/example_sensors.py
[2024-01-29T18:35:02.104+0000] {logging_mixin.py:151} INFO - [2024-01-29T18:35:02.104+0000] {dag.py:2941} INFO - Sync 1 DAGs
[2024-01-29T18:35:02.125+0000] {logging_mixin.py:151} INFO - [2024-01-29T18:35:02.125+0000] {dag.py:3722} INFO - Setting next_dagrun for example_sensors to None, run_after=None
[2024-01-29T18:35:02.160+0000] {processor.py:179} INFO - Processing /home/airflow/.local/lib/python3.8/site-packages/airflow/example_dags/example_sensors.py took 0.127 seconds
[2024-01-29T18:35:32.428+0000] {processor.py:157} INFO - Started process (PID=3761) to work on /home/airflow/.local/lib/python3.8/site-packages/airflow/example_dags/example_sensors.py
[2024-01-29T18:35:32.429+0000] {processor.py:829} INFO - Processing file /home/airflow/.local/lib/python3.8/site-packages/airflow/example_dags/example_sensors.py for tasks to queue
[2024-01-29T18:35:32.431+0000] {logging_mixin.py:151} INFO - [2024-01-29T18:35:32.431+0000] {dagbag.py:536} INFO - Filling up the DagBag from /home/airflow/.local/lib/python3.8/site-packages/airflow/example_dags/example_sensors.py
[2024-01-29T18:35:32.442+0000] {processor.py:839} INFO - DAG(s) dict_keys(['example_sensors']) retrieved from /home/airflow/.local/lib/python3.8/site-packages/airflow/example_dags/example_sensors.py
[2024-01-29T18:35:32.473+0000] {logging_mixin.py:151} INFO - [2024-01-29T18:35:32.473+0000] {dag.py:2941} INFO - Sync 1 DAGs
[2024-01-29T18:35:32.490+0000] {logging_mixin.py:151} INFO - [2024-01-29T18:35:32.490+0000] {dag.py:3722} INFO - Setting next_dagrun for example_sensors to None, run_after=None
[2024-01-29T18:35:32.516+0000] {processor.py:179} INFO - Processing /home/airflow/.local/lib/python3.8/site-packages/airflow/example_dags/example_sensors.py took 0.091 seconds
[2024-01-29T18:36:02.672+0000] {processor.py:157} INFO - Started process (PID=3817) to work on /home/airflow/.local/lib/python3.8/site-packages/airflow/example_dags/example_sensors.py
[2024-01-29T18:36:02.673+0000] {processor.py:829} INFO - Processing file /home/airflow/.local/lib/python3.8/site-packages/airflow/example_dags/example_sensors.py for tasks to queue
[2024-01-29T18:36:02.676+0000] {logging_mixin.py:151} INFO - [2024-01-29T18:36:02.675+0000] {dagbag.py:536} INFO - Filling up the DagBag from /home/airflow/.local/lib/python3.8/site-packages/airflow/example_dags/example_sensors.py
[2024-01-29T18:36:02.686+0000] {processor.py:839} INFO - DAG(s) dict_keys(['example_sensors']) retrieved from /home/airflow/.local/lib/python3.8/site-packages/airflow/example_dags/example_sensors.py
[2024-01-29T18:36:02.714+0000] {logging_mixin.py:151} INFO - [2024-01-29T18:36:02.714+0000] {dag.py:2941} INFO - Sync 1 DAGs
[2024-01-29T18:36:02.734+0000] {logging_mixin.py:151} INFO - [2024-01-29T18:36:02.734+0000] {dag.py:3722} INFO - Setting next_dagrun for example_sensors to None, run_after=None
[2024-01-29T18:36:02.760+0000] {processor.py:179} INFO - Processing /home/airflow/.local/lib/python3.8/site-packages/airflow/example_dags/example_sensors.py took 0.091 seconds
