[2024-01-29T17:57:46.901+0000] {processor.py:157} INFO - Started process (PID=37) to work on /home/airflow/.local/lib/python3.8/site-packages/airflow/example_dags/example_xcom.py
[2024-01-29T17:57:46.903+0000] {processor.py:829} INFO - Processing file /home/airflow/.local/lib/python3.8/site-packages/airflow/example_dags/example_xcom.py for tasks to queue
[2024-01-29T17:57:46.905+0000] {logging_mixin.py:151} INFO - [2024-01-29T17:57:46.905+0000] {dagbag.py:536} INFO - Filling up the DagBag from /home/airflow/.local/lib/python3.8/site-packages/airflow/example_dags/example_xcom.py
[2024-01-29T17:57:46.920+0000] {processor.py:839} INFO - DAG(s) dict_keys(['example_xcom']) retrieved from /home/airflow/.local/lib/python3.8/site-packages/airflow/example_dags/example_xcom.py
[2024-01-29T17:57:46.936+0000] {logging_mixin.py:151} INFO - [2024-01-29T17:57:46.936+0000] {dag.py:2941} INFO - Sync 1 DAGs
[2024-01-29T17:57:46.982+0000] {logging_mixin.py:151} INFO - [2024-01-29T17:57:46.982+0000] {dag.py:3722} INFO - Setting next_dagrun for example_xcom to 2021-01-01T00:00:00+00:00, run_after=2021-01-01T00:00:00+00:00
[2024-01-29T17:57:47.022+0000] {processor.py:179} INFO - Processing /home/airflow/.local/lib/python3.8/site-packages/airflow/example_dags/example_xcom.py took 0.125 seconds
[2024-01-29T17:58:17.270+0000] {processor.py:157} INFO - Started process (PID=91) to work on /home/airflow/.local/lib/python3.8/site-packages/airflow/example_dags/example_xcom.py
[2024-01-29T17:58:17.271+0000] {processor.py:829} INFO - Processing file /home/airflow/.local/lib/python3.8/site-packages/airflow/example_dags/example_xcom.py for tasks to queue
[2024-01-29T17:58:17.274+0000] {logging_mixin.py:151} INFO - [2024-01-29T17:58:17.273+0000] {dagbag.py:536} INFO - Filling up the DagBag from /home/airflow/.local/lib/python3.8/site-packages/airflow/example_dags/example_xcom.py
[2024-01-29T17:58:17.282+0000] {processor.py:839} INFO - DAG(s) dict_keys(['example_xcom']) retrieved from /home/airflow/.local/lib/python3.8/site-packages/airflow/example_dags/example_xcom.py
[2024-01-29T17:58:17.306+0000] {logging_mixin.py:151} INFO - [2024-01-29T17:58:17.306+0000] {dag.py:2941} INFO - Sync 1 DAGs
[2024-01-29T17:58:17.352+0000] {logging_mixin.py:151} INFO - [2024-01-29T17:58:17.352+0000] {dag.py:3722} INFO - Setting next_dagrun for example_xcom to 2021-01-01T00:00:00+00:00, run_after=2021-01-01T00:00:00+00:00
[2024-01-29T17:58:17.387+0000] {processor.py:179} INFO - Processing /home/airflow/.local/lib/python3.8/site-packages/airflow/example_dags/example_xcom.py took 0.120 seconds
[2024-01-29T17:58:47.637+0000] {processor.py:157} INFO - Started process (PID=145) to work on /home/airflow/.local/lib/python3.8/site-packages/airflow/example_dags/example_xcom.py
[2024-01-29T17:58:47.639+0000] {processor.py:829} INFO - Processing file /home/airflow/.local/lib/python3.8/site-packages/airflow/example_dags/example_xcom.py for tasks to queue
[2024-01-29T17:58:47.642+0000] {logging_mixin.py:151} INFO - [2024-01-29T17:58:47.641+0000] {dagbag.py:536} INFO - Filling up the DagBag from /home/airflow/.local/lib/python3.8/site-packages/airflow/example_dags/example_xcom.py
[2024-01-29T17:58:47.650+0000] {processor.py:839} INFO - DAG(s) dict_keys(['example_xcom']) retrieved from /home/airflow/.local/lib/python3.8/site-packages/airflow/example_dags/example_xcom.py
[2024-01-29T17:58:47.677+0000] {logging_mixin.py:151} INFO - [2024-01-29T17:58:47.677+0000] {dag.py:2941} INFO - Sync 1 DAGs
[2024-01-29T17:58:47.707+0000] {logging_mixin.py:151} INFO - [2024-01-29T17:58:47.707+0000] {dag.py:3722} INFO - Setting next_dagrun for example_xcom to 2021-01-01T00:00:00+00:00, run_after=2021-01-01T00:00:00+00:00
[2024-01-29T17:58:47.733+0000] {processor.py:179} INFO - Processing /home/airflow/.local/lib/python3.8/site-packages/airflow/example_dags/example_xcom.py took 0.099 seconds
[2024-01-29T17:59:17.843+0000] {processor.py:157} INFO - Started process (PID=199) to work on /home/airflow/.local/lib/python3.8/site-packages/airflow/example_dags/example_xcom.py
[2024-01-29T17:59:17.844+0000] {processor.py:829} INFO - Processing file /home/airflow/.local/lib/python3.8/site-packages/airflow/example_dags/example_xcom.py for tasks to queue
[2024-01-29T17:59:17.846+0000] {logging_mixin.py:151} INFO - [2024-01-29T17:59:17.846+0000] {dagbag.py:536} INFO - Filling up the DagBag from /home/airflow/.local/lib/python3.8/site-packages/airflow/example_dags/example_xcom.py
[2024-01-29T17:59:17.853+0000] {processor.py:839} INFO - DAG(s) dict_keys(['example_xcom']) retrieved from /home/airflow/.local/lib/python3.8/site-packages/airflow/example_dags/example_xcom.py
[2024-01-29T17:59:17.875+0000] {logging_mixin.py:151} INFO - [2024-01-29T17:59:17.875+0000] {dag.py:2941} INFO - Sync 1 DAGs
[2024-01-29T17:59:17.902+0000] {logging_mixin.py:151} INFO - [2024-01-29T17:59:17.902+0000] {dag.py:3722} INFO - Setting next_dagrun for example_xcom to 2021-01-01T00:00:00+00:00, run_after=2021-01-01T00:00:00+00:00
[2024-01-29T17:59:17.927+0000] {processor.py:179} INFO - Processing /home/airflow/.local/lib/python3.8/site-packages/airflow/example_dags/example_xcom.py took 0.087 seconds
[2024-01-29T17:59:48.206+0000] {processor.py:157} INFO - Started process (PID=253) to work on /home/airflow/.local/lib/python3.8/site-packages/airflow/example_dags/example_xcom.py
[2024-01-29T17:59:48.207+0000] {processor.py:829} INFO - Processing file /home/airflow/.local/lib/python3.8/site-packages/airflow/example_dags/example_xcom.py for tasks to queue
[2024-01-29T17:59:48.210+0000] {logging_mixin.py:151} INFO - [2024-01-29T17:59:48.210+0000] {dagbag.py:536} INFO - Filling up the DagBag from /home/airflow/.local/lib/python3.8/site-packages/airflow/example_dags/example_xcom.py
[2024-01-29T17:59:48.221+0000] {processor.py:839} INFO - DAG(s) dict_keys(['example_xcom']) retrieved from /home/airflow/.local/lib/python3.8/site-packages/airflow/example_dags/example_xcom.py
[2024-01-29T17:59:48.246+0000] {logging_mixin.py:151} INFO - [2024-01-29T17:59:48.246+0000] {dag.py:2941} INFO - Sync 1 DAGs
[2024-01-29T17:59:48.279+0000] {logging_mixin.py:151} INFO - [2024-01-29T17:59:48.278+0000] {dag.py:3722} INFO - Setting next_dagrun for example_xcom to 2021-01-01T00:00:00+00:00, run_after=2021-01-01T00:00:00+00:00
[2024-01-29T17:59:48.312+0000] {processor.py:179} INFO - Processing /home/airflow/.local/lib/python3.8/site-packages/airflow/example_dags/example_xcom.py took 0.108 seconds
[2024-01-29T18:00:18.777+0000] {processor.py:157} INFO - Started process (PID=307) to work on /home/airflow/.local/lib/python3.8/site-packages/airflow/example_dags/example_xcom.py
[2024-01-29T18:00:18.778+0000] {processor.py:829} INFO - Processing file /home/airflow/.local/lib/python3.8/site-packages/airflow/example_dags/example_xcom.py for tasks to queue
[2024-01-29T18:00:18.782+0000] {logging_mixin.py:151} INFO - [2024-01-29T18:00:18.781+0000] {dagbag.py:536} INFO - Filling up the DagBag from /home/airflow/.local/lib/python3.8/site-packages/airflow/example_dags/example_xcom.py
[2024-01-29T18:00:18.793+0000] {processor.py:839} INFO - DAG(s) dict_keys(['example_xcom']) retrieved from /home/airflow/.local/lib/python3.8/site-packages/airflow/example_dags/example_xcom.py
[2024-01-29T18:00:18.828+0000] {logging_mixin.py:151} INFO - [2024-01-29T18:00:18.828+0000] {dag.py:2941} INFO - Sync 1 DAGs
[2024-01-29T18:00:18.858+0000] {logging_mixin.py:151} INFO - [2024-01-29T18:00:18.858+0000] {dag.py:3722} INFO - Setting next_dagrun for example_xcom to 2021-01-01T00:00:00+00:00, run_after=2021-01-01T00:00:00+00:00
[2024-01-29T18:00:18.887+0000] {processor.py:179} INFO - Processing /home/airflow/.local/lib/python3.8/site-packages/airflow/example_dags/example_xcom.py took 0.114 seconds
[2024-01-29T18:00:48.974+0000] {processor.py:157} INFO - Started process (PID=361) to work on /home/airflow/.local/lib/python3.8/site-packages/airflow/example_dags/example_xcom.py
[2024-01-29T18:00:48.975+0000] {processor.py:829} INFO - Processing file /home/airflow/.local/lib/python3.8/site-packages/airflow/example_dags/example_xcom.py for tasks to queue
[2024-01-29T18:00:48.977+0000] {logging_mixin.py:151} INFO - [2024-01-29T18:00:48.977+0000] {dagbag.py:536} INFO - Filling up the DagBag from /home/airflow/.local/lib/python3.8/site-packages/airflow/example_dags/example_xcom.py
[2024-01-29T18:00:48.985+0000] {processor.py:839} INFO - DAG(s) dict_keys(['example_xcom']) retrieved from /home/airflow/.local/lib/python3.8/site-packages/airflow/example_dags/example_xcom.py
[2024-01-29T18:00:49.008+0000] {logging_mixin.py:151} INFO - [2024-01-29T18:00:49.007+0000] {dag.py:2941} INFO - Sync 1 DAGs
[2024-01-29T18:00:49.037+0000] {logging_mixin.py:151} INFO - [2024-01-29T18:00:49.036+0000] {dag.py:3722} INFO - Setting next_dagrun for example_xcom to 2021-01-01T00:00:00+00:00, run_after=2021-01-01T00:00:00+00:00
[2024-01-29T18:00:49.059+0000] {processor.py:179} INFO - Processing /home/airflow/.local/lib/python3.8/site-packages/airflow/example_dags/example_xcom.py took 0.088 seconds
[2024-01-29T18:01:54.632+0000] {processor.py:157} INFO - Started process (PID=38) to work on /home/airflow/.local/lib/python3.8/site-packages/airflow/example_dags/example_xcom.py
[2024-01-29T18:01:54.634+0000] {processor.py:829} INFO - Processing file /home/airflow/.local/lib/python3.8/site-packages/airflow/example_dags/example_xcom.py for tasks to queue
[2024-01-29T18:01:54.638+0000] {logging_mixin.py:151} INFO - [2024-01-29T18:01:54.637+0000] {dagbag.py:536} INFO - Filling up the DagBag from /home/airflow/.local/lib/python3.8/site-packages/airflow/example_dags/example_xcom.py
[2024-01-29T18:01:54.653+0000] {processor.py:839} INFO - DAG(s) dict_keys(['example_xcom']) retrieved from /home/airflow/.local/lib/python3.8/site-packages/airflow/example_dags/example_xcom.py
[2024-01-29T18:01:54.670+0000] {logging_mixin.py:151} INFO - [2024-01-29T18:01:54.670+0000] {dag.py:2941} INFO - Sync 1 DAGs
[2024-01-29T18:01:54.711+0000] {logging_mixin.py:151} INFO - [2024-01-29T18:01:54.710+0000] {dag.py:3722} INFO - Setting next_dagrun for example_xcom to 2021-01-01T00:00:00+00:00, run_after=2021-01-01T00:00:00+00:00
[2024-01-29T18:01:54.751+0000] {processor.py:179} INFO - Processing /home/airflow/.local/lib/python3.8/site-packages/airflow/example_dags/example_xcom.py took 0.123 seconds
[2024-01-29T18:02:24.819+0000] {processor.py:157} INFO - Started process (PID=93) to work on /home/airflow/.local/lib/python3.8/site-packages/airflow/example_dags/example_xcom.py
[2024-01-29T18:02:24.820+0000] {processor.py:829} INFO - Processing file /home/airflow/.local/lib/python3.8/site-packages/airflow/example_dags/example_xcom.py for tasks to queue
[2024-01-29T18:02:24.822+0000] {logging_mixin.py:151} INFO - [2024-01-29T18:02:24.822+0000] {dagbag.py:536} INFO - Filling up the DagBag from /home/airflow/.local/lib/python3.8/site-packages/airflow/example_dags/example_xcom.py
[2024-01-29T18:02:24.829+0000] {processor.py:839} INFO - DAG(s) dict_keys(['example_xcom']) retrieved from /home/airflow/.local/lib/python3.8/site-packages/airflow/example_dags/example_xcom.py
[2024-01-29T18:02:24.853+0000] {logging_mixin.py:151} INFO - [2024-01-29T18:02:24.853+0000] {dag.py:2941} INFO - Sync 1 DAGs
[2024-01-29T18:02:24.878+0000] {logging_mixin.py:151} INFO - [2024-01-29T18:02:24.878+0000] {dag.py:3722} INFO - Setting next_dagrun for example_xcom to 2021-01-01T00:00:00+00:00, run_after=2021-01-01T00:00:00+00:00
[2024-01-29T18:02:24.900+0000] {processor.py:179} INFO - Processing /home/airflow/.local/lib/python3.8/site-packages/airflow/example_dags/example_xcom.py took 0.083 seconds
[2024-01-29T18:02:55.063+0000] {processor.py:157} INFO - Started process (PID=148) to work on /home/airflow/.local/lib/python3.8/site-packages/airflow/example_dags/example_xcom.py
[2024-01-29T18:02:55.064+0000] {processor.py:829} INFO - Processing file /home/airflow/.local/lib/python3.8/site-packages/airflow/example_dags/example_xcom.py for tasks to queue
[2024-01-29T18:02:55.067+0000] {logging_mixin.py:151} INFO - [2024-01-29T18:02:55.066+0000] {dagbag.py:536} INFO - Filling up the DagBag from /home/airflow/.local/lib/python3.8/site-packages/airflow/example_dags/example_xcom.py
[2024-01-29T18:02:55.074+0000] {processor.py:839} INFO - DAG(s) dict_keys(['example_xcom']) retrieved from /home/airflow/.local/lib/python3.8/site-packages/airflow/example_dags/example_xcom.py
[2024-01-29T18:02:55.102+0000] {logging_mixin.py:151} INFO - [2024-01-29T18:02:55.102+0000] {dag.py:2941} INFO - Sync 1 DAGs
[2024-01-29T18:02:55.133+0000] {logging_mixin.py:151} INFO - [2024-01-29T18:02:55.133+0000] {dag.py:3722} INFO - Setting next_dagrun for example_xcom to 2021-01-01T00:00:00+00:00, run_after=2021-01-01T00:00:00+00:00
[2024-01-29T18:02:55.157+0000] {processor.py:179} INFO - Processing /home/airflow/.local/lib/python3.8/site-packages/airflow/example_dags/example_xcom.py took 0.097 seconds
[2024-01-29T18:03:25.262+0000] {processor.py:157} INFO - Started process (PID=203) to work on /home/airflow/.local/lib/python3.8/site-packages/airflow/example_dags/example_xcom.py
[2024-01-29T18:03:25.263+0000] {processor.py:829} INFO - Processing file /home/airflow/.local/lib/python3.8/site-packages/airflow/example_dags/example_xcom.py for tasks to queue
[2024-01-29T18:03:25.265+0000] {logging_mixin.py:151} INFO - [2024-01-29T18:03:25.265+0000] {dagbag.py:536} INFO - Filling up the DagBag from /home/airflow/.local/lib/python3.8/site-packages/airflow/example_dags/example_xcom.py
[2024-01-29T18:03:25.273+0000] {processor.py:839} INFO - DAG(s) dict_keys(['example_xcom']) retrieved from /home/airflow/.local/lib/python3.8/site-packages/airflow/example_dags/example_xcom.py
[2024-01-29T18:03:25.297+0000] {logging_mixin.py:151} INFO - [2024-01-29T18:03:25.297+0000] {dag.py:2941} INFO - Sync 1 DAGs
[2024-01-29T18:03:25.326+0000] {logging_mixin.py:151} INFO - [2024-01-29T18:03:25.325+0000] {dag.py:3722} INFO - Setting next_dagrun for example_xcom to 2021-01-01T00:00:00+00:00, run_after=2021-01-01T00:00:00+00:00
[2024-01-29T18:03:25.352+0000] {processor.py:179} INFO - Processing /home/airflow/.local/lib/python3.8/site-packages/airflow/example_dags/example_xcom.py took 0.093 seconds
[2024-01-29T18:03:55.539+0000] {processor.py:157} INFO - Started process (PID=258) to work on /home/airflow/.local/lib/python3.8/site-packages/airflow/example_dags/example_xcom.py
[2024-01-29T18:03:55.540+0000] {processor.py:829} INFO - Processing file /home/airflow/.local/lib/python3.8/site-packages/airflow/example_dags/example_xcom.py for tasks to queue
[2024-01-29T18:03:55.542+0000] {logging_mixin.py:151} INFO - [2024-01-29T18:03:55.542+0000] {dagbag.py:536} INFO - Filling up the DagBag from /home/airflow/.local/lib/python3.8/site-packages/airflow/example_dags/example_xcom.py
[2024-01-29T18:03:55.551+0000] {processor.py:839} INFO - DAG(s) dict_keys(['example_xcom']) retrieved from /home/airflow/.local/lib/python3.8/site-packages/airflow/example_dags/example_xcom.py
[2024-01-29T18:03:55.578+0000] {logging_mixin.py:151} INFO - [2024-01-29T18:03:55.578+0000] {dag.py:2941} INFO - Sync 1 DAGs
[2024-01-29T18:03:55.613+0000] {logging_mixin.py:151} INFO - [2024-01-29T18:03:55.612+0000] {dag.py:3722} INFO - Setting next_dagrun for example_xcom to 2021-01-01T00:00:00+00:00, run_after=2021-01-01T00:00:00+00:00
[2024-01-29T18:03:55.645+0000] {processor.py:179} INFO - Processing /home/airflow/.local/lib/python3.8/site-packages/airflow/example_dags/example_xcom.py took 0.109 seconds
[2024-01-29T18:04:26.535+0000] {processor.py:157} INFO - Started process (PID=313) to work on /home/airflow/.local/lib/python3.8/site-packages/airflow/example_dags/example_xcom.py
[2024-01-29T18:04:26.536+0000] {processor.py:829} INFO - Processing file /home/airflow/.local/lib/python3.8/site-packages/airflow/example_dags/example_xcom.py for tasks to queue
[2024-01-29T18:04:26.538+0000] {logging_mixin.py:151} INFO - [2024-01-29T18:04:26.538+0000] {dagbag.py:536} INFO - Filling up the DagBag from /home/airflow/.local/lib/python3.8/site-packages/airflow/example_dags/example_xcom.py
[2024-01-29T18:04:26.546+0000] {processor.py:839} INFO - DAG(s) dict_keys(['example_xcom']) retrieved from /home/airflow/.local/lib/python3.8/site-packages/airflow/example_dags/example_xcom.py
[2024-01-29T18:04:26.567+0000] {logging_mixin.py:151} INFO - [2024-01-29T18:04:26.567+0000] {dag.py:2941} INFO - Sync 1 DAGs
[2024-01-29T18:04:26.592+0000] {logging_mixin.py:151} INFO - [2024-01-29T18:04:26.592+0000] {dag.py:3722} INFO - Setting next_dagrun for example_xcom to 2021-01-01T00:00:00+00:00, run_after=2021-01-01T00:00:00+00:00
[2024-01-29T18:04:26.616+0000] {processor.py:179} INFO - Processing /home/airflow/.local/lib/python3.8/site-packages/airflow/example_dags/example_xcom.py took 0.084 seconds
[2024-01-29T18:04:57.562+0000] {processor.py:157} INFO - Started process (PID=371) to work on /home/airflow/.local/lib/python3.8/site-packages/airflow/example_dags/example_xcom.py
[2024-01-29T18:04:57.563+0000] {processor.py:829} INFO - Processing file /home/airflow/.local/lib/python3.8/site-packages/airflow/example_dags/example_xcom.py for tasks to queue
[2024-01-29T18:04:57.566+0000] {logging_mixin.py:151} INFO - [2024-01-29T18:04:57.565+0000] {dagbag.py:536} INFO - Filling up the DagBag from /home/airflow/.local/lib/python3.8/site-packages/airflow/example_dags/example_xcom.py
[2024-01-29T18:04:57.573+0000] {processor.py:839} INFO - DAG(s) dict_keys(['example_xcom']) retrieved from /home/airflow/.local/lib/python3.8/site-packages/airflow/example_dags/example_xcom.py
[2024-01-29T18:04:57.595+0000] {logging_mixin.py:151} INFO - [2024-01-29T18:04:57.595+0000] {dag.py:2941} INFO - Sync 1 DAGs
[2024-01-29T18:04:57.621+0000] {logging_mixin.py:151} INFO - [2024-01-29T18:04:57.621+0000] {dag.py:3722} INFO - Setting next_dagrun for example_xcom to 2021-01-01T00:00:00+00:00, run_after=2021-01-01T00:00:00+00:00
[2024-01-29T18:04:57.644+0000] {processor.py:179} INFO - Processing /home/airflow/.local/lib/python3.8/site-packages/airflow/example_dags/example_xcom.py took 0.084 seconds
[2024-01-29T18:05:27.813+0000] {processor.py:157} INFO - Started process (PID=426) to work on /home/airflow/.local/lib/python3.8/site-packages/airflow/example_dags/example_xcom.py
[2024-01-29T18:05:27.815+0000] {processor.py:829} INFO - Processing file /home/airflow/.local/lib/python3.8/site-packages/airflow/example_dags/example_xcom.py for tasks to queue
[2024-01-29T18:05:27.817+0000] {logging_mixin.py:151} INFO - [2024-01-29T18:05:27.816+0000] {dagbag.py:536} INFO - Filling up the DagBag from /home/airflow/.local/lib/python3.8/site-packages/airflow/example_dags/example_xcom.py
[2024-01-29T18:05:27.826+0000] {processor.py:839} INFO - DAG(s) dict_keys(['example_xcom']) retrieved from /home/airflow/.local/lib/python3.8/site-packages/airflow/example_dags/example_xcom.py
[2024-01-29T18:05:27.850+0000] {logging_mixin.py:151} INFO - [2024-01-29T18:05:27.849+0000] {dag.py:2941} INFO - Sync 1 DAGs
[2024-01-29T18:05:27.882+0000] {logging_mixin.py:151} INFO - [2024-01-29T18:05:27.882+0000] {dag.py:3722} INFO - Setting next_dagrun for example_xcom to 2021-01-01T00:00:00+00:00, run_after=2021-01-01T00:00:00+00:00
[2024-01-29T18:05:27.913+0000] {processor.py:179} INFO - Processing /home/airflow/.local/lib/python3.8/site-packages/airflow/example_dags/example_xcom.py took 0.102 seconds
[2024-01-29T18:05:58.216+0000] {processor.py:157} INFO - Started process (PID=481) to work on /home/airflow/.local/lib/python3.8/site-packages/airflow/example_dags/example_xcom.py
[2024-01-29T18:05:58.217+0000] {processor.py:829} INFO - Processing file /home/airflow/.local/lib/python3.8/site-packages/airflow/example_dags/example_xcom.py for tasks to queue
[2024-01-29T18:05:58.219+0000] {logging_mixin.py:151} INFO - [2024-01-29T18:05:58.219+0000] {dagbag.py:536} INFO - Filling up the DagBag from /home/airflow/.local/lib/python3.8/site-packages/airflow/example_dags/example_xcom.py
[2024-01-29T18:05:58.227+0000] {processor.py:839} INFO - DAG(s) dict_keys(['example_xcom']) retrieved from /home/airflow/.local/lib/python3.8/site-packages/airflow/example_dags/example_xcom.py
[2024-01-29T18:05:58.251+0000] {logging_mixin.py:151} INFO - [2024-01-29T18:05:58.251+0000] {dag.py:2941} INFO - Sync 1 DAGs
[2024-01-29T18:05:58.285+0000] {logging_mixin.py:151} INFO - [2024-01-29T18:05:58.284+0000] {dag.py:3722} INFO - Setting next_dagrun for example_xcom to 2021-01-01T00:00:00+00:00, run_after=2021-01-01T00:00:00+00:00
[2024-01-29T18:05:58.312+0000] {processor.py:179} INFO - Processing /home/airflow/.local/lib/python3.8/site-packages/airflow/example_dags/example_xcom.py took 0.100 seconds
[2024-01-29T18:06:28.708+0000] {processor.py:157} INFO - Started process (PID=536) to work on /home/airflow/.local/lib/python3.8/site-packages/airflow/example_dags/example_xcom.py
[2024-01-29T18:06:28.710+0000] {processor.py:829} INFO - Processing file /home/airflow/.local/lib/python3.8/site-packages/airflow/example_dags/example_xcom.py for tasks to queue
[2024-01-29T18:06:28.712+0000] {logging_mixin.py:151} INFO - [2024-01-29T18:06:28.712+0000] {dagbag.py:536} INFO - Filling up the DagBag from /home/airflow/.local/lib/python3.8/site-packages/airflow/example_dags/example_xcom.py
[2024-01-29T18:06:28.721+0000] {processor.py:839} INFO - DAG(s) dict_keys(['example_xcom']) retrieved from /home/airflow/.local/lib/python3.8/site-packages/airflow/example_dags/example_xcom.py
[2024-01-29T18:06:28.743+0000] {logging_mixin.py:151} INFO - [2024-01-29T18:06:28.743+0000] {dag.py:2941} INFO - Sync 1 DAGs
[2024-01-29T18:06:28.771+0000] {logging_mixin.py:151} INFO - [2024-01-29T18:06:28.771+0000] {dag.py:3722} INFO - Setting next_dagrun for example_xcom to 2021-01-01T00:00:00+00:00, run_after=2021-01-01T00:00:00+00:00
[2024-01-29T18:06:28.792+0000] {processor.py:179} INFO - Processing /home/airflow/.local/lib/python3.8/site-packages/airflow/example_dags/example_xcom.py took 0.087 seconds
[2024-01-29T18:06:59.203+0000] {processor.py:157} INFO - Started process (PID=592) to work on /home/airflow/.local/lib/python3.8/site-packages/airflow/example_dags/example_xcom.py
[2024-01-29T18:06:59.204+0000] {processor.py:829} INFO - Processing file /home/airflow/.local/lib/python3.8/site-packages/airflow/example_dags/example_xcom.py for tasks to queue
[2024-01-29T18:06:59.206+0000] {logging_mixin.py:151} INFO - [2024-01-29T18:06:59.206+0000] {dagbag.py:536} INFO - Filling up the DagBag from /home/airflow/.local/lib/python3.8/site-packages/airflow/example_dags/example_xcom.py
[2024-01-29T18:06:59.213+0000] {processor.py:839} INFO - DAG(s) dict_keys(['example_xcom']) retrieved from /home/airflow/.local/lib/python3.8/site-packages/airflow/example_dags/example_xcom.py
[2024-01-29T18:06:59.234+0000] {logging_mixin.py:151} INFO - [2024-01-29T18:06:59.234+0000] {dag.py:2941} INFO - Sync 1 DAGs
[2024-01-29T18:06:59.258+0000] {logging_mixin.py:151} INFO - [2024-01-29T18:06:59.258+0000] {dag.py:3722} INFO - Setting next_dagrun for example_xcom to 2021-01-01T00:00:00+00:00, run_after=2021-01-01T00:00:00+00:00
[2024-01-29T18:06:59.282+0000] {processor.py:179} INFO - Processing /home/airflow/.local/lib/python3.8/site-packages/airflow/example_dags/example_xcom.py took 0.082 seconds
[2024-01-29T18:07:29.515+0000] {processor.py:157} INFO - Started process (PID=648) to work on /home/airflow/.local/lib/python3.8/site-packages/airflow/example_dags/example_xcom.py
[2024-01-29T18:07:29.516+0000] {processor.py:829} INFO - Processing file /home/airflow/.local/lib/python3.8/site-packages/airflow/example_dags/example_xcom.py for tasks to queue
[2024-01-29T18:07:29.518+0000] {logging_mixin.py:151} INFO - [2024-01-29T18:07:29.518+0000] {dagbag.py:536} INFO - Filling up the DagBag from /home/airflow/.local/lib/python3.8/site-packages/airflow/example_dags/example_xcom.py
[2024-01-29T18:07:29.526+0000] {processor.py:839} INFO - DAG(s) dict_keys(['example_xcom']) retrieved from /home/airflow/.local/lib/python3.8/site-packages/airflow/example_dags/example_xcom.py
[2024-01-29T18:07:29.554+0000] {logging_mixin.py:151} INFO - [2024-01-29T18:07:29.554+0000] {dag.py:2941} INFO - Sync 1 DAGs
[2024-01-29T18:07:29.583+0000] {logging_mixin.py:151} INFO - [2024-01-29T18:07:29.583+0000] {dag.py:3722} INFO - Setting next_dagrun for example_xcom to 2021-01-01T00:00:00+00:00, run_after=2021-01-01T00:00:00+00:00
[2024-01-29T18:07:29.609+0000] {processor.py:179} INFO - Processing /home/airflow/.local/lib/python3.8/site-packages/airflow/example_dags/example_xcom.py took 0.097 seconds
[2024-01-29T18:07:59.899+0000] {processor.py:157} INFO - Started process (PID=704) to work on /home/airflow/.local/lib/python3.8/site-packages/airflow/example_dags/example_xcom.py
[2024-01-29T18:07:59.900+0000] {processor.py:829} INFO - Processing file /home/airflow/.local/lib/python3.8/site-packages/airflow/example_dags/example_xcom.py for tasks to queue
[2024-01-29T18:07:59.902+0000] {logging_mixin.py:151} INFO - [2024-01-29T18:07:59.902+0000] {dagbag.py:536} INFO - Filling up the DagBag from /home/airflow/.local/lib/python3.8/site-packages/airflow/example_dags/example_xcom.py
[2024-01-29T18:07:59.910+0000] {processor.py:839} INFO - DAG(s) dict_keys(['example_xcom']) retrieved from /home/airflow/.local/lib/python3.8/site-packages/airflow/example_dags/example_xcom.py
[2024-01-29T18:07:59.938+0000] {logging_mixin.py:151} INFO - [2024-01-29T18:07:59.937+0000] {dag.py:2941} INFO - Sync 1 DAGs
[2024-01-29T18:07:59.967+0000] {logging_mixin.py:151} INFO - [2024-01-29T18:07:59.967+0000] {dag.py:3722} INFO - Setting next_dagrun for example_xcom to 2021-01-01T00:00:00+00:00, run_after=2021-01-01T00:00:00+00:00
[2024-01-29T18:07:59.992+0000] {processor.py:179} INFO - Processing /home/airflow/.local/lib/python3.8/site-packages/airflow/example_dags/example_xcom.py took 0.097 seconds
[2024-01-29T18:08:30.208+0000] {processor.py:157} INFO - Started process (PID=761) to work on /home/airflow/.local/lib/python3.8/site-packages/airflow/example_dags/example_xcom.py
[2024-01-29T18:08:30.209+0000] {processor.py:829} INFO - Processing file /home/airflow/.local/lib/python3.8/site-packages/airflow/example_dags/example_xcom.py for tasks to queue
[2024-01-29T18:08:30.211+0000] {logging_mixin.py:151} INFO - [2024-01-29T18:08:30.211+0000] {dagbag.py:536} INFO - Filling up the DagBag from /home/airflow/.local/lib/python3.8/site-packages/airflow/example_dags/example_xcom.py
[2024-01-29T18:08:30.218+0000] {processor.py:839} INFO - DAG(s) dict_keys(['example_xcom']) retrieved from /home/airflow/.local/lib/python3.8/site-packages/airflow/example_dags/example_xcom.py
[2024-01-29T18:08:30.242+0000] {logging_mixin.py:151} INFO - [2024-01-29T18:08:30.242+0000] {dag.py:2941} INFO - Sync 1 DAGs
[2024-01-29T18:08:30.269+0000] {logging_mixin.py:151} INFO - [2024-01-29T18:08:30.268+0000] {dag.py:3722} INFO - Setting next_dagrun for example_xcom to 2021-01-01T00:00:00+00:00, run_after=2021-01-01T00:00:00+00:00
[2024-01-29T18:08:30.294+0000] {processor.py:179} INFO - Processing /home/airflow/.local/lib/python3.8/site-packages/airflow/example_dags/example_xcom.py took 0.090 seconds
[2024-01-29T18:09:01.199+0000] {processor.py:157} INFO - Started process (PID=817) to work on /home/airflow/.local/lib/python3.8/site-packages/airflow/example_dags/example_xcom.py
[2024-01-29T18:09:01.201+0000] {processor.py:829} INFO - Processing file /home/airflow/.local/lib/python3.8/site-packages/airflow/example_dags/example_xcom.py for tasks to queue
[2024-01-29T18:09:01.203+0000] {logging_mixin.py:151} INFO - [2024-01-29T18:09:01.203+0000] {dagbag.py:536} INFO - Filling up the DagBag from /home/airflow/.local/lib/python3.8/site-packages/airflow/example_dags/example_xcom.py
[2024-01-29T18:09:01.213+0000] {processor.py:839} INFO - DAG(s) dict_keys(['example_xcom']) retrieved from /home/airflow/.local/lib/python3.8/site-packages/airflow/example_dags/example_xcom.py
[2024-01-29T18:09:01.244+0000] {logging_mixin.py:151} INFO - [2024-01-29T18:09:01.244+0000] {dag.py:2941} INFO - Sync 1 DAGs
[2024-01-29T18:09:01.279+0000] {logging_mixin.py:151} INFO - [2024-01-29T18:09:01.279+0000] {dag.py:3722} INFO - Setting next_dagrun for example_xcom to 2021-01-01T00:00:00+00:00, run_after=2021-01-01T00:00:00+00:00
[2024-01-29T18:09:01.319+0000] {processor.py:179} INFO - Processing /home/airflow/.local/lib/python3.8/site-packages/airflow/example_dags/example_xcom.py took 0.123 seconds
[2024-01-29T18:09:31.639+0000] {processor.py:157} INFO - Started process (PID=876) to work on /home/airflow/.local/lib/python3.8/site-packages/airflow/example_dags/example_xcom.py
[2024-01-29T18:09:31.640+0000] {processor.py:829} INFO - Processing file /home/airflow/.local/lib/python3.8/site-packages/airflow/example_dags/example_xcom.py for tasks to queue
[2024-01-29T18:09:31.643+0000] {logging_mixin.py:151} INFO - [2024-01-29T18:09:31.643+0000] {dagbag.py:536} INFO - Filling up the DagBag from /home/airflow/.local/lib/python3.8/site-packages/airflow/example_dags/example_xcom.py
[2024-01-29T18:09:31.652+0000] {processor.py:839} INFO - DAG(s) dict_keys(['example_xcom']) retrieved from /home/airflow/.local/lib/python3.8/site-packages/airflow/example_dags/example_xcom.py
[2024-01-29T18:09:31.681+0000] {logging_mixin.py:151} INFO - [2024-01-29T18:09:31.681+0000] {dag.py:2941} INFO - Sync 1 DAGs
[2024-01-29T18:09:31.725+0000] {logging_mixin.py:151} INFO - [2024-01-29T18:09:31.724+0000] {dag.py:3722} INFO - Setting next_dagrun for example_xcom to 2021-01-01T00:00:00+00:00, run_after=2021-01-01T00:00:00+00:00
[2024-01-29T18:09:31.760+0000] {processor.py:179} INFO - Processing /home/airflow/.local/lib/python3.8/site-packages/airflow/example_dags/example_xcom.py took 0.125 seconds
[2024-01-29T18:10:02.164+0000] {processor.py:157} INFO - Started process (PID=932) to work on /home/airflow/.local/lib/python3.8/site-packages/airflow/example_dags/example_xcom.py
[2024-01-29T18:10:02.165+0000] {processor.py:829} INFO - Processing file /home/airflow/.local/lib/python3.8/site-packages/airflow/example_dags/example_xcom.py for tasks to queue
[2024-01-29T18:10:02.167+0000] {logging_mixin.py:151} INFO - [2024-01-29T18:10:02.167+0000] {dagbag.py:536} INFO - Filling up the DagBag from /home/airflow/.local/lib/python3.8/site-packages/airflow/example_dags/example_xcom.py
[2024-01-29T18:10:02.174+0000] {processor.py:839} INFO - DAG(s) dict_keys(['example_xcom']) retrieved from /home/airflow/.local/lib/python3.8/site-packages/airflow/example_dags/example_xcom.py
[2024-01-29T18:10:02.198+0000] {logging_mixin.py:151} INFO - [2024-01-29T18:10:02.198+0000] {dag.py:2941} INFO - Sync 1 DAGs
[2024-01-29T18:10:02.231+0000] {logging_mixin.py:151} INFO - [2024-01-29T18:10:02.231+0000] {dag.py:3722} INFO - Setting next_dagrun for example_xcom to 2021-01-01T00:00:00+00:00, run_after=2021-01-01T00:00:00+00:00
[2024-01-29T18:10:02.260+0000] {processor.py:179} INFO - Processing /home/airflow/.local/lib/python3.8/site-packages/airflow/example_dags/example_xcom.py took 0.100 seconds
[2024-01-29T18:10:32.646+0000] {processor.py:157} INFO - Started process (PID=992) to work on /home/airflow/.local/lib/python3.8/site-packages/airflow/example_dags/example_xcom.py
[2024-01-29T18:10:32.648+0000] {processor.py:829} INFO - Processing file /home/airflow/.local/lib/python3.8/site-packages/airflow/example_dags/example_xcom.py for tasks to queue
[2024-01-29T18:10:32.650+0000] {logging_mixin.py:151} INFO - [2024-01-29T18:10:32.649+0000] {dagbag.py:536} INFO - Filling up the DagBag from /home/airflow/.local/lib/python3.8/site-packages/airflow/example_dags/example_xcom.py
[2024-01-29T18:10:32.658+0000] {processor.py:839} INFO - DAG(s) dict_keys(['example_xcom']) retrieved from /home/airflow/.local/lib/python3.8/site-packages/airflow/example_dags/example_xcom.py
[2024-01-29T18:10:32.683+0000] {logging_mixin.py:151} INFO - [2024-01-29T18:10:32.683+0000] {dag.py:2941} INFO - Sync 1 DAGs
[2024-01-29T18:10:32.715+0000] {logging_mixin.py:151} INFO - [2024-01-29T18:10:32.714+0000] {dag.py:3722} INFO - Setting next_dagrun for example_xcom to 2021-01-01T00:00:00+00:00, run_after=2021-01-01T00:00:00+00:00
[2024-01-29T18:10:32.743+0000] {processor.py:179} INFO - Processing /home/airflow/.local/lib/python3.8/site-packages/airflow/example_dags/example_xcom.py took 0.100 seconds
[2024-01-29T18:11:03.127+0000] {processor.py:157} INFO - Started process (PID=1057) to work on /home/airflow/.local/lib/python3.8/site-packages/airflow/example_dags/example_xcom.py
[2024-01-29T18:11:03.128+0000] {processor.py:829} INFO - Processing file /home/airflow/.local/lib/python3.8/site-packages/airflow/example_dags/example_xcom.py for tasks to queue
[2024-01-29T18:11:03.130+0000] {logging_mixin.py:151} INFO - [2024-01-29T18:11:03.130+0000] {dagbag.py:536} INFO - Filling up the DagBag from /home/airflow/.local/lib/python3.8/site-packages/airflow/example_dags/example_xcom.py
[2024-01-29T18:11:03.138+0000] {processor.py:839} INFO - DAG(s) dict_keys(['example_xcom']) retrieved from /home/airflow/.local/lib/python3.8/site-packages/airflow/example_dags/example_xcom.py
[2024-01-29T18:11:03.165+0000] {logging_mixin.py:151} INFO - [2024-01-29T18:11:03.164+0000] {dag.py:2941} INFO - Sync 1 DAGs
[2024-01-29T18:11:03.209+0000] {logging_mixin.py:151} INFO - [2024-01-29T18:11:03.209+0000] {dag.py:3722} INFO - Setting next_dagrun for example_xcom to 2021-01-01T00:00:00+00:00, run_after=2021-01-01T00:00:00+00:00
[2024-01-29T18:11:03.252+0000] {processor.py:179} INFO - Processing /home/airflow/.local/lib/python3.8/site-packages/airflow/example_dags/example_xcom.py took 0.128 seconds
[2024-01-29T18:11:33.640+0000] {processor.py:157} INFO - Started process (PID=1113) to work on /home/airflow/.local/lib/python3.8/site-packages/airflow/example_dags/example_xcom.py
[2024-01-29T18:11:33.641+0000] {processor.py:829} INFO - Processing file /home/airflow/.local/lib/python3.8/site-packages/airflow/example_dags/example_xcom.py for tasks to queue
[2024-01-29T18:11:33.643+0000] {logging_mixin.py:151} INFO - [2024-01-29T18:11:33.643+0000] {dagbag.py:536} INFO - Filling up the DagBag from /home/airflow/.local/lib/python3.8/site-packages/airflow/example_dags/example_xcom.py
[2024-01-29T18:11:33.651+0000] {processor.py:839} INFO - DAG(s) dict_keys(['example_xcom']) retrieved from /home/airflow/.local/lib/python3.8/site-packages/airflow/example_dags/example_xcom.py
[2024-01-29T18:11:33.675+0000] {logging_mixin.py:151} INFO - [2024-01-29T18:11:33.675+0000] {dag.py:2941} INFO - Sync 1 DAGs
[2024-01-29T18:11:33.703+0000] {logging_mixin.py:151} INFO - [2024-01-29T18:11:33.703+0000] {dag.py:3722} INFO - Setting next_dagrun for example_xcom to 2021-01-01T00:00:00+00:00, run_after=2021-01-01T00:00:00+00:00
[2024-01-29T18:11:33.729+0000] {processor.py:179} INFO - Processing /home/airflow/.local/lib/python3.8/site-packages/airflow/example_dags/example_xcom.py took 0.092 seconds
[2024-01-29T18:12:04.248+0000] {processor.py:157} INFO - Started process (PID=1169) to work on /home/airflow/.local/lib/python3.8/site-packages/airflow/example_dags/example_xcom.py
[2024-01-29T18:12:04.250+0000] {processor.py:829} INFO - Processing file /home/airflow/.local/lib/python3.8/site-packages/airflow/example_dags/example_xcom.py for tasks to queue
[2024-01-29T18:12:04.252+0000] {logging_mixin.py:151} INFO - [2024-01-29T18:12:04.252+0000] {dagbag.py:536} INFO - Filling up the DagBag from /home/airflow/.local/lib/python3.8/site-packages/airflow/example_dags/example_xcom.py
[2024-01-29T18:12:04.261+0000] {processor.py:839} INFO - DAG(s) dict_keys(['example_xcom']) retrieved from /home/airflow/.local/lib/python3.8/site-packages/airflow/example_dags/example_xcom.py
[2024-01-29T18:12:04.287+0000] {logging_mixin.py:151} INFO - [2024-01-29T18:12:04.287+0000] {dag.py:2941} INFO - Sync 1 DAGs
[2024-01-29T18:12:04.315+0000] {logging_mixin.py:151} INFO - [2024-01-29T18:12:04.315+0000] {dag.py:3722} INFO - Setting next_dagrun for example_xcom to 2021-01-01T00:00:00+00:00, run_after=2021-01-01T00:00:00+00:00
[2024-01-29T18:12:04.348+0000] {processor.py:179} INFO - Processing /home/airflow/.local/lib/python3.8/site-packages/airflow/example_dags/example_xcom.py took 0.103 seconds
[2024-01-29T18:12:35.079+0000] {processor.py:157} INFO - Started process (PID=1225) to work on /home/airflow/.local/lib/python3.8/site-packages/airflow/example_dags/example_xcom.py
[2024-01-29T18:12:35.081+0000] {processor.py:829} INFO - Processing file /home/airflow/.local/lib/python3.8/site-packages/airflow/example_dags/example_xcom.py for tasks to queue
[2024-01-29T18:12:35.085+0000] {logging_mixin.py:151} INFO - [2024-01-29T18:12:35.084+0000] {dagbag.py:536} INFO - Filling up the DagBag from /home/airflow/.local/lib/python3.8/site-packages/airflow/example_dags/example_xcom.py
[2024-01-29T18:12:35.101+0000] {processor.py:839} INFO - DAG(s) dict_keys(['example_xcom']) retrieved from /home/airflow/.local/lib/python3.8/site-packages/airflow/example_dags/example_xcom.py
[2024-01-29T18:12:35.152+0000] {logging_mixin.py:151} INFO - [2024-01-29T18:12:35.152+0000] {dag.py:2941} INFO - Sync 1 DAGs
[2024-01-29T18:12:35.221+0000] {logging_mixin.py:151} INFO - [2024-01-29T18:12:35.221+0000] {dag.py:3722} INFO - Setting next_dagrun for example_xcom to 2021-01-01T00:00:00+00:00, run_after=2021-01-01T00:00:00+00:00
[2024-01-29T18:12:35.271+0000] {processor.py:179} INFO - Processing /home/airflow/.local/lib/python3.8/site-packages/airflow/example_dags/example_xcom.py took 0.196 seconds
[2024-01-29T18:13:07.292+0000] {processor.py:157} INFO - Started process (PID=1281) to work on /home/airflow/.local/lib/python3.8/site-packages/airflow/example_dags/example_xcom.py
[2024-01-29T18:13:07.295+0000] {processor.py:829} INFO - Processing file /home/airflow/.local/lib/python3.8/site-packages/airflow/example_dags/example_xcom.py for tasks to queue
[2024-01-29T18:13:07.299+0000] {logging_mixin.py:151} INFO - [2024-01-29T18:13:07.299+0000] {dagbag.py:536} INFO - Filling up the DagBag from /home/airflow/.local/lib/python3.8/site-packages/airflow/example_dags/example_xcom.py
[2024-01-29T18:13:07.321+0000] {processor.py:839} INFO - DAG(s) dict_keys(['example_xcom']) retrieved from /home/airflow/.local/lib/python3.8/site-packages/airflow/example_dags/example_xcom.py
[2024-01-29T18:13:07.419+0000] {logging_mixin.py:151} INFO - [2024-01-29T18:13:07.418+0000] {dag.py:2941} INFO - Sync 1 DAGs
[2024-01-29T18:13:07.524+0000] {logging_mixin.py:151} INFO - [2024-01-29T18:13:07.524+0000] {dag.py:3722} INFO - Setting next_dagrun for example_xcom to 2021-01-01T00:00:00+00:00, run_after=2021-01-01T00:00:00+00:00
[2024-01-29T18:13:07.618+0000] {processor.py:179} INFO - Processing /home/airflow/.local/lib/python3.8/site-packages/airflow/example_dags/example_xcom.py took 0.334 seconds
[2024-01-29T18:13:38.178+0000] {processor.py:157} INFO - Started process (PID=1337) to work on /home/airflow/.local/lib/python3.8/site-packages/airflow/example_dags/example_xcom.py
[2024-01-29T18:13:38.179+0000] {processor.py:829} INFO - Processing file /home/airflow/.local/lib/python3.8/site-packages/airflow/example_dags/example_xcom.py for tasks to queue
[2024-01-29T18:13:38.183+0000] {logging_mixin.py:151} INFO - [2024-01-29T18:13:38.183+0000] {dagbag.py:536} INFO - Filling up the DagBag from /home/airflow/.local/lib/python3.8/site-packages/airflow/example_dags/example_xcom.py
[2024-01-29T18:13:38.198+0000] {processor.py:839} INFO - DAG(s) dict_keys(['example_xcom']) retrieved from /home/airflow/.local/lib/python3.8/site-packages/airflow/example_dags/example_xcom.py
[2024-01-29T18:13:38.255+0000] {logging_mixin.py:151} INFO - [2024-01-29T18:13:38.254+0000] {dag.py:2941} INFO - Sync 1 DAGs
[2024-01-29T18:13:38.300+0000] {logging_mixin.py:151} INFO - [2024-01-29T18:13:38.300+0000] {dag.py:3722} INFO - Setting next_dagrun for example_xcom to 2021-01-01T00:00:00+00:00, run_after=2021-01-01T00:00:00+00:00
[2024-01-29T18:13:38.370+0000] {processor.py:179} INFO - Processing /home/airflow/.local/lib/python3.8/site-packages/airflow/example_dags/example_xcom.py took 0.197 seconds
[2024-01-29T18:14:08.824+0000] {processor.py:157} INFO - Started process (PID=1394) to work on /home/airflow/.local/lib/python3.8/site-packages/airflow/example_dags/example_xcom.py
[2024-01-29T18:14:08.825+0000] {processor.py:829} INFO - Processing file /home/airflow/.local/lib/python3.8/site-packages/airflow/example_dags/example_xcom.py for tasks to queue
[2024-01-29T18:14:08.828+0000] {logging_mixin.py:151} INFO - [2024-01-29T18:14:08.827+0000] {dagbag.py:536} INFO - Filling up the DagBag from /home/airflow/.local/lib/python3.8/site-packages/airflow/example_dags/example_xcom.py
[2024-01-29T18:14:08.837+0000] {processor.py:839} INFO - DAG(s) dict_keys(['example_xcom']) retrieved from /home/airflow/.local/lib/python3.8/site-packages/airflow/example_dags/example_xcom.py
[2024-01-29T18:14:08.867+0000] {logging_mixin.py:151} INFO - [2024-01-29T18:14:08.866+0000] {dag.py:2941} INFO - Sync 1 DAGs
[2024-01-29T18:14:08.906+0000] {logging_mixin.py:151} INFO - [2024-01-29T18:14:08.905+0000] {dag.py:3722} INFO - Setting next_dagrun for example_xcom to 2021-01-01T00:00:00+00:00, run_after=2021-01-01T00:00:00+00:00
[2024-01-29T18:14:08.944+0000] {processor.py:179} INFO - Processing /home/airflow/.local/lib/python3.8/site-packages/airflow/example_dags/example_xcom.py took 0.123 seconds
[2024-01-29T18:14:39.287+0000] {processor.py:157} INFO - Started process (PID=1449) to work on /home/airflow/.local/lib/python3.8/site-packages/airflow/example_dags/example_xcom.py
[2024-01-29T18:14:39.288+0000] {processor.py:829} INFO - Processing file /home/airflow/.local/lib/python3.8/site-packages/airflow/example_dags/example_xcom.py for tasks to queue
[2024-01-29T18:14:39.302+0000] {logging_mixin.py:151} INFO - [2024-01-29T18:14:39.301+0000] {dagbag.py:536} INFO - Filling up the DagBag from /home/airflow/.local/lib/python3.8/site-packages/airflow/example_dags/example_xcom.py
[2024-01-29T18:14:39.315+0000] {processor.py:839} INFO - DAG(s) dict_keys(['example_xcom']) retrieved from /home/airflow/.local/lib/python3.8/site-packages/airflow/example_dags/example_xcom.py
[2024-01-29T18:14:39.376+0000] {logging_mixin.py:151} INFO - [2024-01-29T18:14:39.375+0000] {dag.py:2941} INFO - Sync 1 DAGs
[2024-01-29T18:14:39.451+0000] {logging_mixin.py:151} INFO - [2024-01-29T18:14:39.451+0000] {dag.py:3722} INFO - Setting next_dagrun for example_xcom to 2021-01-01T00:00:00+00:00, run_after=2021-01-01T00:00:00+00:00
[2024-01-29T18:14:39.518+0000] {processor.py:179} INFO - Processing /home/airflow/.local/lib/python3.8/site-packages/airflow/example_dags/example_xcom.py took 0.235 seconds
[2024-01-29T18:15:09.718+0000] {processor.py:157} INFO - Started process (PID=1505) to work on /home/airflow/.local/lib/python3.8/site-packages/airflow/example_dags/example_xcom.py
[2024-01-29T18:15:09.723+0000] {processor.py:829} INFO - Processing file /home/airflow/.local/lib/python3.8/site-packages/airflow/example_dags/example_xcom.py for tasks to queue
[2024-01-29T18:15:09.737+0000] {logging_mixin.py:151} INFO - [2024-01-29T18:15:09.736+0000] {dagbag.py:536} INFO - Filling up the DagBag from /home/airflow/.local/lib/python3.8/site-packages/airflow/example_dags/example_xcom.py
[2024-01-29T18:15:09.750+0000] {processor.py:839} INFO - DAG(s) dict_keys(['example_xcom']) retrieved from /home/airflow/.local/lib/python3.8/site-packages/airflow/example_dags/example_xcom.py
[2024-01-29T18:15:09.800+0000] {logging_mixin.py:151} INFO - [2024-01-29T18:15:09.800+0000] {dag.py:2941} INFO - Sync 1 DAGs
[2024-01-29T18:15:09.893+0000] {logging_mixin.py:151} INFO - [2024-01-29T18:15:09.891+0000] {dag.py:3722} INFO - Setting next_dagrun for example_xcom to 2021-01-01T00:00:00+00:00, run_after=2021-01-01T00:00:00+00:00
[2024-01-29T18:15:09.964+0000] {processor.py:179} INFO - Processing /home/airflow/.local/lib/python3.8/site-packages/airflow/example_dags/example_xcom.py took 0.251 seconds
[2024-01-29T18:15:40.655+0000] {processor.py:157} INFO - Started process (PID=1561) to work on /home/airflow/.local/lib/python3.8/site-packages/airflow/example_dags/example_xcom.py
[2024-01-29T18:15:40.656+0000] {processor.py:829} INFO - Processing file /home/airflow/.local/lib/python3.8/site-packages/airflow/example_dags/example_xcom.py for tasks to queue
[2024-01-29T18:15:40.665+0000] {logging_mixin.py:151} INFO - [2024-01-29T18:15:40.665+0000] {dagbag.py:536} INFO - Filling up the DagBag from /home/airflow/.local/lib/python3.8/site-packages/airflow/example_dags/example_xcom.py
[2024-01-29T18:15:40.683+0000] {processor.py:839} INFO - DAG(s) dict_keys(['example_xcom']) retrieved from /home/airflow/.local/lib/python3.8/site-packages/airflow/example_dags/example_xcom.py
[2024-01-29T18:15:40.756+0000] {logging_mixin.py:151} INFO - [2024-01-29T18:15:40.756+0000] {dag.py:2941} INFO - Sync 1 DAGs
[2024-01-29T18:15:40.833+0000] {logging_mixin.py:151} INFO - [2024-01-29T18:15:40.832+0000] {dag.py:3722} INFO - Setting next_dagrun for example_xcom to 2021-01-01T00:00:00+00:00, run_after=2021-01-01T00:00:00+00:00
[2024-01-29T18:15:40.916+0000] {processor.py:179} INFO - Processing /home/airflow/.local/lib/python3.8/site-packages/airflow/example_dags/example_xcom.py took 0.267 seconds
[2024-01-29T18:16:11.067+0000] {processor.py:157} INFO - Started process (PID=1617) to work on /home/airflow/.local/lib/python3.8/site-packages/airflow/example_dags/example_xcom.py
[2024-01-29T18:16:11.069+0000] {processor.py:829} INFO - Processing file /home/airflow/.local/lib/python3.8/site-packages/airflow/example_dags/example_xcom.py for tasks to queue
[2024-01-29T18:16:11.071+0000] {logging_mixin.py:151} INFO - [2024-01-29T18:16:11.071+0000] {dagbag.py:536} INFO - Filling up the DagBag from /home/airflow/.local/lib/python3.8/site-packages/airflow/example_dags/example_xcom.py
[2024-01-29T18:16:11.079+0000] {processor.py:839} INFO - DAG(s) dict_keys(['example_xcom']) retrieved from /home/airflow/.local/lib/python3.8/site-packages/airflow/example_dags/example_xcom.py
[2024-01-29T18:16:11.104+0000] {logging_mixin.py:151} INFO - [2024-01-29T18:16:11.103+0000] {dag.py:2941} INFO - Sync 1 DAGs
[2024-01-29T18:16:11.131+0000] {logging_mixin.py:151} INFO - [2024-01-29T18:16:11.131+0000] {dag.py:3722} INFO - Setting next_dagrun for example_xcom to 2021-01-01T00:00:00+00:00, run_after=2021-01-01T00:00:00+00:00
[2024-01-29T18:16:11.161+0000] {processor.py:179} INFO - Processing /home/airflow/.local/lib/python3.8/site-packages/airflow/example_dags/example_xcom.py took 0.098 seconds
[2024-01-29T18:16:41.492+0000] {processor.py:157} INFO - Started process (PID=1673) to work on /home/airflow/.local/lib/python3.8/site-packages/airflow/example_dags/example_xcom.py
[2024-01-29T18:16:41.493+0000] {processor.py:829} INFO - Processing file /home/airflow/.local/lib/python3.8/site-packages/airflow/example_dags/example_xcom.py for tasks to queue
[2024-01-29T18:16:41.496+0000] {logging_mixin.py:151} INFO - [2024-01-29T18:16:41.495+0000] {dagbag.py:536} INFO - Filling up the DagBag from /home/airflow/.local/lib/python3.8/site-packages/airflow/example_dags/example_xcom.py
[2024-01-29T18:16:41.504+0000] {processor.py:839} INFO - DAG(s) dict_keys(['example_xcom']) retrieved from /home/airflow/.local/lib/python3.8/site-packages/airflow/example_dags/example_xcom.py
[2024-01-29T18:16:41.529+0000] {logging_mixin.py:151} INFO - [2024-01-29T18:16:41.529+0000] {dag.py:2941} INFO - Sync 1 DAGs
[2024-01-29T18:16:41.561+0000] {logging_mixin.py:151} INFO - [2024-01-29T18:16:41.560+0000] {dag.py:3722} INFO - Setting next_dagrun for example_xcom to 2021-01-01T00:00:00+00:00, run_after=2021-01-01T00:00:00+00:00
[2024-01-29T18:16:41.587+0000] {processor.py:179} INFO - Processing /home/airflow/.local/lib/python3.8/site-packages/airflow/example_dags/example_xcom.py took 0.097 seconds
[2024-01-29T18:17:12.265+0000] {processor.py:157} INFO - Started process (PID=1729) to work on /home/airflow/.local/lib/python3.8/site-packages/airflow/example_dags/example_xcom.py
[2024-01-29T18:17:12.266+0000] {processor.py:829} INFO - Processing file /home/airflow/.local/lib/python3.8/site-packages/airflow/example_dags/example_xcom.py for tasks to queue
[2024-01-29T18:17:12.268+0000] {logging_mixin.py:151} INFO - [2024-01-29T18:17:12.268+0000] {dagbag.py:536} INFO - Filling up the DagBag from /home/airflow/.local/lib/python3.8/site-packages/airflow/example_dags/example_xcom.py
[2024-01-29T18:17:12.275+0000] {processor.py:839} INFO - DAG(s) dict_keys(['example_xcom']) retrieved from /home/airflow/.local/lib/python3.8/site-packages/airflow/example_dags/example_xcom.py
[2024-01-29T18:17:12.299+0000] {logging_mixin.py:151} INFO - [2024-01-29T18:17:12.298+0000] {dag.py:2941} INFO - Sync 1 DAGs
[2024-01-29T18:17:12.329+0000] {logging_mixin.py:151} INFO - [2024-01-29T18:17:12.328+0000] {dag.py:3722} INFO - Setting next_dagrun for example_xcom to 2021-01-01T00:00:00+00:00, run_after=2021-01-01T00:00:00+00:00
[2024-01-29T18:17:12.354+0000] {processor.py:179} INFO - Processing /home/airflow/.local/lib/python3.8/site-packages/airflow/example_dags/example_xcom.py took 0.091 seconds
[2024-01-29T18:17:42.773+0000] {processor.py:157} INFO - Started process (PID=1785) to work on /home/airflow/.local/lib/python3.8/site-packages/airflow/example_dags/example_xcom.py
[2024-01-29T18:17:42.775+0000] {processor.py:829} INFO - Processing file /home/airflow/.local/lib/python3.8/site-packages/airflow/example_dags/example_xcom.py for tasks to queue
[2024-01-29T18:17:42.777+0000] {logging_mixin.py:151} INFO - [2024-01-29T18:17:42.777+0000] {dagbag.py:536} INFO - Filling up the DagBag from /home/airflow/.local/lib/python3.8/site-packages/airflow/example_dags/example_xcom.py
[2024-01-29T18:17:42.786+0000] {processor.py:839} INFO - DAG(s) dict_keys(['example_xcom']) retrieved from /home/airflow/.local/lib/python3.8/site-packages/airflow/example_dags/example_xcom.py
[2024-01-29T18:17:42.813+0000] {logging_mixin.py:151} INFO - [2024-01-29T18:17:42.812+0000] {dag.py:2941} INFO - Sync 1 DAGs
[2024-01-29T18:17:42.845+0000] {logging_mixin.py:151} INFO - [2024-01-29T18:17:42.845+0000] {dag.py:3722} INFO - Setting next_dagrun for example_xcom to 2021-01-01T00:00:00+00:00, run_after=2021-01-01T00:00:00+00:00
[2024-01-29T18:17:42.873+0000] {processor.py:179} INFO - Processing /home/airflow/.local/lib/python3.8/site-packages/airflow/example_dags/example_xcom.py took 0.103 seconds
[2024-01-29T18:18:13.183+0000] {processor.py:157} INFO - Started process (PID=1841) to work on /home/airflow/.local/lib/python3.8/site-packages/airflow/example_dags/example_xcom.py
[2024-01-29T18:18:13.184+0000] {processor.py:829} INFO - Processing file /home/airflow/.local/lib/python3.8/site-packages/airflow/example_dags/example_xcom.py for tasks to queue
[2024-01-29T18:18:13.187+0000] {logging_mixin.py:151} INFO - [2024-01-29T18:18:13.186+0000] {dagbag.py:536} INFO - Filling up the DagBag from /home/airflow/.local/lib/python3.8/site-packages/airflow/example_dags/example_xcom.py
[2024-01-29T18:18:13.194+0000] {processor.py:839} INFO - DAG(s) dict_keys(['example_xcom']) retrieved from /home/airflow/.local/lib/python3.8/site-packages/airflow/example_dags/example_xcom.py
[2024-01-29T18:18:13.217+0000] {logging_mixin.py:151} INFO - [2024-01-29T18:18:13.217+0000] {dag.py:2941} INFO - Sync 1 DAGs
[2024-01-29T18:18:13.243+0000] {logging_mixin.py:151} INFO - [2024-01-29T18:18:13.242+0000] {dag.py:3722} INFO - Setting next_dagrun for example_xcom to 2021-01-01T00:00:00+00:00, run_after=2021-01-01T00:00:00+00:00
[2024-01-29T18:18:13.267+0000] {processor.py:179} INFO - Processing /home/airflow/.local/lib/python3.8/site-packages/airflow/example_dags/example_xcom.py took 0.086 seconds
[2024-01-29T18:18:43.560+0000] {processor.py:157} INFO - Started process (PID=1897) to work on /home/airflow/.local/lib/python3.8/site-packages/airflow/example_dags/example_xcom.py
[2024-01-29T18:18:43.561+0000] {processor.py:829} INFO - Processing file /home/airflow/.local/lib/python3.8/site-packages/airflow/example_dags/example_xcom.py for tasks to queue
[2024-01-29T18:18:43.563+0000] {logging_mixin.py:151} INFO - [2024-01-29T18:18:43.563+0000] {dagbag.py:536} INFO - Filling up the DagBag from /home/airflow/.local/lib/python3.8/site-packages/airflow/example_dags/example_xcom.py
[2024-01-29T18:18:43.571+0000] {processor.py:839} INFO - DAG(s) dict_keys(['example_xcom']) retrieved from /home/airflow/.local/lib/python3.8/site-packages/airflow/example_dags/example_xcom.py
[2024-01-29T18:18:43.598+0000] {logging_mixin.py:151} INFO - [2024-01-29T18:18:43.597+0000] {dag.py:2941} INFO - Sync 1 DAGs
[2024-01-29T18:18:43.630+0000] {logging_mixin.py:151} INFO - [2024-01-29T18:18:43.630+0000] {dag.py:3722} INFO - Setting next_dagrun for example_xcom to 2021-01-01T00:00:00+00:00, run_after=2021-01-01T00:00:00+00:00
[2024-01-29T18:18:43.661+0000] {processor.py:179} INFO - Processing /home/airflow/.local/lib/python3.8/site-packages/airflow/example_dags/example_xcom.py took 0.104 seconds
[2024-01-29T18:19:13.811+0000] {processor.py:157} INFO - Started process (PID=1953) to work on /home/airflow/.local/lib/python3.8/site-packages/airflow/example_dags/example_xcom.py
[2024-01-29T18:19:13.812+0000] {processor.py:829} INFO - Processing file /home/airflow/.local/lib/python3.8/site-packages/airflow/example_dags/example_xcom.py for tasks to queue
[2024-01-29T18:19:13.815+0000] {logging_mixin.py:151} INFO - [2024-01-29T18:19:13.814+0000] {dagbag.py:536} INFO - Filling up the DagBag from /home/airflow/.local/lib/python3.8/site-packages/airflow/example_dags/example_xcom.py
[2024-01-29T18:19:13.823+0000] {processor.py:839} INFO - DAG(s) dict_keys(['example_xcom']) retrieved from /home/airflow/.local/lib/python3.8/site-packages/airflow/example_dags/example_xcom.py
[2024-01-29T18:19:13.846+0000] {logging_mixin.py:151} INFO - [2024-01-29T18:19:13.846+0000] {dag.py:2941} INFO - Sync 1 DAGs
[2024-01-29T18:19:13.877+0000] {logging_mixin.py:151} INFO - [2024-01-29T18:19:13.876+0000] {dag.py:3722} INFO - Setting next_dagrun for example_xcom to 2021-01-01T00:00:00+00:00, run_after=2021-01-01T00:00:00+00:00
[2024-01-29T18:19:13.904+0000] {processor.py:179} INFO - Processing /home/airflow/.local/lib/python3.8/site-packages/airflow/example_dags/example_xcom.py took 0.095 seconds
[2024-01-29T18:19:44.255+0000] {processor.py:157} INFO - Started process (PID=2009) to work on /home/airflow/.local/lib/python3.8/site-packages/airflow/example_dags/example_xcom.py
[2024-01-29T18:19:44.256+0000] {processor.py:829} INFO - Processing file /home/airflow/.local/lib/python3.8/site-packages/airflow/example_dags/example_xcom.py for tasks to queue
[2024-01-29T18:19:44.259+0000] {logging_mixin.py:151} INFO - [2024-01-29T18:19:44.259+0000] {dagbag.py:536} INFO - Filling up the DagBag from /home/airflow/.local/lib/python3.8/site-packages/airflow/example_dags/example_xcom.py
[2024-01-29T18:19:44.269+0000] {processor.py:839} INFO - DAG(s) dict_keys(['example_xcom']) retrieved from /home/airflow/.local/lib/python3.8/site-packages/airflow/example_dags/example_xcom.py
[2024-01-29T18:19:44.295+0000] {logging_mixin.py:151} INFO - [2024-01-29T18:19:44.295+0000] {dag.py:2941} INFO - Sync 1 DAGs
[2024-01-29T18:19:44.325+0000] {logging_mixin.py:151} INFO - [2024-01-29T18:19:44.324+0000] {dag.py:3722} INFO - Setting next_dagrun for example_xcom to 2021-01-01T00:00:00+00:00, run_after=2021-01-01T00:00:00+00:00
[2024-01-29T18:19:44.351+0000] {processor.py:179} INFO - Processing /home/airflow/.local/lib/python3.8/site-packages/airflow/example_dags/example_xcom.py took 0.100 seconds
[2024-01-29T18:20:14.692+0000] {processor.py:157} INFO - Started process (PID=2065) to work on /home/airflow/.local/lib/python3.8/site-packages/airflow/example_dags/example_xcom.py
[2024-01-29T18:20:14.693+0000] {processor.py:829} INFO - Processing file /home/airflow/.local/lib/python3.8/site-packages/airflow/example_dags/example_xcom.py for tasks to queue
[2024-01-29T18:20:14.695+0000] {logging_mixin.py:151} INFO - [2024-01-29T18:20:14.695+0000] {dagbag.py:536} INFO - Filling up the DagBag from /home/airflow/.local/lib/python3.8/site-packages/airflow/example_dags/example_xcom.py
[2024-01-29T18:20:14.704+0000] {processor.py:839} INFO - DAG(s) dict_keys(['example_xcom']) retrieved from /home/airflow/.local/lib/python3.8/site-packages/airflow/example_dags/example_xcom.py
[2024-01-29T18:20:14.727+0000] {logging_mixin.py:151} INFO - [2024-01-29T18:20:14.727+0000] {dag.py:2941} INFO - Sync 1 DAGs
[2024-01-29T18:20:14.759+0000] {logging_mixin.py:151} INFO - [2024-01-29T18:20:14.758+0000] {dag.py:3722} INFO - Setting next_dagrun for example_xcom to 2021-01-01T00:00:00+00:00, run_after=2021-01-01T00:00:00+00:00
[2024-01-29T18:20:14.787+0000] {processor.py:179} INFO - Processing /home/airflow/.local/lib/python3.8/site-packages/airflow/example_dags/example_xcom.py took 0.098 seconds
[2024-01-29T18:20:45.157+0000] {processor.py:157} INFO - Started process (PID=2121) to work on /home/airflow/.local/lib/python3.8/site-packages/airflow/example_dags/example_xcom.py
[2024-01-29T18:20:45.158+0000] {processor.py:829} INFO - Processing file /home/airflow/.local/lib/python3.8/site-packages/airflow/example_dags/example_xcom.py for tasks to queue
[2024-01-29T18:20:45.161+0000] {logging_mixin.py:151} INFO - [2024-01-29T18:20:45.160+0000] {dagbag.py:536} INFO - Filling up the DagBag from /home/airflow/.local/lib/python3.8/site-packages/airflow/example_dags/example_xcom.py
[2024-01-29T18:20:45.169+0000] {processor.py:839} INFO - DAG(s) dict_keys(['example_xcom']) retrieved from /home/airflow/.local/lib/python3.8/site-packages/airflow/example_dags/example_xcom.py
[2024-01-29T18:20:45.198+0000] {logging_mixin.py:151} INFO - [2024-01-29T18:20:45.197+0000] {dag.py:2941} INFO - Sync 1 DAGs
[2024-01-29T18:20:45.236+0000] {logging_mixin.py:151} INFO - [2024-01-29T18:20:45.235+0000] {dag.py:3722} INFO - Setting next_dagrun for example_xcom to 2021-01-01T00:00:00+00:00, run_after=2021-01-01T00:00:00+00:00
[2024-01-29T18:20:45.266+0000] {processor.py:179} INFO - Processing /home/airflow/.local/lib/python3.8/site-packages/airflow/example_dags/example_xcom.py took 0.112 seconds
[2024-01-29T18:21:15.954+0000] {processor.py:157} INFO - Started process (PID=2184) to work on /home/airflow/.local/lib/python3.8/site-packages/airflow/example_dags/example_xcom.py
[2024-01-29T18:21:15.956+0000] {processor.py:829} INFO - Processing file /home/airflow/.local/lib/python3.8/site-packages/airflow/example_dags/example_xcom.py for tasks to queue
[2024-01-29T18:21:15.958+0000] {logging_mixin.py:151} INFO - [2024-01-29T18:21:15.958+0000] {dagbag.py:536} INFO - Filling up the DagBag from /home/airflow/.local/lib/python3.8/site-packages/airflow/example_dags/example_xcom.py
[2024-01-29T18:21:15.969+0000] {processor.py:839} INFO - DAG(s) dict_keys(['example_xcom']) retrieved from /home/airflow/.local/lib/python3.8/site-packages/airflow/example_dags/example_xcom.py
[2024-01-29T18:21:15.998+0000] {logging_mixin.py:151} INFO - [2024-01-29T18:21:15.997+0000] {dag.py:2941} INFO - Sync 1 DAGs
[2024-01-29T18:21:16.029+0000] {logging_mixin.py:151} INFO - [2024-01-29T18:21:16.029+0000] {dag.py:3722} INFO - Setting next_dagrun for example_xcom to 2021-01-01T00:00:00+00:00, run_after=2021-01-01T00:00:00+00:00
[2024-01-29T18:21:16.056+0000] {processor.py:179} INFO - Processing /home/airflow/.local/lib/python3.8/site-packages/airflow/example_dags/example_xcom.py took 0.105 seconds
[2024-01-29T18:21:46.338+0000] {processor.py:157} INFO - Started process (PID=2240) to work on /home/airflow/.local/lib/python3.8/site-packages/airflow/example_dags/example_xcom.py
[2024-01-29T18:21:46.339+0000] {processor.py:829} INFO - Processing file /home/airflow/.local/lib/python3.8/site-packages/airflow/example_dags/example_xcom.py for tasks to queue
[2024-01-29T18:21:46.342+0000] {logging_mixin.py:151} INFO - [2024-01-29T18:21:46.342+0000] {dagbag.py:536} INFO - Filling up the DagBag from /home/airflow/.local/lib/python3.8/site-packages/airflow/example_dags/example_xcom.py
[2024-01-29T18:21:46.350+0000] {processor.py:839} INFO - DAG(s) dict_keys(['example_xcom']) retrieved from /home/airflow/.local/lib/python3.8/site-packages/airflow/example_dags/example_xcom.py
[2024-01-29T18:21:46.376+0000] {logging_mixin.py:151} INFO - [2024-01-29T18:21:46.376+0000] {dag.py:2941} INFO - Sync 1 DAGs
[2024-01-29T18:21:46.405+0000] {logging_mixin.py:151} INFO - [2024-01-29T18:21:46.405+0000] {dag.py:3722} INFO - Setting next_dagrun for example_xcom to 2021-01-01T00:00:00+00:00, run_after=2021-01-01T00:00:00+00:00
[2024-01-29T18:21:46.587+0000] {processor.py:179} INFO - Processing /home/airflow/.local/lib/python3.8/site-packages/airflow/example_dags/example_xcom.py took 0.253 seconds
[2024-01-29T18:22:16.897+0000] {processor.py:157} INFO - Started process (PID=2296) to work on /home/airflow/.local/lib/python3.8/site-packages/airflow/example_dags/example_xcom.py
[2024-01-29T18:22:16.898+0000] {processor.py:829} INFO - Processing file /home/airflow/.local/lib/python3.8/site-packages/airflow/example_dags/example_xcom.py for tasks to queue
[2024-01-29T18:22:16.900+0000] {logging_mixin.py:151} INFO - [2024-01-29T18:22:16.900+0000] {dagbag.py:536} INFO - Filling up the DagBag from /home/airflow/.local/lib/python3.8/site-packages/airflow/example_dags/example_xcom.py
[2024-01-29T18:22:16.908+0000] {processor.py:839} INFO - DAG(s) dict_keys(['example_xcom']) retrieved from /home/airflow/.local/lib/python3.8/site-packages/airflow/example_dags/example_xcom.py
[2024-01-29T18:22:16.931+0000] {logging_mixin.py:151} INFO - [2024-01-29T18:22:16.931+0000] {dag.py:2941} INFO - Sync 1 DAGs
[2024-01-29T18:22:16.965+0000] {logging_mixin.py:151} INFO - [2024-01-29T18:22:16.965+0000] {dag.py:3722} INFO - Setting next_dagrun for example_xcom to 2021-01-01T00:00:00+00:00, run_after=2021-01-01T00:00:00+00:00
[2024-01-29T18:22:16.991+0000] {processor.py:179} INFO - Processing /home/airflow/.local/lib/python3.8/site-packages/airflow/example_dags/example_xcom.py took 0.097 seconds
[2024-01-29T18:22:47.100+0000] {processor.py:157} INFO - Started process (PID=2352) to work on /home/airflow/.local/lib/python3.8/site-packages/airflow/example_dags/example_xcom.py
[2024-01-29T18:22:47.101+0000] {processor.py:829} INFO - Processing file /home/airflow/.local/lib/python3.8/site-packages/airflow/example_dags/example_xcom.py for tasks to queue
[2024-01-29T18:22:47.104+0000] {logging_mixin.py:151} INFO - [2024-01-29T18:22:47.103+0000] {dagbag.py:536} INFO - Filling up the DagBag from /home/airflow/.local/lib/python3.8/site-packages/airflow/example_dags/example_xcom.py
[2024-01-29T18:22:47.112+0000] {processor.py:839} INFO - DAG(s) dict_keys(['example_xcom']) retrieved from /home/airflow/.local/lib/python3.8/site-packages/airflow/example_dags/example_xcom.py
[2024-01-29T18:22:47.136+0000] {logging_mixin.py:151} INFO - [2024-01-29T18:22:47.135+0000] {dag.py:2941} INFO - Sync 1 DAGs
[2024-01-29T18:22:47.163+0000] {logging_mixin.py:151} INFO - [2024-01-29T18:22:47.163+0000] {dag.py:3722} INFO - Setting next_dagrun for example_xcom to 2021-01-01T00:00:00+00:00, run_after=2021-01-01T00:00:00+00:00
[2024-01-29T18:22:47.188+0000] {processor.py:179} INFO - Processing /home/airflow/.local/lib/python3.8/site-packages/airflow/example_dags/example_xcom.py took 0.091 seconds
[2024-01-29T18:23:17.666+0000] {processor.py:157} INFO - Started process (PID=2408) to work on /home/airflow/.local/lib/python3.8/site-packages/airflow/example_dags/example_xcom.py
[2024-01-29T18:23:17.667+0000] {processor.py:829} INFO - Processing file /home/airflow/.local/lib/python3.8/site-packages/airflow/example_dags/example_xcom.py for tasks to queue
[2024-01-29T18:23:17.669+0000] {logging_mixin.py:151} INFO - [2024-01-29T18:23:17.669+0000] {dagbag.py:536} INFO - Filling up the DagBag from /home/airflow/.local/lib/python3.8/site-packages/airflow/example_dags/example_xcom.py
[2024-01-29T18:23:17.676+0000] {processor.py:839} INFO - DAG(s) dict_keys(['example_xcom']) retrieved from /home/airflow/.local/lib/python3.8/site-packages/airflow/example_dags/example_xcom.py
[2024-01-29T18:23:17.698+0000] {logging_mixin.py:151} INFO - [2024-01-29T18:23:17.698+0000] {dag.py:2941} INFO - Sync 1 DAGs
[2024-01-29T18:23:17.723+0000] {logging_mixin.py:151} INFO - [2024-01-29T18:23:17.723+0000] {dag.py:3722} INFO - Setting next_dagrun for example_xcom to 2021-01-01T00:00:00+00:00, run_after=2021-01-01T00:00:00+00:00
[2024-01-29T18:23:17.871+0000] {processor.py:179} INFO - Processing /home/airflow/.local/lib/python3.8/site-packages/airflow/example_dags/example_xcom.py took 0.207 seconds
[2024-01-29T18:23:47.927+0000] {processor.py:157} INFO - Started process (PID=2464) to work on /home/airflow/.local/lib/python3.8/site-packages/airflow/example_dags/example_xcom.py
[2024-01-29T18:23:47.929+0000] {processor.py:829} INFO - Processing file /home/airflow/.local/lib/python3.8/site-packages/airflow/example_dags/example_xcom.py for tasks to queue
[2024-01-29T18:23:47.932+0000] {logging_mixin.py:151} INFO - [2024-01-29T18:23:47.931+0000] {dagbag.py:536} INFO - Filling up the DagBag from /home/airflow/.local/lib/python3.8/site-packages/airflow/example_dags/example_xcom.py
[2024-01-29T18:23:47.940+0000] {processor.py:839} INFO - DAG(s) dict_keys(['example_xcom']) retrieved from /home/airflow/.local/lib/python3.8/site-packages/airflow/example_dags/example_xcom.py
[2024-01-29T18:23:47.966+0000] {logging_mixin.py:151} INFO - [2024-01-29T18:23:47.966+0000] {dag.py:2941} INFO - Sync 1 DAGs
[2024-01-29T18:23:47.995+0000] {logging_mixin.py:151} INFO - [2024-01-29T18:23:47.995+0000] {dag.py:3722} INFO - Setting next_dagrun for example_xcom to 2021-01-01T00:00:00+00:00, run_after=2021-01-01T00:00:00+00:00
[2024-01-29T18:23:48.022+0000] {processor.py:179} INFO - Processing /home/airflow/.local/lib/python3.8/site-packages/airflow/example_dags/example_xcom.py took 0.098 seconds
[2024-01-29T18:24:18.181+0000] {processor.py:157} INFO - Started process (PID=2520) to work on /home/airflow/.local/lib/python3.8/site-packages/airflow/example_dags/example_xcom.py
[2024-01-29T18:24:18.182+0000] {processor.py:829} INFO - Processing file /home/airflow/.local/lib/python3.8/site-packages/airflow/example_dags/example_xcom.py for tasks to queue
[2024-01-29T18:24:18.184+0000] {logging_mixin.py:151} INFO - [2024-01-29T18:24:18.184+0000] {dagbag.py:536} INFO - Filling up the DagBag from /home/airflow/.local/lib/python3.8/site-packages/airflow/example_dags/example_xcom.py
[2024-01-29T18:24:18.192+0000] {processor.py:839} INFO - DAG(s) dict_keys(['example_xcom']) retrieved from /home/airflow/.local/lib/python3.8/site-packages/airflow/example_dags/example_xcom.py
[2024-01-29T18:24:18.216+0000] {logging_mixin.py:151} INFO - [2024-01-29T18:24:18.216+0000] {dag.py:2941} INFO - Sync 1 DAGs
[2024-01-29T18:24:18.244+0000] {logging_mixin.py:151} INFO - [2024-01-29T18:24:18.243+0000] {dag.py:3722} INFO - Setting next_dagrun for example_xcom to 2021-01-01T00:00:00+00:00, run_after=2021-01-01T00:00:00+00:00
[2024-01-29T18:24:18.271+0000] {processor.py:179} INFO - Processing /home/airflow/.local/lib/python3.8/site-packages/airflow/example_dags/example_xcom.py took 0.093 seconds
[2024-01-29T18:24:48.710+0000] {processor.py:157} INFO - Started process (PID=2576) to work on /home/airflow/.local/lib/python3.8/site-packages/airflow/example_dags/example_xcom.py
[2024-01-29T18:24:48.713+0000] {processor.py:829} INFO - Processing file /home/airflow/.local/lib/python3.8/site-packages/airflow/example_dags/example_xcom.py for tasks to queue
[2024-01-29T18:24:48.718+0000] {logging_mixin.py:151} INFO - [2024-01-29T18:24:48.717+0000] {dagbag.py:536} INFO - Filling up the DagBag from /home/airflow/.local/lib/python3.8/site-packages/airflow/example_dags/example_xcom.py
[2024-01-29T18:24:48.727+0000] {processor.py:839} INFO - DAG(s) dict_keys(['example_xcom']) retrieved from /home/airflow/.local/lib/python3.8/site-packages/airflow/example_dags/example_xcom.py
[2024-01-29T18:24:48.760+0000] {logging_mixin.py:151} INFO - [2024-01-29T18:24:48.760+0000] {dag.py:2941} INFO - Sync 1 DAGs
[2024-01-29T18:24:48.931+0000] {logging_mixin.py:151} INFO - [2024-01-29T18:24:48.931+0000] {dag.py:3722} INFO - Setting next_dagrun for example_xcom to 2021-01-01T00:00:00+00:00, run_after=2021-01-01T00:00:00+00:00
[2024-01-29T18:24:48.958+0000] {processor.py:179} INFO - Processing /home/airflow/.local/lib/python3.8/site-packages/airflow/example_dags/example_xcom.py took 0.251 seconds
[2024-01-29T18:25:19.073+0000] {processor.py:157} INFO - Started process (PID=2632) to work on /home/airflow/.local/lib/python3.8/site-packages/airflow/example_dags/example_xcom.py
[2024-01-29T18:25:19.074+0000] {processor.py:829} INFO - Processing file /home/airflow/.local/lib/python3.8/site-packages/airflow/example_dags/example_xcom.py for tasks to queue
[2024-01-29T18:25:19.076+0000] {logging_mixin.py:151} INFO - [2024-01-29T18:25:19.076+0000] {dagbag.py:536} INFO - Filling up the DagBag from /home/airflow/.local/lib/python3.8/site-packages/airflow/example_dags/example_xcom.py
[2024-01-29T18:25:19.085+0000] {processor.py:839} INFO - DAG(s) dict_keys(['example_xcom']) retrieved from /home/airflow/.local/lib/python3.8/site-packages/airflow/example_dags/example_xcom.py
[2024-01-29T18:25:19.109+0000] {logging_mixin.py:151} INFO - [2024-01-29T18:25:19.109+0000] {dag.py:2941} INFO - Sync 1 DAGs
[2024-01-29T18:25:19.137+0000] {logging_mixin.py:151} INFO - [2024-01-29T18:25:19.136+0000] {dag.py:3722} INFO - Setting next_dagrun for example_xcom to 2021-01-01T00:00:00+00:00, run_after=2021-01-01T00:00:00+00:00
[2024-01-29T18:25:19.162+0000] {processor.py:179} INFO - Processing /home/airflow/.local/lib/python3.8/site-packages/airflow/example_dags/example_xcom.py took 0.092 seconds
[2024-01-29T18:25:49.435+0000] {processor.py:157} INFO - Started process (PID=2688) to work on /home/airflow/.local/lib/python3.8/site-packages/airflow/example_dags/example_xcom.py
[2024-01-29T18:25:49.436+0000] {processor.py:829} INFO - Processing file /home/airflow/.local/lib/python3.8/site-packages/airflow/example_dags/example_xcom.py for tasks to queue
[2024-01-29T18:25:49.439+0000] {logging_mixin.py:151} INFO - [2024-01-29T18:25:49.438+0000] {dagbag.py:536} INFO - Filling up the DagBag from /home/airflow/.local/lib/python3.8/site-packages/airflow/example_dags/example_xcom.py
[2024-01-29T18:25:49.449+0000] {processor.py:839} INFO - DAG(s) dict_keys(['example_xcom']) retrieved from /home/airflow/.local/lib/python3.8/site-packages/airflow/example_dags/example_xcom.py
[2024-01-29T18:25:49.469+0000] {logging_mixin.py:151} INFO - [2024-01-29T18:25:49.469+0000] {dag.py:2941} INFO - Sync 1 DAGs
[2024-01-29T18:25:49.494+0000] {logging_mixin.py:151} INFO - [2024-01-29T18:25:49.493+0000] {dag.py:3722} INFO - Setting next_dagrun for example_xcom to 2021-01-01T00:00:00+00:00, run_after=2021-01-01T00:00:00+00:00
[2024-01-29T18:25:49.518+0000] {processor.py:179} INFO - Processing /home/airflow/.local/lib/python3.8/site-packages/airflow/example_dags/example_xcom.py took 0.085 seconds
[2024-01-29T18:26:20.412+0000] {processor.py:157} INFO - Started process (PID=2744) to work on /home/airflow/.local/lib/python3.8/site-packages/airflow/example_dags/example_xcom.py
[2024-01-29T18:26:20.413+0000] {processor.py:829} INFO - Processing file /home/airflow/.local/lib/python3.8/site-packages/airflow/example_dags/example_xcom.py for tasks to queue
[2024-01-29T18:26:20.416+0000] {logging_mixin.py:151} INFO - [2024-01-29T18:26:20.415+0000] {dagbag.py:536} INFO - Filling up the DagBag from /home/airflow/.local/lib/python3.8/site-packages/airflow/example_dags/example_xcom.py
[2024-01-29T18:26:20.424+0000] {processor.py:839} INFO - DAG(s) dict_keys(['example_xcom']) retrieved from /home/airflow/.local/lib/python3.8/site-packages/airflow/example_dags/example_xcom.py
[2024-01-29T18:26:20.453+0000] {logging_mixin.py:151} INFO - [2024-01-29T18:26:20.453+0000] {dag.py:2941} INFO - Sync 1 DAGs
[2024-01-29T18:26:20.651+0000] {logging_mixin.py:151} INFO - [2024-01-29T18:26:20.650+0000] {dag.py:3722} INFO - Setting next_dagrun for example_xcom to 2021-01-01T00:00:00+00:00, run_after=2021-01-01T00:00:00+00:00
[2024-01-29T18:26:20.681+0000] {processor.py:179} INFO - Processing /home/airflow/.local/lib/python3.8/site-packages/airflow/example_dags/example_xcom.py took 0.273 seconds
[2024-01-29T18:26:50.764+0000] {processor.py:157} INFO - Started process (PID=2800) to work on /home/airflow/.local/lib/python3.8/site-packages/airflow/example_dags/example_xcom.py
[2024-01-29T18:26:50.765+0000] {processor.py:829} INFO - Processing file /home/airflow/.local/lib/python3.8/site-packages/airflow/example_dags/example_xcom.py for tasks to queue
[2024-01-29T18:26:50.767+0000] {logging_mixin.py:151} INFO - [2024-01-29T18:26:50.767+0000] {dagbag.py:536} INFO - Filling up the DagBag from /home/airflow/.local/lib/python3.8/site-packages/airflow/example_dags/example_xcom.py
[2024-01-29T18:26:50.775+0000] {processor.py:839} INFO - DAG(s) dict_keys(['example_xcom']) retrieved from /home/airflow/.local/lib/python3.8/site-packages/airflow/example_dags/example_xcom.py
[2024-01-29T18:26:50.798+0000] {logging_mixin.py:151} INFO - [2024-01-29T18:26:50.798+0000] {dag.py:2941} INFO - Sync 1 DAGs
[2024-01-29T18:26:50.825+0000] {logging_mixin.py:151} INFO - [2024-01-29T18:26:50.825+0000] {dag.py:3722} INFO - Setting next_dagrun for example_xcom to 2021-01-01T00:00:00+00:00, run_after=2021-01-01T00:00:00+00:00
[2024-01-29T18:26:50.852+0000] {processor.py:179} INFO - Processing /home/airflow/.local/lib/python3.8/site-packages/airflow/example_dags/example_xcom.py took 0.090 seconds
[2024-01-29T18:27:21.087+0000] {processor.py:157} INFO - Started process (PID=2856) to work on /home/airflow/.local/lib/python3.8/site-packages/airflow/example_dags/example_xcom.py
[2024-01-29T18:27:21.088+0000] {processor.py:829} INFO - Processing file /home/airflow/.local/lib/python3.8/site-packages/airflow/example_dags/example_xcom.py for tasks to queue
[2024-01-29T18:27:21.091+0000] {logging_mixin.py:151} INFO - [2024-01-29T18:27:21.090+0000] {dagbag.py:536} INFO - Filling up the DagBag from /home/airflow/.local/lib/python3.8/site-packages/airflow/example_dags/example_xcom.py
[2024-01-29T18:27:21.098+0000] {processor.py:839} INFO - DAG(s) dict_keys(['example_xcom']) retrieved from /home/airflow/.local/lib/python3.8/site-packages/airflow/example_dags/example_xcom.py
[2024-01-29T18:27:21.123+0000] {logging_mixin.py:151} INFO - [2024-01-29T18:27:21.123+0000] {dag.py:2941} INFO - Sync 1 DAGs
[2024-01-29T18:27:21.151+0000] {logging_mixin.py:151} INFO - [2024-01-29T18:27:21.151+0000] {dag.py:3722} INFO - Setting next_dagrun for example_xcom to 2021-01-01T00:00:00+00:00, run_after=2021-01-01T00:00:00+00:00
[2024-01-29T18:27:21.177+0000] {processor.py:179} INFO - Processing /home/airflow/.local/lib/python3.8/site-packages/airflow/example_dags/example_xcom.py took 0.093 seconds
[2024-01-29T18:27:51.227+0000] {processor.py:157} INFO - Started process (PID=2912) to work on /home/airflow/.local/lib/python3.8/site-packages/airflow/example_dags/example_xcom.py
[2024-01-29T18:27:51.228+0000] {processor.py:829} INFO - Processing file /home/airflow/.local/lib/python3.8/site-packages/airflow/example_dags/example_xcom.py for tasks to queue
[2024-01-29T18:27:51.230+0000] {logging_mixin.py:151} INFO - [2024-01-29T18:27:51.230+0000] {dagbag.py:536} INFO - Filling up the DagBag from /home/airflow/.local/lib/python3.8/site-packages/airflow/example_dags/example_xcom.py
[2024-01-29T18:27:51.238+0000] {processor.py:839} INFO - DAG(s) dict_keys(['example_xcom']) retrieved from /home/airflow/.local/lib/python3.8/site-packages/airflow/example_dags/example_xcom.py
[2024-01-29T18:27:51.267+0000] {logging_mixin.py:151} INFO - [2024-01-29T18:27:51.267+0000] {dag.py:2941} INFO - Sync 1 DAGs
[2024-01-29T18:27:51.306+0000] {logging_mixin.py:151} INFO - [2024-01-29T18:27:51.306+0000] {dag.py:3722} INFO - Setting next_dagrun for example_xcom to 2021-01-01T00:00:00+00:00, run_after=2021-01-01T00:00:00+00:00
[2024-01-29T18:27:51.327+0000] {processor.py:179} INFO - Processing /home/airflow/.local/lib/python3.8/site-packages/airflow/example_dags/example_xcom.py took 0.103 seconds
[2024-01-29T18:28:21.589+0000] {processor.py:157} INFO - Started process (PID=2968) to work on /home/airflow/.local/lib/python3.8/site-packages/airflow/example_dags/example_xcom.py
[2024-01-29T18:28:21.590+0000] {processor.py:829} INFO - Processing file /home/airflow/.local/lib/python3.8/site-packages/airflow/example_dags/example_xcom.py for tasks to queue
[2024-01-29T18:28:21.592+0000] {logging_mixin.py:151} INFO - [2024-01-29T18:28:21.592+0000] {dagbag.py:536} INFO - Filling up the DagBag from /home/airflow/.local/lib/python3.8/site-packages/airflow/example_dags/example_xcom.py
[2024-01-29T18:28:21.601+0000] {processor.py:839} INFO - DAG(s) dict_keys(['example_xcom']) retrieved from /home/airflow/.local/lib/python3.8/site-packages/airflow/example_dags/example_xcom.py
[2024-01-29T18:28:21.629+0000] {logging_mixin.py:151} INFO - [2024-01-29T18:28:21.628+0000] {dag.py:2941} INFO - Sync 1 DAGs
[2024-01-29T18:28:21.658+0000] {logging_mixin.py:151} INFO - [2024-01-29T18:28:21.658+0000] {dag.py:3722} INFO - Setting next_dagrun for example_xcom to 2021-01-01T00:00:00+00:00, run_after=2021-01-01T00:00:00+00:00
[2024-01-29T18:28:21.686+0000] {processor.py:179} INFO - Processing /home/airflow/.local/lib/python3.8/site-packages/airflow/example_dags/example_xcom.py took 0.100 seconds
[2024-01-29T18:28:52.480+0000] {processor.py:157} INFO - Started process (PID=3022) to work on /home/airflow/.local/lib/python3.8/site-packages/airflow/example_dags/example_xcom.py
[2024-01-29T18:28:52.481+0000] {processor.py:829} INFO - Processing file /home/airflow/.local/lib/python3.8/site-packages/airflow/example_dags/example_xcom.py for tasks to queue
[2024-01-29T18:28:52.484+0000] {logging_mixin.py:151} INFO - [2024-01-29T18:28:52.483+0000] {dagbag.py:536} INFO - Filling up the DagBag from /home/airflow/.local/lib/python3.8/site-packages/airflow/example_dags/example_xcom.py
[2024-01-29T18:28:52.492+0000] {processor.py:839} INFO - DAG(s) dict_keys(['example_xcom']) retrieved from /home/airflow/.local/lib/python3.8/site-packages/airflow/example_dags/example_xcom.py
[2024-01-29T18:28:52.515+0000] {logging_mixin.py:151} INFO - [2024-01-29T18:28:52.514+0000] {dag.py:2941} INFO - Sync 1 DAGs
[2024-01-29T18:28:52.543+0000] {logging_mixin.py:151} INFO - [2024-01-29T18:28:52.543+0000] {dag.py:3722} INFO - Setting next_dagrun for example_xcom to 2021-01-01T00:00:00+00:00, run_after=2021-01-01T00:00:00+00:00
[2024-01-29T18:28:52.569+0000] {processor.py:179} INFO - Processing /home/airflow/.local/lib/python3.8/site-packages/airflow/example_dags/example_xcom.py took 0.092 seconds
[2024-01-29T18:29:23.057+0000] {processor.py:157} INFO - Started process (PID=3078) to work on /home/airflow/.local/lib/python3.8/site-packages/airflow/example_dags/example_xcom.py
[2024-01-29T18:29:23.059+0000] {processor.py:829} INFO - Processing file /home/airflow/.local/lib/python3.8/site-packages/airflow/example_dags/example_xcom.py for tasks to queue
[2024-01-29T18:29:23.061+0000] {logging_mixin.py:151} INFO - [2024-01-29T18:29:23.061+0000] {dagbag.py:536} INFO - Filling up the DagBag from /home/airflow/.local/lib/python3.8/site-packages/airflow/example_dags/example_xcom.py
[2024-01-29T18:29:23.069+0000] {processor.py:839} INFO - DAG(s) dict_keys(['example_xcom']) retrieved from /home/airflow/.local/lib/python3.8/site-packages/airflow/example_dags/example_xcom.py
[2024-01-29T18:29:23.093+0000] {logging_mixin.py:151} INFO - [2024-01-29T18:29:23.092+0000] {dag.py:2941} INFO - Sync 1 DAGs
[2024-01-29T18:29:23.121+0000] {logging_mixin.py:151} INFO - [2024-01-29T18:29:23.121+0000] {dag.py:3722} INFO - Setting next_dagrun for example_xcom to 2021-01-01T00:00:00+00:00, run_after=2021-01-01T00:00:00+00:00
[2024-01-29T18:29:23.148+0000] {processor.py:179} INFO - Processing /home/airflow/.local/lib/python3.8/site-packages/airflow/example_dags/example_xcom.py took 0.094 seconds
[2024-01-29T18:29:53.537+0000] {processor.py:157} INFO - Started process (PID=3134) to work on /home/airflow/.local/lib/python3.8/site-packages/airflow/example_dags/example_xcom.py
[2024-01-29T18:29:53.538+0000] {processor.py:829} INFO - Processing file /home/airflow/.local/lib/python3.8/site-packages/airflow/example_dags/example_xcom.py for tasks to queue
[2024-01-29T18:29:53.541+0000] {logging_mixin.py:151} INFO - [2024-01-29T18:29:53.540+0000] {dagbag.py:536} INFO - Filling up the DagBag from /home/airflow/.local/lib/python3.8/site-packages/airflow/example_dags/example_xcom.py
[2024-01-29T18:29:53.548+0000] {processor.py:839} INFO - DAG(s) dict_keys(['example_xcom']) retrieved from /home/airflow/.local/lib/python3.8/site-packages/airflow/example_dags/example_xcom.py
[2024-01-29T18:29:53.571+0000] {logging_mixin.py:151} INFO - [2024-01-29T18:29:53.571+0000] {dag.py:2941} INFO - Sync 1 DAGs
[2024-01-29T18:29:53.599+0000] {logging_mixin.py:151} INFO - [2024-01-29T18:29:53.599+0000] {dag.py:3722} INFO - Setting next_dagrun for example_xcom to 2021-01-01T00:00:00+00:00, run_after=2021-01-01T00:00:00+00:00
[2024-01-29T18:29:53.630+0000] {processor.py:179} INFO - Processing /home/airflow/.local/lib/python3.8/site-packages/airflow/example_dags/example_xcom.py took 0.095 seconds
[2024-01-29T18:30:23.850+0000] {processor.py:157} INFO - Started process (PID=3190) to work on /home/airflow/.local/lib/python3.8/site-packages/airflow/example_dags/example_xcom.py
[2024-01-29T18:30:23.852+0000] {processor.py:829} INFO - Processing file /home/airflow/.local/lib/python3.8/site-packages/airflow/example_dags/example_xcom.py for tasks to queue
[2024-01-29T18:30:23.854+0000] {logging_mixin.py:151} INFO - [2024-01-29T18:30:23.853+0000] {dagbag.py:536} INFO - Filling up the DagBag from /home/airflow/.local/lib/python3.8/site-packages/airflow/example_dags/example_xcom.py
[2024-01-29T18:30:23.862+0000] {processor.py:839} INFO - DAG(s) dict_keys(['example_xcom']) retrieved from /home/airflow/.local/lib/python3.8/site-packages/airflow/example_dags/example_xcom.py
[2024-01-29T18:30:23.887+0000] {logging_mixin.py:151} INFO - [2024-01-29T18:30:23.887+0000] {dag.py:2941} INFO - Sync 1 DAGs
[2024-01-29T18:30:23.918+0000] {logging_mixin.py:151} INFO - [2024-01-29T18:30:23.917+0000] {dag.py:3722} INFO - Setting next_dagrun for example_xcom to 2021-01-01T00:00:00+00:00, run_after=2021-01-01T00:00:00+00:00
[2024-01-29T18:30:23.943+0000] {processor.py:179} INFO - Processing /home/airflow/.local/lib/python3.8/site-packages/airflow/example_dags/example_xcom.py took 0.095 seconds
[2024-01-29T18:30:54.215+0000] {processor.py:157} INFO - Started process (PID=3246) to work on /home/airflow/.local/lib/python3.8/site-packages/airflow/example_dags/example_xcom.py
[2024-01-29T18:30:54.216+0000] {processor.py:829} INFO - Processing file /home/airflow/.local/lib/python3.8/site-packages/airflow/example_dags/example_xcom.py for tasks to queue
[2024-01-29T18:30:54.219+0000] {logging_mixin.py:151} INFO - [2024-01-29T18:30:54.219+0000] {dagbag.py:536} INFO - Filling up the DagBag from /home/airflow/.local/lib/python3.8/site-packages/airflow/example_dags/example_xcom.py
[2024-01-29T18:30:54.227+0000] {processor.py:839} INFO - DAG(s) dict_keys(['example_xcom']) retrieved from /home/airflow/.local/lib/python3.8/site-packages/airflow/example_dags/example_xcom.py
[2024-01-29T18:30:54.251+0000] {logging_mixin.py:151} INFO - [2024-01-29T18:30:54.250+0000] {dag.py:2941} INFO - Sync 1 DAGs
[2024-01-29T18:30:54.278+0000] {logging_mixin.py:151} INFO - [2024-01-29T18:30:54.278+0000] {dag.py:3722} INFO - Setting next_dagrun for example_xcom to 2021-01-01T00:00:00+00:00, run_after=2021-01-01T00:00:00+00:00
[2024-01-29T18:30:54.305+0000] {processor.py:179} INFO - Processing /home/airflow/.local/lib/python3.8/site-packages/airflow/example_dags/example_xcom.py took 0.094 seconds
[2024-01-29T18:31:24.671+0000] {processor.py:157} INFO - Started process (PID=3302) to work on /home/airflow/.local/lib/python3.8/site-packages/airflow/example_dags/example_xcom.py
[2024-01-29T18:31:24.672+0000] {processor.py:829} INFO - Processing file /home/airflow/.local/lib/python3.8/site-packages/airflow/example_dags/example_xcom.py for tasks to queue
[2024-01-29T18:31:24.674+0000] {logging_mixin.py:151} INFO - [2024-01-29T18:31:24.674+0000] {dagbag.py:536} INFO - Filling up the DagBag from /home/airflow/.local/lib/python3.8/site-packages/airflow/example_dags/example_xcom.py
[2024-01-29T18:31:24.683+0000] {processor.py:839} INFO - DAG(s) dict_keys(['example_xcom']) retrieved from /home/airflow/.local/lib/python3.8/site-packages/airflow/example_dags/example_xcom.py
[2024-01-29T18:31:24.712+0000] {logging_mixin.py:151} INFO - [2024-01-29T18:31:24.712+0000] {dag.py:2941} INFO - Sync 1 DAGs
[2024-01-29T18:31:24.752+0000] {logging_mixin.py:151} INFO - [2024-01-29T18:31:24.752+0000] {dag.py:3722} INFO - Setting next_dagrun for example_xcom to 2021-01-01T00:00:00+00:00, run_after=2021-01-01T00:00:00+00:00
[2024-01-29T18:31:24.785+0000] {processor.py:179} INFO - Processing /home/airflow/.local/lib/python3.8/site-packages/airflow/example_dags/example_xcom.py took 0.118 seconds
[2024-01-29T18:31:55.010+0000] {processor.py:157} INFO - Started process (PID=3358) to work on /home/airflow/.local/lib/python3.8/site-packages/airflow/example_dags/example_xcom.py
[2024-01-29T18:31:55.011+0000] {processor.py:829} INFO - Processing file /home/airflow/.local/lib/python3.8/site-packages/airflow/example_dags/example_xcom.py for tasks to queue
[2024-01-29T18:31:55.013+0000] {logging_mixin.py:151} INFO - [2024-01-29T18:31:55.013+0000] {dagbag.py:536} INFO - Filling up the DagBag from /home/airflow/.local/lib/python3.8/site-packages/airflow/example_dags/example_xcom.py
[2024-01-29T18:31:55.022+0000] {processor.py:839} INFO - DAG(s) dict_keys(['example_xcom']) retrieved from /home/airflow/.local/lib/python3.8/site-packages/airflow/example_dags/example_xcom.py
[2024-01-29T18:31:55.047+0000] {logging_mixin.py:151} INFO - [2024-01-29T18:31:55.047+0000] {dag.py:2941} INFO - Sync 1 DAGs
[2024-01-29T18:31:55.083+0000] {logging_mixin.py:151} INFO - [2024-01-29T18:31:55.082+0000] {dag.py:3722} INFO - Setting next_dagrun for example_xcom to 2021-01-01T00:00:00+00:00, run_after=2021-01-01T00:00:00+00:00
[2024-01-29T18:31:55.115+0000] {processor.py:179} INFO - Processing /home/airflow/.local/lib/python3.8/site-packages/airflow/example_dags/example_xcom.py took 0.108 seconds
[2024-01-29T18:32:25.544+0000] {processor.py:157} INFO - Started process (PID=3414) to work on /home/airflow/.local/lib/python3.8/site-packages/airflow/example_dags/example_xcom.py
[2024-01-29T18:32:25.545+0000] {processor.py:829} INFO - Processing file /home/airflow/.local/lib/python3.8/site-packages/airflow/example_dags/example_xcom.py for tasks to queue
[2024-01-29T18:32:25.548+0000] {logging_mixin.py:151} INFO - [2024-01-29T18:32:25.547+0000] {dagbag.py:536} INFO - Filling up the DagBag from /home/airflow/.local/lib/python3.8/site-packages/airflow/example_dags/example_xcom.py
[2024-01-29T18:32:25.555+0000] {processor.py:839} INFO - DAG(s) dict_keys(['example_xcom']) retrieved from /home/airflow/.local/lib/python3.8/site-packages/airflow/example_dags/example_xcom.py
[2024-01-29T18:32:25.578+0000] {logging_mixin.py:151} INFO - [2024-01-29T18:32:25.578+0000] {dag.py:2941} INFO - Sync 1 DAGs
[2024-01-29T18:32:25.605+0000] {logging_mixin.py:151} INFO - [2024-01-29T18:32:25.605+0000] {dag.py:3722} INFO - Setting next_dagrun for example_xcom to 2021-01-01T00:00:00+00:00, run_after=2021-01-01T00:00:00+00:00
[2024-01-29T18:32:25.631+0000] {processor.py:179} INFO - Processing /home/airflow/.local/lib/python3.8/site-packages/airflow/example_dags/example_xcom.py took 0.090 seconds
[2024-01-29T18:32:55.883+0000] {processor.py:157} INFO - Started process (PID=3470) to work on /home/airflow/.local/lib/python3.8/site-packages/airflow/example_dags/example_xcom.py
[2024-01-29T18:32:55.884+0000] {processor.py:829} INFO - Processing file /home/airflow/.local/lib/python3.8/site-packages/airflow/example_dags/example_xcom.py for tasks to queue
[2024-01-29T18:32:55.886+0000] {logging_mixin.py:151} INFO - [2024-01-29T18:32:55.886+0000] {dagbag.py:536} INFO - Filling up the DagBag from /home/airflow/.local/lib/python3.8/site-packages/airflow/example_dags/example_xcom.py
[2024-01-29T18:32:55.894+0000] {processor.py:839} INFO - DAG(s) dict_keys(['example_xcom']) retrieved from /home/airflow/.local/lib/python3.8/site-packages/airflow/example_dags/example_xcom.py
[2024-01-29T18:32:55.917+0000] {logging_mixin.py:151} INFO - [2024-01-29T18:32:55.917+0000] {dag.py:2941} INFO - Sync 1 DAGs
[2024-01-29T18:32:55.945+0000] {logging_mixin.py:151} INFO - [2024-01-29T18:32:55.945+0000] {dag.py:3722} INFO - Setting next_dagrun for example_xcom to 2021-01-01T00:00:00+00:00, run_after=2021-01-01T00:00:00+00:00
[2024-01-29T18:32:55.969+0000] {processor.py:179} INFO - Processing /home/airflow/.local/lib/python3.8/site-packages/airflow/example_dags/example_xcom.py took 0.089 seconds
[2024-01-29T18:33:26.234+0000] {processor.py:157} INFO - Started process (PID=3526) to work on /home/airflow/.local/lib/python3.8/site-packages/airflow/example_dags/example_xcom.py
[2024-01-29T18:33:26.236+0000] {processor.py:829} INFO - Processing file /home/airflow/.local/lib/python3.8/site-packages/airflow/example_dags/example_xcom.py for tasks to queue
[2024-01-29T18:33:26.238+0000] {logging_mixin.py:151} INFO - [2024-01-29T18:33:26.238+0000] {dagbag.py:536} INFO - Filling up the DagBag from /home/airflow/.local/lib/python3.8/site-packages/airflow/example_dags/example_xcom.py
[2024-01-29T18:33:26.247+0000] {processor.py:839} INFO - DAG(s) dict_keys(['example_xcom']) retrieved from /home/airflow/.local/lib/python3.8/site-packages/airflow/example_dags/example_xcom.py
[2024-01-29T18:33:26.275+0000] {logging_mixin.py:151} INFO - [2024-01-29T18:33:26.275+0000] {dag.py:2941} INFO - Sync 1 DAGs
[2024-01-29T18:33:26.309+0000] {logging_mixin.py:151} INFO - [2024-01-29T18:33:26.308+0000] {dag.py:3722} INFO - Setting next_dagrun for example_xcom to 2021-01-01T00:00:00+00:00, run_after=2021-01-01T00:00:00+00:00
[2024-01-29T18:33:26.335+0000] {processor.py:179} INFO - Processing /home/airflow/.local/lib/python3.8/site-packages/airflow/example_dags/example_xcom.py took 0.105 seconds
[2024-01-29T18:33:56.375+0000] {processor.py:157} INFO - Started process (PID=3582) to work on /home/airflow/.local/lib/python3.8/site-packages/airflow/example_dags/example_xcom.py
[2024-01-29T18:33:56.376+0000] {processor.py:829} INFO - Processing file /home/airflow/.local/lib/python3.8/site-packages/airflow/example_dags/example_xcom.py for tasks to queue
[2024-01-29T18:33:56.378+0000] {logging_mixin.py:151} INFO - [2024-01-29T18:33:56.378+0000] {dagbag.py:536} INFO - Filling up the DagBag from /home/airflow/.local/lib/python3.8/site-packages/airflow/example_dags/example_xcom.py
[2024-01-29T18:33:56.385+0000] {processor.py:839} INFO - DAG(s) dict_keys(['example_xcom']) retrieved from /home/airflow/.local/lib/python3.8/site-packages/airflow/example_dags/example_xcom.py
[2024-01-29T18:33:56.410+0000] {logging_mixin.py:151} INFO - [2024-01-29T18:33:56.410+0000] {dag.py:2941} INFO - Sync 1 DAGs
[2024-01-29T18:33:56.440+0000] {logging_mixin.py:151} INFO - [2024-01-29T18:33:56.439+0000] {dag.py:3722} INFO - Setting next_dagrun for example_xcom to 2021-01-01T00:00:00+00:00, run_after=2021-01-01T00:00:00+00:00
[2024-01-29T18:33:56.466+0000] {processor.py:179} INFO - Processing /home/airflow/.local/lib/python3.8/site-packages/airflow/example_dags/example_xcom.py took 0.095 seconds
[2024-01-29T18:34:26.884+0000] {processor.py:157} INFO - Started process (PID=3639) to work on /home/airflow/.local/lib/python3.8/site-packages/airflow/example_dags/example_xcom.py
[2024-01-29T18:34:26.886+0000] {processor.py:829} INFO - Processing file /home/airflow/.local/lib/python3.8/site-packages/airflow/example_dags/example_xcom.py for tasks to queue
[2024-01-29T18:34:26.888+0000] {logging_mixin.py:151} INFO - [2024-01-29T18:34:26.888+0000] {dagbag.py:536} INFO - Filling up the DagBag from /home/airflow/.local/lib/python3.8/site-packages/airflow/example_dags/example_xcom.py
[2024-01-29T18:34:26.901+0000] {processor.py:839} INFO - DAG(s) dict_keys(['example_xcom']) retrieved from /home/airflow/.local/lib/python3.8/site-packages/airflow/example_dags/example_xcom.py
[2024-01-29T18:34:26.934+0000] {logging_mixin.py:151} INFO - [2024-01-29T18:34:26.933+0000] {dag.py:2941} INFO - Sync 1 DAGs
[2024-01-29T18:34:26.977+0000] {logging_mixin.py:151} INFO - [2024-01-29T18:34:26.977+0000] {dag.py:3722} INFO - Setting next_dagrun for example_xcom to 2021-01-01T00:00:00+00:00, run_after=2021-01-01T00:00:00+00:00
[2024-01-29T18:34:27.015+0000] {processor.py:179} INFO - Processing /home/airflow/.local/lib/python3.8/site-packages/airflow/example_dags/example_xcom.py took 0.135 seconds
[2024-01-29T18:34:57.274+0000] {processor.py:157} INFO - Started process (PID=3695) to work on /home/airflow/.local/lib/python3.8/site-packages/airflow/example_dags/example_xcom.py
[2024-01-29T18:34:57.276+0000] {processor.py:829} INFO - Processing file /home/airflow/.local/lib/python3.8/site-packages/airflow/example_dags/example_xcom.py for tasks to queue
[2024-01-29T18:34:57.278+0000] {logging_mixin.py:151} INFO - [2024-01-29T18:34:57.278+0000] {dagbag.py:536} INFO - Filling up the DagBag from /home/airflow/.local/lib/python3.8/site-packages/airflow/example_dags/example_xcom.py
[2024-01-29T18:34:57.286+0000] {processor.py:839} INFO - DAG(s) dict_keys(['example_xcom']) retrieved from /home/airflow/.local/lib/python3.8/site-packages/airflow/example_dags/example_xcom.py
[2024-01-29T18:34:57.315+0000] {logging_mixin.py:151} INFO - [2024-01-29T18:34:57.314+0000] {dag.py:2941} INFO - Sync 1 DAGs
[2024-01-29T18:34:57.346+0000] {logging_mixin.py:151} INFO - [2024-01-29T18:34:57.345+0000] {dag.py:3722} INFO - Setting next_dagrun for example_xcom to 2021-01-01T00:00:00+00:00, run_after=2021-01-01T00:00:00+00:00
[2024-01-29T18:34:57.374+0000] {processor.py:179} INFO - Processing /home/airflow/.local/lib/python3.8/site-packages/airflow/example_dags/example_xcom.py took 0.103 seconds
[2024-01-29T18:35:27.740+0000] {processor.py:157} INFO - Started process (PID=3751) to work on /home/airflow/.local/lib/python3.8/site-packages/airflow/example_dags/example_xcom.py
[2024-01-29T18:35:27.741+0000] {processor.py:829} INFO - Processing file /home/airflow/.local/lib/python3.8/site-packages/airflow/example_dags/example_xcom.py for tasks to queue
[2024-01-29T18:35:27.744+0000] {logging_mixin.py:151} INFO - [2024-01-29T18:35:27.743+0000] {dagbag.py:536} INFO - Filling up the DagBag from /home/airflow/.local/lib/python3.8/site-packages/airflow/example_dags/example_xcom.py
[2024-01-29T18:35:27.751+0000] {processor.py:839} INFO - DAG(s) dict_keys(['example_xcom']) retrieved from /home/airflow/.local/lib/python3.8/site-packages/airflow/example_dags/example_xcom.py
[2024-01-29T18:35:27.779+0000] {logging_mixin.py:151} INFO - [2024-01-29T18:35:27.779+0000] {dag.py:2941} INFO - Sync 1 DAGs
[2024-01-29T18:35:27.811+0000] {logging_mixin.py:151} INFO - [2024-01-29T18:35:27.811+0000] {dag.py:3722} INFO - Setting next_dagrun for example_xcom to 2021-01-01T00:00:00+00:00, run_after=2021-01-01T00:00:00+00:00
[2024-01-29T18:35:27.839+0000] {processor.py:179} INFO - Processing /home/airflow/.local/lib/python3.8/site-packages/airflow/example_dags/example_xcom.py took 0.101 seconds
[2024-01-29T18:35:57.924+0000] {processor.py:157} INFO - Started process (PID=3806) to work on /home/airflow/.local/lib/python3.8/site-packages/airflow/example_dags/example_xcom.py
[2024-01-29T18:35:57.925+0000] {processor.py:829} INFO - Processing file /home/airflow/.local/lib/python3.8/site-packages/airflow/example_dags/example_xcom.py for tasks to queue
[2024-01-29T18:35:57.927+0000] {logging_mixin.py:151} INFO - [2024-01-29T18:35:57.927+0000] {dagbag.py:536} INFO - Filling up the DagBag from /home/airflow/.local/lib/python3.8/site-packages/airflow/example_dags/example_xcom.py
[2024-01-29T18:35:57.935+0000] {processor.py:839} INFO - DAG(s) dict_keys(['example_xcom']) retrieved from /home/airflow/.local/lib/python3.8/site-packages/airflow/example_dags/example_xcom.py
[2024-01-29T18:35:57.961+0000] {logging_mixin.py:151} INFO - [2024-01-29T18:35:57.961+0000] {dag.py:2941} INFO - Sync 1 DAGs
[2024-01-29T18:35:57.988+0000] {logging_mixin.py:151} INFO - [2024-01-29T18:35:57.987+0000] {dag.py:3722} INFO - Setting next_dagrun for example_xcom to 2021-01-01T00:00:00+00:00, run_after=2021-01-01T00:00:00+00:00
[2024-01-29T18:35:58.013+0000] {processor.py:179} INFO - Processing /home/airflow/.local/lib/python3.8/site-packages/airflow/example_dags/example_xcom.py took 0.092 seconds
