[2024-01-29T17:57:48.849+0000] {processor.py:157} INFO - Started process (PID=53) to work on /home/airflow/.local/lib/python3.8/site-packages/airflow/example_dags/tutorial_dag.py
[2024-01-29T17:57:48.851+0000] {processor.py:829} INFO - Processing file /home/airflow/.local/lib/python3.8/site-packages/airflow/example_dags/tutorial_dag.py for tasks to queue
[2024-01-29T17:57:48.855+0000] {logging_mixin.py:151} INFO - [2024-01-29T17:57:48.855+0000] {dagbag.py:536} INFO - Filling up the DagBag from /home/airflow/.local/lib/python3.8/site-packages/airflow/example_dags/tutorial_dag.py
[2024-01-29T17:57:48.868+0000] {processor.py:839} INFO - DAG(s) dict_keys(['tutorial_dag']) retrieved from /home/airflow/.local/lib/python3.8/site-packages/airflow/example_dags/tutorial_dag.py
[2024-01-29T17:57:48.884+0000] {logging_mixin.py:151} INFO - [2024-01-29T17:57:48.884+0000] {dag.py:2941} INFO - Sync 1 DAGs
[2024-01-29T17:57:48.909+0000] {logging_mixin.py:151} INFO - [2024-01-29T17:57:48.909+0000] {dag.py:3722} INFO - Setting next_dagrun for tutorial_dag to None, run_after=None
[2024-01-29T17:57:48.952+0000] {processor.py:179} INFO - Processing /home/airflow/.local/lib/python3.8/site-packages/airflow/example_dags/tutorial_dag.py took 0.108 seconds
[2024-01-29T17:58:19.568+0000] {processor.py:157} INFO - Started process (PID=107) to work on /home/airflow/.local/lib/python3.8/site-packages/airflow/example_dags/tutorial_dag.py
[2024-01-29T17:58:19.569+0000] {processor.py:829} INFO - Processing file /home/airflow/.local/lib/python3.8/site-packages/airflow/example_dags/tutorial_dag.py for tasks to queue
[2024-01-29T17:58:19.571+0000] {logging_mixin.py:151} INFO - [2024-01-29T17:58:19.571+0000] {dagbag.py:536} INFO - Filling up the DagBag from /home/airflow/.local/lib/python3.8/site-packages/airflow/example_dags/tutorial_dag.py
[2024-01-29T17:58:19.577+0000] {processor.py:839} INFO - DAG(s) dict_keys(['tutorial_dag']) retrieved from /home/airflow/.local/lib/python3.8/site-packages/airflow/example_dags/tutorial_dag.py
[2024-01-29T17:58:19.597+0000] {logging_mixin.py:151} INFO - [2024-01-29T17:58:19.597+0000] {dag.py:2941} INFO - Sync 1 DAGs
[2024-01-29T17:58:19.617+0000] {logging_mixin.py:151} INFO - [2024-01-29T17:58:19.617+0000] {dag.py:3722} INFO - Setting next_dagrun for tutorial_dag to None, run_after=None
[2024-01-29T17:58:19.643+0000] {processor.py:179} INFO - Processing /home/airflow/.local/lib/python3.8/site-packages/airflow/example_dags/tutorial_dag.py took 0.078 seconds
[2024-01-29T17:58:49.910+0000] {processor.py:157} INFO - Started process (PID=161) to work on /home/airflow/.local/lib/python3.8/site-packages/airflow/example_dags/tutorial_dag.py
[2024-01-29T17:58:49.912+0000] {processor.py:829} INFO - Processing file /home/airflow/.local/lib/python3.8/site-packages/airflow/example_dags/tutorial_dag.py for tasks to queue
[2024-01-29T17:58:49.914+0000] {logging_mixin.py:151} INFO - [2024-01-29T17:58:49.914+0000] {dagbag.py:536} INFO - Filling up the DagBag from /home/airflow/.local/lib/python3.8/site-packages/airflow/example_dags/tutorial_dag.py
[2024-01-29T17:58:49.920+0000] {processor.py:839} INFO - DAG(s) dict_keys(['tutorial_dag']) retrieved from /home/airflow/.local/lib/python3.8/site-packages/airflow/example_dags/tutorial_dag.py
[2024-01-29T17:58:49.943+0000] {logging_mixin.py:151} INFO - [2024-01-29T17:58:49.943+0000] {dag.py:2941} INFO - Sync 1 DAGs
[2024-01-29T17:58:49.960+0000] {logging_mixin.py:151} INFO - [2024-01-29T17:58:49.960+0000] {dag.py:3722} INFO - Setting next_dagrun for tutorial_dag to None, run_after=None
[2024-01-29T17:58:49.984+0000] {processor.py:179} INFO - Processing /home/airflow/.local/lib/python3.8/site-packages/airflow/example_dags/tutorial_dag.py took 0.077 seconds
[2024-01-29T17:59:21.114+0000] {processor.py:157} INFO - Started process (PID=215) to work on /home/airflow/.local/lib/python3.8/site-packages/airflow/example_dags/tutorial_dag.py
[2024-01-29T17:59:21.115+0000] {processor.py:829} INFO - Processing file /home/airflow/.local/lib/python3.8/site-packages/airflow/example_dags/tutorial_dag.py for tasks to queue
[2024-01-29T17:59:21.118+0000] {logging_mixin.py:151} INFO - [2024-01-29T17:59:21.117+0000] {dagbag.py:536} INFO - Filling up the DagBag from /home/airflow/.local/lib/python3.8/site-packages/airflow/example_dags/tutorial_dag.py
[2024-01-29T17:59:21.124+0000] {processor.py:839} INFO - DAG(s) dict_keys(['tutorial_dag']) retrieved from /home/airflow/.local/lib/python3.8/site-packages/airflow/example_dags/tutorial_dag.py
[2024-01-29T17:59:21.150+0000] {logging_mixin.py:151} INFO - [2024-01-29T17:59:21.150+0000] {dag.py:2941} INFO - Sync 1 DAGs
[2024-01-29T17:59:21.168+0000] {logging_mixin.py:151} INFO - [2024-01-29T17:59:21.168+0000] {dag.py:3722} INFO - Setting next_dagrun for tutorial_dag to None, run_after=None
[2024-01-29T17:59:21.196+0000] {processor.py:179} INFO - Processing /home/airflow/.local/lib/python3.8/site-packages/airflow/example_dags/tutorial_dag.py took 0.085 seconds
[2024-01-29T17:59:51.272+0000] {processor.py:157} INFO - Started process (PID=269) to work on /home/airflow/.local/lib/python3.8/site-packages/airflow/example_dags/tutorial_dag.py
[2024-01-29T17:59:51.273+0000] {processor.py:829} INFO - Processing file /home/airflow/.local/lib/python3.8/site-packages/airflow/example_dags/tutorial_dag.py for tasks to queue
[2024-01-29T17:59:51.275+0000] {logging_mixin.py:151} INFO - [2024-01-29T17:59:51.275+0000] {dagbag.py:536} INFO - Filling up the DagBag from /home/airflow/.local/lib/python3.8/site-packages/airflow/example_dags/tutorial_dag.py
[2024-01-29T17:59:51.279+0000] {processor.py:839} INFO - DAG(s) dict_keys(['tutorial_dag']) retrieved from /home/airflow/.local/lib/python3.8/site-packages/airflow/example_dags/tutorial_dag.py
[2024-01-29T17:59:51.298+0000] {logging_mixin.py:151} INFO - [2024-01-29T17:59:51.298+0000] {dag.py:2941} INFO - Sync 1 DAGs
[2024-01-29T17:59:51.314+0000] {logging_mixin.py:151} INFO - [2024-01-29T17:59:51.314+0000] {dag.py:3722} INFO - Setting next_dagrun for tutorial_dag to None, run_after=None
[2024-01-29T17:59:51.337+0000] {processor.py:179} INFO - Processing /home/airflow/.local/lib/python3.8/site-packages/airflow/example_dags/tutorial_dag.py took 0.068 seconds
[2024-01-29T18:00:22.332+0000] {processor.py:157} INFO - Started process (PID=323) to work on /home/airflow/.local/lib/python3.8/site-packages/airflow/example_dags/tutorial_dag.py
[2024-01-29T18:00:22.333+0000] {processor.py:829} INFO - Processing file /home/airflow/.local/lib/python3.8/site-packages/airflow/example_dags/tutorial_dag.py for tasks to queue
[2024-01-29T18:00:22.336+0000] {logging_mixin.py:151} INFO - [2024-01-29T18:00:22.336+0000] {dagbag.py:536} INFO - Filling up the DagBag from /home/airflow/.local/lib/python3.8/site-packages/airflow/example_dags/tutorial_dag.py
[2024-01-29T18:00:22.344+0000] {processor.py:839} INFO - DAG(s) dict_keys(['tutorial_dag']) retrieved from /home/airflow/.local/lib/python3.8/site-packages/airflow/example_dags/tutorial_dag.py
[2024-01-29T18:00:22.373+0000] {logging_mixin.py:151} INFO - [2024-01-29T18:00:22.373+0000] {dag.py:2941} INFO - Sync 1 DAGs
[2024-01-29T18:00:22.391+0000] {logging_mixin.py:151} INFO - [2024-01-29T18:00:22.391+0000] {dag.py:3722} INFO - Setting next_dagrun for tutorial_dag to None, run_after=None
[2024-01-29T18:00:22.423+0000] {processor.py:179} INFO - Processing /home/airflow/.local/lib/python3.8/site-packages/airflow/example_dags/tutorial_dag.py took 0.094 seconds
[2024-01-29T18:00:53.356+0000] {processor.py:157} INFO - Started process (PID=377) to work on /home/airflow/.local/lib/python3.8/site-packages/airflow/example_dags/tutorial_dag.py
[2024-01-29T18:00:53.358+0000] {processor.py:829} INFO - Processing file /home/airflow/.local/lib/python3.8/site-packages/airflow/example_dags/tutorial_dag.py for tasks to queue
[2024-01-29T18:00:53.361+0000] {logging_mixin.py:151} INFO - [2024-01-29T18:00:53.361+0000] {dagbag.py:536} INFO - Filling up the DagBag from /home/airflow/.local/lib/python3.8/site-packages/airflow/example_dags/tutorial_dag.py
[2024-01-29T18:00:53.368+0000] {processor.py:839} INFO - DAG(s) dict_keys(['tutorial_dag']) retrieved from /home/airflow/.local/lib/python3.8/site-packages/airflow/example_dags/tutorial_dag.py
[2024-01-29T18:00:53.400+0000] {logging_mixin.py:151} INFO - [2024-01-29T18:00:53.400+0000] {dag.py:2941} INFO - Sync 1 DAGs
[2024-01-29T18:00:53.437+0000] {logging_mixin.py:151} INFO - [2024-01-29T18:00:53.437+0000] {dag.py:3722} INFO - Setting next_dagrun for tutorial_dag to None, run_after=None
[2024-01-29T18:00:53.476+0000] {processor.py:179} INFO - Processing /home/airflow/.local/lib/python3.8/site-packages/airflow/example_dags/tutorial_dag.py took 0.123 seconds
[2024-01-29T18:01:56.398+0000] {processor.py:157} INFO - Started process (PID=54) to work on /home/airflow/.local/lib/python3.8/site-packages/airflow/example_dags/tutorial_dag.py
[2024-01-29T18:01:56.400+0000] {processor.py:829} INFO - Processing file /home/airflow/.local/lib/python3.8/site-packages/airflow/example_dags/tutorial_dag.py for tasks to queue
[2024-01-29T18:01:56.403+0000] {logging_mixin.py:151} INFO - [2024-01-29T18:01:56.403+0000] {dagbag.py:536} INFO - Filling up the DagBag from /home/airflow/.local/lib/python3.8/site-packages/airflow/example_dags/tutorial_dag.py
[2024-01-29T18:01:56.421+0000] {processor.py:839} INFO - DAG(s) dict_keys(['tutorial_dag']) retrieved from /home/airflow/.local/lib/python3.8/site-packages/airflow/example_dags/tutorial_dag.py
[2024-01-29T18:01:56.444+0000] {logging_mixin.py:151} INFO - [2024-01-29T18:01:56.443+0000] {dag.py:2941} INFO - Sync 1 DAGs
[2024-01-29T18:01:56.478+0000] {logging_mixin.py:151} INFO - [2024-01-29T18:01:56.478+0000] {dag.py:3722} INFO - Setting next_dagrun for tutorial_dag to None, run_after=None
[2024-01-29T18:01:56.518+0000] {processor.py:179} INFO - Processing /home/airflow/.local/lib/python3.8/site-packages/airflow/example_dags/tutorial_dag.py took 0.125 seconds
[2024-01-29T18:02:27.231+0000] {processor.py:157} INFO - Started process (PID=109) to work on /home/airflow/.local/lib/python3.8/site-packages/airflow/example_dags/tutorial_dag.py
[2024-01-29T18:02:27.232+0000] {processor.py:829} INFO - Processing file /home/airflow/.local/lib/python3.8/site-packages/airflow/example_dags/tutorial_dag.py for tasks to queue
[2024-01-29T18:02:27.234+0000] {logging_mixin.py:151} INFO - [2024-01-29T18:02:27.234+0000] {dagbag.py:536} INFO - Filling up the DagBag from /home/airflow/.local/lib/python3.8/site-packages/airflow/example_dags/tutorial_dag.py
[2024-01-29T18:02:27.239+0000] {processor.py:839} INFO - DAG(s) dict_keys(['tutorial_dag']) retrieved from /home/airflow/.local/lib/python3.8/site-packages/airflow/example_dags/tutorial_dag.py
[2024-01-29T18:02:27.263+0000] {logging_mixin.py:151} INFO - [2024-01-29T18:02:27.262+0000] {dag.py:2941} INFO - Sync 1 DAGs
[2024-01-29T18:02:27.281+0000] {logging_mixin.py:151} INFO - [2024-01-29T18:02:27.281+0000] {dag.py:3722} INFO - Setting next_dagrun for tutorial_dag to None, run_after=None
[2024-01-29T18:02:27.308+0000] {processor.py:179} INFO - Processing /home/airflow/.local/lib/python3.8/site-packages/airflow/example_dags/tutorial_dag.py took 0.080 seconds
[2024-01-29T18:02:57.559+0000] {processor.py:157} INFO - Started process (PID=164) to work on /home/airflow/.local/lib/python3.8/site-packages/airflow/example_dags/tutorial_dag.py
[2024-01-29T18:02:57.560+0000] {processor.py:829} INFO - Processing file /home/airflow/.local/lib/python3.8/site-packages/airflow/example_dags/tutorial_dag.py for tasks to queue
[2024-01-29T18:02:57.562+0000] {logging_mixin.py:151} INFO - [2024-01-29T18:02:57.562+0000] {dagbag.py:536} INFO - Filling up the DagBag from /home/airflow/.local/lib/python3.8/site-packages/airflow/example_dags/tutorial_dag.py
[2024-01-29T18:02:57.568+0000] {processor.py:839} INFO - DAG(s) dict_keys(['tutorial_dag']) retrieved from /home/airflow/.local/lib/python3.8/site-packages/airflow/example_dags/tutorial_dag.py
[2024-01-29T18:02:57.589+0000] {logging_mixin.py:151} INFO - [2024-01-29T18:02:57.588+0000] {dag.py:2941} INFO - Sync 1 DAGs
[2024-01-29T18:02:57.604+0000] {logging_mixin.py:151} INFO - [2024-01-29T18:02:57.604+0000] {dag.py:3722} INFO - Setting next_dagrun for tutorial_dag to None, run_after=None
[2024-01-29T18:02:57.629+0000] {processor.py:179} INFO - Processing /home/airflow/.local/lib/python3.8/site-packages/airflow/example_dags/tutorial_dag.py took 0.072 seconds
[2024-01-29T18:03:28.559+0000] {processor.py:157} INFO - Started process (PID=219) to work on /home/airflow/.local/lib/python3.8/site-packages/airflow/example_dags/tutorial_dag.py
[2024-01-29T18:03:28.560+0000] {processor.py:829} INFO - Processing file /home/airflow/.local/lib/python3.8/site-packages/airflow/example_dags/tutorial_dag.py for tasks to queue
[2024-01-29T18:03:28.563+0000] {logging_mixin.py:151} INFO - [2024-01-29T18:03:28.563+0000] {dagbag.py:536} INFO - Filling up the DagBag from /home/airflow/.local/lib/python3.8/site-packages/airflow/example_dags/tutorial_dag.py
[2024-01-29T18:03:28.568+0000] {processor.py:839} INFO - DAG(s) dict_keys(['tutorial_dag']) retrieved from /home/airflow/.local/lib/python3.8/site-packages/airflow/example_dags/tutorial_dag.py
[2024-01-29T18:03:28.593+0000] {logging_mixin.py:151} INFO - [2024-01-29T18:03:28.592+0000] {dag.py:2941} INFO - Sync 1 DAGs
[2024-01-29T18:03:28.610+0000] {logging_mixin.py:151} INFO - [2024-01-29T18:03:28.609+0000] {dag.py:3722} INFO - Setting next_dagrun for tutorial_dag to None, run_after=None
[2024-01-29T18:03:28.640+0000] {processor.py:179} INFO - Processing /home/airflow/.local/lib/python3.8/site-packages/airflow/example_dags/tutorial_dag.py took 0.084 seconds
[2024-01-29T18:03:58.877+0000] {processor.py:157} INFO - Started process (PID=274) to work on /home/airflow/.local/lib/python3.8/site-packages/airflow/example_dags/tutorial_dag.py
[2024-01-29T18:03:58.878+0000] {processor.py:829} INFO - Processing file /home/airflow/.local/lib/python3.8/site-packages/airflow/example_dags/tutorial_dag.py for tasks to queue
[2024-01-29T18:03:58.880+0000] {logging_mixin.py:151} INFO - [2024-01-29T18:03:58.880+0000] {dagbag.py:536} INFO - Filling up the DagBag from /home/airflow/.local/lib/python3.8/site-packages/airflow/example_dags/tutorial_dag.py
[2024-01-29T18:03:58.885+0000] {processor.py:839} INFO - DAG(s) dict_keys(['tutorial_dag']) retrieved from /home/airflow/.local/lib/python3.8/site-packages/airflow/example_dags/tutorial_dag.py
[2024-01-29T18:03:58.908+0000] {logging_mixin.py:151} INFO - [2024-01-29T18:03:58.908+0000] {dag.py:2941} INFO - Sync 1 DAGs
[2024-01-29T18:03:58.925+0000] {logging_mixin.py:151} INFO - [2024-01-29T18:03:58.925+0000] {dag.py:3722} INFO - Setting next_dagrun for tutorial_dag to None, run_after=None
[2024-01-29T18:03:58.951+0000] {processor.py:179} INFO - Processing /home/airflow/.local/lib/python3.8/site-packages/airflow/example_dags/tutorial_dag.py took 0.077 seconds
[2024-01-29T18:04:29.762+0000] {processor.py:157} INFO - Started process (PID=331) to work on /home/airflow/.local/lib/python3.8/site-packages/airflow/example_dags/tutorial_dag.py
[2024-01-29T18:04:29.764+0000] {processor.py:829} INFO - Processing file /home/airflow/.local/lib/python3.8/site-packages/airflow/example_dags/tutorial_dag.py for tasks to queue
[2024-01-29T18:04:29.767+0000] {logging_mixin.py:151} INFO - [2024-01-29T18:04:29.767+0000] {dagbag.py:536} INFO - Filling up the DagBag from /home/airflow/.local/lib/python3.8/site-packages/airflow/example_dags/tutorial_dag.py
[2024-01-29T18:04:29.775+0000] {processor.py:839} INFO - DAG(s) dict_keys(['tutorial_dag']) retrieved from /home/airflow/.local/lib/python3.8/site-packages/airflow/example_dags/tutorial_dag.py
[2024-01-29T18:04:29.805+0000] {logging_mixin.py:151} INFO - [2024-01-29T18:04:29.804+0000] {dag.py:2941} INFO - Sync 1 DAGs
[2024-01-29T18:04:29.824+0000] {logging_mixin.py:151} INFO - [2024-01-29T18:04:29.823+0000] {dag.py:3722} INFO - Setting next_dagrun for tutorial_dag to None, run_after=None
[2024-01-29T18:04:29.865+0000] {processor.py:179} INFO - Processing /home/airflow/.local/lib/python3.8/site-packages/airflow/example_dags/tutorial_dag.py took 0.108 seconds
[2024-01-29T18:05:00.734+0000] {processor.py:157} INFO - Started process (PID=387) to work on /home/airflow/.local/lib/python3.8/site-packages/airflow/example_dags/tutorial_dag.py
[2024-01-29T18:05:00.737+0000] {processor.py:829} INFO - Processing file /home/airflow/.local/lib/python3.8/site-packages/airflow/example_dags/tutorial_dag.py for tasks to queue
[2024-01-29T18:05:00.741+0000] {logging_mixin.py:151} INFO - [2024-01-29T18:05:00.741+0000] {dagbag.py:536} INFO - Filling up the DagBag from /home/airflow/.local/lib/python3.8/site-packages/airflow/example_dags/tutorial_dag.py
[2024-01-29T18:05:00.750+0000] {processor.py:839} INFO - DAG(s) dict_keys(['tutorial_dag']) retrieved from /home/airflow/.local/lib/python3.8/site-packages/airflow/example_dags/tutorial_dag.py
[2024-01-29T18:05:00.826+0000] {logging_mixin.py:151} INFO - [2024-01-29T18:05:00.825+0000] {dag.py:2941} INFO - Sync 1 DAGs
[2024-01-29T18:05:00.849+0000] {logging_mixin.py:151} INFO - [2024-01-29T18:05:00.849+0000] {dag.py:3722} INFO - Setting next_dagrun for tutorial_dag to None, run_after=None
[2024-01-29T18:05:00.895+0000] {processor.py:179} INFO - Processing /home/airflow/.local/lib/python3.8/site-packages/airflow/example_dags/tutorial_dag.py took 0.169 seconds
[2024-01-29T18:05:31.163+0000] {processor.py:157} INFO - Started process (PID=442) to work on /home/airflow/.local/lib/python3.8/site-packages/airflow/example_dags/tutorial_dag.py
[2024-01-29T18:05:31.164+0000] {processor.py:829} INFO - Processing file /home/airflow/.local/lib/python3.8/site-packages/airflow/example_dags/tutorial_dag.py for tasks to queue
[2024-01-29T18:05:31.166+0000] {logging_mixin.py:151} INFO - [2024-01-29T18:05:31.166+0000] {dagbag.py:536} INFO - Filling up the DagBag from /home/airflow/.local/lib/python3.8/site-packages/airflow/example_dags/tutorial_dag.py
[2024-01-29T18:05:31.178+0000] {processor.py:839} INFO - DAG(s) dict_keys(['tutorial_dag']) retrieved from /home/airflow/.local/lib/python3.8/site-packages/airflow/example_dags/tutorial_dag.py
[2024-01-29T18:05:31.217+0000] {logging_mixin.py:151} INFO - [2024-01-29T18:05:31.217+0000] {dag.py:2941} INFO - Sync 1 DAGs
[2024-01-29T18:05:31.234+0000] {logging_mixin.py:151} INFO - [2024-01-29T18:05:31.234+0000] {dag.py:3722} INFO - Setting next_dagrun for tutorial_dag to None, run_after=None
[2024-01-29T18:05:31.263+0000] {processor.py:179} INFO - Processing /home/airflow/.local/lib/python3.8/site-packages/airflow/example_dags/tutorial_dag.py took 0.103 seconds
[2024-01-29T18:06:01.365+0000] {processor.py:157} INFO - Started process (PID=497) to work on /home/airflow/.local/lib/python3.8/site-packages/airflow/example_dags/tutorial_dag.py
[2024-01-29T18:06:01.366+0000] {processor.py:829} INFO - Processing file /home/airflow/.local/lib/python3.8/site-packages/airflow/example_dags/tutorial_dag.py for tasks to queue
[2024-01-29T18:06:01.368+0000] {logging_mixin.py:151} INFO - [2024-01-29T18:06:01.368+0000] {dagbag.py:536} INFO - Filling up the DagBag from /home/airflow/.local/lib/python3.8/site-packages/airflow/example_dags/tutorial_dag.py
[2024-01-29T18:06:01.374+0000] {processor.py:839} INFO - DAG(s) dict_keys(['tutorial_dag']) retrieved from /home/airflow/.local/lib/python3.8/site-packages/airflow/example_dags/tutorial_dag.py
[2024-01-29T18:06:01.395+0000] {logging_mixin.py:151} INFO - [2024-01-29T18:06:01.395+0000] {dag.py:2941} INFO - Sync 1 DAGs
[2024-01-29T18:06:01.413+0000] {logging_mixin.py:151} INFO - [2024-01-29T18:06:01.413+0000] {dag.py:3722} INFO - Setting next_dagrun for tutorial_dag to None, run_after=None
[2024-01-29T18:06:01.439+0000] {processor.py:179} INFO - Processing /home/airflow/.local/lib/python3.8/site-packages/airflow/example_dags/tutorial_dag.py took 0.077 seconds
[2024-01-29T18:06:31.905+0000] {processor.py:157} INFO - Started process (PID=552) to work on /home/airflow/.local/lib/python3.8/site-packages/airflow/example_dags/tutorial_dag.py
[2024-01-29T18:06:31.907+0000] {processor.py:829} INFO - Processing file /home/airflow/.local/lib/python3.8/site-packages/airflow/example_dags/tutorial_dag.py for tasks to queue
[2024-01-29T18:06:31.910+0000] {logging_mixin.py:151} INFO - [2024-01-29T18:06:31.910+0000] {dagbag.py:536} INFO - Filling up the DagBag from /home/airflow/.local/lib/python3.8/site-packages/airflow/example_dags/tutorial_dag.py
[2024-01-29T18:06:31.917+0000] {processor.py:839} INFO - DAG(s) dict_keys(['tutorial_dag']) retrieved from /home/airflow/.local/lib/python3.8/site-packages/airflow/example_dags/tutorial_dag.py
[2024-01-29T18:06:31.939+0000] {logging_mixin.py:151} INFO - [2024-01-29T18:06:31.938+0000] {dag.py:2941} INFO - Sync 1 DAGs
[2024-01-29T18:06:31.955+0000] {logging_mixin.py:151} INFO - [2024-01-29T18:06:31.955+0000] {dag.py:3722} INFO - Setting next_dagrun for tutorial_dag to None, run_after=None
[2024-01-29T18:06:31.990+0000] {processor.py:179} INFO - Processing /home/airflow/.local/lib/python3.8/site-packages/airflow/example_dags/tutorial_dag.py took 0.091 seconds
[2024-01-29T18:07:02.359+0000] {processor.py:157} INFO - Started process (PID=608) to work on /home/airflow/.local/lib/python3.8/site-packages/airflow/example_dags/tutorial_dag.py
[2024-01-29T18:07:02.361+0000] {processor.py:829} INFO - Processing file /home/airflow/.local/lib/python3.8/site-packages/airflow/example_dags/tutorial_dag.py for tasks to queue
[2024-01-29T18:07:02.364+0000] {logging_mixin.py:151} INFO - [2024-01-29T18:07:02.363+0000] {dagbag.py:536} INFO - Filling up the DagBag from /home/airflow/.local/lib/python3.8/site-packages/airflow/example_dags/tutorial_dag.py
[2024-01-29T18:07:02.372+0000] {processor.py:839} INFO - DAG(s) dict_keys(['tutorial_dag']) retrieved from /home/airflow/.local/lib/python3.8/site-packages/airflow/example_dags/tutorial_dag.py
[2024-01-29T18:07:02.452+0000] {logging_mixin.py:151} INFO - [2024-01-29T18:07:02.452+0000] {dag.py:2941} INFO - Sync 1 DAGs
[2024-01-29T18:07:02.470+0000] {logging_mixin.py:151} INFO - [2024-01-29T18:07:02.470+0000] {dag.py:3722} INFO - Setting next_dagrun for tutorial_dag to None, run_after=None
[2024-01-29T18:07:02.506+0000] {processor.py:179} INFO - Processing /home/airflow/.local/lib/python3.8/site-packages/airflow/example_dags/tutorial_dag.py took 0.152 seconds
[2024-01-29T18:07:33.175+0000] {processor.py:157} INFO - Started process (PID=664) to work on /home/airflow/.local/lib/python3.8/site-packages/airflow/example_dags/tutorial_dag.py
[2024-01-29T18:07:33.177+0000] {processor.py:829} INFO - Processing file /home/airflow/.local/lib/python3.8/site-packages/airflow/example_dags/tutorial_dag.py for tasks to queue
[2024-01-29T18:07:33.183+0000] {logging_mixin.py:151} INFO - [2024-01-29T18:07:33.182+0000] {dagbag.py:536} INFO - Filling up the DagBag from /home/airflow/.local/lib/python3.8/site-packages/airflow/example_dags/tutorial_dag.py
[2024-01-29T18:07:33.193+0000] {processor.py:839} INFO - DAG(s) dict_keys(['tutorial_dag']) retrieved from /home/airflow/.local/lib/python3.8/site-packages/airflow/example_dags/tutorial_dag.py
[2024-01-29T18:07:33.240+0000] {logging_mixin.py:151} INFO - [2024-01-29T18:07:33.239+0000] {dag.py:2941} INFO - Sync 1 DAGs
[2024-01-29T18:07:33.263+0000] {logging_mixin.py:151} INFO - [2024-01-29T18:07:33.263+0000] {dag.py:3722} INFO - Setting next_dagrun for tutorial_dag to None, run_after=None
[2024-01-29T18:07:33.327+0000] {processor.py:179} INFO - Processing /home/airflow/.local/lib/python3.8/site-packages/airflow/example_dags/tutorial_dag.py took 0.157 seconds
[2024-01-29T18:08:03.946+0000] {processor.py:157} INFO - Started process (PID=720) to work on /home/airflow/.local/lib/python3.8/site-packages/airflow/example_dags/tutorial_dag.py
[2024-01-29T18:08:03.947+0000] {processor.py:829} INFO - Processing file /home/airflow/.local/lib/python3.8/site-packages/airflow/example_dags/tutorial_dag.py for tasks to queue
[2024-01-29T18:08:03.949+0000] {logging_mixin.py:151} INFO - [2024-01-29T18:08:03.949+0000] {dagbag.py:536} INFO - Filling up the DagBag from /home/airflow/.local/lib/python3.8/site-packages/airflow/example_dags/tutorial_dag.py
[2024-01-29T18:08:03.955+0000] {processor.py:839} INFO - DAG(s) dict_keys(['tutorial_dag']) retrieved from /home/airflow/.local/lib/python3.8/site-packages/airflow/example_dags/tutorial_dag.py
[2024-01-29T18:08:03.978+0000] {logging_mixin.py:151} INFO - [2024-01-29T18:08:03.978+0000] {dag.py:2941} INFO - Sync 1 DAGs
[2024-01-29T18:08:03.997+0000] {logging_mixin.py:151} INFO - [2024-01-29T18:08:03.997+0000] {dag.py:3722} INFO - Setting next_dagrun for tutorial_dag to None, run_after=None
[2024-01-29T18:08:04.024+0000] {processor.py:179} INFO - Processing /home/airflow/.local/lib/python3.8/site-packages/airflow/example_dags/tutorial_dag.py took 0.082 seconds
[2024-01-29T18:08:34.303+0000] {processor.py:157} INFO - Started process (PID=777) to work on /home/airflow/.local/lib/python3.8/site-packages/airflow/example_dags/tutorial_dag.py
[2024-01-29T18:08:34.305+0000] {processor.py:829} INFO - Processing file /home/airflow/.local/lib/python3.8/site-packages/airflow/example_dags/tutorial_dag.py for tasks to queue
[2024-01-29T18:08:34.307+0000] {logging_mixin.py:151} INFO - [2024-01-29T18:08:34.306+0000] {dagbag.py:536} INFO - Filling up the DagBag from /home/airflow/.local/lib/python3.8/site-packages/airflow/example_dags/tutorial_dag.py
[2024-01-29T18:08:34.313+0000] {processor.py:839} INFO - DAG(s) dict_keys(['tutorial_dag']) retrieved from /home/airflow/.local/lib/python3.8/site-packages/airflow/example_dags/tutorial_dag.py
[2024-01-29T18:08:34.335+0000] {logging_mixin.py:151} INFO - [2024-01-29T18:08:34.334+0000] {dag.py:2941} INFO - Sync 1 DAGs
[2024-01-29T18:08:34.350+0000] {logging_mixin.py:151} INFO - [2024-01-29T18:08:34.350+0000] {dag.py:3722} INFO - Setting next_dagrun for tutorial_dag to None, run_after=None
[2024-01-29T18:08:34.374+0000] {processor.py:179} INFO - Processing /home/airflow/.local/lib/python3.8/site-packages/airflow/example_dags/tutorial_dag.py took 0.073 seconds
[2024-01-29T18:09:04.537+0000] {processor.py:157} INFO - Started process (PID=833) to work on /home/airflow/.local/lib/python3.8/site-packages/airflow/example_dags/tutorial_dag.py
[2024-01-29T18:09:04.538+0000] {processor.py:829} INFO - Processing file /home/airflow/.local/lib/python3.8/site-packages/airflow/example_dags/tutorial_dag.py for tasks to queue
[2024-01-29T18:09:04.540+0000] {logging_mixin.py:151} INFO - [2024-01-29T18:09:04.540+0000] {dagbag.py:536} INFO - Filling up the DagBag from /home/airflow/.local/lib/python3.8/site-packages/airflow/example_dags/tutorial_dag.py
[2024-01-29T18:09:04.546+0000] {processor.py:839} INFO - DAG(s) dict_keys(['tutorial_dag']) retrieved from /home/airflow/.local/lib/python3.8/site-packages/airflow/example_dags/tutorial_dag.py
[2024-01-29T18:09:04.569+0000] {logging_mixin.py:151} INFO - [2024-01-29T18:09:04.569+0000] {dag.py:2941} INFO - Sync 1 DAGs
[2024-01-29T18:09:04.592+0000] {logging_mixin.py:151} INFO - [2024-01-29T18:09:04.592+0000] {dag.py:3722} INFO - Setting next_dagrun for tutorial_dag to None, run_after=None
[2024-01-29T18:09:04.620+0000] {processor.py:179} INFO - Processing /home/airflow/.local/lib/python3.8/site-packages/airflow/example_dags/tutorial_dag.py took 0.086 seconds
[2024-01-29T18:09:34.952+0000] {processor.py:157} INFO - Started process (PID=892) to work on /home/airflow/.local/lib/python3.8/site-packages/airflow/example_dags/tutorial_dag.py
[2024-01-29T18:09:34.953+0000] {processor.py:829} INFO - Processing file /home/airflow/.local/lib/python3.8/site-packages/airflow/example_dags/tutorial_dag.py for tasks to queue
[2024-01-29T18:09:34.955+0000] {logging_mixin.py:151} INFO - [2024-01-29T18:09:34.955+0000] {dagbag.py:536} INFO - Filling up the DagBag from /home/airflow/.local/lib/python3.8/site-packages/airflow/example_dags/tutorial_dag.py
[2024-01-29T18:09:34.961+0000] {processor.py:839} INFO - DAG(s) dict_keys(['tutorial_dag']) retrieved from /home/airflow/.local/lib/python3.8/site-packages/airflow/example_dags/tutorial_dag.py
[2024-01-29T18:09:34.983+0000] {logging_mixin.py:151} INFO - [2024-01-29T18:09:34.983+0000] {dag.py:2941} INFO - Sync 1 DAGs
[2024-01-29T18:09:34.999+0000] {logging_mixin.py:151} INFO - [2024-01-29T18:09:34.999+0000] {dag.py:3722} INFO - Setting next_dagrun for tutorial_dag to None, run_after=None
[2024-01-29T18:09:35.026+0000] {processor.py:179} INFO - Processing /home/airflow/.local/lib/python3.8/site-packages/airflow/example_dags/tutorial_dag.py took 0.078 seconds
[2024-01-29T18:10:05.872+0000] {processor.py:157} INFO - Started process (PID=948) to work on /home/airflow/.local/lib/python3.8/site-packages/airflow/example_dags/tutorial_dag.py
[2024-01-29T18:10:05.873+0000] {processor.py:829} INFO - Processing file /home/airflow/.local/lib/python3.8/site-packages/airflow/example_dags/tutorial_dag.py for tasks to queue
[2024-01-29T18:10:05.875+0000] {logging_mixin.py:151} INFO - [2024-01-29T18:10:05.875+0000] {dagbag.py:536} INFO - Filling up the DagBag from /home/airflow/.local/lib/python3.8/site-packages/airflow/example_dags/tutorial_dag.py
[2024-01-29T18:10:05.882+0000] {processor.py:839} INFO - DAG(s) dict_keys(['tutorial_dag']) retrieved from /home/airflow/.local/lib/python3.8/site-packages/airflow/example_dags/tutorial_dag.py
[2024-01-29T18:10:05.911+0000] {logging_mixin.py:151} INFO - [2024-01-29T18:10:05.911+0000] {dag.py:2941} INFO - Sync 1 DAGs
[2024-01-29T18:10:05.938+0000] {logging_mixin.py:151} INFO - [2024-01-29T18:10:05.938+0000] {dag.py:3722} INFO - Setting next_dagrun for tutorial_dag to None, run_after=None
[2024-01-29T18:10:05.986+0000] {processor.py:179} INFO - Processing /home/airflow/.local/lib/python3.8/site-packages/airflow/example_dags/tutorial_dag.py took 0.118 seconds
[2024-01-29T18:10:36.432+0000] {processor.py:157} INFO - Started process (PID=1013) to work on /home/airflow/.local/lib/python3.8/site-packages/airflow/example_dags/tutorial_dag.py
[2024-01-29T18:10:36.434+0000] {processor.py:829} INFO - Processing file /home/airflow/.local/lib/python3.8/site-packages/airflow/example_dags/tutorial_dag.py for tasks to queue
[2024-01-29T18:10:36.437+0000] {logging_mixin.py:151} INFO - [2024-01-29T18:10:36.436+0000] {dagbag.py:536} INFO - Filling up the DagBag from /home/airflow/.local/lib/python3.8/site-packages/airflow/example_dags/tutorial_dag.py
[2024-01-29T18:10:36.447+0000] {processor.py:839} INFO - DAG(s) dict_keys(['tutorial_dag']) retrieved from /home/airflow/.local/lib/python3.8/site-packages/airflow/example_dags/tutorial_dag.py
[2024-01-29T18:10:36.478+0000] {logging_mixin.py:151} INFO - [2024-01-29T18:10:36.478+0000] {dag.py:2941} INFO - Sync 1 DAGs
[2024-01-29T18:10:36.496+0000] {logging_mixin.py:151} INFO - [2024-01-29T18:10:36.496+0000] {dag.py:3722} INFO - Setting next_dagrun for tutorial_dag to None, run_after=None
[2024-01-29T18:10:36.529+0000] {processor.py:179} INFO - Processing /home/airflow/.local/lib/python3.8/site-packages/airflow/example_dags/tutorial_dag.py took 0.102 seconds
[2024-01-29T18:11:07.406+0000] {processor.py:157} INFO - Started process (PID=1073) to work on /home/airflow/.local/lib/python3.8/site-packages/airflow/example_dags/tutorial_dag.py
[2024-01-29T18:11:07.408+0000] {processor.py:829} INFO - Processing file /home/airflow/.local/lib/python3.8/site-packages/airflow/example_dags/tutorial_dag.py for tasks to queue
[2024-01-29T18:11:07.410+0000] {logging_mixin.py:151} INFO - [2024-01-29T18:11:07.410+0000] {dagbag.py:536} INFO - Filling up the DagBag from /home/airflow/.local/lib/python3.8/site-packages/airflow/example_dags/tutorial_dag.py
[2024-01-29T18:11:07.416+0000] {processor.py:839} INFO - DAG(s) dict_keys(['tutorial_dag']) retrieved from /home/airflow/.local/lib/python3.8/site-packages/airflow/example_dags/tutorial_dag.py
[2024-01-29T18:11:07.441+0000] {logging_mixin.py:151} INFO - [2024-01-29T18:11:07.441+0000] {dag.py:2941} INFO - Sync 1 DAGs
[2024-01-29T18:11:07.459+0000] {logging_mixin.py:151} INFO - [2024-01-29T18:11:07.458+0000] {dag.py:3722} INFO - Setting next_dagrun for tutorial_dag to None, run_after=None
[2024-01-29T18:11:07.491+0000] {processor.py:179} INFO - Processing /home/airflow/.local/lib/python3.8/site-packages/airflow/example_dags/tutorial_dag.py took 0.087 seconds
[2024-01-29T18:11:37.616+0000] {processor.py:157} INFO - Started process (PID=1128) to work on /home/airflow/.local/lib/python3.8/site-packages/airflow/example_dags/tutorial_dag.py
[2024-01-29T18:11:37.617+0000] {processor.py:829} INFO - Processing file /home/airflow/.local/lib/python3.8/site-packages/airflow/example_dags/tutorial_dag.py for tasks to queue
[2024-01-29T18:11:37.619+0000] {logging_mixin.py:151} INFO - [2024-01-29T18:11:37.619+0000] {dagbag.py:536} INFO - Filling up the DagBag from /home/airflow/.local/lib/python3.8/site-packages/airflow/example_dags/tutorial_dag.py
[2024-01-29T18:11:37.625+0000] {processor.py:839} INFO - DAG(s) dict_keys(['tutorial_dag']) retrieved from /home/airflow/.local/lib/python3.8/site-packages/airflow/example_dags/tutorial_dag.py
[2024-01-29T18:11:37.648+0000] {logging_mixin.py:151} INFO - [2024-01-29T18:11:37.648+0000] {dag.py:2941} INFO - Sync 1 DAGs
[2024-01-29T18:11:37.663+0000] {logging_mixin.py:151} INFO - [2024-01-29T18:11:37.663+0000] {dag.py:3722} INFO - Setting next_dagrun for tutorial_dag to None, run_after=None
[2024-01-29T18:11:37.686+0000] {processor.py:179} INFO - Processing /home/airflow/.local/lib/python3.8/site-packages/airflow/example_dags/tutorial_dag.py took 0.073 seconds
[2024-01-29T18:12:13.228+0000] {processor.py:157} INFO - Started process (PID=1191) to work on /home/airflow/.local/lib/python3.8/site-packages/airflow/example_dags/tutorial_dag.py
[2024-01-29T18:12:13.232+0000] {processor.py:829} INFO - Processing file /home/airflow/.local/lib/python3.8/site-packages/airflow/example_dags/tutorial_dag.py for tasks to queue
[2024-01-29T18:12:13.243+0000] {logging_mixin.py:151} INFO - [2024-01-29T18:12:13.242+0000] {dagbag.py:536} INFO - Filling up the DagBag from /home/airflow/.local/lib/python3.8/site-packages/airflow/example_dags/tutorial_dag.py
[2024-01-29T18:12:13.259+0000] {processor.py:839} INFO - DAG(s) dict_keys(['tutorial_dag']) retrieved from /home/airflow/.local/lib/python3.8/site-packages/airflow/example_dags/tutorial_dag.py
[2024-01-29T18:12:13.316+0000] {logging_mixin.py:151} INFO - [2024-01-29T18:12:13.315+0000] {dag.py:2941} INFO - Sync 1 DAGs
[2024-01-29T18:12:13.358+0000] {logging_mixin.py:151} INFO - [2024-01-29T18:12:13.357+0000] {dag.py:3722} INFO - Setting next_dagrun for tutorial_dag to None, run_after=None
[2024-01-29T18:12:13.435+0000] {processor.py:179} INFO - Processing /home/airflow/.local/lib/python3.8/site-packages/airflow/example_dags/tutorial_dag.py took 0.215 seconds
[2024-01-29T18:12:44.153+0000] {processor.py:157} INFO - Started process (PID=1247) to work on /home/airflow/.local/lib/python3.8/site-packages/airflow/example_dags/tutorial_dag.py
[2024-01-29T18:12:44.157+0000] {processor.py:829} INFO - Processing file /home/airflow/.local/lib/python3.8/site-packages/airflow/example_dags/tutorial_dag.py for tasks to queue
[2024-01-29T18:12:44.163+0000] {logging_mixin.py:151} INFO - [2024-01-29T18:12:44.162+0000] {dagbag.py:536} INFO - Filling up the DagBag from /home/airflow/.local/lib/python3.8/site-packages/airflow/example_dags/tutorial_dag.py
[2024-01-29T18:12:44.178+0000] {processor.py:839} INFO - DAG(s) dict_keys(['tutorial_dag']) retrieved from /home/airflow/.local/lib/python3.8/site-packages/airflow/example_dags/tutorial_dag.py
[2024-01-29T18:12:44.252+0000] {logging_mixin.py:151} INFO - [2024-01-29T18:12:44.252+0000] {dag.py:2941} INFO - Sync 1 DAGs
[2024-01-29T18:12:44.281+0000] {logging_mixin.py:151} INFO - [2024-01-29T18:12:44.281+0000] {dag.py:3722} INFO - Setting next_dagrun for tutorial_dag to None, run_after=None
[2024-01-29T18:12:44.357+0000] {processor.py:179} INFO - Processing /home/airflow/.local/lib/python3.8/site-packages/airflow/example_dags/tutorial_dag.py took 0.212 seconds
[2024-01-29T18:13:14.713+0000] {processor.py:157} INFO - Started process (PID=1303) to work on /home/airflow/.local/lib/python3.8/site-packages/airflow/example_dags/tutorial_dag.py
[2024-01-29T18:13:14.715+0000] {processor.py:829} INFO - Processing file /home/airflow/.local/lib/python3.8/site-packages/airflow/example_dags/tutorial_dag.py for tasks to queue
[2024-01-29T18:13:14.734+0000] {logging_mixin.py:151} INFO - [2024-01-29T18:13:14.732+0000] {dagbag.py:536} INFO - Filling up the DagBag from /home/airflow/.local/lib/python3.8/site-packages/airflow/example_dags/tutorial_dag.py
[2024-01-29T18:13:14.760+0000] {processor.py:839} INFO - DAG(s) dict_keys(['tutorial_dag']) retrieved from /home/airflow/.local/lib/python3.8/site-packages/airflow/example_dags/tutorial_dag.py
[2024-01-29T18:13:14.833+0000] {logging_mixin.py:151} INFO - [2024-01-29T18:13:14.832+0000] {dag.py:2941} INFO - Sync 1 DAGs
[2024-01-29T18:13:14.885+0000] {logging_mixin.py:151} INFO - [2024-01-29T18:13:14.885+0000] {dag.py:3722} INFO - Setting next_dagrun for tutorial_dag to None, run_after=None
[2024-01-29T18:13:14.970+0000] {processor.py:179} INFO - Processing /home/airflow/.local/lib/python3.8/site-packages/airflow/example_dags/tutorial_dag.py took 0.263 seconds
[2024-01-29T18:13:45.246+0000] {processor.py:157} INFO - Started process (PID=1360) to work on /home/airflow/.local/lib/python3.8/site-packages/airflow/example_dags/tutorial_dag.py
[2024-01-29T18:13:45.247+0000] {processor.py:829} INFO - Processing file /home/airflow/.local/lib/python3.8/site-packages/airflow/example_dags/tutorial_dag.py for tasks to queue
[2024-01-29T18:13:45.252+0000] {logging_mixin.py:151} INFO - [2024-01-29T18:13:45.251+0000] {dagbag.py:536} INFO - Filling up the DagBag from /home/airflow/.local/lib/python3.8/site-packages/airflow/example_dags/tutorial_dag.py
[2024-01-29T18:13:45.263+0000] {processor.py:839} INFO - DAG(s) dict_keys(['tutorial_dag']) retrieved from /home/airflow/.local/lib/python3.8/site-packages/airflow/example_dags/tutorial_dag.py
[2024-01-29T18:13:45.342+0000] {logging_mixin.py:151} INFO - [2024-01-29T18:13:45.341+0000] {dag.py:2941} INFO - Sync 1 DAGs
[2024-01-29T18:13:45.387+0000] {logging_mixin.py:151} INFO - [2024-01-29T18:13:45.386+0000] {dag.py:3722} INFO - Setting next_dagrun for tutorial_dag to None, run_after=None
[2024-01-29T18:13:45.445+0000] {processor.py:179} INFO - Processing /home/airflow/.local/lib/python3.8/site-packages/airflow/example_dags/tutorial_dag.py took 0.205 seconds
[2024-01-29T18:14:16.615+0000] {processor.py:157} INFO - Started process (PID=1415) to work on /home/airflow/.local/lib/python3.8/site-packages/airflow/example_dags/tutorial_dag.py
[2024-01-29T18:14:16.617+0000] {processor.py:829} INFO - Processing file /home/airflow/.local/lib/python3.8/site-packages/airflow/example_dags/tutorial_dag.py for tasks to queue
[2024-01-29T18:14:16.626+0000] {logging_mixin.py:151} INFO - [2024-01-29T18:14:16.625+0000] {dagbag.py:536} INFO - Filling up the DagBag from /home/airflow/.local/lib/python3.8/site-packages/airflow/example_dags/tutorial_dag.py
[2024-01-29T18:14:16.640+0000] {processor.py:839} INFO - DAG(s) dict_keys(['tutorial_dag']) retrieved from /home/airflow/.local/lib/python3.8/site-packages/airflow/example_dags/tutorial_dag.py
[2024-01-29T18:14:16.697+0000] {logging_mixin.py:151} INFO - [2024-01-29T18:14:16.697+0000] {dag.py:2941} INFO - Sync 1 DAGs
[2024-01-29T18:14:16.725+0000] {logging_mixin.py:151} INFO - [2024-01-29T18:14:16.725+0000] {dag.py:3722} INFO - Setting next_dagrun for tutorial_dag to None, run_after=None
[2024-01-29T18:14:16.816+0000] {processor.py:179} INFO - Processing /home/airflow/.local/lib/python3.8/site-packages/airflow/example_dags/tutorial_dag.py took 0.208 seconds
[2024-01-29T18:14:47.128+0000] {processor.py:157} INFO - Started process (PID=1471) to work on /home/airflow/.local/lib/python3.8/site-packages/airflow/example_dags/tutorial_dag.py
[2024-01-29T18:14:47.130+0000] {processor.py:829} INFO - Processing file /home/airflow/.local/lib/python3.8/site-packages/airflow/example_dags/tutorial_dag.py for tasks to queue
[2024-01-29T18:14:47.133+0000] {logging_mixin.py:151} INFO - [2024-01-29T18:14:47.133+0000] {dagbag.py:536} INFO - Filling up the DagBag from /home/airflow/.local/lib/python3.8/site-packages/airflow/example_dags/tutorial_dag.py
[2024-01-29T18:14:47.147+0000] {processor.py:839} INFO - DAG(s) dict_keys(['tutorial_dag']) retrieved from /home/airflow/.local/lib/python3.8/site-packages/airflow/example_dags/tutorial_dag.py
[2024-01-29T18:14:47.205+0000] {logging_mixin.py:151} INFO - [2024-01-29T18:14:47.205+0000] {dag.py:2941} INFO - Sync 1 DAGs
[2024-01-29T18:14:47.235+0000] {logging_mixin.py:151} INFO - [2024-01-29T18:14:47.235+0000] {dag.py:3722} INFO - Setting next_dagrun for tutorial_dag to None, run_after=None
[2024-01-29T18:14:47.301+0000] {processor.py:179} INFO - Processing /home/airflow/.local/lib/python3.8/site-packages/airflow/example_dags/tutorial_dag.py took 0.180 seconds
[2024-01-29T18:15:18.100+0000] {processor.py:157} INFO - Started process (PID=1527) to work on /home/airflow/.local/lib/python3.8/site-packages/airflow/example_dags/tutorial_dag.py
[2024-01-29T18:15:18.102+0000] {processor.py:829} INFO - Processing file /home/airflow/.local/lib/python3.8/site-packages/airflow/example_dags/tutorial_dag.py for tasks to queue
[2024-01-29T18:15:18.106+0000] {logging_mixin.py:151} INFO - [2024-01-29T18:15:18.106+0000] {dagbag.py:536} INFO - Filling up the DagBag from /home/airflow/.local/lib/python3.8/site-packages/airflow/example_dags/tutorial_dag.py
[2024-01-29T18:15:18.118+0000] {processor.py:839} INFO - DAG(s) dict_keys(['tutorial_dag']) retrieved from /home/airflow/.local/lib/python3.8/site-packages/airflow/example_dags/tutorial_dag.py
[2024-01-29T18:15:18.175+0000] {logging_mixin.py:151} INFO - [2024-01-29T18:15:18.174+0000] {dag.py:2941} INFO - Sync 1 DAGs
[2024-01-29T18:15:18.214+0000] {logging_mixin.py:151} INFO - [2024-01-29T18:15:18.213+0000] {dag.py:3722} INFO - Setting next_dagrun for tutorial_dag to None, run_after=None
[2024-01-29T18:15:18.273+0000] {processor.py:179} INFO - Processing /home/airflow/.local/lib/python3.8/site-packages/airflow/example_dags/tutorial_dag.py took 0.177 seconds
[2024-01-29T18:15:48.721+0000] {processor.py:157} INFO - Started process (PID=1583) to work on /home/airflow/.local/lib/python3.8/site-packages/airflow/example_dags/tutorial_dag.py
[2024-01-29T18:15:48.722+0000] {processor.py:829} INFO - Processing file /home/airflow/.local/lib/python3.8/site-packages/airflow/example_dags/tutorial_dag.py for tasks to queue
[2024-01-29T18:15:48.725+0000] {logging_mixin.py:151} INFO - [2024-01-29T18:15:48.725+0000] {dagbag.py:536} INFO - Filling up the DagBag from /home/airflow/.local/lib/python3.8/site-packages/airflow/example_dags/tutorial_dag.py
[2024-01-29T18:15:48.733+0000] {processor.py:839} INFO - DAG(s) dict_keys(['tutorial_dag']) retrieved from /home/airflow/.local/lib/python3.8/site-packages/airflow/example_dags/tutorial_dag.py
[2024-01-29T18:15:48.767+0000] {logging_mixin.py:151} INFO - [2024-01-29T18:15:48.766+0000] {dag.py:2941} INFO - Sync 1 DAGs
[2024-01-29T18:15:48.806+0000] {logging_mixin.py:151} INFO - [2024-01-29T18:15:48.806+0000] {dag.py:3722} INFO - Setting next_dagrun for tutorial_dag to None, run_after=None
[2024-01-29T18:15:48.865+0000] {processor.py:179} INFO - Processing /home/airflow/.local/lib/python3.8/site-packages/airflow/example_dags/tutorial_dag.py took 0.148 seconds
[2024-01-29T18:16:19.194+0000] {processor.py:157} INFO - Started process (PID=1639) to work on /home/airflow/.local/lib/python3.8/site-packages/airflow/example_dags/tutorial_dag.py
[2024-01-29T18:16:19.196+0000] {processor.py:829} INFO - Processing file /home/airflow/.local/lib/python3.8/site-packages/airflow/example_dags/tutorial_dag.py for tasks to queue
[2024-01-29T18:16:19.198+0000] {logging_mixin.py:151} INFO - [2024-01-29T18:16:19.198+0000] {dagbag.py:536} INFO - Filling up the DagBag from /home/airflow/.local/lib/python3.8/site-packages/airflow/example_dags/tutorial_dag.py
[2024-01-29T18:16:19.203+0000] {processor.py:839} INFO - DAG(s) dict_keys(['tutorial_dag']) retrieved from /home/airflow/.local/lib/python3.8/site-packages/airflow/example_dags/tutorial_dag.py
[2024-01-29T18:16:19.225+0000] {logging_mixin.py:151} INFO - [2024-01-29T18:16:19.225+0000] {dag.py:2941} INFO - Sync 1 DAGs
[2024-01-29T18:16:19.240+0000] {logging_mixin.py:151} INFO - [2024-01-29T18:16:19.240+0000] {dag.py:3722} INFO - Setting next_dagrun for tutorial_dag to None, run_after=None
[2024-01-29T18:16:19.265+0000] {processor.py:179} INFO - Processing /home/airflow/.local/lib/python3.8/site-packages/airflow/example_dags/tutorial_dag.py took 0.076 seconds
[2024-01-29T18:16:49.547+0000] {processor.py:157} INFO - Started process (PID=1695) to work on /home/airflow/.local/lib/python3.8/site-packages/airflow/example_dags/tutorial_dag.py
[2024-01-29T18:16:49.548+0000] {processor.py:829} INFO - Processing file /home/airflow/.local/lib/python3.8/site-packages/airflow/example_dags/tutorial_dag.py for tasks to queue
[2024-01-29T18:16:49.550+0000] {logging_mixin.py:151} INFO - [2024-01-29T18:16:49.550+0000] {dagbag.py:536} INFO - Filling up the DagBag from /home/airflow/.local/lib/python3.8/site-packages/airflow/example_dags/tutorial_dag.py
[2024-01-29T18:16:49.556+0000] {processor.py:839} INFO - DAG(s) dict_keys(['tutorial_dag']) retrieved from /home/airflow/.local/lib/python3.8/site-packages/airflow/example_dags/tutorial_dag.py
[2024-01-29T18:16:49.581+0000] {logging_mixin.py:151} INFO - [2024-01-29T18:16:49.581+0000] {dag.py:2941} INFO - Sync 1 DAGs
[2024-01-29T18:16:49.597+0000] {logging_mixin.py:151} INFO - [2024-01-29T18:16:49.597+0000] {dag.py:3722} INFO - Setting next_dagrun for tutorial_dag to None, run_after=None
[2024-01-29T18:16:49.621+0000] {processor.py:179} INFO - Processing /home/airflow/.local/lib/python3.8/site-packages/airflow/example_dags/tutorial_dag.py took 0.077 seconds
[2024-01-29T18:17:20.295+0000] {processor.py:157} INFO - Started process (PID=1751) to work on /home/airflow/.local/lib/python3.8/site-packages/airflow/example_dags/tutorial_dag.py
[2024-01-29T18:17:20.296+0000] {processor.py:829} INFO - Processing file /home/airflow/.local/lib/python3.8/site-packages/airflow/example_dags/tutorial_dag.py for tasks to queue
[2024-01-29T18:17:20.298+0000] {logging_mixin.py:151} INFO - [2024-01-29T18:17:20.298+0000] {dagbag.py:536} INFO - Filling up the DagBag from /home/airflow/.local/lib/python3.8/site-packages/airflow/example_dags/tutorial_dag.py
[2024-01-29T18:17:20.304+0000] {processor.py:839} INFO - DAG(s) dict_keys(['tutorial_dag']) retrieved from /home/airflow/.local/lib/python3.8/site-packages/airflow/example_dags/tutorial_dag.py
[2024-01-29T18:17:20.326+0000] {logging_mixin.py:151} INFO - [2024-01-29T18:17:20.325+0000] {dag.py:2941} INFO - Sync 1 DAGs
[2024-01-29T18:17:20.341+0000] {logging_mixin.py:151} INFO - [2024-01-29T18:17:20.341+0000] {dag.py:3722} INFO - Setting next_dagrun for tutorial_dag to None, run_after=None
[2024-01-29T18:17:20.366+0000] {processor.py:179} INFO - Processing /home/airflow/.local/lib/python3.8/site-packages/airflow/example_dags/tutorial_dag.py took 0.074 seconds
[2024-01-29T18:17:50.646+0000] {processor.py:157} INFO - Started process (PID=1807) to work on /home/airflow/.local/lib/python3.8/site-packages/airflow/example_dags/tutorial_dag.py
[2024-01-29T18:17:50.648+0000] {processor.py:829} INFO - Processing file /home/airflow/.local/lib/python3.8/site-packages/airflow/example_dags/tutorial_dag.py for tasks to queue
[2024-01-29T18:17:50.650+0000] {logging_mixin.py:151} INFO - [2024-01-29T18:17:50.650+0000] {dagbag.py:536} INFO - Filling up the DagBag from /home/airflow/.local/lib/python3.8/site-packages/airflow/example_dags/tutorial_dag.py
[2024-01-29T18:17:50.657+0000] {processor.py:839} INFO - DAG(s) dict_keys(['tutorial_dag']) retrieved from /home/airflow/.local/lib/python3.8/site-packages/airflow/example_dags/tutorial_dag.py
[2024-01-29T18:17:50.678+0000] {logging_mixin.py:151} INFO - [2024-01-29T18:17:50.677+0000] {dag.py:2941} INFO - Sync 1 DAGs
[2024-01-29T18:17:50.693+0000] {logging_mixin.py:151} INFO - [2024-01-29T18:17:50.693+0000] {dag.py:3722} INFO - Setting next_dagrun for tutorial_dag to None, run_after=None
[2024-01-29T18:17:50.717+0000] {processor.py:179} INFO - Processing /home/airflow/.local/lib/python3.8/site-packages/airflow/example_dags/tutorial_dag.py took 0.074 seconds
[2024-01-29T18:18:21.211+0000] {processor.py:157} INFO - Started process (PID=1863) to work on /home/airflow/.local/lib/python3.8/site-packages/airflow/example_dags/tutorial_dag.py
[2024-01-29T18:18:21.212+0000] {processor.py:829} INFO - Processing file /home/airflow/.local/lib/python3.8/site-packages/airflow/example_dags/tutorial_dag.py for tasks to queue
[2024-01-29T18:18:21.214+0000] {logging_mixin.py:151} INFO - [2024-01-29T18:18:21.214+0000] {dagbag.py:536} INFO - Filling up the DagBag from /home/airflow/.local/lib/python3.8/site-packages/airflow/example_dags/tutorial_dag.py
[2024-01-29T18:18:21.222+0000] {processor.py:839} INFO - DAG(s) dict_keys(['tutorial_dag']) retrieved from /home/airflow/.local/lib/python3.8/site-packages/airflow/example_dags/tutorial_dag.py
[2024-01-29T18:18:21.247+0000] {logging_mixin.py:151} INFO - [2024-01-29T18:18:21.246+0000] {dag.py:2941} INFO - Sync 1 DAGs
[2024-01-29T18:18:21.265+0000] {logging_mixin.py:151} INFO - [2024-01-29T18:18:21.265+0000] {dag.py:3722} INFO - Setting next_dagrun for tutorial_dag to None, run_after=None
[2024-01-29T18:18:21.289+0000] {processor.py:179} INFO - Processing /home/airflow/.local/lib/python3.8/site-packages/airflow/example_dags/tutorial_dag.py took 0.082 seconds
[2024-01-29T18:18:51.911+0000] {processor.py:157} INFO - Started process (PID=1919) to work on /home/airflow/.local/lib/python3.8/site-packages/airflow/example_dags/tutorial_dag.py
[2024-01-29T18:18:51.913+0000] {processor.py:829} INFO - Processing file /home/airflow/.local/lib/python3.8/site-packages/airflow/example_dags/tutorial_dag.py for tasks to queue
[2024-01-29T18:18:51.925+0000] {logging_mixin.py:151} INFO - [2024-01-29T18:18:51.925+0000] {dagbag.py:536} INFO - Filling up the DagBag from /home/airflow/.local/lib/python3.8/site-packages/airflow/example_dags/tutorial_dag.py
[2024-01-29T18:18:51.941+0000] {processor.py:839} INFO - DAG(s) dict_keys(['tutorial_dag']) retrieved from /home/airflow/.local/lib/python3.8/site-packages/airflow/example_dags/tutorial_dag.py
[2024-01-29T18:18:52.007+0000] {logging_mixin.py:151} INFO - [2024-01-29T18:18:52.006+0000] {dag.py:2941} INFO - Sync 1 DAGs
[2024-01-29T18:18:52.045+0000] {logging_mixin.py:151} INFO - [2024-01-29T18:18:52.044+0000] {dag.py:3722} INFO - Setting next_dagrun for tutorial_dag to None, run_after=None
[2024-01-29T18:18:52.086+0000] {processor.py:179} INFO - Processing /home/airflow/.local/lib/python3.8/site-packages/airflow/example_dags/tutorial_dag.py took 0.186 seconds
[2024-01-29T18:19:23.002+0000] {processor.py:157} INFO - Started process (PID=1975) to work on /home/airflow/.local/lib/python3.8/site-packages/airflow/example_dags/tutorial_dag.py
[2024-01-29T18:19:23.004+0000] {processor.py:829} INFO - Processing file /home/airflow/.local/lib/python3.8/site-packages/airflow/example_dags/tutorial_dag.py for tasks to queue
[2024-01-29T18:19:23.006+0000] {logging_mixin.py:151} INFO - [2024-01-29T18:19:23.006+0000] {dagbag.py:536} INFO - Filling up the DagBag from /home/airflow/.local/lib/python3.8/site-packages/airflow/example_dags/tutorial_dag.py
[2024-01-29T18:19:23.013+0000] {processor.py:839} INFO - DAG(s) dict_keys(['tutorial_dag']) retrieved from /home/airflow/.local/lib/python3.8/site-packages/airflow/example_dags/tutorial_dag.py
[2024-01-29T18:19:23.033+0000] {logging_mixin.py:151} INFO - [2024-01-29T18:19:23.032+0000] {dag.py:2941} INFO - Sync 1 DAGs
[2024-01-29T18:19:23.047+0000] {logging_mixin.py:151} INFO - [2024-01-29T18:19:23.046+0000] {dag.py:3722} INFO - Setting next_dagrun for tutorial_dag to None, run_after=None
[2024-01-29T18:19:23.069+0000] {processor.py:179} INFO - Processing /home/airflow/.local/lib/python3.8/site-packages/airflow/example_dags/tutorial_dag.py took 0.070 seconds
[2024-01-29T18:19:53.158+0000] {processor.py:157} INFO - Started process (PID=2031) to work on /home/airflow/.local/lib/python3.8/site-packages/airflow/example_dags/tutorial_dag.py
[2024-01-29T18:19:53.159+0000] {processor.py:829} INFO - Processing file /home/airflow/.local/lib/python3.8/site-packages/airflow/example_dags/tutorial_dag.py for tasks to queue
[2024-01-29T18:19:53.162+0000] {logging_mixin.py:151} INFO - [2024-01-29T18:19:53.162+0000] {dagbag.py:536} INFO - Filling up the DagBag from /home/airflow/.local/lib/python3.8/site-packages/airflow/example_dags/tutorial_dag.py
[2024-01-29T18:19:53.168+0000] {processor.py:839} INFO - DAG(s) dict_keys(['tutorial_dag']) retrieved from /home/airflow/.local/lib/python3.8/site-packages/airflow/example_dags/tutorial_dag.py
[2024-01-29T18:19:53.196+0000] {logging_mixin.py:151} INFO - [2024-01-29T18:19:53.196+0000] {dag.py:2941} INFO - Sync 1 DAGs
[2024-01-29T18:19:53.215+0000] {logging_mixin.py:151} INFO - [2024-01-29T18:19:53.215+0000] {dag.py:3722} INFO - Setting next_dagrun for tutorial_dag to None, run_after=None
[2024-01-29T18:19:53.249+0000] {processor.py:179} INFO - Processing /home/airflow/.local/lib/python3.8/site-packages/airflow/example_dags/tutorial_dag.py took 0.095 seconds
[2024-01-29T18:20:23.451+0000] {processor.py:157} INFO - Started process (PID=2087) to work on /home/airflow/.local/lib/python3.8/site-packages/airflow/example_dags/tutorial_dag.py
[2024-01-29T18:20:23.452+0000] {processor.py:829} INFO - Processing file /home/airflow/.local/lib/python3.8/site-packages/airflow/example_dags/tutorial_dag.py for tasks to queue
[2024-01-29T18:20:23.455+0000] {logging_mixin.py:151} INFO - [2024-01-29T18:20:23.454+0000] {dagbag.py:536} INFO - Filling up the DagBag from /home/airflow/.local/lib/python3.8/site-packages/airflow/example_dags/tutorial_dag.py
[2024-01-29T18:20:23.460+0000] {processor.py:839} INFO - DAG(s) dict_keys(['tutorial_dag']) retrieved from /home/airflow/.local/lib/python3.8/site-packages/airflow/example_dags/tutorial_dag.py
[2024-01-29T18:20:23.482+0000] {logging_mixin.py:151} INFO - [2024-01-29T18:20:23.482+0000] {dag.py:2941} INFO - Sync 1 DAGs
[2024-01-29T18:20:23.499+0000] {logging_mixin.py:151} INFO - [2024-01-29T18:20:23.499+0000] {dag.py:3722} INFO - Setting next_dagrun for tutorial_dag to None, run_after=None
[2024-01-29T18:20:23.523+0000] {processor.py:179} INFO - Processing /home/airflow/.local/lib/python3.8/site-packages/airflow/example_dags/tutorial_dag.py took 0.074 seconds
[2024-01-29T18:20:54.062+0000] {processor.py:157} INFO - Started process (PID=2143) to work on /home/airflow/.local/lib/python3.8/site-packages/airflow/example_dags/tutorial_dag.py
[2024-01-29T18:20:54.063+0000] {processor.py:829} INFO - Processing file /home/airflow/.local/lib/python3.8/site-packages/airflow/example_dags/tutorial_dag.py for tasks to queue
[2024-01-29T18:20:54.065+0000] {logging_mixin.py:151} INFO - [2024-01-29T18:20:54.065+0000] {dagbag.py:536} INFO - Filling up the DagBag from /home/airflow/.local/lib/python3.8/site-packages/airflow/example_dags/tutorial_dag.py
[2024-01-29T18:20:54.070+0000] {processor.py:839} INFO - DAG(s) dict_keys(['tutorial_dag']) retrieved from /home/airflow/.local/lib/python3.8/site-packages/airflow/example_dags/tutorial_dag.py
[2024-01-29T18:20:54.092+0000] {logging_mixin.py:151} INFO - [2024-01-29T18:20:54.092+0000] {dag.py:2941} INFO - Sync 1 DAGs
[2024-01-29T18:20:54.107+0000] {logging_mixin.py:151} INFO - [2024-01-29T18:20:54.106+0000] {dag.py:3722} INFO - Setting next_dagrun for tutorial_dag to None, run_after=None
[2024-01-29T18:20:54.131+0000] {processor.py:179} INFO - Processing /home/airflow/.local/lib/python3.8/site-packages/airflow/example_dags/tutorial_dag.py took 0.072 seconds
[2024-01-29T18:21:24.783+0000] {processor.py:157} INFO - Started process (PID=2199) to work on /home/airflow/.local/lib/python3.8/site-packages/airflow/example_dags/tutorial_dag.py
[2024-01-29T18:21:24.784+0000] {processor.py:829} INFO - Processing file /home/airflow/.local/lib/python3.8/site-packages/airflow/example_dags/tutorial_dag.py for tasks to queue
[2024-01-29T18:21:24.787+0000] {logging_mixin.py:151} INFO - [2024-01-29T18:21:24.786+0000] {dagbag.py:536} INFO - Filling up the DagBag from /home/airflow/.local/lib/python3.8/site-packages/airflow/example_dags/tutorial_dag.py
[2024-01-29T18:21:24.792+0000] {processor.py:839} INFO - DAG(s) dict_keys(['tutorial_dag']) retrieved from /home/airflow/.local/lib/python3.8/site-packages/airflow/example_dags/tutorial_dag.py
[2024-01-29T18:21:24.818+0000] {logging_mixin.py:151} INFO - [2024-01-29T18:21:24.818+0000] {dag.py:2941} INFO - Sync 1 DAGs
[2024-01-29T18:21:24.835+0000] {logging_mixin.py:151} INFO - [2024-01-29T18:21:24.835+0000] {dag.py:3722} INFO - Setting next_dagrun for tutorial_dag to None, run_after=None
[2024-01-29T18:21:24.860+0000] {processor.py:179} INFO - Processing /home/airflow/.local/lib/python3.8/site-packages/airflow/example_dags/tutorial_dag.py took 0.080 seconds
[2024-01-29T18:21:55.331+0000] {processor.py:157} INFO - Started process (PID=2255) to work on /home/airflow/.local/lib/python3.8/site-packages/airflow/example_dags/tutorial_dag.py
[2024-01-29T18:21:55.332+0000] {processor.py:829} INFO - Processing file /home/airflow/.local/lib/python3.8/site-packages/airflow/example_dags/tutorial_dag.py for tasks to queue
[2024-01-29T18:21:55.334+0000] {logging_mixin.py:151} INFO - [2024-01-29T18:21:55.334+0000] {dagbag.py:536} INFO - Filling up the DagBag from /home/airflow/.local/lib/python3.8/site-packages/airflow/example_dags/tutorial_dag.py
[2024-01-29T18:21:55.339+0000] {processor.py:839} INFO - DAG(s) dict_keys(['tutorial_dag']) retrieved from /home/airflow/.local/lib/python3.8/site-packages/airflow/example_dags/tutorial_dag.py
[2024-01-29T18:21:55.361+0000] {logging_mixin.py:151} INFO - [2024-01-29T18:21:55.361+0000] {dag.py:2941} INFO - Sync 1 DAGs
[2024-01-29T18:21:55.376+0000] {logging_mixin.py:151} INFO - [2024-01-29T18:21:55.376+0000] {dag.py:3722} INFO - Setting next_dagrun for tutorial_dag to None, run_after=None
[2024-01-29T18:21:55.401+0000] {processor.py:179} INFO - Processing /home/airflow/.local/lib/python3.8/site-packages/airflow/example_dags/tutorial_dag.py took 0.073 seconds
[2024-01-29T18:22:26.089+0000] {processor.py:157} INFO - Started process (PID=2311) to work on /home/airflow/.local/lib/python3.8/site-packages/airflow/example_dags/tutorial_dag.py
[2024-01-29T18:22:26.090+0000] {processor.py:829} INFO - Processing file /home/airflow/.local/lib/python3.8/site-packages/airflow/example_dags/tutorial_dag.py for tasks to queue
[2024-01-29T18:22:26.093+0000] {logging_mixin.py:151} INFO - [2024-01-29T18:22:26.092+0000] {dagbag.py:536} INFO - Filling up the DagBag from /home/airflow/.local/lib/python3.8/site-packages/airflow/example_dags/tutorial_dag.py
[2024-01-29T18:22:26.098+0000] {processor.py:839} INFO - DAG(s) dict_keys(['tutorial_dag']) retrieved from /home/airflow/.local/lib/python3.8/site-packages/airflow/example_dags/tutorial_dag.py
[2024-01-29T18:22:26.122+0000] {logging_mixin.py:151} INFO - [2024-01-29T18:22:26.122+0000] {dag.py:2941} INFO - Sync 1 DAGs
[2024-01-29T18:22:26.139+0000] {logging_mixin.py:151} INFO - [2024-01-29T18:22:26.138+0000] {dag.py:3722} INFO - Setting next_dagrun for tutorial_dag to None, run_after=None
[2024-01-29T18:22:26.165+0000] {processor.py:179} INFO - Processing /home/airflow/.local/lib/python3.8/site-packages/airflow/example_dags/tutorial_dag.py took 0.079 seconds
[2024-01-29T18:22:57.135+0000] {processor.py:157} INFO - Started process (PID=2367) to work on /home/airflow/.local/lib/python3.8/site-packages/airflow/example_dags/tutorial_dag.py
[2024-01-29T18:22:57.136+0000] {processor.py:829} INFO - Processing file /home/airflow/.local/lib/python3.8/site-packages/airflow/example_dags/tutorial_dag.py for tasks to queue
[2024-01-29T18:22:57.138+0000] {logging_mixin.py:151} INFO - [2024-01-29T18:22:57.138+0000] {dagbag.py:536} INFO - Filling up the DagBag from /home/airflow/.local/lib/python3.8/site-packages/airflow/example_dags/tutorial_dag.py
[2024-01-29T18:22:57.144+0000] {processor.py:839} INFO - DAG(s) dict_keys(['tutorial_dag']) retrieved from /home/airflow/.local/lib/python3.8/site-packages/airflow/example_dags/tutorial_dag.py
[2024-01-29T18:22:57.167+0000] {logging_mixin.py:151} INFO - [2024-01-29T18:22:57.166+0000] {dag.py:2941} INFO - Sync 1 DAGs
[2024-01-29T18:22:57.182+0000] {logging_mixin.py:151} INFO - [2024-01-29T18:22:57.181+0000] {dag.py:3722} INFO - Setting next_dagrun for tutorial_dag to None, run_after=None
[2024-01-29T18:22:57.207+0000] {processor.py:179} INFO - Processing /home/airflow/.local/lib/python3.8/site-packages/airflow/example_dags/tutorial_dag.py took 0.075 seconds
[2024-01-29T18:23:27.458+0000] {processor.py:157} INFO - Started process (PID=2423) to work on /home/airflow/.local/lib/python3.8/site-packages/airflow/example_dags/tutorial_dag.py
[2024-01-29T18:23:27.460+0000] {processor.py:829} INFO - Processing file /home/airflow/.local/lib/python3.8/site-packages/airflow/example_dags/tutorial_dag.py for tasks to queue
[2024-01-29T18:23:27.462+0000] {logging_mixin.py:151} INFO - [2024-01-29T18:23:27.462+0000] {dagbag.py:536} INFO - Filling up the DagBag from /home/airflow/.local/lib/python3.8/site-packages/airflow/example_dags/tutorial_dag.py
[2024-01-29T18:23:27.469+0000] {processor.py:839} INFO - DAG(s) dict_keys(['tutorial_dag']) retrieved from /home/airflow/.local/lib/python3.8/site-packages/airflow/example_dags/tutorial_dag.py
[2024-01-29T18:23:27.503+0000] {logging_mixin.py:151} INFO - [2024-01-29T18:23:27.502+0000] {dag.py:2941} INFO - Sync 1 DAGs
[2024-01-29T18:23:27.707+0000] {logging_mixin.py:151} INFO - [2024-01-29T18:23:27.707+0000] {dag.py:3722} INFO - Setting next_dagrun for tutorial_dag to None, run_after=None
[2024-01-29T18:23:27.734+0000] {processor.py:179} INFO - Processing /home/airflow/.local/lib/python3.8/site-packages/airflow/example_dags/tutorial_dag.py took 0.279 seconds
[2024-01-29T18:23:57.955+0000] {processor.py:157} INFO - Started process (PID=2479) to work on /home/airflow/.local/lib/python3.8/site-packages/airflow/example_dags/tutorial_dag.py
[2024-01-29T18:23:57.956+0000] {processor.py:829} INFO - Processing file /home/airflow/.local/lib/python3.8/site-packages/airflow/example_dags/tutorial_dag.py for tasks to queue
[2024-01-29T18:23:57.958+0000] {logging_mixin.py:151} INFO - [2024-01-29T18:23:57.958+0000] {dagbag.py:536} INFO - Filling up the DagBag from /home/airflow/.local/lib/python3.8/site-packages/airflow/example_dags/tutorial_dag.py
[2024-01-29T18:23:57.965+0000] {processor.py:839} INFO - DAG(s) dict_keys(['tutorial_dag']) retrieved from /home/airflow/.local/lib/python3.8/site-packages/airflow/example_dags/tutorial_dag.py
[2024-01-29T18:23:57.988+0000] {logging_mixin.py:151} INFO - [2024-01-29T18:23:57.987+0000] {dag.py:2941} INFO - Sync 1 DAGs
[2024-01-29T18:23:58.004+0000] {logging_mixin.py:151} INFO - [2024-01-29T18:23:58.003+0000] {dag.py:3722} INFO - Setting next_dagrun for tutorial_dag to None, run_after=None
[2024-01-29T18:23:58.029+0000] {processor.py:179} INFO - Processing /home/airflow/.local/lib/python3.8/site-packages/airflow/example_dags/tutorial_dag.py took 0.077 seconds
[2024-01-29T18:24:28.148+0000] {processor.py:157} INFO - Started process (PID=2534) to work on /home/airflow/.local/lib/python3.8/site-packages/airflow/example_dags/tutorial_dag.py
[2024-01-29T18:24:28.149+0000] {processor.py:829} INFO - Processing file /home/airflow/.local/lib/python3.8/site-packages/airflow/example_dags/tutorial_dag.py for tasks to queue
[2024-01-29T18:24:28.152+0000] {logging_mixin.py:151} INFO - [2024-01-29T18:24:28.151+0000] {dagbag.py:536} INFO - Filling up the DagBag from /home/airflow/.local/lib/python3.8/site-packages/airflow/example_dags/tutorial_dag.py
[2024-01-29T18:24:28.157+0000] {processor.py:839} INFO - DAG(s) dict_keys(['tutorial_dag']) retrieved from /home/airflow/.local/lib/python3.8/site-packages/airflow/example_dags/tutorial_dag.py
[2024-01-29T18:24:28.181+0000] {logging_mixin.py:151} INFO - [2024-01-29T18:24:28.181+0000] {dag.py:2941} INFO - Sync 1 DAGs
[2024-01-29T18:24:28.200+0000] {logging_mixin.py:151} INFO - [2024-01-29T18:24:28.200+0000] {dag.py:3722} INFO - Setting next_dagrun for tutorial_dag to None, run_after=None
[2024-01-29T18:24:28.228+0000] {processor.py:179} INFO - Processing /home/airflow/.local/lib/python3.8/site-packages/airflow/example_dags/tutorial_dag.py took 0.083 seconds
[2024-01-29T18:24:58.381+0000] {processor.py:157} INFO - Started process (PID=2590) to work on /home/airflow/.local/lib/python3.8/site-packages/airflow/example_dags/tutorial_dag.py
[2024-01-29T18:24:58.383+0000] {processor.py:829} INFO - Processing file /home/airflow/.local/lib/python3.8/site-packages/airflow/example_dags/tutorial_dag.py for tasks to queue
[2024-01-29T18:24:58.385+0000] {logging_mixin.py:151} INFO - [2024-01-29T18:24:58.385+0000] {dagbag.py:536} INFO - Filling up the DagBag from /home/airflow/.local/lib/python3.8/site-packages/airflow/example_dags/tutorial_dag.py
[2024-01-29T18:24:58.391+0000] {processor.py:839} INFO - DAG(s) dict_keys(['tutorial_dag']) retrieved from /home/airflow/.local/lib/python3.8/site-packages/airflow/example_dags/tutorial_dag.py
[2024-01-29T18:24:58.414+0000] {logging_mixin.py:151} INFO - [2024-01-29T18:24:58.414+0000] {dag.py:2941} INFO - Sync 1 DAGs
[2024-01-29T18:24:58.432+0000] {logging_mixin.py:151} INFO - [2024-01-29T18:24:58.431+0000] {dag.py:3722} INFO - Setting next_dagrun for tutorial_dag to None, run_after=None
[2024-01-29T18:24:58.459+0000] {processor.py:179} INFO - Processing /home/airflow/.local/lib/python3.8/site-packages/airflow/example_dags/tutorial_dag.py took 0.081 seconds
[2024-01-29T18:25:28.715+0000] {processor.py:157} INFO - Started process (PID=2647) to work on /home/airflow/.local/lib/python3.8/site-packages/airflow/example_dags/tutorial_dag.py
[2024-01-29T18:25:28.717+0000] {processor.py:829} INFO - Processing file /home/airflow/.local/lib/python3.8/site-packages/airflow/example_dags/tutorial_dag.py for tasks to queue
[2024-01-29T18:25:28.719+0000] {logging_mixin.py:151} INFO - [2024-01-29T18:25:28.719+0000] {dagbag.py:536} INFO - Filling up the DagBag from /home/airflow/.local/lib/python3.8/site-packages/airflow/example_dags/tutorial_dag.py
[2024-01-29T18:25:28.725+0000] {processor.py:839} INFO - DAG(s) dict_keys(['tutorial_dag']) retrieved from /home/airflow/.local/lib/python3.8/site-packages/airflow/example_dags/tutorial_dag.py
[2024-01-29T18:25:28.748+0000] {logging_mixin.py:151} INFO - [2024-01-29T18:25:28.748+0000] {dag.py:2941} INFO - Sync 1 DAGs
[2024-01-29T18:25:28.903+0000] {logging_mixin.py:151} INFO - [2024-01-29T18:25:28.903+0000] {dag.py:3722} INFO - Setting next_dagrun for tutorial_dag to None, run_after=None
[2024-01-29T18:25:28.929+0000] {processor.py:179} INFO - Processing /home/airflow/.local/lib/python3.8/site-packages/airflow/example_dags/tutorial_dag.py took 0.216 seconds
[2024-01-29T18:25:59.272+0000] {processor.py:157} INFO - Started process (PID=2703) to work on /home/airflow/.local/lib/python3.8/site-packages/airflow/example_dags/tutorial_dag.py
[2024-01-29T18:25:59.273+0000] {processor.py:829} INFO - Processing file /home/airflow/.local/lib/python3.8/site-packages/airflow/example_dags/tutorial_dag.py for tasks to queue
[2024-01-29T18:25:59.275+0000] {logging_mixin.py:151} INFO - [2024-01-29T18:25:59.275+0000] {dagbag.py:536} INFO - Filling up the DagBag from /home/airflow/.local/lib/python3.8/site-packages/airflow/example_dags/tutorial_dag.py
[2024-01-29T18:25:59.281+0000] {processor.py:839} INFO - DAG(s) dict_keys(['tutorial_dag']) retrieved from /home/airflow/.local/lib/python3.8/site-packages/airflow/example_dags/tutorial_dag.py
[2024-01-29T18:25:59.302+0000] {logging_mixin.py:151} INFO - [2024-01-29T18:25:59.302+0000] {dag.py:2941} INFO - Sync 1 DAGs
[2024-01-29T18:25:59.318+0000] {logging_mixin.py:151} INFO - [2024-01-29T18:25:59.318+0000] {dag.py:3722} INFO - Setting next_dagrun for tutorial_dag to None, run_after=None
[2024-01-29T18:25:59.345+0000] {processor.py:179} INFO - Processing /home/airflow/.local/lib/python3.8/site-packages/airflow/example_dags/tutorial_dag.py took 0.076 seconds
[2024-01-29T18:26:29.384+0000] {processor.py:157} INFO - Started process (PID=2758) to work on /home/airflow/.local/lib/python3.8/site-packages/airflow/example_dags/tutorial_dag.py
[2024-01-29T18:26:29.385+0000] {processor.py:829} INFO - Processing file /home/airflow/.local/lib/python3.8/site-packages/airflow/example_dags/tutorial_dag.py for tasks to queue
[2024-01-29T18:26:29.387+0000] {logging_mixin.py:151} INFO - [2024-01-29T18:26:29.387+0000] {dagbag.py:536} INFO - Filling up the DagBag from /home/airflow/.local/lib/python3.8/site-packages/airflow/example_dags/tutorial_dag.py
[2024-01-29T18:26:29.392+0000] {processor.py:839} INFO - DAG(s) dict_keys(['tutorial_dag']) retrieved from /home/airflow/.local/lib/python3.8/site-packages/airflow/example_dags/tutorial_dag.py
[2024-01-29T18:26:29.536+0000] {logging_mixin.py:151} INFO - [2024-01-29T18:26:29.536+0000] {dag.py:2941} INFO - Sync 1 DAGs
[2024-01-29T18:26:29.552+0000] {logging_mixin.py:151} INFO - [2024-01-29T18:26:29.552+0000] {dag.py:3722} INFO - Setting next_dagrun for tutorial_dag to None, run_after=None
[2024-01-29T18:26:29.578+0000] {processor.py:179} INFO - Processing /home/airflow/.local/lib/python3.8/site-packages/airflow/example_dags/tutorial_dag.py took 0.197 seconds
[2024-01-29T18:27:00.558+0000] {processor.py:157} INFO - Started process (PID=2815) to work on /home/airflow/.local/lib/python3.8/site-packages/airflow/example_dags/tutorial_dag.py
[2024-01-29T18:27:00.560+0000] {processor.py:829} INFO - Processing file /home/airflow/.local/lib/python3.8/site-packages/airflow/example_dags/tutorial_dag.py for tasks to queue
[2024-01-29T18:27:00.562+0000] {logging_mixin.py:151} INFO - [2024-01-29T18:27:00.562+0000] {dagbag.py:536} INFO - Filling up the DagBag from /home/airflow/.local/lib/python3.8/site-packages/airflow/example_dags/tutorial_dag.py
[2024-01-29T18:27:00.567+0000] {processor.py:839} INFO - DAG(s) dict_keys(['tutorial_dag']) retrieved from /home/airflow/.local/lib/python3.8/site-packages/airflow/example_dags/tutorial_dag.py
[2024-01-29T18:27:00.590+0000] {logging_mixin.py:151} INFO - [2024-01-29T18:27:00.590+0000] {dag.py:2941} INFO - Sync 1 DAGs
[2024-01-29T18:27:00.605+0000] {logging_mixin.py:151} INFO - [2024-01-29T18:27:00.605+0000] {dag.py:3722} INFO - Setting next_dagrun for tutorial_dag to None, run_after=None
[2024-01-29T18:27:00.630+0000] {processor.py:179} INFO - Processing /home/airflow/.local/lib/python3.8/site-packages/airflow/example_dags/tutorial_dag.py took 0.074 seconds
[2024-01-29T18:27:30.776+0000] {processor.py:157} INFO - Started process (PID=2871) to work on /home/airflow/.local/lib/python3.8/site-packages/airflow/example_dags/tutorial_dag.py
[2024-01-29T18:27:30.777+0000] {processor.py:829} INFO - Processing file /home/airflow/.local/lib/python3.8/site-packages/airflow/example_dags/tutorial_dag.py for tasks to queue
[2024-01-29T18:27:30.779+0000] {logging_mixin.py:151} INFO - [2024-01-29T18:27:30.779+0000] {dagbag.py:536} INFO - Filling up the DagBag from /home/airflow/.local/lib/python3.8/site-packages/airflow/example_dags/tutorial_dag.py
[2024-01-29T18:27:30.784+0000] {processor.py:839} INFO - DAG(s) dict_keys(['tutorial_dag']) retrieved from /home/airflow/.local/lib/python3.8/site-packages/airflow/example_dags/tutorial_dag.py
[2024-01-29T18:27:30.806+0000] {logging_mixin.py:151} INFO - [2024-01-29T18:27:30.806+0000] {dag.py:2941} INFO - Sync 1 DAGs
[2024-01-29T18:27:30.821+0000] {logging_mixin.py:151} INFO - [2024-01-29T18:27:30.821+0000] {dag.py:3722} INFO - Setting next_dagrun for tutorial_dag to None, run_after=None
[2024-01-29T18:27:30.849+0000] {processor.py:179} INFO - Processing /home/airflow/.local/lib/python3.8/site-packages/airflow/example_dags/tutorial_dag.py took 0.076 seconds
[2024-01-29T18:28:01.142+0000] {processor.py:157} INFO - Started process (PID=2927) to work on /home/airflow/.local/lib/python3.8/site-packages/airflow/example_dags/tutorial_dag.py
[2024-01-29T18:28:01.144+0000] {processor.py:829} INFO - Processing file /home/airflow/.local/lib/python3.8/site-packages/airflow/example_dags/tutorial_dag.py for tasks to queue
[2024-01-29T18:28:01.146+0000] {logging_mixin.py:151} INFO - [2024-01-29T18:28:01.145+0000] {dagbag.py:536} INFO - Filling up the DagBag from /home/airflow/.local/lib/python3.8/site-packages/airflow/example_dags/tutorial_dag.py
[2024-01-29T18:28:01.151+0000] {processor.py:839} INFO - DAG(s) dict_keys(['tutorial_dag']) retrieved from /home/airflow/.local/lib/python3.8/site-packages/airflow/example_dags/tutorial_dag.py
[2024-01-29T18:28:01.172+0000] {logging_mixin.py:151} INFO - [2024-01-29T18:28:01.171+0000] {dag.py:2941} INFO - Sync 1 DAGs
[2024-01-29T18:28:01.186+0000] {logging_mixin.py:151} INFO - [2024-01-29T18:28:01.186+0000] {dag.py:3722} INFO - Setting next_dagrun for tutorial_dag to None, run_after=None
[2024-01-29T18:28:01.211+0000] {processor.py:179} INFO - Processing /home/airflow/.local/lib/python3.8/site-packages/airflow/example_dags/tutorial_dag.py took 0.072 seconds
[2024-01-29T18:28:31.483+0000] {processor.py:157} INFO - Started process (PID=2983) to work on /home/airflow/.local/lib/python3.8/site-packages/airflow/example_dags/tutorial_dag.py
[2024-01-29T18:28:31.484+0000] {processor.py:829} INFO - Processing file /home/airflow/.local/lib/python3.8/site-packages/airflow/example_dags/tutorial_dag.py for tasks to queue
[2024-01-29T18:28:31.487+0000] {logging_mixin.py:151} INFO - [2024-01-29T18:28:31.486+0000] {dagbag.py:536} INFO - Filling up the DagBag from /home/airflow/.local/lib/python3.8/site-packages/airflow/example_dags/tutorial_dag.py
[2024-01-29T18:28:31.492+0000] {processor.py:839} INFO - DAG(s) dict_keys(['tutorial_dag']) retrieved from /home/airflow/.local/lib/python3.8/site-packages/airflow/example_dags/tutorial_dag.py
[2024-01-29T18:28:31.519+0000] {logging_mixin.py:151} INFO - [2024-01-29T18:28:31.519+0000] {dag.py:2941} INFO - Sync 1 DAGs
[2024-01-29T18:28:31.536+0000] {logging_mixin.py:151} INFO - [2024-01-29T18:28:31.536+0000] {dag.py:3722} INFO - Setting next_dagrun for tutorial_dag to None, run_after=None
[2024-01-29T18:28:31.563+0000] {processor.py:179} INFO - Processing /home/airflow/.local/lib/python3.8/site-packages/airflow/example_dags/tutorial_dag.py took 0.083 seconds
[2024-01-29T18:29:01.806+0000] {processor.py:157} INFO - Started process (PID=3039) to work on /home/airflow/.local/lib/python3.8/site-packages/airflow/example_dags/tutorial_dag.py
[2024-01-29T18:29:01.808+0000] {processor.py:829} INFO - Processing file /home/airflow/.local/lib/python3.8/site-packages/airflow/example_dags/tutorial_dag.py for tasks to queue
[2024-01-29T18:29:01.810+0000] {logging_mixin.py:151} INFO - [2024-01-29T18:29:01.810+0000] {dagbag.py:536} INFO - Filling up the DagBag from /home/airflow/.local/lib/python3.8/site-packages/airflow/example_dags/tutorial_dag.py
[2024-01-29T18:29:01.816+0000] {processor.py:839} INFO - DAG(s) dict_keys(['tutorial_dag']) retrieved from /home/airflow/.local/lib/python3.8/site-packages/airflow/example_dags/tutorial_dag.py
[2024-01-29T18:29:01.841+0000] {logging_mixin.py:151} INFO - [2024-01-29T18:29:01.841+0000] {dag.py:2941} INFO - Sync 1 DAGs
[2024-01-29T18:29:01.856+0000] {logging_mixin.py:151} INFO - [2024-01-29T18:29:01.856+0000] {dag.py:3722} INFO - Setting next_dagrun for tutorial_dag to None, run_after=None
[2024-01-29T18:29:01.889+0000] {processor.py:179} INFO - Processing /home/airflow/.local/lib/python3.8/site-packages/airflow/example_dags/tutorial_dag.py took 0.087 seconds
[2024-01-29T18:29:32.279+0000] {processor.py:157} INFO - Started process (PID=3095) to work on /home/airflow/.local/lib/python3.8/site-packages/airflow/example_dags/tutorial_dag.py
[2024-01-29T18:29:32.280+0000] {processor.py:829} INFO - Processing file /home/airflow/.local/lib/python3.8/site-packages/airflow/example_dags/tutorial_dag.py for tasks to queue
[2024-01-29T18:29:32.282+0000] {logging_mixin.py:151} INFO - [2024-01-29T18:29:32.282+0000] {dagbag.py:536} INFO - Filling up the DagBag from /home/airflow/.local/lib/python3.8/site-packages/airflow/example_dags/tutorial_dag.py
[2024-01-29T18:29:32.287+0000] {processor.py:839} INFO - DAG(s) dict_keys(['tutorial_dag']) retrieved from /home/airflow/.local/lib/python3.8/site-packages/airflow/example_dags/tutorial_dag.py
[2024-01-29T18:29:32.312+0000] {logging_mixin.py:151} INFO - [2024-01-29T18:29:32.312+0000] {dag.py:2941} INFO - Sync 1 DAGs
[2024-01-29T18:29:32.330+0000] {logging_mixin.py:151} INFO - [2024-01-29T18:29:32.329+0000] {dag.py:3722} INFO - Setting next_dagrun for tutorial_dag to None, run_after=None
[2024-01-29T18:29:32.357+0000] {processor.py:179} INFO - Processing /home/airflow/.local/lib/python3.8/site-packages/airflow/example_dags/tutorial_dag.py took 0.081 seconds
[2024-01-29T18:30:02.520+0000] {processor.py:157} INFO - Started process (PID=3151) to work on /home/airflow/.local/lib/python3.8/site-packages/airflow/example_dags/tutorial_dag.py
[2024-01-29T18:30:02.521+0000] {processor.py:829} INFO - Processing file /home/airflow/.local/lib/python3.8/site-packages/airflow/example_dags/tutorial_dag.py for tasks to queue
[2024-01-29T18:30:02.523+0000] {logging_mixin.py:151} INFO - [2024-01-29T18:30:02.523+0000] {dagbag.py:536} INFO - Filling up the DagBag from /home/airflow/.local/lib/python3.8/site-packages/airflow/example_dags/tutorial_dag.py
[2024-01-29T18:30:02.527+0000] {processor.py:839} INFO - DAG(s) dict_keys(['tutorial_dag']) retrieved from /home/airflow/.local/lib/python3.8/site-packages/airflow/example_dags/tutorial_dag.py
[2024-01-29T18:30:02.551+0000] {logging_mixin.py:151} INFO - [2024-01-29T18:30:02.551+0000] {dag.py:2941} INFO - Sync 1 DAGs
[2024-01-29T18:30:02.565+0000] {logging_mixin.py:151} INFO - [2024-01-29T18:30:02.565+0000] {dag.py:3722} INFO - Setting next_dagrun for tutorial_dag to None, run_after=None
[2024-01-29T18:30:02.594+0000] {processor.py:179} INFO - Processing /home/airflow/.local/lib/python3.8/site-packages/airflow/example_dags/tutorial_dag.py took 0.077 seconds
[2024-01-29T18:30:32.786+0000] {processor.py:157} INFO - Started process (PID=3207) to work on /home/airflow/.local/lib/python3.8/site-packages/airflow/example_dags/tutorial_dag.py
[2024-01-29T18:30:32.787+0000] {processor.py:829} INFO - Processing file /home/airflow/.local/lib/python3.8/site-packages/airflow/example_dags/tutorial_dag.py for tasks to queue
[2024-01-29T18:30:32.789+0000] {logging_mixin.py:151} INFO - [2024-01-29T18:30:32.789+0000] {dagbag.py:536} INFO - Filling up the DagBag from /home/airflow/.local/lib/python3.8/site-packages/airflow/example_dags/tutorial_dag.py
[2024-01-29T18:30:32.796+0000] {processor.py:839} INFO - DAG(s) dict_keys(['tutorial_dag']) retrieved from /home/airflow/.local/lib/python3.8/site-packages/airflow/example_dags/tutorial_dag.py
[2024-01-29T18:30:32.826+0000] {logging_mixin.py:151} INFO - [2024-01-29T18:30:32.825+0000] {dag.py:2941} INFO - Sync 1 DAGs
[2024-01-29T18:30:32.842+0000] {logging_mixin.py:151} INFO - [2024-01-29T18:30:32.842+0000] {dag.py:3722} INFO - Setting next_dagrun for tutorial_dag to None, run_after=None
[2024-01-29T18:30:32.871+0000] {processor.py:179} INFO - Processing /home/airflow/.local/lib/python3.8/site-packages/airflow/example_dags/tutorial_dag.py took 0.089 seconds
[2024-01-29T18:31:03.243+0000] {processor.py:157} INFO - Started process (PID=3263) to work on /home/airflow/.local/lib/python3.8/site-packages/airflow/example_dags/tutorial_dag.py
[2024-01-29T18:31:03.244+0000] {processor.py:829} INFO - Processing file /home/airflow/.local/lib/python3.8/site-packages/airflow/example_dags/tutorial_dag.py for tasks to queue
[2024-01-29T18:31:03.246+0000] {logging_mixin.py:151} INFO - [2024-01-29T18:31:03.246+0000] {dagbag.py:536} INFO - Filling up the DagBag from /home/airflow/.local/lib/python3.8/site-packages/airflow/example_dags/tutorial_dag.py
[2024-01-29T18:31:03.252+0000] {processor.py:839} INFO - DAG(s) dict_keys(['tutorial_dag']) retrieved from /home/airflow/.local/lib/python3.8/site-packages/airflow/example_dags/tutorial_dag.py
[2024-01-29T18:31:03.274+0000] {logging_mixin.py:151} INFO - [2024-01-29T18:31:03.274+0000] {dag.py:2941} INFO - Sync 1 DAGs
[2024-01-29T18:31:03.292+0000] {logging_mixin.py:151} INFO - [2024-01-29T18:31:03.292+0000] {dag.py:3722} INFO - Setting next_dagrun for tutorial_dag to None, run_after=None
[2024-01-29T18:31:03.318+0000] {processor.py:179} INFO - Processing /home/airflow/.local/lib/python3.8/site-packages/airflow/example_dags/tutorial_dag.py took 0.077 seconds
[2024-01-29T18:31:33.765+0000] {processor.py:157} INFO - Started process (PID=3319) to work on /home/airflow/.local/lib/python3.8/site-packages/airflow/example_dags/tutorial_dag.py
[2024-01-29T18:31:33.767+0000] {processor.py:829} INFO - Processing file /home/airflow/.local/lib/python3.8/site-packages/airflow/example_dags/tutorial_dag.py for tasks to queue
[2024-01-29T18:31:33.769+0000] {logging_mixin.py:151} INFO - [2024-01-29T18:31:33.769+0000] {dagbag.py:536} INFO - Filling up the DagBag from /home/airflow/.local/lib/python3.8/site-packages/airflow/example_dags/tutorial_dag.py
[2024-01-29T18:31:33.775+0000] {processor.py:839} INFO - DAG(s) dict_keys(['tutorial_dag']) retrieved from /home/airflow/.local/lib/python3.8/site-packages/airflow/example_dags/tutorial_dag.py
[2024-01-29T18:31:33.797+0000] {logging_mixin.py:151} INFO - [2024-01-29T18:31:33.797+0000] {dag.py:2941} INFO - Sync 1 DAGs
[2024-01-29T18:31:33.811+0000] {logging_mixin.py:151} INFO - [2024-01-29T18:31:33.811+0000] {dag.py:3722} INFO - Setting next_dagrun for tutorial_dag to None, run_after=None
[2024-01-29T18:31:33.837+0000] {processor.py:179} INFO - Processing /home/airflow/.local/lib/python3.8/site-packages/airflow/example_dags/tutorial_dag.py took 0.076 seconds
[2024-01-29T18:32:04.147+0000] {processor.py:157} INFO - Started process (PID=3375) to work on /home/airflow/.local/lib/python3.8/site-packages/airflow/example_dags/tutorial_dag.py
[2024-01-29T18:32:04.154+0000] {processor.py:829} INFO - Processing file /home/airflow/.local/lib/python3.8/site-packages/airflow/example_dags/tutorial_dag.py for tasks to queue
[2024-01-29T18:32:04.157+0000] {logging_mixin.py:151} INFO - [2024-01-29T18:32:04.157+0000] {dagbag.py:536} INFO - Filling up the DagBag from /home/airflow/.local/lib/python3.8/site-packages/airflow/example_dags/tutorial_dag.py
[2024-01-29T18:32:04.165+0000] {processor.py:839} INFO - DAG(s) dict_keys(['tutorial_dag']) retrieved from /home/airflow/.local/lib/python3.8/site-packages/airflow/example_dags/tutorial_dag.py
[2024-01-29T18:32:04.198+0000] {logging_mixin.py:151} INFO - [2024-01-29T18:32:04.198+0000] {dag.py:2941} INFO - Sync 1 DAGs
[2024-01-29T18:32:04.216+0000] {logging_mixin.py:151} INFO - [2024-01-29T18:32:04.216+0000] {dag.py:3722} INFO - Setting next_dagrun for tutorial_dag to None, run_after=None
[2024-01-29T18:32:04.248+0000] {processor.py:179} INFO - Processing /home/airflow/.local/lib/python3.8/site-packages/airflow/example_dags/tutorial_dag.py took 0.106 seconds
[2024-01-29T18:32:34.735+0000] {processor.py:157} INFO - Started process (PID=3431) to work on /home/airflow/.local/lib/python3.8/site-packages/airflow/example_dags/tutorial_dag.py
[2024-01-29T18:32:34.736+0000] {processor.py:829} INFO - Processing file /home/airflow/.local/lib/python3.8/site-packages/airflow/example_dags/tutorial_dag.py for tasks to queue
[2024-01-29T18:32:34.738+0000] {logging_mixin.py:151} INFO - [2024-01-29T18:32:34.738+0000] {dagbag.py:536} INFO - Filling up the DagBag from /home/airflow/.local/lib/python3.8/site-packages/airflow/example_dags/tutorial_dag.py
[2024-01-29T18:32:34.744+0000] {processor.py:839} INFO - DAG(s) dict_keys(['tutorial_dag']) retrieved from /home/airflow/.local/lib/python3.8/site-packages/airflow/example_dags/tutorial_dag.py
[2024-01-29T18:32:34.769+0000] {logging_mixin.py:151} INFO - [2024-01-29T18:32:34.768+0000] {dag.py:2941} INFO - Sync 1 DAGs
[2024-01-29T18:32:34.788+0000] {logging_mixin.py:151} INFO - [2024-01-29T18:32:34.787+0000] {dag.py:3722} INFO - Setting next_dagrun for tutorial_dag to None, run_after=None
[2024-01-29T18:32:34.812+0000] {processor.py:179} INFO - Processing /home/airflow/.local/lib/python3.8/site-packages/airflow/example_dags/tutorial_dag.py took 0.081 seconds
[2024-01-29T18:33:05.095+0000] {processor.py:157} INFO - Started process (PID=3487) to work on /home/airflow/.local/lib/python3.8/site-packages/airflow/example_dags/tutorial_dag.py
[2024-01-29T18:33:05.096+0000] {processor.py:829} INFO - Processing file /home/airflow/.local/lib/python3.8/site-packages/airflow/example_dags/tutorial_dag.py for tasks to queue
[2024-01-29T18:33:05.098+0000] {logging_mixin.py:151} INFO - [2024-01-29T18:33:05.098+0000] {dagbag.py:536} INFO - Filling up the DagBag from /home/airflow/.local/lib/python3.8/site-packages/airflow/example_dags/tutorial_dag.py
[2024-01-29T18:33:05.103+0000] {processor.py:839} INFO - DAG(s) dict_keys(['tutorial_dag']) retrieved from /home/airflow/.local/lib/python3.8/site-packages/airflow/example_dags/tutorial_dag.py
[2024-01-29T18:33:05.130+0000] {logging_mixin.py:151} INFO - [2024-01-29T18:33:05.130+0000] {dag.py:2941} INFO - Sync 1 DAGs
[2024-01-29T18:33:05.148+0000] {logging_mixin.py:151} INFO - [2024-01-29T18:33:05.147+0000] {dag.py:3722} INFO - Setting next_dagrun for tutorial_dag to None, run_after=None
[2024-01-29T18:33:05.176+0000] {processor.py:179} INFO - Processing /home/airflow/.local/lib/python3.8/site-packages/airflow/example_dags/tutorial_dag.py took 0.084 seconds
[2024-01-29T18:33:35.400+0000] {processor.py:157} INFO - Started process (PID=3543) to work on /home/airflow/.local/lib/python3.8/site-packages/airflow/example_dags/tutorial_dag.py
[2024-01-29T18:33:35.401+0000] {processor.py:829} INFO - Processing file /home/airflow/.local/lib/python3.8/site-packages/airflow/example_dags/tutorial_dag.py for tasks to queue
[2024-01-29T18:33:35.403+0000] {logging_mixin.py:151} INFO - [2024-01-29T18:33:35.402+0000] {dagbag.py:536} INFO - Filling up the DagBag from /home/airflow/.local/lib/python3.8/site-packages/airflow/example_dags/tutorial_dag.py
[2024-01-29T18:33:35.408+0000] {processor.py:839} INFO - DAG(s) dict_keys(['tutorial_dag']) retrieved from /home/airflow/.local/lib/python3.8/site-packages/airflow/example_dags/tutorial_dag.py
[2024-01-29T18:33:35.430+0000] {logging_mixin.py:151} INFO - [2024-01-29T18:33:35.430+0000] {dag.py:2941} INFO - Sync 1 DAGs
[2024-01-29T18:33:35.444+0000] {logging_mixin.py:151} INFO - [2024-01-29T18:33:35.444+0000] {dag.py:3722} INFO - Setting next_dagrun for tutorial_dag to None, run_after=None
[2024-01-29T18:33:35.471+0000] {processor.py:179} INFO - Processing /home/airflow/.local/lib/python3.8/site-packages/airflow/example_dags/tutorial_dag.py took 0.074 seconds
[2024-01-29T18:34:05.649+0000] {processor.py:157} INFO - Started process (PID=3600) to work on /home/airflow/.local/lib/python3.8/site-packages/airflow/example_dags/tutorial_dag.py
[2024-01-29T18:34:05.651+0000] {processor.py:829} INFO - Processing file /home/airflow/.local/lib/python3.8/site-packages/airflow/example_dags/tutorial_dag.py for tasks to queue
[2024-01-29T18:34:05.654+0000] {logging_mixin.py:151} INFO - [2024-01-29T18:34:05.654+0000] {dagbag.py:536} INFO - Filling up the DagBag from /home/airflow/.local/lib/python3.8/site-packages/airflow/example_dags/tutorial_dag.py
[2024-01-29T18:34:05.667+0000] {processor.py:839} INFO - DAG(s) dict_keys(['tutorial_dag']) retrieved from /home/airflow/.local/lib/python3.8/site-packages/airflow/example_dags/tutorial_dag.py
[2024-01-29T18:34:05.690+0000] {logging_mixin.py:151} INFO - [2024-01-29T18:34:05.689+0000] {dag.py:2941} INFO - Sync 1 DAGs
[2024-01-29T18:34:05.705+0000] {logging_mixin.py:151} INFO - [2024-01-29T18:34:05.705+0000] {dag.py:3722} INFO - Setting next_dagrun for tutorial_dag to None, run_after=None
[2024-01-29T18:34:05.732+0000] {processor.py:179} INFO - Processing /home/airflow/.local/lib/python3.8/site-packages/airflow/example_dags/tutorial_dag.py took 0.087 seconds
[2024-01-29T18:34:36.098+0000] {processor.py:157} INFO - Started process (PID=3656) to work on /home/airflow/.local/lib/python3.8/site-packages/airflow/example_dags/tutorial_dag.py
[2024-01-29T18:34:36.099+0000] {processor.py:829} INFO - Processing file /home/airflow/.local/lib/python3.8/site-packages/airflow/example_dags/tutorial_dag.py for tasks to queue
[2024-01-29T18:34:36.102+0000] {logging_mixin.py:151} INFO - [2024-01-29T18:34:36.101+0000] {dagbag.py:536} INFO - Filling up the DagBag from /home/airflow/.local/lib/python3.8/site-packages/airflow/example_dags/tutorial_dag.py
[2024-01-29T18:34:36.106+0000] {processor.py:839} INFO - DAG(s) dict_keys(['tutorial_dag']) retrieved from /home/airflow/.local/lib/python3.8/site-packages/airflow/example_dags/tutorial_dag.py
[2024-01-29T18:34:36.129+0000] {logging_mixin.py:151} INFO - [2024-01-29T18:34:36.128+0000] {dag.py:2941} INFO - Sync 1 DAGs
[2024-01-29T18:34:36.146+0000] {logging_mixin.py:151} INFO - [2024-01-29T18:34:36.146+0000] {dag.py:3722} INFO - Setting next_dagrun for tutorial_dag to None, run_after=None
[2024-01-29T18:34:36.180+0000] {processor.py:179} INFO - Processing /home/airflow/.local/lib/python3.8/site-packages/airflow/example_dags/tutorial_dag.py took 0.085 seconds
[2024-01-29T18:35:06.435+0000] {processor.py:157} INFO - Started process (PID=3712) to work on /home/airflow/.local/lib/python3.8/site-packages/airflow/example_dags/tutorial_dag.py
[2024-01-29T18:35:06.436+0000] {processor.py:829} INFO - Processing file /home/airflow/.local/lib/python3.8/site-packages/airflow/example_dags/tutorial_dag.py for tasks to queue
[2024-01-29T18:35:06.438+0000] {logging_mixin.py:151} INFO - [2024-01-29T18:35:06.438+0000] {dagbag.py:536} INFO - Filling up the DagBag from /home/airflow/.local/lib/python3.8/site-packages/airflow/example_dags/tutorial_dag.py
[2024-01-29T18:35:06.444+0000] {processor.py:839} INFO - DAG(s) dict_keys(['tutorial_dag']) retrieved from /home/airflow/.local/lib/python3.8/site-packages/airflow/example_dags/tutorial_dag.py
[2024-01-29T18:35:06.468+0000] {logging_mixin.py:151} INFO - [2024-01-29T18:35:06.468+0000] {dag.py:2941} INFO - Sync 1 DAGs
[2024-01-29T18:35:06.485+0000] {logging_mixin.py:151} INFO - [2024-01-29T18:35:06.485+0000] {dag.py:3722} INFO - Setting next_dagrun for tutorial_dag to None, run_after=None
[2024-01-29T18:35:06.513+0000] {processor.py:179} INFO - Processing /home/airflow/.local/lib/python3.8/site-packages/airflow/example_dags/tutorial_dag.py took 0.082 seconds
[2024-01-29T18:35:36.832+0000] {processor.py:157} INFO - Started process (PID=3768) to work on /home/airflow/.local/lib/python3.8/site-packages/airflow/example_dags/tutorial_dag.py
[2024-01-29T18:35:36.833+0000] {processor.py:829} INFO - Processing file /home/airflow/.local/lib/python3.8/site-packages/airflow/example_dags/tutorial_dag.py for tasks to queue
[2024-01-29T18:35:36.835+0000] {logging_mixin.py:151} INFO - [2024-01-29T18:35:36.834+0000] {dagbag.py:536} INFO - Filling up the DagBag from /home/airflow/.local/lib/python3.8/site-packages/airflow/example_dags/tutorial_dag.py
[2024-01-29T18:35:36.840+0000] {processor.py:839} INFO - DAG(s) dict_keys(['tutorial_dag']) retrieved from /home/airflow/.local/lib/python3.8/site-packages/airflow/example_dags/tutorial_dag.py
[2024-01-29T18:35:36.863+0000] {logging_mixin.py:151} INFO - [2024-01-29T18:35:36.863+0000] {dag.py:2941} INFO - Sync 1 DAGs
[2024-01-29T18:35:36.878+0000] {logging_mixin.py:151} INFO - [2024-01-29T18:35:36.878+0000] {dag.py:3722} INFO - Setting next_dagrun for tutorial_dag to None, run_after=None
[2024-01-29T18:35:36.906+0000] {processor.py:179} INFO - Processing /home/airflow/.local/lib/python3.8/site-packages/airflow/example_dags/tutorial_dag.py took 0.078 seconds
[2024-01-29T18:36:07.096+0000] {processor.py:157} INFO - Started process (PID=3824) to work on /home/airflow/.local/lib/python3.8/site-packages/airflow/example_dags/tutorial_dag.py
[2024-01-29T18:36:07.098+0000] {processor.py:829} INFO - Processing file /home/airflow/.local/lib/python3.8/site-packages/airflow/example_dags/tutorial_dag.py for tasks to queue
[2024-01-29T18:36:07.100+0000] {logging_mixin.py:151} INFO - [2024-01-29T18:36:07.100+0000] {dagbag.py:536} INFO - Filling up the DagBag from /home/airflow/.local/lib/python3.8/site-packages/airflow/example_dags/tutorial_dag.py
[2024-01-29T18:36:07.106+0000] {processor.py:839} INFO - DAG(s) dict_keys(['tutorial_dag']) retrieved from /home/airflow/.local/lib/python3.8/site-packages/airflow/example_dags/tutorial_dag.py
[2024-01-29T18:36:07.132+0000] {logging_mixin.py:151} INFO - [2024-01-29T18:36:07.131+0000] {dag.py:2941} INFO - Sync 1 DAGs
[2024-01-29T18:36:07.150+0000] {logging_mixin.py:151} INFO - [2024-01-29T18:36:07.150+0000] {dag.py:3722} INFO - Setting next_dagrun for tutorial_dag to None, run_after=None
[2024-01-29T18:36:07.175+0000] {processor.py:179} INFO - Processing /home/airflow/.local/lib/python3.8/site-packages/airflow/example_dags/tutorial_dag.py took 0.082 seconds
