[2024-01-29T18:01:54.348+0000] {processor.py:157} INFO - Started process (PID=34) to work on /opt/airflow/dags/dag_ses_burnoye.py
[2024-01-29T18:01:54.350+0000] {processor.py:829} INFO - Processing file /opt/airflow/dags/dag_ses_burnoye.py for tasks to queue
[2024-01-29T18:01:54.352+0000] {logging_mixin.py:151} INFO - [2024-01-29T18:01:54.352+0000] {dagbag.py:536} INFO - Filling up the DagBag from /opt/airflow/dags/dag_ses_burnoye.py
[2024-01-29T18:01:54.396+0000] {logging_mixin.py:151} INFO - [2024-01-29T18:01:54.387+0000] {dagbag.py:346} ERROR - Failed to import: /opt/airflow/dags/dag_ses_burnoye.py
Traceback (most recent call last):
  File "/home/airflow/.local/lib/python3.8/site-packages/airflow/models/dagbag.py", line 342, in parse
    loader.exec_module(new_module)
  File "<frozen importlib._bootstrap_external>", line 843, in exec_module
  File "<frozen importlib._bootstrap>", line 219, in _call_with_frames_removed
  File "/opt/airflow/dags/dag_ses_burnoye.py", line 48, in <module>
    weather_to_bd_t2 = PythonOperator(task_id='weather_to_bd',
  File "/home/airflow/.local/lib/python3.8/site-packages/airflow/models/baseoperator.py", line 437, in apply_defaults
    result = func(self, **kwargs, default_args=default_args)
  File "/home/airflow/.local/lib/python3.8/site-packages/airflow/operators/python.py", line 177, in __init__
    super().__init__(**kwargs)
  File "/home/airflow/.local/lib/python3.8/site-packages/airflow/models/baseoperator.py", line 437, in apply_defaults
    result = func(self, **kwargs, default_args=default_args)
  File "/home/airflow/.local/lib/python3.8/site-packages/airflow/models/baseoperator.py", line 812, in __init__
    task_group.add(self)
  File "/home/airflow/.local/lib/python3.8/site-packages/airflow/utils/task_group.py", line 230, in add
    raise DuplicateTaskIdFound(f"{node_type} id '{key}' has already been added to the DAG")
airflow.exceptions.DuplicateTaskIdFound: Task id 'weather_to_bd' has already been added to the DAG
[2024-01-29T18:01:54.397+0000] {processor.py:841} WARNING - No viable dags retrieved from /opt/airflow/dags/dag_ses_burnoye.py
[2024-01-29T18:01:54.421+0000] {processor.py:179} INFO - Processing /opt/airflow/dags/dag_ses_burnoye.py took 0.076 seconds
[2024-01-29T18:02:24.576+0000] {processor.py:157} INFO - Started process (PID=89) to work on /opt/airflow/dags/dag_ses_burnoye.py
[2024-01-29T18:02:24.577+0000] {processor.py:829} INFO - Processing file /opt/airflow/dags/dag_ses_burnoye.py for tasks to queue
[2024-01-29T18:02:24.580+0000] {logging_mixin.py:151} INFO - [2024-01-29T18:02:24.580+0000] {dagbag.py:536} INFO - Filling up the DagBag from /opt/airflow/dags/dag_ses_burnoye.py
[2024-01-29T18:02:24.602+0000] {logging_mixin.py:151} INFO - [2024-01-29T18:02:24.597+0000] {dagbag.py:346} ERROR - Failed to import: /opt/airflow/dags/dag_ses_burnoye.py
Traceback (most recent call last):
  File "/home/airflow/.local/lib/python3.8/site-packages/airflow/models/dagbag.py", line 342, in parse
    loader.exec_module(new_module)
  File "<frozen importlib._bootstrap_external>", line 843, in exec_module
  File "<frozen importlib._bootstrap>", line 219, in _call_with_frames_removed
  File "/opt/airflow/dags/dag_ses_burnoye.py", line 48, in <module>
    weather_to_bd_t2 = PythonOperator(task_id='weather_to_bd',
  File "/home/airflow/.local/lib/python3.8/site-packages/airflow/models/baseoperator.py", line 437, in apply_defaults
    result = func(self, **kwargs, default_args=default_args)
  File "/home/airflow/.local/lib/python3.8/site-packages/airflow/operators/python.py", line 177, in __init__
    super().__init__(**kwargs)
  File "/home/airflow/.local/lib/python3.8/site-packages/airflow/models/baseoperator.py", line 437, in apply_defaults
    result = func(self, **kwargs, default_args=default_args)
  File "/home/airflow/.local/lib/python3.8/site-packages/airflow/models/baseoperator.py", line 812, in __init__
    task_group.add(self)
  File "/home/airflow/.local/lib/python3.8/site-packages/airflow/utils/task_group.py", line 230, in add
    raise DuplicateTaskIdFound(f"{node_type} id '{key}' has already been added to the DAG")
airflow.exceptions.DuplicateTaskIdFound: Task id 'weather_to_bd' has already been added to the DAG
[2024-01-29T18:02:24.603+0000] {processor.py:841} WARNING - No viable dags retrieved from /opt/airflow/dags/dag_ses_burnoye.py
[2024-01-29T18:02:24.623+0000] {processor.py:179} INFO - Processing /opt/airflow/dags/dag_ses_burnoye.py took 0.052 seconds
[2024-01-29T18:02:54.658+0000] {processor.py:157} INFO - Started process (PID=144) to work on /opt/airflow/dags/dag_ses_burnoye.py
[2024-01-29T18:02:54.659+0000] {processor.py:829} INFO - Processing file /opt/airflow/dags/dag_ses_burnoye.py for tasks to queue
[2024-01-29T18:02:54.662+0000] {logging_mixin.py:151} INFO - [2024-01-29T18:02:54.661+0000] {dagbag.py:536} INFO - Filling up the DagBag from /opt/airflow/dags/dag_ses_burnoye.py
[2024-01-29T18:02:54.683+0000] {logging_mixin.py:151} INFO - [2024-01-29T18:02:54.679+0000] {dagbag.py:346} ERROR - Failed to import: /opt/airflow/dags/dag_ses_burnoye.py
Traceback (most recent call last):
  File "/home/airflow/.local/lib/python3.8/site-packages/airflow/models/dagbag.py", line 342, in parse
    loader.exec_module(new_module)
  File "<frozen importlib._bootstrap_external>", line 843, in exec_module
  File "<frozen importlib._bootstrap>", line 219, in _call_with_frames_removed
  File "/opt/airflow/dags/dag_ses_burnoye.py", line 48, in <module>
    weather_to_bd_t2 = PythonOperator(task_id='weather_to_bd',
  File "/home/airflow/.local/lib/python3.8/site-packages/airflow/models/baseoperator.py", line 437, in apply_defaults
    result = func(self, **kwargs, default_args=default_args)
  File "/home/airflow/.local/lib/python3.8/site-packages/airflow/operators/python.py", line 177, in __init__
    super().__init__(**kwargs)
  File "/home/airflow/.local/lib/python3.8/site-packages/airflow/models/baseoperator.py", line 437, in apply_defaults
    result = func(self, **kwargs, default_args=default_args)
  File "/home/airflow/.local/lib/python3.8/site-packages/airflow/models/baseoperator.py", line 812, in __init__
    task_group.add(self)
  File "/home/airflow/.local/lib/python3.8/site-packages/airflow/utils/task_group.py", line 230, in add
    raise DuplicateTaskIdFound(f"{node_type} id '{key}' has already been added to the DAG")
airflow.exceptions.DuplicateTaskIdFound: Task id 'weather_to_bd' has already been added to the DAG
[2024-01-29T18:02:54.684+0000] {processor.py:841} WARNING - No viable dags retrieved from /opt/airflow/dags/dag_ses_burnoye.py
[2024-01-29T18:02:54.703+0000] {processor.py:179} INFO - Processing /opt/airflow/dags/dag_ses_burnoye.py took 0.048 seconds
[2024-01-29T18:03:24.932+0000] {processor.py:157} INFO - Started process (PID=199) to work on /opt/airflow/dags/dag_ses_burnoye.py
[2024-01-29T18:03:24.933+0000] {processor.py:829} INFO - Processing file /opt/airflow/dags/dag_ses_burnoye.py for tasks to queue
[2024-01-29T18:03:24.935+0000] {logging_mixin.py:151} INFO - [2024-01-29T18:03:24.935+0000] {dagbag.py:536} INFO - Filling up the DagBag from /opt/airflow/dags/dag_ses_burnoye.py
[2024-01-29T18:03:24.961+0000] {logging_mixin.py:151} INFO - [2024-01-29T18:03:24.955+0000] {dagbag.py:346} ERROR - Failed to import: /opt/airflow/dags/dag_ses_burnoye.py
Traceback (most recent call last):
  File "/home/airflow/.local/lib/python3.8/site-packages/airflow/models/dagbag.py", line 342, in parse
    loader.exec_module(new_module)
  File "<frozen importlib._bootstrap_external>", line 843, in exec_module
  File "<frozen importlib._bootstrap>", line 219, in _call_with_frames_removed
  File "/opt/airflow/dags/dag_ses_burnoye.py", line 48, in <module>
    weather_to_bd_t2 = PythonOperator(task_id='weather_to_bd',
  File "/home/airflow/.local/lib/python3.8/site-packages/airflow/models/baseoperator.py", line 437, in apply_defaults
    result = func(self, **kwargs, default_args=default_args)
  File "/home/airflow/.local/lib/python3.8/site-packages/airflow/operators/python.py", line 177, in __init__
    super().__init__(**kwargs)
  File "/home/airflow/.local/lib/python3.8/site-packages/airflow/models/baseoperator.py", line 437, in apply_defaults
    result = func(self, **kwargs, default_args=default_args)
  File "/home/airflow/.local/lib/python3.8/site-packages/airflow/models/baseoperator.py", line 812, in __init__
    task_group.add(self)
  File "/home/airflow/.local/lib/python3.8/site-packages/airflow/utils/task_group.py", line 230, in add
    raise DuplicateTaskIdFound(f"{node_type} id '{key}' has already been added to the DAG")
airflow.exceptions.DuplicateTaskIdFound: Task id 'weather_to_bd' has already been added to the DAG
[2024-01-29T18:03:24.962+0000] {processor.py:841} WARNING - No viable dags retrieved from /opt/airflow/dags/dag_ses_burnoye.py
[2024-01-29T18:03:24.983+0000] {processor.py:179} INFO - Processing /opt/airflow/dags/dag_ses_burnoye.py took 0.054 seconds
[2024-01-29T18:03:55.059+0000] {processor.py:157} INFO - Started process (PID=254) to work on /opt/airflow/dags/dag_ses_burnoye.py
[2024-01-29T18:03:55.060+0000] {processor.py:829} INFO - Processing file /opt/airflow/dags/dag_ses_burnoye.py for tasks to queue
[2024-01-29T18:03:55.062+0000] {logging_mixin.py:151} INFO - [2024-01-29T18:03:55.062+0000] {dagbag.py:536} INFO - Filling up the DagBag from /opt/airflow/dags/dag_ses_burnoye.py
[2024-01-29T18:03:55.087+0000] {logging_mixin.py:151} INFO - [2024-01-29T18:03:55.082+0000] {dagbag.py:346} ERROR - Failed to import: /opt/airflow/dags/dag_ses_burnoye.py
Traceback (most recent call last):
  File "/home/airflow/.local/lib/python3.8/site-packages/airflow/models/dagbag.py", line 342, in parse
    loader.exec_module(new_module)
  File "<frozen importlib._bootstrap_external>", line 843, in exec_module
  File "<frozen importlib._bootstrap>", line 219, in _call_with_frames_removed
  File "/opt/airflow/dags/dag_ses_burnoye.py", line 48, in <module>
    weather_to_bd_t2 = PythonOperator(task_id='weather_to_bd',
  File "/home/airflow/.local/lib/python3.8/site-packages/airflow/models/baseoperator.py", line 437, in apply_defaults
    result = func(self, **kwargs, default_args=default_args)
  File "/home/airflow/.local/lib/python3.8/site-packages/airflow/operators/python.py", line 177, in __init__
    super().__init__(**kwargs)
  File "/home/airflow/.local/lib/python3.8/site-packages/airflow/models/baseoperator.py", line 437, in apply_defaults
    result = func(self, **kwargs, default_args=default_args)
  File "/home/airflow/.local/lib/python3.8/site-packages/airflow/models/baseoperator.py", line 812, in __init__
    task_group.add(self)
  File "/home/airflow/.local/lib/python3.8/site-packages/airflow/utils/task_group.py", line 230, in add
    raise DuplicateTaskIdFound(f"{node_type} id '{key}' has already been added to the DAG")
airflow.exceptions.DuplicateTaskIdFound: Task id 'weather_to_bd' has already been added to the DAG
[2024-01-29T18:03:55.087+0000] {processor.py:841} WARNING - No viable dags retrieved from /opt/airflow/dags/dag_ses_burnoye.py
[2024-01-29T18:03:55.115+0000] {processor.py:179} INFO - Processing /opt/airflow/dags/dag_ses_burnoye.py took 0.060 seconds
[2024-01-29T18:04:25.338+0000] {processor.py:157} INFO - Started process (PID=309) to work on /opt/airflow/dags/dag_ses_burnoye.py
[2024-01-29T18:04:25.339+0000] {processor.py:829} INFO - Processing file /opt/airflow/dags/dag_ses_burnoye.py for tasks to queue
[2024-01-29T18:04:25.341+0000] {logging_mixin.py:151} INFO - [2024-01-29T18:04:25.341+0000] {dagbag.py:536} INFO - Filling up the DagBag from /opt/airflow/dags/dag_ses_burnoye.py
[2024-01-29T18:04:25.365+0000] {logging_mixin.py:151} INFO - [2024-01-29T18:04:25.359+0000] {dagbag.py:346} ERROR - Failed to import: /opt/airflow/dags/dag_ses_burnoye.py
Traceback (most recent call last):
  File "/home/airflow/.local/lib/python3.8/site-packages/airflow/models/dagbag.py", line 342, in parse
    loader.exec_module(new_module)
  File "<frozen importlib._bootstrap_external>", line 843, in exec_module
  File "<frozen importlib._bootstrap>", line 219, in _call_with_frames_removed
  File "/opt/airflow/dags/dag_ses_burnoye.py", line 48, in <module>
    weather_to_bd_t2 = PythonOperator(task_id='weather_to_bd',
  File "/home/airflow/.local/lib/python3.8/site-packages/airflow/models/baseoperator.py", line 437, in apply_defaults
    result = func(self, **kwargs, default_args=default_args)
  File "/home/airflow/.local/lib/python3.8/site-packages/airflow/operators/python.py", line 177, in __init__
    super().__init__(**kwargs)
  File "/home/airflow/.local/lib/python3.8/site-packages/airflow/models/baseoperator.py", line 437, in apply_defaults
    result = func(self, **kwargs, default_args=default_args)
  File "/home/airflow/.local/lib/python3.8/site-packages/airflow/models/baseoperator.py", line 812, in __init__
    task_group.add(self)
  File "/home/airflow/.local/lib/python3.8/site-packages/airflow/utils/task_group.py", line 230, in add
    raise DuplicateTaskIdFound(f"{node_type} id '{key}' has already been added to the DAG")
airflow.exceptions.DuplicateTaskIdFound: Task id 'weather_to_bd' has already been added to the DAG
[2024-01-29T18:04:25.365+0000] {processor.py:841} WARNING - No viable dags retrieved from /opt/airflow/dags/dag_ses_burnoye.py
[2024-01-29T18:04:25.385+0000] {processor.py:179} INFO - Processing /opt/airflow/dags/dag_ses_burnoye.py took 0.051 seconds
[2024-01-29T18:04:27.977+0000] {processor.py:157} INFO - Started process (PID=320) to work on /opt/airflow/dags/dag_ses_burnoye.py
[2024-01-29T18:04:27.979+0000] {processor.py:829} INFO - Processing file /opt/airflow/dags/dag_ses_burnoye.py for tasks to queue
[2024-01-29T18:04:27.981+0000] {logging_mixin.py:151} INFO - [2024-01-29T18:04:27.981+0000] {dagbag.py:536} INFO - Filling up the DagBag from /opt/airflow/dags/dag_ses_burnoye.py
[2024-01-29T18:04:28.016+0000] {logging_mixin.py:151} INFO - [2024-01-29T18:04:28.010+0000] {dagbag.py:346} ERROR - Failed to import: /opt/airflow/dags/dag_ses_burnoye.py
Traceback (most recent call last):
  File "/home/airflow/.local/lib/python3.8/site-packages/airflow/models/dagbag.py", line 342, in parse
    loader.exec_module(new_module)
  File "<frozen importlib._bootstrap_external>", line 843, in exec_module
  File "<frozen importlib._bootstrap>", line 219, in _call_with_frames_removed
  File "/opt/airflow/dags/dag_ses_burnoye.py", line 76, in <module>
    weather_to_bd_t1>>weather_to_bd_t2>>forecast_to_bd_t1>>forecast_to_bd_t2>>send_forecast_to_email_t
NameError: name 'weather_to_bd_t1' is not defined
[2024-01-29T18:04:28.017+0000] {processor.py:841} WARNING - No viable dags retrieved from /opt/airflow/dags/dag_ses_burnoye.py
[2024-01-29T18:04:28.038+0000] {processor.py:179} INFO - Processing /opt/airflow/dags/dag_ses_burnoye.py took 0.065 seconds
[2024-01-29T18:04:28.457+0000] {processor.py:157} INFO - Started process (PID=326) to work on /opt/airflow/dags/dag_ses_burnoye.py
[2024-01-29T18:04:28.458+0000] {processor.py:829} INFO - Processing file /opt/airflow/dags/dag_ses_burnoye.py for tasks to queue
[2024-01-29T18:04:28.461+0000] {logging_mixin.py:151} INFO - [2024-01-29T18:04:28.460+0000] {dagbag.py:536} INFO - Filling up the DagBag from /opt/airflow/dags/dag_ses_burnoye.py
[2024-01-29T18:04:28.496+0000] {logging_mixin.py:151} INFO - [2024-01-29T18:04:28.492+0000] {dagbag.py:346} ERROR - Failed to import: /opt/airflow/dags/dag_ses_burnoye.py
Traceback (most recent call last):
  File "/home/airflow/.local/lib/python3.8/site-packages/airflow/models/dagbag.py", line 342, in parse
    loader.exec_module(new_module)
  File "<frozen importlib._bootstrap_external>", line 843, in exec_module
  File "<frozen importlib._bootstrap>", line 219, in _call_with_frames_removed
  File "/opt/airflow/dags/dag_ses_burnoye.py", line 76, in <module>
    weather_to_bd_t1>>weather_to_bd_t2>>forecast_to_bd_t1>>forecast_to_bd_t2>>send_forecast_to_email_t
NameError: name 'weather_to_bd_t1' is not defined
[2024-01-29T18:04:28.498+0000] {processor.py:841} WARNING - No viable dags retrieved from /opt/airflow/dags/dag_ses_burnoye.py
[2024-01-29T18:04:28.519+0000] {processor.py:179} INFO - Processing /opt/airflow/dags/dag_ses_burnoye.py took 0.065 seconds
[2024-01-29T18:04:48.224+0000] {processor.py:157} INFO - Started process (PID=366) to work on /opt/airflow/dags/dag_ses_burnoye.py
[2024-01-29T18:04:48.225+0000] {processor.py:829} INFO - Processing file /opt/airflow/dags/dag_ses_burnoye.py for tasks to queue
[2024-01-29T18:04:48.228+0000] {logging_mixin.py:151} INFO - [2024-01-29T18:04:48.227+0000] {dagbag.py:536} INFO - Filling up the DagBag from /opt/airflow/dags/dag_ses_burnoye.py
[2024-01-29T18:04:48.257+0000] {processor.py:839} INFO - DAG(s) dict_keys(['Dag_ses_burnoye_forecast']) retrieved from /opt/airflow/dags/dag_ses_burnoye.py
[2024-01-29T18:04:48.384+0000] {logging_mixin.py:151} INFO - [2024-01-29T18:04:48.384+0000] {manager.py:499} INFO - Created Permission View: %s
[2024-01-29T18:04:48.407+0000] {logging_mixin.py:151} INFO - [2024-01-29T18:04:48.406+0000] {manager.py:499} INFO - Created Permission View: %s
[2024-01-29T18:04:48.419+0000] {logging_mixin.py:151} INFO - [2024-01-29T18:04:48.418+0000] {manager.py:499} INFO - Created Permission View: %s
[2024-01-29T18:04:48.420+0000] {logging_mixin.py:151} INFO - [2024-01-29T18:04:48.419+0000] {dag.py:2941} INFO - Sync 1 DAGs
[2024-01-29T18:04:48.434+0000] {logging_mixin.py:151} INFO - [2024-01-29T18:04:48.434+0000] {dag.py:2963} INFO - Creating ORM DAG for Dag_ses_burnoye_forecast
[2024-01-29T18:04:48.449+0000] {logging_mixin.py:151} INFO - [2024-01-29T18:04:48.448+0000] {dag.py:3722} INFO - Setting next_dagrun for Dag_ses_burnoye_forecast to 2024-01-28T09:30:00+00:00, run_after=2024-01-29T09:30:00+00:00
[2024-01-29T18:04:48.473+0000] {processor.py:179} INFO - Processing /opt/airflow/dags/dag_ses_burnoye.py took 0.252 seconds
[2024-01-29T18:04:49.242+0000] {processor.py:157} INFO - Started process (PID=367) to work on /opt/airflow/dags/dag_ses_burnoye.py
[2024-01-29T18:04:49.243+0000] {processor.py:829} INFO - Processing file /opt/airflow/dags/dag_ses_burnoye.py for tasks to queue
[2024-01-29T18:04:49.245+0000] {logging_mixin.py:151} INFO - [2024-01-29T18:04:49.245+0000] {dagbag.py:536} INFO - Filling up the DagBag from /opt/airflow/dags/dag_ses_burnoye.py
[2024-01-29T18:04:49.266+0000] {processor.py:839} INFO - DAG(s) dict_keys(['Dag_ses_burnoye_forecast']) retrieved from /opt/airflow/dags/dag_ses_burnoye.py
[2024-01-29T18:04:49.278+0000] {logging_mixin.py:151} INFO - [2024-01-29T18:04:49.278+0000] {dag.py:2941} INFO - Sync 1 DAGs
[2024-01-29T18:04:49.320+0000] {logging_mixin.py:151} INFO - [2024-01-29T18:04:49.320+0000] {dag.py:3722} INFO - Setting next_dagrun for Dag_ses_burnoye_forecast to 2024-01-28T09:30:00+00:00, run_after=2024-01-29T09:30:00+00:00
[2024-01-29T18:04:49.359+0000] {processor.py:179} INFO - Processing /opt/airflow/dags/dag_ses_burnoye.py took 0.120 seconds
[2024-01-29T18:05:19.509+0000] {processor.py:157} INFO - Started process (PID=422) to work on /opt/airflow/dags/dag_ses_burnoye.py
[2024-01-29T18:05:19.510+0000] {processor.py:829} INFO - Processing file /opt/airflow/dags/dag_ses_burnoye.py for tasks to queue
[2024-01-29T18:05:19.512+0000] {logging_mixin.py:151} INFO - [2024-01-29T18:05:19.512+0000] {dagbag.py:536} INFO - Filling up the DagBag from /opt/airflow/dags/dag_ses_burnoye.py
[2024-01-29T18:05:19.530+0000] {processor.py:839} INFO - DAG(s) dict_keys(['Dag_ses_burnoye_forecast']) retrieved from /opt/airflow/dags/dag_ses_burnoye.py
[2024-01-29T18:05:19.551+0000] {logging_mixin.py:151} INFO - [2024-01-29T18:05:19.551+0000] {dag.py:2941} INFO - Sync 1 DAGs
[2024-01-29T18:05:19.580+0000] {logging_mixin.py:151} INFO - [2024-01-29T18:05:19.580+0000] {dag.py:3722} INFO - Setting next_dagrun for Dag_ses_burnoye_forecast to 2024-01-28T09:30:00+00:00, run_after=2024-01-29T09:30:00+00:00
[2024-01-29T18:05:19.606+0000] {processor.py:179} INFO - Processing /opt/airflow/dags/dag_ses_burnoye.py took 0.100 seconds
[2024-01-29T18:05:49.906+0000] {processor.py:157} INFO - Started process (PID=477) to work on /opt/airflow/dags/dag_ses_burnoye.py
[2024-01-29T18:05:49.908+0000] {processor.py:829} INFO - Processing file /opt/airflow/dags/dag_ses_burnoye.py for tasks to queue
[2024-01-29T18:05:49.910+0000] {logging_mixin.py:151} INFO - [2024-01-29T18:05:49.910+0000] {dagbag.py:536} INFO - Filling up the DagBag from /opt/airflow/dags/dag_ses_burnoye.py
[2024-01-29T18:05:49.932+0000] {processor.py:839} INFO - DAG(s) dict_keys(['Dag_ses_burnoye_forecast']) retrieved from /opt/airflow/dags/dag_ses_burnoye.py
[2024-01-29T18:05:49.954+0000] {logging_mixin.py:151} INFO - [2024-01-29T18:05:49.954+0000] {dag.py:2941} INFO - Sync 1 DAGs
[2024-01-29T18:05:49.983+0000] {logging_mixin.py:151} INFO - [2024-01-29T18:05:49.983+0000] {dag.py:3722} INFO - Setting next_dagrun for Dag_ses_burnoye_forecast to 2024-01-29T09:30:00+00:00, run_after=2024-01-30T09:30:00+00:00
[2024-01-29T18:05:50.009+0000] {processor.py:179} INFO - Processing /opt/airflow/dags/dag_ses_burnoye.py took 0.106 seconds
[2024-01-29T18:06:20.434+0000] {processor.py:157} INFO - Started process (PID=532) to work on /opt/airflow/dags/dag_ses_burnoye.py
[2024-01-29T18:06:20.435+0000] {processor.py:829} INFO - Processing file /opt/airflow/dags/dag_ses_burnoye.py for tasks to queue
[2024-01-29T18:06:20.437+0000] {logging_mixin.py:151} INFO - [2024-01-29T18:06:20.437+0000] {dagbag.py:536} INFO - Filling up the DagBag from /opt/airflow/dags/dag_ses_burnoye.py
[2024-01-29T18:06:20.456+0000] {processor.py:839} INFO - DAG(s) dict_keys(['Dag_ses_burnoye_forecast']) retrieved from /opt/airflow/dags/dag_ses_burnoye.py
[2024-01-29T18:06:20.478+0000] {logging_mixin.py:151} INFO - [2024-01-29T18:06:20.477+0000] {dag.py:2941} INFO - Sync 1 DAGs
[2024-01-29T18:06:20.506+0000] {logging_mixin.py:151} INFO - [2024-01-29T18:06:20.506+0000] {dag.py:3722} INFO - Setting next_dagrun for Dag_ses_burnoye_forecast to 2024-01-29T09:30:00+00:00, run_after=2024-01-30T09:30:00+00:00
[2024-01-29T18:06:20.530+0000] {processor.py:179} INFO - Processing /opt/airflow/dags/dag_ses_burnoye.py took 0.098 seconds
[2024-01-29T18:06:50.826+0000] {processor.py:157} INFO - Started process (PID=587) to work on /opt/airflow/dags/dag_ses_burnoye.py
[2024-01-29T18:06:50.828+0000] {processor.py:829} INFO - Processing file /opt/airflow/dags/dag_ses_burnoye.py for tasks to queue
[2024-01-29T18:06:50.830+0000] {logging_mixin.py:151} INFO - [2024-01-29T18:06:50.830+0000] {dagbag.py:536} INFO - Filling up the DagBag from /opt/airflow/dags/dag_ses_burnoye.py
[2024-01-29T18:06:50.849+0000] {processor.py:839} INFO - DAG(s) dict_keys(['Dag_ses_burnoye_forecast']) retrieved from /opt/airflow/dags/dag_ses_burnoye.py
[2024-01-29T18:06:50.874+0000] {logging_mixin.py:151} INFO - [2024-01-29T18:06:50.874+0000] {dag.py:2941} INFO - Sync 1 DAGs
[2024-01-29T18:06:50.914+0000] {logging_mixin.py:151} INFO - [2024-01-29T18:06:50.914+0000] {dag.py:3722} INFO - Setting next_dagrun for Dag_ses_burnoye_forecast to 2024-01-29T09:30:00+00:00, run_after=2024-01-30T09:30:00+00:00
[2024-01-29T18:06:50.941+0000] {processor.py:179} INFO - Processing /opt/airflow/dags/dag_ses_burnoye.py took 0.119 seconds
[2024-01-29T18:07:21.149+0000] {processor.py:157} INFO - Started process (PID=643) to work on /opt/airflow/dags/dag_ses_burnoye.py
[2024-01-29T18:07:21.150+0000] {processor.py:829} INFO - Processing file /opt/airflow/dags/dag_ses_burnoye.py for tasks to queue
[2024-01-29T18:07:21.152+0000] {logging_mixin.py:151} INFO - [2024-01-29T18:07:21.151+0000] {dagbag.py:536} INFO - Filling up the DagBag from /opt/airflow/dags/dag_ses_burnoye.py
[2024-01-29T18:07:21.167+0000] {processor.py:839} INFO - DAG(s) dict_keys(['Dag_ses_burnoye_forecast']) retrieved from /opt/airflow/dags/dag_ses_burnoye.py
[2024-01-29T18:07:21.181+0000] {logging_mixin.py:151} INFO - [2024-01-29T18:07:21.181+0000] {dag.py:2941} INFO - Sync 1 DAGs
[2024-01-29T18:07:21.211+0000] {logging_mixin.py:151} INFO - [2024-01-29T18:07:21.211+0000] {dag.py:3722} INFO - Setting next_dagrun for Dag_ses_burnoye_forecast to 2024-01-29T09:30:00+00:00, run_after=2024-01-30T09:30:00+00:00
[2024-01-29T18:07:21.237+0000] {processor.py:179} INFO - Processing /opt/airflow/dags/dag_ses_burnoye.py took 0.091 seconds
[2024-01-29T18:07:51.273+0000] {processor.py:157} INFO - Started process (PID=699) to work on /opt/airflow/dags/dag_ses_burnoye.py
[2024-01-29T18:07:51.274+0000] {processor.py:829} INFO - Processing file /opt/airflow/dags/dag_ses_burnoye.py for tasks to queue
[2024-01-29T18:07:51.276+0000] {logging_mixin.py:151} INFO - [2024-01-29T18:07:51.276+0000] {dagbag.py:536} INFO - Filling up the DagBag from /opt/airflow/dags/dag_ses_burnoye.py
[2024-01-29T18:07:51.293+0000] {processor.py:839} INFO - DAG(s) dict_keys(['Dag_ses_burnoye_forecast']) retrieved from /opt/airflow/dags/dag_ses_burnoye.py
[2024-01-29T18:07:51.420+0000] {logging_mixin.py:151} INFO - [2024-01-29T18:07:51.420+0000] {dag.py:2941} INFO - Sync 1 DAGs
[2024-01-29T18:07:51.454+0000] {logging_mixin.py:151} INFO - [2024-01-29T18:07:51.454+0000] {dag.py:3722} INFO - Setting next_dagrun for Dag_ses_burnoye_forecast to 2024-01-29T09:30:00+00:00, run_after=2024-01-30T09:30:00+00:00
[2024-01-29T18:07:51.485+0000] {processor.py:179} INFO - Processing /opt/airflow/dags/dag_ses_burnoye.py took 0.215 seconds
[2024-01-29T18:08:21.747+0000] {processor.py:157} INFO - Started process (PID=756) to work on /opt/airflow/dags/dag_ses_burnoye.py
[2024-01-29T18:08:21.748+0000] {processor.py:829} INFO - Processing file /opt/airflow/dags/dag_ses_burnoye.py for tasks to queue
[2024-01-29T18:08:21.750+0000] {logging_mixin.py:151} INFO - [2024-01-29T18:08:21.750+0000] {dagbag.py:536} INFO - Filling up the DagBag from /opt/airflow/dags/dag_ses_burnoye.py
[2024-01-29T18:08:21.767+0000] {processor.py:839} INFO - DAG(s) dict_keys(['Dag_ses_burnoye_forecast']) retrieved from /opt/airflow/dags/dag_ses_burnoye.py
[2024-01-29T18:08:21.786+0000] {logging_mixin.py:151} INFO - [2024-01-29T18:08:21.786+0000] {dag.py:2941} INFO - Sync 1 DAGs
[2024-01-29T18:08:21.817+0000] {logging_mixin.py:151} INFO - [2024-01-29T18:08:21.817+0000] {dag.py:3722} INFO - Setting next_dagrun for Dag_ses_burnoye_forecast to 2024-01-29T09:30:00+00:00, run_after=2024-01-30T09:30:00+00:00
[2024-01-29T18:08:21.841+0000] {processor.py:179} INFO - Processing /opt/airflow/dags/dag_ses_burnoye.py took 0.097 seconds
[2024-01-29T18:08:48.839+0000] {processor.py:157} INFO - Started process (PID=812) to work on /opt/airflow/dags/dag_ses_burnoye.py
[2024-01-29T18:08:48.840+0000] {processor.py:829} INFO - Processing file /opt/airflow/dags/dag_ses_burnoye.py for tasks to queue
[2024-01-29T18:08:48.843+0000] {logging_mixin.py:151} INFO - [2024-01-29T18:08:48.843+0000] {dagbag.py:536} INFO - Filling up the DagBag from /opt/airflow/dags/dag_ses_burnoye.py
[2024-01-29T18:08:48.877+0000] {logging_mixin.py:151} INFO - [2024-01-29T18:08:48.873+0000] {dagbag.py:346} ERROR - Failed to import: /opt/airflow/dags/dag_ses_burnoye.py
Traceback (most recent call last):
  File "/home/airflow/.local/lib/python3.8/site-packages/airflow/models/dagbag.py", line 342, in parse
    loader.exec_module(new_module)
  File "<frozen importlib._bootstrap_external>", line 843, in exec_module
  File "<frozen importlib._bootstrap>", line 219, in _call_with_frames_removed
  File "/opt/airflow/dags/dag_ses_burnoye.py", line 76, in <module>
    weather_to_bd_t1>>send_forecast_to_email_t
NameError: name 'weather_to_bd_t1' is not defined
[2024-01-29T18:08:48.879+0000] {processor.py:841} WARNING - No viable dags retrieved from /opt/airflow/dags/dag_ses_burnoye.py
[2024-01-29T18:08:48.899+0000] {processor.py:179} INFO - Processing /opt/airflow/dags/dag_ses_burnoye.py took 0.063 seconds
[2024-01-29T18:09:19.096+0000] {processor.py:157} INFO - Started process (PID=868) to work on /opt/airflow/dags/dag_ses_burnoye.py
[2024-01-29T18:09:19.097+0000] {processor.py:829} INFO - Processing file /opt/airflow/dags/dag_ses_burnoye.py for tasks to queue
[2024-01-29T18:09:19.099+0000] {logging_mixin.py:151} INFO - [2024-01-29T18:09:19.099+0000] {dagbag.py:536} INFO - Filling up the DagBag from /opt/airflow/dags/dag_ses_burnoye.py
[2024-01-29T18:09:19.122+0000] {logging_mixin.py:151} INFO - [2024-01-29T18:09:19.118+0000] {dagbag.py:346} ERROR - Failed to import: /opt/airflow/dags/dag_ses_burnoye.py
Traceback (most recent call last):
  File "/home/airflow/.local/lib/python3.8/site-packages/airflow/models/dagbag.py", line 342, in parse
    loader.exec_module(new_module)
  File "<frozen importlib._bootstrap_external>", line 843, in exec_module
  File "<frozen importlib._bootstrap>", line 219, in _call_with_frames_removed
  File "/opt/airflow/dags/dag_ses_burnoye.py", line 76, in <module>
    weather_to_bd_t1>>send_forecast_to_email_t
NameError: name 'weather_to_bd_t1' is not defined
[2024-01-29T18:09:19.124+0000] {processor.py:841} WARNING - No viable dags retrieved from /opt/airflow/dags/dag_ses_burnoye.py
[2024-01-29T18:09:19.144+0000] {processor.py:179} INFO - Processing /opt/airflow/dags/dag_ses_burnoye.py took 0.051 seconds
[2024-01-29T18:09:23.134+0000] {processor.py:157} INFO - Started process (PID=869) to work on /opt/airflow/dags/dag_ses_burnoye.py
[2024-01-29T18:09:23.135+0000] {processor.py:829} INFO - Processing file /opt/airflow/dags/dag_ses_burnoye.py for tasks to queue
[2024-01-29T18:09:23.137+0000] {logging_mixin.py:151} INFO - [2024-01-29T18:09:23.137+0000] {dagbag.py:536} INFO - Filling up the DagBag from /opt/airflow/dags/dag_ses_burnoye.py
[2024-01-29T18:09:23.172+0000] {logging_mixin.py:151} INFO - [2024-01-29T18:09:23.167+0000] {dagbag.py:346} ERROR - Failed to import: /opt/airflow/dags/dag_ses_burnoye.py
Traceback (most recent call last):
  File "/home/airflow/.local/lib/python3.8/site-packages/airflow/models/dagbag.py", line 342, in parse
    loader.exec_module(new_module)
  File "<frozen importlib._bootstrap_external>", line 843, in exec_module
  File "<frozen importlib._bootstrap>", line 219, in _call_with_frames_removed
  File "/opt/airflow/dags/dag_ses_burnoye.py", line 63, in <module>
    weather_to_bd_t1>>forecast_to_bd_t>>send_forecast_to_email_t
NameError: name 'weather_to_bd_t1' is not defined
[2024-01-29T18:09:23.173+0000] {processor.py:841} WARNING - No viable dags retrieved from /opt/airflow/dags/dag_ses_burnoye.py
[2024-01-29T18:09:23.198+0000] {processor.py:179} INFO - Processing /opt/airflow/dags/dag_ses_burnoye.py took 0.067 seconds
[2024-01-29T18:09:24.247+0000] {processor.py:157} INFO - Started process (PID=871) to work on /opt/airflow/dags/dag_ses_burnoye.py
[2024-01-29T18:09:24.248+0000] {processor.py:829} INFO - Processing file /opt/airflow/dags/dag_ses_burnoye.py for tasks to queue
[2024-01-29T18:09:24.250+0000] {logging_mixin.py:151} INFO - [2024-01-29T18:09:24.249+0000] {dagbag.py:536} INFO - Filling up the DagBag from /opt/airflow/dags/dag_ses_burnoye.py
[2024-01-29T18:09:24.265+0000] {logging_mixin.py:151} INFO - [2024-01-29T18:09:24.263+0000] {dagbag.py:346} ERROR - Failed to import: /opt/airflow/dags/dag_ses_burnoye.py
Traceback (most recent call last):
  File "/home/airflow/.local/lib/python3.8/site-packages/airflow/models/dagbag.py", line 342, in parse
    loader.exec_module(new_module)
  File "<frozen importlib._bootstrap_external>", line 843, in exec_module
  File "<frozen importlib._bootstrap>", line 219, in _call_with_frames_removed
  File "/opt/airflow/dags/dag_ses_burnoye.py", line 63, in <module>
    weather_to_bd_t1>>forecast_to_bd_t>>send_forecast_to_email_t
NameError: name 'weather_to_bd_t1' is not defined
[2024-01-29T18:09:24.266+0000] {processor.py:841} WARNING - No viable dags retrieved from /opt/airflow/dags/dag_ses_burnoye.py
[2024-01-29T18:09:24.355+0000] {processor.py:179} INFO - Processing /opt/airflow/dags/dag_ses_burnoye.py took 0.112 seconds
[2024-01-29T18:09:47.515+0000] {processor.py:157} INFO - Started process (PID=927) to work on /opt/airflow/dags/dag_ses_burnoye.py
[2024-01-29T18:09:47.516+0000] {processor.py:829} INFO - Processing file /opt/airflow/dags/dag_ses_burnoye.py for tasks to queue
[2024-01-29T18:09:47.519+0000] {logging_mixin.py:151} INFO - [2024-01-29T18:09:47.519+0000] {dagbag.py:536} INFO - Filling up the DagBag from /opt/airflow/dags/dag_ses_burnoye.py
[2024-01-29T18:09:47.559+0000] {processor.py:839} INFO - DAG(s) dict_keys(['Dag_ses_burnoye_forecast']) retrieved from /opt/airflow/dags/dag_ses_burnoye.py
[2024-01-29T18:09:47.738+0000] {logging_mixin.py:151} INFO - [2024-01-29T18:09:47.737+0000] {dag.py:2941} INFO - Sync 1 DAGs
[2024-01-29T18:09:47.779+0000] {logging_mixin.py:151} INFO - [2024-01-29T18:09:47.779+0000] {dag.py:3722} INFO - Setting next_dagrun for Dag_ses_burnoye_forecast to 2024-01-29T09:30:00+00:00, run_after=2024-01-30T09:30:00+00:00
[2024-01-29T18:09:47.827+0000] {processor.py:179} INFO - Processing /opt/airflow/dags/dag_ses_burnoye.py took 0.316 seconds
[2024-01-29T18:10:18.134+0000] {processor.py:157} INFO - Started process (PID=983) to work on /opt/airflow/dags/dag_ses_burnoye.py
[2024-01-29T18:10:18.135+0000] {processor.py:829} INFO - Processing file /opt/airflow/dags/dag_ses_burnoye.py for tasks to queue
[2024-01-29T18:10:18.138+0000] {logging_mixin.py:151} INFO - [2024-01-29T18:10:18.138+0000] {dagbag.py:536} INFO - Filling up the DagBag from /opt/airflow/dags/dag_ses_burnoye.py
[2024-01-29T18:10:18.163+0000] {processor.py:839} INFO - DAG(s) dict_keys(['Dag_ses_burnoye_forecast']) retrieved from /opt/airflow/dags/dag_ses_burnoye.py
[2024-01-29T18:10:18.311+0000] {logging_mixin.py:151} INFO - [2024-01-29T18:10:18.311+0000] {dag.py:2941} INFO - Sync 1 DAGs
[2024-01-29T18:10:18.343+0000] {logging_mixin.py:151} INFO - [2024-01-29T18:10:18.342+0000] {dag.py:3722} INFO - Setting next_dagrun for Dag_ses_burnoye_forecast to 2024-01-29T09:30:00+00:00, run_after=2024-01-30T09:30:00+00:00
[2024-01-29T18:10:18.372+0000] {processor.py:179} INFO - Processing /opt/airflow/dags/dag_ses_burnoye.py took 0.244 seconds
[2024-01-29T18:10:48.607+0000] {processor.py:157} INFO - Started process (PID=1052) to work on /opt/airflow/dags/dag_ses_burnoye.py
[2024-01-29T18:10:48.608+0000] {processor.py:829} INFO - Processing file /opt/airflow/dags/dag_ses_burnoye.py for tasks to queue
[2024-01-29T18:10:48.611+0000] {logging_mixin.py:151} INFO - [2024-01-29T18:10:48.610+0000] {dagbag.py:536} INFO - Filling up the DagBag from /opt/airflow/dags/dag_ses_burnoye.py
[2024-01-29T18:10:48.634+0000] {processor.py:839} INFO - DAG(s) dict_keys(['Dag_ses_burnoye_forecast']) retrieved from /opt/airflow/dags/dag_ses_burnoye.py
[2024-01-29T18:10:48.668+0000] {logging_mixin.py:151} INFO - [2024-01-29T18:10:48.667+0000] {dag.py:2941} INFO - Sync 1 DAGs
[2024-01-29T18:10:48.709+0000] {logging_mixin.py:151} INFO - [2024-01-29T18:10:48.709+0000] {dag.py:3722} INFO - Setting next_dagrun for Dag_ses_burnoye_forecast to 2024-01-29T09:30:00+00:00, run_after=2024-01-30T09:30:00+00:00
[2024-01-29T18:10:48.740+0000] {processor.py:179} INFO - Processing /opt/airflow/dags/dag_ses_burnoye.py took 0.138 seconds
[2024-01-29T18:11:19.022+0000] {processor.py:157} INFO - Started process (PID=1106) to work on /opt/airflow/dags/dag_ses_burnoye.py
[2024-01-29T18:11:19.024+0000] {processor.py:829} INFO - Processing file /opt/airflow/dags/dag_ses_burnoye.py for tasks to queue
[2024-01-29T18:11:19.027+0000] {logging_mixin.py:151} INFO - [2024-01-29T18:11:19.026+0000] {dagbag.py:536} INFO - Filling up the DagBag from /opt/airflow/dags/dag_ses_burnoye.py
[2024-01-29T18:11:19.054+0000] {processor.py:839} INFO - DAG(s) dict_keys(['Dag_ses_burnoye_forecast']) retrieved from /opt/airflow/dags/dag_ses_burnoye.py
[2024-01-29T18:11:19.290+0000] {logging_mixin.py:151} INFO - [2024-01-29T18:11:19.289+0000] {dag.py:2941} INFO - Sync 1 DAGs
[2024-01-29T18:11:19.329+0000] {logging_mixin.py:151} INFO - [2024-01-29T18:11:19.329+0000] {dag.py:3722} INFO - Setting next_dagrun for Dag_ses_burnoye_forecast to 2024-01-29T09:30:00+00:00, run_after=2024-01-30T09:30:00+00:00
[2024-01-29T18:11:19.367+0000] {processor.py:179} INFO - Processing /opt/airflow/dags/dag_ses_burnoye.py took 0.349 seconds
[2024-01-29T18:11:49.617+0000] {processor.py:157} INFO - Started process (PID=1162) to work on /opt/airflow/dags/dag_ses_burnoye.py
[2024-01-29T18:11:49.618+0000] {processor.py:829} INFO - Processing file /opt/airflow/dags/dag_ses_burnoye.py for tasks to queue
[2024-01-29T18:11:49.621+0000] {logging_mixin.py:151} INFO - [2024-01-29T18:11:49.620+0000] {dagbag.py:536} INFO - Filling up the DagBag from /opt/airflow/dags/dag_ses_burnoye.py
[2024-01-29T18:11:49.641+0000] {processor.py:839} INFO - DAG(s) dict_keys(['Dag_ses_burnoye_forecast']) retrieved from /opt/airflow/dags/dag_ses_burnoye.py
[2024-01-29T18:11:49.667+0000] {logging_mixin.py:151} INFO - [2024-01-29T18:11:49.666+0000] {dag.py:2941} INFO - Sync 1 DAGs
[2024-01-29T18:11:49.699+0000] {logging_mixin.py:151} INFO - [2024-01-29T18:11:49.699+0000] {dag.py:3722} INFO - Setting next_dagrun for Dag_ses_burnoye_forecast to 2024-01-29T09:30:00+00:00, run_after=2024-01-30T09:30:00+00:00
[2024-01-29T18:11:49.726+0000] {processor.py:179} INFO - Processing /opt/airflow/dags/dag_ses_burnoye.py took 0.113 seconds
[2024-01-29T18:12:19.888+0000] {processor.py:157} INFO - Started process (PID=1218) to work on /opt/airflow/dags/dag_ses_burnoye.py
[2024-01-29T18:12:19.889+0000] {processor.py:829} INFO - Processing file /opt/airflow/dags/dag_ses_burnoye.py for tasks to queue
[2024-01-29T18:12:19.893+0000] {logging_mixin.py:151} INFO - [2024-01-29T18:12:19.892+0000] {dagbag.py:536} INFO - Filling up the DagBag from /opt/airflow/dags/dag_ses_burnoye.py
[2024-01-29T18:12:19.928+0000] {processor.py:839} INFO - DAG(s) dict_keys(['Dag_ses_burnoye_forecast']) retrieved from /opt/airflow/dags/dag_ses_burnoye.py
[2024-01-29T18:12:20.201+0000] {logging_mixin.py:151} INFO - [2024-01-29T18:12:20.200+0000] {dag.py:2941} INFO - Sync 1 DAGs
[2024-01-29T18:12:20.282+0000] {logging_mixin.py:151} INFO - [2024-01-29T18:12:20.281+0000] {dag.py:3722} INFO - Setting next_dagrun for Dag_ses_burnoye_forecast to 2024-01-29T09:30:00+00:00, run_after=2024-01-30T09:30:00+00:00
[2024-01-29T18:12:20.362+0000] {processor.py:179} INFO - Processing /opt/airflow/dags/dag_ses_burnoye.py took 0.479 seconds
[2024-01-29T18:12:51.339+0000] {processor.py:157} INFO - Started process (PID=1275) to work on /opt/airflow/dags/dag_ses_burnoye.py
[2024-01-29T18:12:51.341+0000] {processor.py:829} INFO - Processing file /opt/airflow/dags/dag_ses_burnoye.py for tasks to queue
[2024-01-29T18:12:51.363+0000] {logging_mixin.py:151} INFO - [2024-01-29T18:12:51.362+0000] {dagbag.py:536} INFO - Filling up the DagBag from /opt/airflow/dags/dag_ses_burnoye.py
[2024-01-29T18:12:51.475+0000] {processor.py:839} INFO - DAG(s) dict_keys(['Dag_ses_burnoye_forecast']) retrieved from /opt/airflow/dags/dag_ses_burnoye.py
[2024-01-29T18:12:51.516+0000] {logging_mixin.py:151} INFO - [2024-01-29T18:12:51.516+0000] {dag.py:2941} INFO - Sync 1 DAGs
[2024-01-29T18:12:51.624+0000] {logging_mixin.py:151} INFO - [2024-01-29T18:12:51.623+0000] {dag.py:3722} INFO - Setting next_dagrun for Dag_ses_burnoye_forecast to 2024-01-29T09:30:00+00:00, run_after=2024-01-30T09:30:00+00:00
[2024-01-29T18:12:51.726+0000] {processor.py:179} INFO - Processing /opt/airflow/dags/dag_ses_burnoye.py took 0.398 seconds
[2024-01-29T18:13:22.077+0000] {processor.py:157} INFO - Started process (PID=1330) to work on /opt/airflow/dags/dag_ses_burnoye.py
[2024-01-29T18:13:22.081+0000] {processor.py:829} INFO - Processing file /opt/airflow/dags/dag_ses_burnoye.py for tasks to queue
[2024-01-29T18:13:22.085+0000] {logging_mixin.py:151} INFO - [2024-01-29T18:13:22.084+0000] {dagbag.py:536} INFO - Filling up the DagBag from /opt/airflow/dags/dag_ses_burnoye.py
[2024-01-29T18:13:22.146+0000] {processor.py:839} INFO - DAG(s) dict_keys(['Dag_ses_burnoye_forecast']) retrieved from /opt/airflow/dags/dag_ses_burnoye.py
[2024-01-29T18:13:22.446+0000] {logging_mixin.py:151} INFO - [2024-01-29T18:13:22.445+0000] {dag.py:2941} INFO - Sync 1 DAGs
[2024-01-29T18:13:22.502+0000] {logging_mixin.py:151} INFO - [2024-01-29T18:13:22.501+0000] {dag.py:3722} INFO - Setting next_dagrun for Dag_ses_burnoye_forecast to 2024-01-29T09:30:00+00:00, run_after=2024-01-30T09:30:00+00:00
[2024-01-29T18:13:22.563+0000] {processor.py:179} INFO - Processing /opt/airflow/dags/dag_ses_burnoye.py took 0.492 seconds
[2024-01-29T18:13:52.677+0000] {processor.py:157} INFO - Started process (PID=1388) to work on /opt/airflow/dags/dag_ses_burnoye.py
[2024-01-29T18:13:52.679+0000] {processor.py:829} INFO - Processing file /opt/airflow/dags/dag_ses_burnoye.py for tasks to queue
[2024-01-29T18:13:52.683+0000] {logging_mixin.py:151} INFO - [2024-01-29T18:13:52.683+0000] {dagbag.py:536} INFO - Filling up the DagBag from /opt/airflow/dags/dag_ses_burnoye.py
[2024-01-29T18:13:52.723+0000] {processor.py:839} INFO - DAG(s) dict_keys(['Dag_ses_burnoye_forecast']) retrieved from /opt/airflow/dags/dag_ses_burnoye.py
[2024-01-29T18:13:52.768+0000] {logging_mixin.py:151} INFO - [2024-01-29T18:13:52.768+0000] {dag.py:2941} INFO - Sync 1 DAGs
[2024-01-29T18:13:52.820+0000] {logging_mixin.py:151} INFO - [2024-01-29T18:13:52.819+0000] {dag.py:3722} INFO - Setting next_dagrun for Dag_ses_burnoye_forecast to 2024-01-29T09:30:00+00:00, run_after=2024-01-30T09:30:00+00:00
[2024-01-29T18:13:52.870+0000] {processor.py:179} INFO - Processing /opt/airflow/dags/dag_ses_burnoye.py took 0.201 seconds
[2024-01-29T18:14:23.904+0000] {processor.py:157} INFO - Started process (PID=1442) to work on /opt/airflow/dags/dag_ses_burnoye.py
[2024-01-29T18:14:23.906+0000] {processor.py:829} INFO - Processing file /opt/airflow/dags/dag_ses_burnoye.py for tasks to queue
[2024-01-29T18:14:23.911+0000] {logging_mixin.py:151} INFO - [2024-01-29T18:14:23.910+0000] {dagbag.py:536} INFO - Filling up the DagBag from /opt/airflow/dags/dag_ses_burnoye.py
[2024-01-29T18:14:24.022+0000] {processor.py:839} INFO - DAG(s) dict_keys(['Dag_ses_burnoye_forecast']) retrieved from /opt/airflow/dags/dag_ses_burnoye.py
[2024-01-29T18:14:24.389+0000] {logging_mixin.py:151} INFO - [2024-01-29T18:14:24.388+0000] {dag.py:2941} INFO - Sync 1 DAGs
[2024-01-29T18:14:24.451+0000] {logging_mixin.py:151} INFO - [2024-01-29T18:14:24.451+0000] {dag.py:3722} INFO - Setting next_dagrun for Dag_ses_burnoye_forecast to 2024-01-29T09:30:00+00:00, run_after=2024-01-30T09:30:00+00:00
[2024-01-29T18:14:24.837+0000] {processor.py:179} INFO - Processing /opt/airflow/dags/dag_ses_burnoye.py took 0.941 seconds
[2024-01-29T18:14:55.303+0000] {processor.py:157} INFO - Started process (PID=1498) to work on /opt/airflow/dags/dag_ses_burnoye.py
[2024-01-29T18:14:55.306+0000] {processor.py:829} INFO - Processing file /opt/airflow/dags/dag_ses_burnoye.py for tasks to queue
[2024-01-29T18:14:55.314+0000] {logging_mixin.py:151} INFO - [2024-01-29T18:14:55.314+0000] {dagbag.py:536} INFO - Filling up the DagBag from /opt/airflow/dags/dag_ses_burnoye.py
[2024-01-29T18:14:55.368+0000] {processor.py:839} INFO - DAG(s) dict_keys(['Dag_ses_burnoye_forecast']) retrieved from /opt/airflow/dags/dag_ses_burnoye.py
[2024-01-29T18:14:55.424+0000] {logging_mixin.py:151} INFO - [2024-01-29T18:14:55.423+0000] {dag.py:2941} INFO - Sync 1 DAGs
[2024-01-29T18:14:55.486+0000] {logging_mixin.py:151} INFO - [2024-01-29T18:14:55.485+0000] {dag.py:3722} INFO - Setting next_dagrun for Dag_ses_burnoye_forecast to 2024-01-29T09:30:00+00:00, run_after=2024-01-30T09:30:00+00:00
[2024-01-29T18:14:55.572+0000] {processor.py:179} INFO - Processing /opt/airflow/dags/dag_ses_burnoye.py took 0.276 seconds
[2024-01-29T18:15:26.445+0000] {processor.py:157} INFO - Started process (PID=1554) to work on /opt/airflow/dags/dag_ses_burnoye.py
[2024-01-29T18:15:26.448+0000] {processor.py:829} INFO - Processing file /opt/airflow/dags/dag_ses_burnoye.py for tasks to queue
[2024-01-29T18:15:26.456+0000] {logging_mixin.py:151} INFO - [2024-01-29T18:15:26.453+0000] {dagbag.py:536} INFO - Filling up the DagBag from /opt/airflow/dags/dag_ses_burnoye.py
[2024-01-29T18:15:26.513+0000] {processor.py:839} INFO - DAG(s) dict_keys(['Dag_ses_burnoye_forecast']) retrieved from /opt/airflow/dags/dag_ses_burnoye.py
[2024-01-29T18:15:26.865+0000] {logging_mixin.py:151} INFO - [2024-01-29T18:15:26.864+0000] {dag.py:2941} INFO - Sync 1 DAGs
[2024-01-29T18:15:27.247+0000] {logging_mixin.py:151} INFO - [2024-01-29T18:15:27.246+0000] {dag.py:3722} INFO - Setting next_dagrun for Dag_ses_burnoye_forecast to 2024-01-29T09:30:00+00:00, run_after=2024-01-30T09:30:00+00:00
[2024-01-29T18:15:27.348+0000] {processor.py:179} INFO - Processing /opt/airflow/dags/dag_ses_burnoye.py took 0.912 seconds
[2024-01-29T18:15:57.501+0000] {processor.py:157} INFO - Started process (PID=1611) to work on /opt/airflow/dags/dag_ses_burnoye.py
[2024-01-29T18:15:57.502+0000] {processor.py:829} INFO - Processing file /opt/airflow/dags/dag_ses_burnoye.py for tasks to queue
[2024-01-29T18:15:57.504+0000] {logging_mixin.py:151} INFO - [2024-01-29T18:15:57.504+0000] {dagbag.py:536} INFO - Filling up the DagBag from /opt/airflow/dags/dag_ses_burnoye.py
[2024-01-29T18:15:57.522+0000] {processor.py:839} INFO - DAG(s) dict_keys(['Dag_ses_burnoye_forecast']) retrieved from /opt/airflow/dags/dag_ses_burnoye.py
[2024-01-29T18:15:57.535+0000] {logging_mixin.py:151} INFO - [2024-01-29T18:15:57.535+0000] {dag.py:2941} INFO - Sync 1 DAGs
[2024-01-29T18:15:57.569+0000] {logging_mixin.py:151} INFO - [2024-01-29T18:15:57.568+0000] {dag.py:3722} INFO - Setting next_dagrun for Dag_ses_burnoye_forecast to 2024-01-29T09:30:00+00:00, run_after=2024-01-30T09:30:00+00:00
[2024-01-29T18:15:57.593+0000] {processor.py:179} INFO - Processing /opt/airflow/dags/dag_ses_burnoye.py took 0.095 seconds
[2024-01-29T18:16:28.279+0000] {processor.py:157} INFO - Started process (PID=1666) to work on /opt/airflow/dags/dag_ses_burnoye.py
[2024-01-29T18:16:28.281+0000] {processor.py:829} INFO - Processing file /opt/airflow/dags/dag_ses_burnoye.py for tasks to queue
[2024-01-29T18:16:28.285+0000] {logging_mixin.py:151} INFO - [2024-01-29T18:16:28.284+0000] {dagbag.py:536} INFO - Filling up the DagBag from /opt/airflow/dags/dag_ses_burnoye.py
[2024-01-29T18:16:28.309+0000] {processor.py:839} INFO - DAG(s) dict_keys(['Dag_ses_burnoye_forecast']) retrieved from /opt/airflow/dags/dag_ses_burnoye.py
[2024-01-29T18:16:28.461+0000] {logging_mixin.py:151} INFO - [2024-01-29T18:16:28.461+0000] {dag.py:2941} INFO - Sync 1 DAGs
[2024-01-29T18:16:28.489+0000] {logging_mixin.py:151} INFO - [2024-01-29T18:16:28.489+0000] {dag.py:3722} INFO - Setting next_dagrun for Dag_ses_burnoye_forecast to 2024-01-29T09:30:00+00:00, run_after=2024-01-30T09:30:00+00:00
[2024-01-29T18:16:28.516+0000] {processor.py:179} INFO - Processing /opt/airflow/dags/dag_ses_burnoye.py took 0.241 seconds
[2024-01-29T18:16:58.654+0000] {processor.py:157} INFO - Started process (PID=1722) to work on /opt/airflow/dags/dag_ses_burnoye.py
[2024-01-29T18:16:58.655+0000] {processor.py:829} INFO - Processing file /opt/airflow/dags/dag_ses_burnoye.py for tasks to queue
[2024-01-29T18:16:58.657+0000] {logging_mixin.py:151} INFO - [2024-01-29T18:16:58.657+0000] {dagbag.py:536} INFO - Filling up the DagBag from /opt/airflow/dags/dag_ses_burnoye.py
[2024-01-29T18:16:58.680+0000] {processor.py:839} INFO - DAG(s) dict_keys(['Dag_ses_burnoye_forecast']) retrieved from /opt/airflow/dags/dag_ses_burnoye.py
[2024-01-29T18:16:58.703+0000] {logging_mixin.py:151} INFO - [2024-01-29T18:16:58.703+0000] {dag.py:2941} INFO - Sync 1 DAGs
[2024-01-29T18:16:58.736+0000] {logging_mixin.py:151} INFO - [2024-01-29T18:16:58.736+0000] {dag.py:3722} INFO - Setting next_dagrun for Dag_ses_burnoye_forecast to 2024-01-29T09:30:00+00:00, run_after=2024-01-30T09:30:00+00:00
[2024-01-29T18:16:58.763+0000] {processor.py:179} INFO - Processing /opt/airflow/dags/dag_ses_burnoye.py took 0.112 seconds
[2024-01-29T18:17:29.159+0000] {processor.py:157} INFO - Started process (PID=1778) to work on /opt/airflow/dags/dag_ses_burnoye.py
[2024-01-29T18:17:29.161+0000] {processor.py:829} INFO - Processing file /opt/airflow/dags/dag_ses_burnoye.py for tasks to queue
[2024-01-29T18:17:29.164+0000] {logging_mixin.py:151} INFO - [2024-01-29T18:17:29.163+0000] {dagbag.py:536} INFO - Filling up the DagBag from /opt/airflow/dags/dag_ses_burnoye.py
[2024-01-29T18:17:29.187+0000] {processor.py:839} INFO - DAG(s) dict_keys(['Dag_ses_burnoye_forecast']) retrieved from /opt/airflow/dags/dag_ses_burnoye.py
[2024-01-29T18:17:29.334+0000] {logging_mixin.py:151} INFO - [2024-01-29T18:17:29.334+0000] {dag.py:2941} INFO - Sync 1 DAGs
[2024-01-29T18:17:29.366+0000] {logging_mixin.py:151} INFO - [2024-01-29T18:17:29.365+0000] {dag.py:3722} INFO - Setting next_dagrun for Dag_ses_burnoye_forecast to 2024-01-29T09:30:00+00:00, run_after=2024-01-30T09:30:00+00:00
[2024-01-29T18:17:29.521+0000] {processor.py:179} INFO - Processing /opt/airflow/dags/dag_ses_burnoye.py took 0.365 seconds
[2024-01-29T18:17:59.767+0000] {processor.py:157} INFO - Started process (PID=1835) to work on /opt/airflow/dags/dag_ses_burnoye.py
[2024-01-29T18:17:59.769+0000] {processor.py:829} INFO - Processing file /opt/airflow/dags/dag_ses_burnoye.py for tasks to queue
[2024-01-29T18:17:59.771+0000] {logging_mixin.py:151} INFO - [2024-01-29T18:17:59.770+0000] {dagbag.py:536} INFO - Filling up the DagBag from /opt/airflow/dags/dag_ses_burnoye.py
[2024-01-29T18:17:59.788+0000] {processor.py:839} INFO - DAG(s) dict_keys(['Dag_ses_burnoye_forecast']) retrieved from /opt/airflow/dags/dag_ses_burnoye.py
[2024-01-29T18:17:59.799+0000] {logging_mixin.py:151} INFO - [2024-01-29T18:17:59.799+0000] {dag.py:2941} INFO - Sync 1 DAGs
[2024-01-29T18:17:59.825+0000] {logging_mixin.py:151} INFO - [2024-01-29T18:17:59.825+0000] {dag.py:3722} INFO - Setting next_dagrun for Dag_ses_burnoye_forecast to 2024-01-29T09:30:00+00:00, run_after=2024-01-30T09:30:00+00:00
[2024-01-29T18:17:59.847+0000] {processor.py:179} INFO - Processing /opt/airflow/dags/dag_ses_burnoye.py took 0.083 seconds
[2024-01-29T18:18:29.971+0000] {processor.py:157} INFO - Started process (PID=1890) to work on /opt/airflow/dags/dag_ses_burnoye.py
[2024-01-29T18:18:29.972+0000] {processor.py:829} INFO - Processing file /opt/airflow/dags/dag_ses_burnoye.py for tasks to queue
[2024-01-29T18:18:29.974+0000] {logging_mixin.py:151} INFO - [2024-01-29T18:18:29.974+0000] {dagbag.py:536} INFO - Filling up the DagBag from /opt/airflow/dags/dag_ses_burnoye.py
[2024-01-29T18:18:29.996+0000] {processor.py:839} INFO - DAG(s) dict_keys(['Dag_ses_burnoye_forecast']) retrieved from /opt/airflow/dags/dag_ses_burnoye.py
[2024-01-29T18:18:30.120+0000] {logging_mixin.py:151} INFO - [2024-01-29T18:18:30.120+0000] {dag.py:2941} INFO - Sync 1 DAGs
[2024-01-29T18:18:30.261+0000] {logging_mixin.py:151} INFO - [2024-01-29T18:18:30.261+0000] {dag.py:3722} INFO - Setting next_dagrun for Dag_ses_burnoye_forecast to 2024-01-29T09:30:00+00:00, run_after=2024-01-30T09:30:00+00:00
[2024-01-29T18:18:30.283+0000] {processor.py:179} INFO - Processing /opt/airflow/dags/dag_ses_burnoye.py took 0.316 seconds
[2024-01-29T18:19:00.827+0000] {processor.py:157} INFO - Started process (PID=1946) to work on /opt/airflow/dags/dag_ses_burnoye.py
[2024-01-29T18:19:00.828+0000] {processor.py:829} INFO - Processing file /opt/airflow/dags/dag_ses_burnoye.py for tasks to queue
[2024-01-29T18:19:00.830+0000] {logging_mixin.py:151} INFO - [2024-01-29T18:19:00.830+0000] {dagbag.py:536} INFO - Filling up the DagBag from /opt/airflow/dags/dag_ses_burnoye.py
[2024-01-29T18:19:00.852+0000] {processor.py:839} INFO - DAG(s) dict_keys(['Dag_ses_burnoye_forecast']) retrieved from /opt/airflow/dags/dag_ses_burnoye.py
[2024-01-29T18:19:00.875+0000] {logging_mixin.py:151} INFO - [2024-01-29T18:19:00.875+0000] {dag.py:2941} INFO - Sync 1 DAGs
[2024-01-29T18:19:00.906+0000] {logging_mixin.py:151} INFO - [2024-01-29T18:19:00.905+0000] {dag.py:3722} INFO - Setting next_dagrun for Dag_ses_burnoye_forecast to 2024-01-29T09:30:00+00:00, run_after=2024-01-30T09:30:00+00:00
[2024-01-29T18:19:00.930+0000] {processor.py:179} INFO - Processing /opt/airflow/dags/dag_ses_burnoye.py took 0.108 seconds
[2024-01-29T18:19:31.635+0000] {processor.py:157} INFO - Started process (PID=2002) to work on /opt/airflow/dags/dag_ses_burnoye.py
[2024-01-29T18:19:31.637+0000] {processor.py:829} INFO - Processing file /opt/airflow/dags/dag_ses_burnoye.py for tasks to queue
[2024-01-29T18:19:31.640+0000] {logging_mixin.py:151} INFO - [2024-01-29T18:19:31.639+0000] {dagbag.py:536} INFO - Filling up the DagBag from /opt/airflow/dags/dag_ses_burnoye.py
[2024-01-29T18:19:31.663+0000] {processor.py:839} INFO - DAG(s) dict_keys(['Dag_ses_burnoye_forecast']) retrieved from /opt/airflow/dags/dag_ses_burnoye.py
[2024-01-29T18:19:31.934+0000] {logging_mixin.py:151} INFO - [2024-01-29T18:19:31.934+0000] {dag.py:2941} INFO - Sync 1 DAGs
[2024-01-29T18:19:31.963+0000] {logging_mixin.py:151} INFO - [2024-01-29T18:19:31.962+0000] {dag.py:3722} INFO - Setting next_dagrun for Dag_ses_burnoye_forecast to 2024-01-29T09:30:00+00:00, run_after=2024-01-30T09:30:00+00:00
[2024-01-29T18:19:31.991+0000] {processor.py:179} INFO - Processing /opt/airflow/dags/dag_ses_burnoye.py took 0.359 seconds
[2024-01-29T18:20:02.087+0000] {processor.py:157} INFO - Started process (PID=2058) to work on /opt/airflow/dags/dag_ses_burnoye.py
[2024-01-29T18:20:02.089+0000] {processor.py:829} INFO - Processing file /opt/airflow/dags/dag_ses_burnoye.py for tasks to queue
[2024-01-29T18:20:02.091+0000] {logging_mixin.py:151} INFO - [2024-01-29T18:20:02.091+0000] {dagbag.py:536} INFO - Filling up the DagBag from /opt/airflow/dags/dag_ses_burnoye.py
[2024-01-29T18:20:02.113+0000] {processor.py:839} INFO - DAG(s) dict_keys(['Dag_ses_burnoye_forecast']) retrieved from /opt/airflow/dags/dag_ses_burnoye.py
[2024-01-29T18:20:02.138+0000] {logging_mixin.py:151} INFO - [2024-01-29T18:20:02.138+0000] {dag.py:2941} INFO - Sync 1 DAGs
[2024-01-29T18:20:02.169+0000] {logging_mixin.py:151} INFO - [2024-01-29T18:20:02.169+0000] {dag.py:3722} INFO - Setting next_dagrun for Dag_ses_burnoye_forecast to 2024-01-29T09:30:00+00:00, run_after=2024-01-30T09:30:00+00:00
[2024-01-29T18:20:02.194+0000] {processor.py:179} INFO - Processing /opt/airflow/dags/dag_ses_burnoye.py took 0.110 seconds
[2024-01-29T18:20:32.412+0000] {processor.py:157} INFO - Started process (PID=2114) to work on /opt/airflow/dags/dag_ses_burnoye.py
[2024-01-29T18:20:32.413+0000] {processor.py:829} INFO - Processing file /opt/airflow/dags/dag_ses_burnoye.py for tasks to queue
[2024-01-29T18:20:32.416+0000] {logging_mixin.py:151} INFO - [2024-01-29T18:20:32.415+0000] {dagbag.py:536} INFO - Filling up the DagBag from /opt/airflow/dags/dag_ses_burnoye.py
[2024-01-29T18:20:32.431+0000] {processor.py:839} INFO - DAG(s) dict_keys(['Dag_ses_burnoye_forecast']) retrieved from /opt/airflow/dags/dag_ses_burnoye.py
[2024-01-29T18:20:32.671+0000] {logging_mixin.py:151} INFO - [2024-01-29T18:20:32.671+0000] {dag.py:2941} INFO - Sync 1 DAGs
[2024-01-29T18:20:32.700+0000] {logging_mixin.py:151} INFO - [2024-01-29T18:20:32.700+0000] {dag.py:3722} INFO - Setting next_dagrun for Dag_ses_burnoye_forecast to 2024-01-29T09:30:00+00:00, run_after=2024-01-30T09:30:00+00:00
[2024-01-29T18:20:32.726+0000] {processor.py:179} INFO - Processing /opt/airflow/dags/dag_ses_burnoye.py took 0.318 seconds
[2024-01-29T18:21:03.223+0000] {processor.py:157} INFO - Started process (PID=2170) to work on /opt/airflow/dags/dag_ses_burnoye.py
[2024-01-29T18:21:03.224+0000] {processor.py:829} INFO - Processing file /opt/airflow/dags/dag_ses_burnoye.py for tasks to queue
[2024-01-29T18:21:03.227+0000] {logging_mixin.py:151} INFO - [2024-01-29T18:21:03.226+0000] {dagbag.py:536} INFO - Filling up the DagBag from /opt/airflow/dags/dag_ses_burnoye.py
[2024-01-29T18:21:03.247+0000] {processor.py:839} INFO - DAG(s) dict_keys(['Dag_ses_burnoye_forecast']) retrieved from /opt/airflow/dags/dag_ses_burnoye.py
[2024-01-29T18:21:03.269+0000] {logging_mixin.py:151} INFO - [2024-01-29T18:21:03.269+0000] {dag.py:2941} INFO - Sync 1 DAGs
[2024-01-29T18:21:03.301+0000] {logging_mixin.py:151} INFO - [2024-01-29T18:21:03.300+0000] {dag.py:3722} INFO - Setting next_dagrun for Dag_ses_burnoye_forecast to 2024-01-29T09:30:00+00:00, run_after=2024-01-30T09:30:00+00:00
[2024-01-29T18:21:03.327+0000] {processor.py:179} INFO - Processing /opt/airflow/dags/dag_ses_burnoye.py took 0.110 seconds
[2024-01-29T18:21:33.523+0000] {processor.py:157} INFO - Started process (PID=2226) to work on /opt/airflow/dags/dag_ses_burnoye.py
[2024-01-29T18:21:33.524+0000] {processor.py:829} INFO - Processing file /opt/airflow/dags/dag_ses_burnoye.py for tasks to queue
[2024-01-29T18:21:33.526+0000] {logging_mixin.py:151} INFO - [2024-01-29T18:21:33.526+0000] {dagbag.py:536} INFO - Filling up the DagBag from /opt/airflow/dags/dag_ses_burnoye.py
[2024-01-29T18:21:33.543+0000] {processor.py:839} INFO - DAG(s) dict_keys(['Dag_ses_burnoye_forecast']) retrieved from /opt/airflow/dags/dag_ses_burnoye.py
[2024-01-29T18:21:33.838+0000] {logging_mixin.py:151} INFO - [2024-01-29T18:21:33.838+0000] {dag.py:2941} INFO - Sync 1 DAGs
[2024-01-29T18:21:33.864+0000] {logging_mixin.py:151} INFO - [2024-01-29T18:21:33.864+0000] {dag.py:3722} INFO - Setting next_dagrun for Dag_ses_burnoye_forecast to 2024-01-29T09:30:00+00:00, run_after=2024-01-30T09:30:00+00:00
[2024-01-29T18:21:33.897+0000] {processor.py:179} INFO - Processing /opt/airflow/dags/dag_ses_burnoye.py took 0.379 seconds
[2024-01-29T18:22:04.008+0000] {processor.py:157} INFO - Started process (PID=2282) to work on /opt/airflow/dags/dag_ses_burnoye.py
[2024-01-29T18:22:04.009+0000] {processor.py:829} INFO - Processing file /opt/airflow/dags/dag_ses_burnoye.py for tasks to queue
[2024-01-29T18:22:04.011+0000] {logging_mixin.py:151} INFO - [2024-01-29T18:22:04.011+0000] {dagbag.py:536} INFO - Filling up the DagBag from /opt/airflow/dags/dag_ses_burnoye.py
[2024-01-29T18:22:04.034+0000] {processor.py:839} INFO - DAG(s) dict_keys(['Dag_ses_burnoye_forecast']) retrieved from /opt/airflow/dags/dag_ses_burnoye.py
[2024-01-29T18:22:04.060+0000] {logging_mixin.py:151} INFO - [2024-01-29T18:22:04.059+0000] {dag.py:2941} INFO - Sync 1 DAGs
[2024-01-29T18:22:04.097+0000] {logging_mixin.py:151} INFO - [2024-01-29T18:22:04.096+0000] {dag.py:3722} INFO - Setting next_dagrun for Dag_ses_burnoye_forecast to 2024-01-29T09:30:00+00:00, run_after=2024-01-30T09:30:00+00:00
[2024-01-29T18:22:04.130+0000] {processor.py:179} INFO - Processing /opt/airflow/dags/dag_ses_burnoye.py took 0.125 seconds
[2024-01-29T18:22:34.227+0000] {processor.py:157} INFO - Started process (PID=2338) to work on /opt/airflow/dags/dag_ses_burnoye.py
[2024-01-29T18:22:34.228+0000] {processor.py:829} INFO - Processing file /opt/airflow/dags/dag_ses_burnoye.py for tasks to queue
[2024-01-29T18:22:34.230+0000] {logging_mixin.py:151} INFO - [2024-01-29T18:22:34.230+0000] {dagbag.py:536} INFO - Filling up the DagBag from /opt/airflow/dags/dag_ses_burnoye.py
[2024-01-29T18:22:34.248+0000] {processor.py:839} INFO - DAG(s) dict_keys(['Dag_ses_burnoye_forecast']) retrieved from /opt/airflow/dags/dag_ses_burnoye.py
[2024-01-29T18:22:34.368+0000] {logging_mixin.py:151} INFO - [2024-01-29T18:22:34.368+0000] {dag.py:2941} INFO - Sync 1 DAGs
[2024-01-29T18:22:34.508+0000] {logging_mixin.py:151} INFO - [2024-01-29T18:22:34.508+0000] {dag.py:3722} INFO - Setting next_dagrun for Dag_ses_burnoye_forecast to 2024-01-29T09:30:00+00:00, run_after=2024-01-30T09:30:00+00:00
[2024-01-29T18:22:34.533+0000] {processor.py:179} INFO - Processing /opt/airflow/dags/dag_ses_burnoye.py took 0.309 seconds
[2024-01-29T18:23:04.935+0000] {processor.py:157} INFO - Started process (PID=2394) to work on /opt/airflow/dags/dag_ses_burnoye.py
[2024-01-29T18:23:04.936+0000] {processor.py:829} INFO - Processing file /opt/airflow/dags/dag_ses_burnoye.py for tasks to queue
[2024-01-29T18:23:04.939+0000] {logging_mixin.py:151} INFO - [2024-01-29T18:23:04.938+0000] {dagbag.py:536} INFO - Filling up the DagBag from /opt/airflow/dags/dag_ses_burnoye.py
[2024-01-29T18:23:04.956+0000] {processor.py:839} INFO - DAG(s) dict_keys(['Dag_ses_burnoye_forecast']) retrieved from /opt/airflow/dags/dag_ses_burnoye.py
[2024-01-29T18:23:04.978+0000] {logging_mixin.py:151} INFO - [2024-01-29T18:23:04.977+0000] {dag.py:2941} INFO - Sync 1 DAGs
[2024-01-29T18:23:05.007+0000] {logging_mixin.py:151} INFO - [2024-01-29T18:23:05.006+0000] {dag.py:3722} INFO - Setting next_dagrun for Dag_ses_burnoye_forecast to 2024-01-29T09:30:00+00:00, run_after=2024-01-30T09:30:00+00:00
[2024-01-29T18:23:05.030+0000] {processor.py:179} INFO - Processing /opt/airflow/dags/dag_ses_burnoye.py took 0.098 seconds
[2024-01-29T18:23:35.501+0000] {processor.py:157} INFO - Started process (PID=2450) to work on /opt/airflow/dags/dag_ses_burnoye.py
[2024-01-29T18:23:35.502+0000] {processor.py:829} INFO - Processing file /opt/airflow/dags/dag_ses_burnoye.py for tasks to queue
[2024-01-29T18:23:35.504+0000] {logging_mixin.py:151} INFO - [2024-01-29T18:23:35.504+0000] {dagbag.py:536} INFO - Filling up the DagBag from /opt/airflow/dags/dag_ses_burnoye.py
[2024-01-29T18:23:35.523+0000] {processor.py:839} INFO - DAG(s) dict_keys(['Dag_ses_burnoye_forecast']) retrieved from /opt/airflow/dags/dag_ses_burnoye.py
[2024-01-29T18:23:35.537+0000] {logging_mixin.py:151} INFO - [2024-01-29T18:23:35.536+0000] {dag.py:2941} INFO - Sync 1 DAGs
[2024-01-29T18:23:35.568+0000] {logging_mixin.py:151} INFO - [2024-01-29T18:23:35.568+0000] {dag.py:3722} INFO - Setting next_dagrun for Dag_ses_burnoye_forecast to 2024-01-29T09:30:00+00:00, run_after=2024-01-30T09:30:00+00:00
[2024-01-29T18:23:35.593+0000] {processor.py:179} INFO - Processing /opt/airflow/dags/dag_ses_burnoye.py took 0.095 seconds
[2024-01-29T18:24:06.082+0000] {processor.py:157} INFO - Started process (PID=2506) to work on /opt/airflow/dags/dag_ses_burnoye.py
[2024-01-29T18:24:06.083+0000] {processor.py:829} INFO - Processing file /opt/airflow/dags/dag_ses_burnoye.py for tasks to queue
[2024-01-29T18:24:06.085+0000] {logging_mixin.py:151} INFO - [2024-01-29T18:24:06.085+0000] {dagbag.py:536} INFO - Filling up the DagBag from /opt/airflow/dags/dag_ses_burnoye.py
[2024-01-29T18:24:06.104+0000] {processor.py:839} INFO - DAG(s) dict_keys(['Dag_ses_burnoye_forecast']) retrieved from /opt/airflow/dags/dag_ses_burnoye.py
[2024-01-29T18:24:06.360+0000] {logging_mixin.py:151} INFO - [2024-01-29T18:24:06.360+0000] {dag.py:2941} INFO - Sync 1 DAGs
[2024-01-29T18:24:06.390+0000] {logging_mixin.py:151} INFO - [2024-01-29T18:24:06.389+0000] {dag.py:3722} INFO - Setting next_dagrun for Dag_ses_burnoye_forecast to 2024-01-29T09:30:00+00:00, run_after=2024-01-30T09:30:00+00:00
[2024-01-29T18:24:06.415+0000] {processor.py:179} INFO - Processing /opt/airflow/dags/dag_ses_burnoye.py took 0.335 seconds
[2024-01-29T18:24:36.514+0000] {processor.py:157} INFO - Started process (PID=2562) to work on /opt/airflow/dags/dag_ses_burnoye.py
[2024-01-29T18:24:36.515+0000] {processor.py:829} INFO - Processing file /opt/airflow/dags/dag_ses_burnoye.py for tasks to queue
[2024-01-29T18:24:36.518+0000] {logging_mixin.py:151} INFO - [2024-01-29T18:24:36.517+0000] {dagbag.py:536} INFO - Filling up the DagBag from /opt/airflow/dags/dag_ses_burnoye.py
[2024-01-29T18:24:36.536+0000] {processor.py:839} INFO - DAG(s) dict_keys(['Dag_ses_burnoye_forecast']) retrieved from /opt/airflow/dags/dag_ses_burnoye.py
[2024-01-29T18:24:36.554+0000] {logging_mixin.py:151} INFO - [2024-01-29T18:24:36.554+0000] {dag.py:2941} INFO - Sync 1 DAGs
[2024-01-29T18:24:36.579+0000] {logging_mixin.py:151} INFO - [2024-01-29T18:24:36.579+0000] {dag.py:3722} INFO - Setting next_dagrun for Dag_ses_burnoye_forecast to 2024-01-29T09:30:00+00:00, run_after=2024-01-30T09:30:00+00:00
[2024-01-29T18:24:36.717+0000] {processor.py:179} INFO - Processing /opt/airflow/dags/dag_ses_burnoye.py took 0.206 seconds
[2024-01-29T18:25:06.853+0000] {processor.py:157} INFO - Started process (PID=2618) to work on /opt/airflow/dags/dag_ses_burnoye.py
[2024-01-29T18:25:06.854+0000] {processor.py:829} INFO - Processing file /opt/airflow/dags/dag_ses_burnoye.py for tasks to queue
[2024-01-29T18:25:06.856+0000] {logging_mixin.py:151} INFO - [2024-01-29T18:25:06.856+0000] {dagbag.py:536} INFO - Filling up the DagBag from /opt/airflow/dags/dag_ses_burnoye.py
[2024-01-29T18:25:06.878+0000] {processor.py:839} INFO - DAG(s) dict_keys(['Dag_ses_burnoye_forecast']) retrieved from /opt/airflow/dags/dag_ses_burnoye.py
[2024-01-29T18:25:06.892+0000] {logging_mixin.py:151} INFO - [2024-01-29T18:25:06.891+0000] {dag.py:2941} INFO - Sync 1 DAGs
[2024-01-29T18:25:06.923+0000] {logging_mixin.py:151} INFO - [2024-01-29T18:25:06.922+0000] {dag.py:3722} INFO - Setting next_dagrun for Dag_ses_burnoye_forecast to 2024-01-29T09:30:00+00:00, run_after=2024-01-30T09:30:00+00:00
[2024-01-29T18:25:06.949+0000] {processor.py:179} INFO - Processing /opt/airflow/dags/dag_ses_burnoye.py took 0.099 seconds
[2024-01-29T18:25:37.015+0000] {processor.py:157} INFO - Started process (PID=2674) to work on /opt/airflow/dags/dag_ses_burnoye.py
[2024-01-29T18:25:37.016+0000] {processor.py:829} INFO - Processing file /opt/airflow/dags/dag_ses_burnoye.py for tasks to queue
[2024-01-29T18:25:37.019+0000] {logging_mixin.py:151} INFO - [2024-01-29T18:25:37.018+0000] {dagbag.py:536} INFO - Filling up the DagBag from /opt/airflow/dags/dag_ses_burnoye.py
[2024-01-29T18:25:37.037+0000] {processor.py:839} INFO - DAG(s) dict_keys(['Dag_ses_burnoye_forecast']) retrieved from /opt/airflow/dags/dag_ses_burnoye.py
[2024-01-29T18:25:37.285+0000] {logging_mixin.py:151} INFO - [2024-01-29T18:25:37.285+0000] {dag.py:2941} INFO - Sync 1 DAGs
[2024-01-29T18:25:37.313+0000] {logging_mixin.py:151} INFO - [2024-01-29T18:25:37.313+0000] {dag.py:3722} INFO - Setting next_dagrun for Dag_ses_burnoye_forecast to 2024-01-29T09:30:00+00:00, run_after=2024-01-30T09:30:00+00:00
[2024-01-29T18:25:37.340+0000] {processor.py:179} INFO - Processing /opt/airflow/dags/dag_ses_burnoye.py took 0.328 seconds
[2024-01-29T18:26:08.339+0000] {processor.py:157} INFO - Started process (PID=2730) to work on /opt/airflow/dags/dag_ses_burnoye.py
[2024-01-29T18:26:08.340+0000] {processor.py:829} INFO - Processing file /opt/airflow/dags/dag_ses_burnoye.py for tasks to queue
[2024-01-29T18:26:08.342+0000] {logging_mixin.py:151} INFO - [2024-01-29T18:26:08.341+0000] {dagbag.py:536} INFO - Filling up the DagBag from /opt/airflow/dags/dag_ses_burnoye.py
[2024-01-29T18:26:08.360+0000] {processor.py:839} INFO - DAG(s) dict_keys(['Dag_ses_burnoye_forecast']) retrieved from /opt/airflow/dags/dag_ses_burnoye.py
[2024-01-29T18:26:08.381+0000] {logging_mixin.py:151} INFO - [2024-01-29T18:26:08.380+0000] {dag.py:2941} INFO - Sync 1 DAGs
[2024-01-29T18:26:08.412+0000] {logging_mixin.py:151} INFO - [2024-01-29T18:26:08.411+0000] {dag.py:3722} INFO - Setting next_dagrun for Dag_ses_burnoye_forecast to 2024-01-29T09:30:00+00:00, run_after=2024-01-30T09:30:00+00:00
[2024-01-29T18:26:08.561+0000] {processor.py:179} INFO - Processing /opt/airflow/dags/dag_ses_burnoye.py took 0.225 seconds
[2024-01-29T18:26:38.751+0000] {processor.py:157} INFO - Started process (PID=2786) to work on /opt/airflow/dags/dag_ses_burnoye.py
[2024-01-29T18:26:38.752+0000] {processor.py:829} INFO - Processing file /opt/airflow/dags/dag_ses_burnoye.py for tasks to queue
[2024-01-29T18:26:38.754+0000] {logging_mixin.py:151} INFO - [2024-01-29T18:26:38.753+0000] {dagbag.py:536} INFO - Filling up the DagBag from /opt/airflow/dags/dag_ses_burnoye.py
[2024-01-29T18:26:38.772+0000] {processor.py:839} INFO - DAG(s) dict_keys(['Dag_ses_burnoye_forecast']) retrieved from /opt/airflow/dags/dag_ses_burnoye.py
[2024-01-29T18:26:38.786+0000] {logging_mixin.py:151} INFO - [2024-01-29T18:26:38.785+0000] {dag.py:2941} INFO - Sync 1 DAGs
[2024-01-29T18:26:38.818+0000] {logging_mixin.py:151} INFO - [2024-01-29T18:26:38.817+0000] {dag.py:3722} INFO - Setting next_dagrun for Dag_ses_burnoye_forecast to 2024-01-29T09:30:00+00:00, run_after=2024-01-30T09:30:00+00:00
[2024-01-29T18:26:38.842+0000] {processor.py:179} INFO - Processing /opt/airflow/dags/dag_ses_burnoye.py took 0.095 seconds
[2024-01-29T18:27:09.486+0000] {processor.py:157} INFO - Started process (PID=2842) to work on /opt/airflow/dags/dag_ses_burnoye.py
[2024-01-29T18:27:09.487+0000] {processor.py:829} INFO - Processing file /opt/airflow/dags/dag_ses_burnoye.py for tasks to queue
[2024-01-29T18:27:09.490+0000] {logging_mixin.py:151} INFO - [2024-01-29T18:27:09.489+0000] {dagbag.py:536} INFO - Filling up the DagBag from /opt/airflow/dags/dag_ses_burnoye.py
[2024-01-29T18:27:09.536+0000] {processor.py:839} INFO - DAG(s) dict_keys(['Dag_ses_burnoye_forecast']) retrieved from /opt/airflow/dags/dag_ses_burnoye.py
[2024-01-29T18:27:09.648+0000] {logging_mixin.py:151} INFO - [2024-01-29T18:27:09.648+0000] {dag.py:2941} INFO - Sync 1 DAGs
[2024-01-29T18:27:09.672+0000] {logging_mixin.py:151} INFO - [2024-01-29T18:27:09.672+0000] {dag.py:3722} INFO - Setting next_dagrun for Dag_ses_burnoye_forecast to 2024-01-29T09:30:00+00:00, run_after=2024-01-30T09:30:00+00:00
[2024-01-29T18:27:09.736+0000] {processor.py:179} INFO - Processing /opt/airflow/dags/dag_ses_burnoye.py took 0.252 seconds
[2024-01-29T18:27:40.716+0000] {processor.py:157} INFO - Started process (PID=2898) to work on /opt/airflow/dags/dag_ses_burnoye.py
[2024-01-29T18:27:40.718+0000] {processor.py:829} INFO - Processing file /opt/airflow/dags/dag_ses_burnoye.py for tasks to queue
[2024-01-29T18:27:40.721+0000] {logging_mixin.py:151} INFO - [2024-01-29T18:27:40.720+0000] {dagbag.py:536} INFO - Filling up the DagBag from /opt/airflow/dags/dag_ses_burnoye.py
[2024-01-29T18:27:40.752+0000] {processor.py:839} INFO - DAG(s) dict_keys(['Dag_ses_burnoye_forecast']) retrieved from /opt/airflow/dags/dag_ses_burnoye.py
[2024-01-29T18:27:40.779+0000] {logging_mixin.py:151} INFO - [2024-01-29T18:27:40.779+0000] {dag.py:2941} INFO - Sync 1 DAGs
[2024-01-29T18:27:40.821+0000] {logging_mixin.py:151} INFO - [2024-01-29T18:27:40.820+0000] {dag.py:3722} INFO - Setting next_dagrun for Dag_ses_burnoye_forecast to 2024-01-29T09:30:00+00:00, run_after=2024-01-30T09:30:00+00:00
[2024-01-29T18:27:40.856+0000] {processor.py:179} INFO - Processing /opt/airflow/dags/dag_ses_burnoye.py took 0.147 seconds
[2024-01-29T18:28:11.875+0000] {processor.py:157} INFO - Started process (PID=2954) to work on /opt/airflow/dags/dag_ses_burnoye.py
[2024-01-29T18:28:11.877+0000] {processor.py:829} INFO - Processing file /opt/airflow/dags/dag_ses_burnoye.py for tasks to queue
[2024-01-29T18:28:11.879+0000] {logging_mixin.py:151} INFO - [2024-01-29T18:28:11.879+0000] {dagbag.py:536} INFO - Filling up the DagBag from /opt/airflow/dags/dag_ses_burnoye.py
[2024-01-29T18:28:11.902+0000] {processor.py:839} INFO - DAG(s) dict_keys(['Dag_ses_burnoye_forecast']) retrieved from /opt/airflow/dags/dag_ses_burnoye.py
[2024-01-29T18:28:12.034+0000] {logging_mixin.py:151} INFO - [2024-01-29T18:28:12.034+0000] {dag.py:2941} INFO - Sync 1 DAGs
[2024-01-29T18:28:12.060+0000] {logging_mixin.py:151} INFO - [2024-01-29T18:28:12.060+0000] {dag.py:3722} INFO - Setting next_dagrun for Dag_ses_burnoye_forecast to 2024-01-29T09:30:00+00:00, run_after=2024-01-30T09:30:00+00:00
[2024-01-29T18:28:12.087+0000] {processor.py:179} INFO - Processing /opt/airflow/dags/dag_ses_burnoye.py took 0.215 seconds
[2024-01-29T18:28:42.126+0000] {processor.py:157} INFO - Started process (PID=3011) to work on /opt/airflow/dags/dag_ses_burnoye.py
[2024-01-29T18:28:42.128+0000] {processor.py:829} INFO - Processing file /opt/airflow/dags/dag_ses_burnoye.py for tasks to queue
[2024-01-29T18:28:42.130+0000] {logging_mixin.py:151} INFO - [2024-01-29T18:28:42.129+0000] {dagbag.py:536} INFO - Filling up the DagBag from /opt/airflow/dags/dag_ses_burnoye.py
[2024-01-29T18:28:42.152+0000] {processor.py:839} INFO - DAG(s) dict_keys(['Dag_ses_burnoye_forecast']) retrieved from /opt/airflow/dags/dag_ses_burnoye.py
[2024-01-29T18:28:42.175+0000] {logging_mixin.py:151} INFO - [2024-01-29T18:28:42.175+0000] {dag.py:2941} INFO - Sync 1 DAGs
[2024-01-29T18:28:42.205+0000] {logging_mixin.py:151} INFO - [2024-01-29T18:28:42.205+0000] {dag.py:3722} INFO - Setting next_dagrun for Dag_ses_burnoye_forecast to 2024-01-29T09:30:00+00:00, run_after=2024-01-30T09:30:00+00:00
[2024-01-29T18:28:42.233+0000] {processor.py:179} INFO - Processing /opt/airflow/dags/dag_ses_burnoye.py took 0.109 seconds
[2024-01-29T18:29:12.689+0000] {processor.py:157} INFO - Started process (PID=3066) to work on /opt/airflow/dags/dag_ses_burnoye.py
[2024-01-29T18:29:12.691+0000] {processor.py:829} INFO - Processing file /opt/airflow/dags/dag_ses_burnoye.py for tasks to queue
[2024-01-29T18:29:12.694+0000] {logging_mixin.py:151} INFO - [2024-01-29T18:29:12.694+0000] {dagbag.py:536} INFO - Filling up the DagBag from /opt/airflow/dags/dag_ses_burnoye.py
[2024-01-29T18:29:12.719+0000] {processor.py:839} INFO - DAG(s) dict_keys(['Dag_ses_burnoye_forecast']) retrieved from /opt/airflow/dags/dag_ses_burnoye.py
[2024-01-29T18:29:12.850+0000] {logging_mixin.py:151} INFO - [2024-01-29T18:29:12.849+0000] {dag.py:2941} INFO - Sync 1 DAGs
[2024-01-29T18:29:12.878+0000] {logging_mixin.py:151} INFO - [2024-01-29T18:29:12.878+0000] {dag.py:3722} INFO - Setting next_dagrun for Dag_ses_burnoye_forecast to 2024-01-29T09:30:00+00:00, run_after=2024-01-30T09:30:00+00:00
[2024-01-29T18:29:12.907+0000] {processor.py:179} INFO - Processing /opt/airflow/dags/dag_ses_burnoye.py took 0.222 seconds
[2024-01-29T18:29:43.186+0000] {processor.py:157} INFO - Started process (PID=3122) to work on /opt/airflow/dags/dag_ses_burnoye.py
[2024-01-29T18:29:43.187+0000] {processor.py:829} INFO - Processing file /opt/airflow/dags/dag_ses_burnoye.py for tasks to queue
[2024-01-29T18:29:43.190+0000] {logging_mixin.py:151} INFO - [2024-01-29T18:29:43.189+0000] {dagbag.py:536} INFO - Filling up the DagBag from /opt/airflow/dags/dag_ses_burnoye.py
[2024-01-29T18:29:43.212+0000] {processor.py:839} INFO - DAG(s) dict_keys(['Dag_ses_burnoye_forecast']) retrieved from /opt/airflow/dags/dag_ses_burnoye.py
[2024-01-29T18:29:43.235+0000] {logging_mixin.py:151} INFO - [2024-01-29T18:29:43.235+0000] {dag.py:2941} INFO - Sync 1 DAGs
[2024-01-29T18:29:43.267+0000] {logging_mixin.py:151} INFO - [2024-01-29T18:29:43.267+0000] {dag.py:3722} INFO - Setting next_dagrun for Dag_ses_burnoye_forecast to 2024-01-29T09:30:00+00:00, run_after=2024-01-30T09:30:00+00:00
[2024-01-29T18:29:43.293+0000] {processor.py:179} INFO - Processing /opt/airflow/dags/dag_ses_burnoye.py took 0.110 seconds
[2024-01-29T18:30:13.374+0000] {processor.py:157} INFO - Started process (PID=3178) to work on /opt/airflow/dags/dag_ses_burnoye.py
[2024-01-29T18:30:13.375+0000] {processor.py:829} INFO - Processing file /opt/airflow/dags/dag_ses_burnoye.py for tasks to queue
[2024-01-29T18:30:13.377+0000] {logging_mixin.py:151} INFO - [2024-01-29T18:30:13.377+0000] {dagbag.py:536} INFO - Filling up the DagBag from /opt/airflow/dags/dag_ses_burnoye.py
[2024-01-29T18:30:13.393+0000] {processor.py:839} INFO - DAG(s) dict_keys(['Dag_ses_burnoye_forecast']) retrieved from /opt/airflow/dags/dag_ses_burnoye.py
[2024-01-29T18:30:13.509+0000] {logging_mixin.py:151} INFO - [2024-01-29T18:30:13.509+0000] {dag.py:2941} INFO - Sync 1 DAGs
[2024-01-29T18:30:13.540+0000] {logging_mixin.py:151} INFO - [2024-01-29T18:30:13.539+0000] {dag.py:3722} INFO - Setting next_dagrun for Dag_ses_burnoye_forecast to 2024-01-29T09:30:00+00:00, run_after=2024-01-30T09:30:00+00:00
[2024-01-29T18:30:13.568+0000] {processor.py:179} INFO - Processing /opt/airflow/dags/dag_ses_burnoye.py took 0.196 seconds
[2024-01-29T18:30:43.860+0000] {processor.py:157} INFO - Started process (PID=3234) to work on /opt/airflow/dags/dag_ses_burnoye.py
[2024-01-29T18:30:43.862+0000] {processor.py:829} INFO - Processing file /opt/airflow/dags/dag_ses_burnoye.py for tasks to queue
[2024-01-29T18:30:43.865+0000] {logging_mixin.py:151} INFO - [2024-01-29T18:30:43.864+0000] {dagbag.py:536} INFO - Filling up the DagBag from /opt/airflow/dags/dag_ses_burnoye.py
[2024-01-29T18:30:43.885+0000] {processor.py:839} INFO - DAG(s) dict_keys(['Dag_ses_burnoye_forecast']) retrieved from /opt/airflow/dags/dag_ses_burnoye.py
[2024-01-29T18:30:43.907+0000] {logging_mixin.py:151} INFO - [2024-01-29T18:30:43.907+0000] {dag.py:2941} INFO - Sync 1 DAGs
[2024-01-29T18:30:43.938+0000] {logging_mixin.py:151} INFO - [2024-01-29T18:30:43.937+0000] {dag.py:3722} INFO - Setting next_dagrun for Dag_ses_burnoye_forecast to 2024-01-29T09:30:00+00:00, run_after=2024-01-30T09:30:00+00:00
[2024-01-29T18:30:43.966+0000] {processor.py:179} INFO - Processing /opt/airflow/dags/dag_ses_burnoye.py took 0.108 seconds
[2024-01-29T18:31:14.233+0000] {processor.py:157} INFO - Started process (PID=3290) to work on /opt/airflow/dags/dag_ses_burnoye.py
[2024-01-29T18:31:14.234+0000] {processor.py:829} INFO - Processing file /opt/airflow/dags/dag_ses_burnoye.py for tasks to queue
[2024-01-29T18:31:14.237+0000] {logging_mixin.py:151} INFO - [2024-01-29T18:31:14.237+0000] {dagbag.py:536} INFO - Filling up the DagBag from /opt/airflow/dags/dag_ses_burnoye.py
[2024-01-29T18:31:14.260+0000] {processor.py:839} INFO - DAG(s) dict_keys(['Dag_ses_burnoye_forecast']) retrieved from /opt/airflow/dags/dag_ses_burnoye.py
[2024-01-29T18:31:14.392+0000] {logging_mixin.py:151} INFO - [2024-01-29T18:31:14.392+0000] {dag.py:2941} INFO - Sync 1 DAGs
[2024-01-29T18:31:14.422+0000] {logging_mixin.py:151} INFO - [2024-01-29T18:31:14.421+0000] {dag.py:3722} INFO - Setting next_dagrun for Dag_ses_burnoye_forecast to 2024-01-29T09:30:00+00:00, run_after=2024-01-30T09:30:00+00:00
[2024-01-29T18:31:14.448+0000] {processor.py:179} INFO - Processing /opt/airflow/dags/dag_ses_burnoye.py took 0.219 seconds
[2024-01-29T18:31:44.596+0000] {processor.py:157} INFO - Started process (PID=3346) to work on /opt/airflow/dags/dag_ses_burnoye.py
[2024-01-29T18:31:44.598+0000] {processor.py:829} INFO - Processing file /opt/airflow/dags/dag_ses_burnoye.py for tasks to queue
[2024-01-29T18:31:44.600+0000] {logging_mixin.py:151} INFO - [2024-01-29T18:31:44.600+0000] {dagbag.py:536} INFO - Filling up the DagBag from /opt/airflow/dags/dag_ses_burnoye.py
[2024-01-29T18:31:44.622+0000] {processor.py:839} INFO - DAG(s) dict_keys(['Dag_ses_burnoye_forecast']) retrieved from /opt/airflow/dags/dag_ses_burnoye.py
[2024-01-29T18:31:44.646+0000] {logging_mixin.py:151} INFO - [2024-01-29T18:31:44.646+0000] {dag.py:2941} INFO - Sync 1 DAGs
[2024-01-29T18:31:44.680+0000] {logging_mixin.py:151} INFO - [2024-01-29T18:31:44.679+0000] {dag.py:3722} INFO - Setting next_dagrun for Dag_ses_burnoye_forecast to 2024-01-29T09:30:00+00:00, run_after=2024-01-30T09:30:00+00:00
[2024-01-29T18:31:44.709+0000] {processor.py:179} INFO - Processing /opt/airflow/dags/dag_ses_burnoye.py took 0.116 seconds
[2024-01-29T18:32:15.163+0000] {processor.py:157} INFO - Started process (PID=3402) to work on /opt/airflow/dags/dag_ses_burnoye.py
[2024-01-29T18:32:15.165+0000] {processor.py:829} INFO - Processing file /opt/airflow/dags/dag_ses_burnoye.py for tasks to queue
[2024-01-29T18:32:15.167+0000] {logging_mixin.py:151} INFO - [2024-01-29T18:32:15.167+0000] {dagbag.py:536} INFO - Filling up the DagBag from /opt/airflow/dags/dag_ses_burnoye.py
[2024-01-29T18:32:15.186+0000] {processor.py:839} INFO - DAG(s) dict_keys(['Dag_ses_burnoye_forecast']) retrieved from /opt/airflow/dags/dag_ses_burnoye.py
[2024-01-29T18:32:15.327+0000] {logging_mixin.py:151} INFO - [2024-01-29T18:32:15.327+0000] {dag.py:2941} INFO - Sync 1 DAGs
[2024-01-29T18:32:15.355+0000] {logging_mixin.py:151} INFO - [2024-01-29T18:32:15.355+0000] {dag.py:3722} INFO - Setting next_dagrun for Dag_ses_burnoye_forecast to 2024-01-29T09:30:00+00:00, run_after=2024-01-30T09:30:00+00:00
[2024-01-29T18:32:15.400+0000] {processor.py:179} INFO - Processing /opt/airflow/dags/dag_ses_burnoye.py took 0.239 seconds
[2024-01-29T18:32:45.518+0000] {processor.py:157} INFO - Started process (PID=3458) to work on /opt/airflow/dags/dag_ses_burnoye.py
[2024-01-29T18:32:45.520+0000] {processor.py:829} INFO - Processing file /opt/airflow/dags/dag_ses_burnoye.py for tasks to queue
[2024-01-29T18:32:45.523+0000] {logging_mixin.py:151} INFO - [2024-01-29T18:32:45.522+0000] {dagbag.py:536} INFO - Filling up the DagBag from /opt/airflow/dags/dag_ses_burnoye.py
[2024-01-29T18:32:45.548+0000] {processor.py:839} INFO - DAG(s) dict_keys(['Dag_ses_burnoye_forecast']) retrieved from /opt/airflow/dags/dag_ses_burnoye.py
[2024-01-29T18:32:45.578+0000] {logging_mixin.py:151} INFO - [2024-01-29T18:32:45.578+0000] {dag.py:2941} INFO - Sync 1 DAGs
[2024-01-29T18:32:45.612+0000] {logging_mixin.py:151} INFO - [2024-01-29T18:32:45.612+0000] {dag.py:3722} INFO - Setting next_dagrun for Dag_ses_burnoye_forecast to 2024-01-29T09:30:00+00:00, run_after=2024-01-30T09:30:00+00:00
[2024-01-29T18:32:45.642+0000] {processor.py:179} INFO - Processing /opt/airflow/dags/dag_ses_burnoye.py took 0.127 seconds
[2024-01-29T18:33:15.844+0000] {processor.py:157} INFO - Started process (PID=3514) to work on /opt/airflow/dags/dag_ses_burnoye.py
[2024-01-29T18:33:15.845+0000] {processor.py:829} INFO - Processing file /opt/airflow/dags/dag_ses_burnoye.py for tasks to queue
[2024-01-29T18:33:15.850+0000] {logging_mixin.py:151} INFO - [2024-01-29T18:33:15.849+0000] {dagbag.py:536} INFO - Filling up the DagBag from /opt/airflow/dags/dag_ses_burnoye.py
[2024-01-29T18:33:15.879+0000] {processor.py:839} INFO - DAG(s) dict_keys(['Dag_ses_burnoye_forecast']) retrieved from /opt/airflow/dags/dag_ses_burnoye.py
[2024-01-29T18:33:16.038+0000] {logging_mixin.py:151} INFO - [2024-01-29T18:33:16.038+0000] {dag.py:2941} INFO - Sync 1 DAGs
[2024-01-29T18:33:16.069+0000] {logging_mixin.py:151} INFO - [2024-01-29T18:33:16.069+0000] {dag.py:3722} INFO - Setting next_dagrun for Dag_ses_burnoye_forecast to 2024-01-29T09:30:00+00:00, run_after=2024-01-30T09:30:00+00:00
[2024-01-29T18:33:16.098+0000] {processor.py:179} INFO - Processing /opt/airflow/dags/dag_ses_burnoye.py took 0.260 seconds
[2024-01-29T18:33:46.473+0000] {processor.py:157} INFO - Started process (PID=3570) to work on /opt/airflow/dags/dag_ses_burnoye.py
[2024-01-29T18:33:46.474+0000] {processor.py:829} INFO - Processing file /opt/airflow/dags/dag_ses_burnoye.py for tasks to queue
[2024-01-29T18:33:46.478+0000] {logging_mixin.py:151} INFO - [2024-01-29T18:33:46.477+0000] {dagbag.py:536} INFO - Filling up the DagBag from /opt/airflow/dags/dag_ses_burnoye.py
[2024-01-29T18:33:46.526+0000] {processor.py:839} INFO - DAG(s) dict_keys(['Dag_ses_burnoye_forecast']) retrieved from /opt/airflow/dags/dag_ses_burnoye.py
[2024-01-29T18:33:46.567+0000] {logging_mixin.py:151} INFO - [2024-01-29T18:33:46.566+0000] {dag.py:2941} INFO - Sync 1 DAGs
[2024-01-29T18:33:46.621+0000] {logging_mixin.py:151} INFO - [2024-01-29T18:33:46.620+0000] {dag.py:3722} INFO - Setting next_dagrun for Dag_ses_burnoye_forecast to 2024-01-29T09:30:00+00:00, run_after=2024-01-30T09:30:00+00:00
[2024-01-29T18:33:46.691+0000] {processor.py:179} INFO - Processing /opt/airflow/dags/dag_ses_burnoye.py took 0.223 seconds
[2024-01-29T18:34:17.515+0000] {processor.py:157} INFO - Started process (PID=3627) to work on /opt/airflow/dags/dag_ses_burnoye.py
[2024-01-29T18:34:17.516+0000] {processor.py:829} INFO - Processing file /opt/airflow/dags/dag_ses_burnoye.py for tasks to queue
[2024-01-29T18:34:17.519+0000] {logging_mixin.py:151} INFO - [2024-01-29T18:34:17.518+0000] {dagbag.py:536} INFO - Filling up the DagBag from /opt/airflow/dags/dag_ses_burnoye.py
[2024-01-29T18:34:17.540+0000] {processor.py:839} INFO - DAG(s) dict_keys(['Dag_ses_burnoye_forecast']) retrieved from /opt/airflow/dags/dag_ses_burnoye.py
[2024-01-29T18:34:17.682+0000] {logging_mixin.py:151} INFO - [2024-01-29T18:34:17.681+0000] {dag.py:2941} INFO - Sync 1 DAGs
[2024-01-29T18:34:17.714+0000] {logging_mixin.py:151} INFO - [2024-01-29T18:34:17.713+0000] {dag.py:3722} INFO - Setting next_dagrun for Dag_ses_burnoye_forecast to 2024-01-29T09:30:00+00:00, run_after=2024-01-30T09:30:00+00:00
[2024-01-29T18:34:17.741+0000] {processor.py:179} INFO - Processing /opt/airflow/dags/dag_ses_burnoye.py took 0.230 seconds
[2024-01-29T18:34:47.919+0000] {processor.py:157} INFO - Started process (PID=3683) to work on /opt/airflow/dags/dag_ses_burnoye.py
[2024-01-29T18:34:47.920+0000] {processor.py:829} INFO - Processing file /opt/airflow/dags/dag_ses_burnoye.py for tasks to queue
[2024-01-29T18:34:47.922+0000] {logging_mixin.py:151} INFO - [2024-01-29T18:34:47.922+0000] {dagbag.py:536} INFO - Filling up the DagBag from /opt/airflow/dags/dag_ses_burnoye.py
[2024-01-29T18:34:47.943+0000] {processor.py:839} INFO - DAG(s) dict_keys(['Dag_ses_burnoye_forecast']) retrieved from /opt/airflow/dags/dag_ses_burnoye.py
[2024-01-29T18:34:47.967+0000] {logging_mixin.py:151} INFO - [2024-01-29T18:34:47.966+0000] {dag.py:2941} INFO - Sync 1 DAGs
[2024-01-29T18:34:47.998+0000] {logging_mixin.py:151} INFO - [2024-01-29T18:34:47.998+0000] {dag.py:3722} INFO - Setting next_dagrun for Dag_ses_burnoye_forecast to 2024-01-29T09:30:00+00:00, run_after=2024-01-30T09:30:00+00:00
[2024-01-29T18:34:48.024+0000] {processor.py:179} INFO - Processing /opt/airflow/dags/dag_ses_burnoye.py took 0.109 seconds
[2024-01-29T18:35:18.169+0000] {processor.py:157} INFO - Started process (PID=3739) to work on /opt/airflow/dags/dag_ses_burnoye.py
[2024-01-29T18:35:18.170+0000] {processor.py:829} INFO - Processing file /opt/airflow/dags/dag_ses_burnoye.py for tasks to queue
[2024-01-29T18:35:18.173+0000] {logging_mixin.py:151} INFO - [2024-01-29T18:35:18.172+0000] {dagbag.py:536} INFO - Filling up the DagBag from /opt/airflow/dags/dag_ses_burnoye.py
[2024-01-29T18:35:18.191+0000] {processor.py:839} INFO - DAG(s) dict_keys(['Dag_ses_burnoye_forecast']) retrieved from /opt/airflow/dags/dag_ses_burnoye.py
[2024-01-29T18:35:18.317+0000] {logging_mixin.py:151} INFO - [2024-01-29T18:35:18.317+0000] {dag.py:2941} INFO - Sync 1 DAGs
[2024-01-29T18:35:18.346+0000] {logging_mixin.py:151} INFO - [2024-01-29T18:35:18.346+0000] {dag.py:3722} INFO - Setting next_dagrun for Dag_ses_burnoye_forecast to 2024-01-29T09:30:00+00:00, run_after=2024-01-30T09:30:00+00:00
[2024-01-29T18:35:18.374+0000] {processor.py:179} INFO - Processing /opt/airflow/dags/dag_ses_burnoye.py took 0.207 seconds
[2024-01-29T18:35:48.572+0000] {processor.py:157} INFO - Started process (PID=3795) to work on /opt/airflow/dags/dag_ses_burnoye.py
[2024-01-29T18:35:48.573+0000] {processor.py:829} INFO - Processing file /opt/airflow/dags/dag_ses_burnoye.py for tasks to queue
[2024-01-29T18:35:48.575+0000] {logging_mixin.py:151} INFO - [2024-01-29T18:35:48.575+0000] {dagbag.py:536} INFO - Filling up the DagBag from /opt/airflow/dags/dag_ses_burnoye.py
[2024-01-29T18:35:48.595+0000] {processor.py:839} INFO - DAG(s) dict_keys(['Dag_ses_burnoye_forecast']) retrieved from /opt/airflow/dags/dag_ses_burnoye.py
[2024-01-29T18:35:48.620+0000] {logging_mixin.py:151} INFO - [2024-01-29T18:35:48.620+0000] {dag.py:2941} INFO - Sync 1 DAGs
[2024-01-29T18:35:48.651+0000] {logging_mixin.py:151} INFO - [2024-01-29T18:35:48.650+0000] {dag.py:3722} INFO - Setting next_dagrun for Dag_ses_burnoye_forecast to 2024-01-29T09:30:00+00:00, run_after=2024-01-30T09:30:00+00:00
[2024-01-29T18:35:48.676+0000] {processor.py:179} INFO - Processing /opt/airflow/dags/dag_ses_burnoye.py took 0.108 seconds
